[1.751s] Invoking command in '/home/yk/rosros/src/unitree_ros2_sim/go1_sim/go1_navigation': PYTHONPATH=/home/yk/rosros/build/go1_navigation/prefix_override:/usr/lib/python3/dist-packages/colcon_core/task/python/colcon_distutils_commands:/home/yk/rosros/install/go1_navigation/lib/python3.10/site-packages:${PYTHONPATH} /usr/bin/python3 -W ignore:setup.py install is deprecated setup.py egg_info --egg-base ../../../../build/go1_navigation build --build-base /home/yk/rosros/build/go1_navigation/build install --record /home/yk/rosros/build/go1_navigation/install.log --single-version-externally-managed install_data
[2.484s] running egg_info
[2.490s] writing ../../../../build/go1_navigation/go1_navigation.egg-info/PKG-INFO
[2.490s] writing dependency_links to ../../../../build/go1_navigation/go1_navigation.egg-info/dependency_links.txt
[2.490s] writing entry points to ../../../../build/go1_navigation/go1_navigation.egg-info/entry_points.txt
[2.490s] writing requirements to ../../../../build/go1_navigation/go1_navigation.egg-info/requires.txt
[2.490s] writing top-level names to ../../../../build/go1_navigation/go1_navigation.egg-info/top_level.txt
[2.490s] reading manifest file '../../../../build/go1_navigation/go1_navigation.egg-info/SOURCES.txt'
[2.491s] adding license file 'LICENSE'
[2.491s] writing manifest file '../../../../build/go1_navigation/go1_navigation.egg-info/SOURCES.txt'
[2.491s] running build
[2.491s] running build_py
[2.492s] copying go1_navigation/static_map_publisher.py -> /home/yk/rosros/build/go1_navigation/build/lib/go1_navigation
[2.492s] running install
[2.492s] running install_lib
[2.495s] copying /home/yk/rosros/build/go1_navigation/build/lib/go1_navigation/static_map_publisher.py -> /home/yk/rosros/install/go1_navigation/lib/python3.10/site-packages/go1_navigation
[2.500s] byte-compiling /home/yk/rosros/install/go1_navigation/lib/python3.10/site-packages/go1_navigation/static_map_publisher.py to static_map_publisher.cpython-310.pyc
[2.507s]   File "/home/yk/rosros/install/go1_navigation/lib/python3.10/site-packages/go1_navigation/static_map_publisher.py", line 71
[2.508s]     self.get_logger().info('Map published')j
[2.508s]                                            ^
[2.508s] SyntaxError: invalid syntax
[2.508s] 
[2.508s] running install_data
[2.508s] running install_egg_info
[2.511s] removing '/home/yk/rosros/install/go1_navigation/lib/python3.10/site-packages/go1_navigation-0.0.0-py3.10.egg-info' (and everything under it)
[2.511s] Copying ../../../../build/go1_navigation/go1_navigation.egg-info to /home/yk/rosros/install/go1_navigation/lib/python3.10/site-packages/go1_navigation-0.0.0-py3.10.egg-info
[2.511s] running install_scripts
[2.592s] Installing nav_tf_publisher script to /home/yk/rosros/install/go1_navigation/lib/go1_navigation
[2.592s] Installing static_map_publisher script to /home/yk/rosros/install/go1_navigation/lib/go1_navigation
[2.593s] writing list of installed files to '/home/yk/rosros/build/go1_navigation/install.log'
[2.722s] Invoked command in '/home/yk/rosros/src/unitree_ros2_sim/go1_sim/go1_navigation' returned '0': PYTHONPATH=/home/yk/rosros/build/go1_navigation/prefix_override:/usr/lib/python3/dist-packages/colcon_core/task/python/colcon_distutils_commands:/home/yk/rosros/install/go1_navigation/lib/python3.10/site-packages:${PYTHONPATH} /usr/bin/python3 -W ignore:setup.py install is deprecated setup.py egg_info --egg-base ../../../../build/go1_navigation build --build-base /home/yk/rosros/build/go1_navigation/build install --record /home/yk/rosros/build/go1_navigation/install.log --single-version-externally-managed install_data
