[2.423s] Invoking command in '/home/yk/rosros/src/unitree_ros2_sim/go1_sim/go1_navigation': PYTHONPATH=/home/yk/rosros/build/go1_navigation/prefix_override:/usr/lib/python3/dist-packages/colcon_core/task/python/colcon_distutils_commands:/home/yk/rosros/install/go1_navigation/lib/python3.10/site-packages:${PYTHONPATH} /usr/bin/python3 -W ignore:setup.py install is deprecated setup.py egg_info --egg-base ../../../../build/go1_navigation build --build-base /home/yk/rosros/build/go1_navigation/build install --record /home/yk/rosros/build/go1_navigation/install.log --single-version-externally-managed install_data
[3.379s] running egg_info
[3.382s] writing ../../../../build/go1_navigation/go1_navigation.egg-info/PKG-INFO
[3.388s] writing dependency_links to ../../../../build/go1_navigation/go1_navigation.egg-info/dependency_links.txt
[3.388s] writing entry points to ../../../../build/go1_navigation/go1_navigation.egg-info/entry_points.txt
[3.389s] writing requirements to ../../../../build/go1_navigation/go1_navigation.egg-info/requires.txt
[3.389s] writing top-level names to ../../../../build/go1_navigation/go1_navigation.egg-info/top_level.txt
[3.396s] reading manifest file '../../../../build/go1_navigation/go1_navigation.egg-info/SOURCES.txt'
[3.399s] adding license file 'LICENSE'
[3.402s] writing manifest file '../../../../build/go1_navigation/go1_navigation.egg-info/SOURCES.txt'
[3.404s] running build
[3.404s] running build_py
[3.406s] copying go1_navigation/static_map_publisher.py -> /home/yk/rosros/build/go1_navigation/build/lib/go1_navigation
[3.406s] running install
[3.411s] running install_lib
[3.411s] copying /home/yk/rosros/build/go1_navigation/build/lib/go1_navigation/static_map_publisher.py -> /home/yk/rosros/install/go1_navigation/lib/python3.10/site-packages/go1_navigation
[3.414s] byte-compiling /home/yk/rosros/install/go1_navigation/lib/python3.10/site-packages/go1_navigation/static_map_publisher.py to static_map_publisher.cpython-310.pyc
[3.418s] running install_data
[3.419s] running install_egg_info
[3.423s] removing '/home/yk/rosros/install/go1_navigation/lib/python3.10/site-packages/go1_navigation-0.0.0-py3.10.egg-info' (and everything under it)
[3.425s] Copying ../../../../build/go1_navigation/go1_navigation.egg-info to /home/yk/rosros/install/go1_navigation/lib/python3.10/site-packages/go1_navigation-0.0.0-py3.10.egg-info
[3.426s] running install_scripts
[3.479s] Installing nav_tf_publisher script to /home/yk/rosros/install/go1_navigation/lib/go1_navigation
[3.479s] Installing static_map_publisher script to /home/yk/rosros/install/go1_navigation/lib/go1_navigation
[3.481s] writing list of installed files to '/home/yk/rosros/build/go1_navigation/install.log'
[3.592s] Invoked command in '/home/yk/rosros/src/unitree_ros2_sim/go1_sim/go1_navigation' returned '0': PYTHONPATH=/home/yk/rosros/build/go1_navigation/prefix_override:/usr/lib/python3/dist-packages/colcon_core/task/python/colcon_distutils_commands:/home/yk/rosros/install/go1_navigation/lib/python3.10/site-packages:${PYTHONPATH} /usr/bin/python3 -W ignore:setup.py install is deprecated setup.py egg_info --egg-base ../../../../build/go1_navigation build --build-base /home/yk/rosros/build/go1_navigation/build install --record /home/yk/rosros/build/go1_navigation/install.log --single-version-externally-managed install_data
