[1.421s] Invoking command in '/home/yk/rosros/src/unitree_ros2_sim/go1_sim/go1_navigation': PYTHONPATH=/home/yk/rosros/build/go1_navigation/prefix_override:/usr/lib/python3/dist-packages/colcon_core/task/python/colcon_distutils_commands:/home/yk/rosros/install/go1_navigation/lib/python3.10/site-packages:${PYTHONPATH} /usr/bin/python3 -W ignore:setup.py install is deprecated setup.py egg_info --egg-base ../../../../build/go1_navigation build --build-base /home/yk/rosros/build/go1_navigation/build install --record /home/yk/rosros/build/go1_navigation/install.log --single-version-externally-managed install_data
[1.843s] running egg_info
[1.843s] writing ../../../../build/go1_navigation/go1_navigation.egg-info/PKG-INFO
[1.843s] writing dependency_links to ../../../../build/go1_navigation/go1_navigation.egg-info/dependency_links.txt
[1.843s] writing entry points to ../../../../build/go1_navigation/go1_navigation.egg-info/entry_points.txt
[1.844s] writing requirements to ../../../../build/go1_navigation/go1_navigation.egg-info/requires.txt
[1.844s] writing top-level names to ../../../../build/go1_navigation/go1_navigation.egg-info/top_level.txt
[1.846s] reading manifest file '../../../../build/go1_navigation/go1_navigation.egg-info/SOURCES.txt'
[1.846s] adding license file 'LICENSE'
[1.847s] writing manifest file '../../../../build/go1_navigation/go1_navigation.egg-info/SOURCES.txt'
[1.848s] running build
[1.848s] running build_py
[1.849s] creating /home/yk/rosros/build/go1_navigation/build
[1.849s] creating /home/yk/rosros/build/go1_navigation/build/lib
[1.849s] creating /home/yk/rosros/build/go1_navigation/build/lib/go1_navigation
[1.849s] copying go1_navigation/__init__.py -> /home/yk/rosros/build/go1_navigation/build/lib/go1_navigation
[1.849s] copying go1_navigation/static_map_publisher.py -> /home/yk/rosros/build/go1_navigation/build/lib/go1_navigation
[1.850s] copying go1_navigation/tf_publisher.py -> /home/yk/rosros/build/go1_navigation/build/lib/go1_navigation
[1.853s] running install
[1.853s] running install_lib
[1.853s] creating /home/yk/rosros/install/go1_navigation/lib/python3.10/site-packages/go1_navigation
[1.868s] copying /home/yk/rosros/build/go1_navigation/build/lib/go1_navigation/__init__.py -> /home/yk/rosros/install/go1_navigation/lib/python3.10/site-packages/go1_navigation
[1.868s] copying /home/yk/rosros/build/go1_navigation/build/lib/go1_navigation/static_map_publisher.py -> /home/yk/rosros/install/go1_navigation/lib/python3.10/site-packages/go1_navigation
[1.868s] copying /home/yk/rosros/build/go1_navigation/build/lib/go1_navigation/tf_publisher.py -> /home/yk/rosros/install/go1_navigation/lib/python3.10/site-packages/go1_navigation
[1.868s] byte-compiling /home/yk/rosros/install/go1_navigation/lib/python3.10/site-packages/go1_navigation/__init__.py to __init__.cpython-310.pyc
[1.868s] byte-compiling /home/yk/rosros/install/go1_navigation/lib/python3.10/site-packages/go1_navigation/static_map_publisher.py to static_map_publisher.cpython-310.pyc
[1.868s] byte-compiling /home/yk/rosros/install/go1_navigation/lib/python3.10/site-packages/go1_navigation/tf_publisher.py to tf_publisher.cpython-310.pyc
[1.868s] running install_data
[1.869s] creating /home/yk/rosros/install/go1_navigation/share/ament_index
[1.869s] creating /home/yk/rosros/install/go1_navigation/share/ament_index/resource_index
[1.869s] creating /home/yk/rosros/install/go1_navigation/share/ament_index/resource_index/packages
[1.869s] copying resource/go1_navigation -> /home/yk/rosros/install/go1_navigation/share/ament_index/resource_index/packages
[1.870s] copying package.xml -> /home/yk/rosros/install/go1_navigation/share/go1_navigation
[1.870s] copying launch/navigation.launch.py -> /home/yk/rosros/install/go1_navigation/share/go1_navigation
[1.871s] creating /home/yk/rosros/install/go1_navigation/share/go1_navigation/params
[1.871s] copying params/nav2_params.yaml -> /home/yk/rosros/install/go1_navigation/share/go1_navigation/params
[1.871s] creating /home/yk/rosros/install/go1_navigation/share/go1_navigation/xml
[1.871s] copying xml/go1_bt.xml -> /home/yk/rosros/install/go1_navigation/share/go1_navigation/xml
[1.871s] creating /home/yk/rosros/install/go1_navigation/share/go1_navigation/map
[1.871s] copying map/map.yaml -> /home/yk/rosros/install/go1_navigation/share/go1_navigation/map
[1.872s] copying map/map.pgm -> /home/yk/rosros/install/go1_navigation/share/go1_navigation/map
[1.878s] running install_egg_info
[1.879s] Copying ../../../../build/go1_navigation/go1_navigation.egg-info to /home/yk/rosros/install/go1_navigation/lib/python3.10/site-packages/go1_navigation-0.0.0-py3.10.egg-info
[1.880s] running install_scripts
[1.902s] Installing nav_tf_publisher script to /home/yk/rosros/install/go1_navigation/lib/go1_navigation
[1.904s] Installing static_map_publisher script to /home/yk/rosros/install/go1_navigation/lib/go1_navigation
[1.904s] writing list of installed files to '/home/yk/rosros/build/go1_navigation/install.log'
[1.950s] Invoked command in '/home/yk/rosros/src/unitree_ros2_sim/go1_sim/go1_navigation' returned '0': PYTHONPATH=/home/yk/rosros/build/go1_navigation/prefix_override:/usr/lib/python3/dist-packages/colcon_core/task/python/colcon_distutils_commands:/home/yk/rosros/install/go1_navigation/lib/python3.10/site-packages:${PYTHONPATH} /usr/bin/python3 -W ignore:setup.py install is deprecated setup.py egg_info --egg-base ../../../../build/go1_navigation build --build-base /home/yk/rosros/build/go1_navigation/build install --record /home/yk/rosros/build/go1_navigation/install.log --single-version-externally-managed install_data
