[0.129s] DEBUG:colcon:Command line arguments: ['/usr/bin/colcon', 'build']
[0.129s] DEBUG:colcon:Parsed command line arguments: Namespace(log_base=None, log_level=None, verb_name='build', build_base='build', install_base='install', merge_install=False, symlink_install=False, test_result_base=None, continue_on_error=False, executor='parallel', parallel_workers=2, event_handlers=None, ignore_user_meta=False, metas=['./colcon.meta'], base_paths=['.'], packages_ignore=None, packages_ignore_regex=None, paths=None, packages_up_to=None, packages_up_to_regex=None, packages_above=None, packages_above_and_dependencies=None, packages_above_depth=None, packages_select_by_dep=None, packages_skip_by_dep=None, packages_skip_up_to=None, packages_select_build_failed=False, packages_skip_build_finished=False, packages_select_test_failures=False, packages_skip_test_passed=False, packages_select=None, packages_skip=None, packages_select_regex=None, packages_skip_regex=None, packages_start=None, packages_end=None, allow_overriding=[], cmake_args=None, cmake_target=None, cmake_target_skip_unavailable=False, cmake_clean_cache=False, cmake_clean_first=False, cmake_force_configure=False, ament_cmake_args=None, catkin_cmake_args=None, catkin_skip_building_tests=False, verb_parser=<colcon_defaults.argument_parser.defaults.DefaultArgumentsDecorator object at 0x70e70a631480>, verb_extension=<colcon_core.verb.build.BuildVerb object at 0x70e70a7a2aa0>, main=<bound method BuildVerb.main of <colcon_core.verb.build.BuildVerb object at 0x70e70a7a2aa0>>)
[0.305s] Level 1:colcon.colcon_core.package_discovery:discover_packages(colcon_meta) check parameters
[0.305s] Level 1:colcon.colcon_core.package_discovery:discover_packages(recursive) check parameters
[0.305s] Level 1:colcon.colcon_core.package_discovery:discover_packages(ignore) check parameters
[0.305s] Level 1:colcon.colcon_core.package_discovery:discover_packages(path) check parameters
[0.305s] Level 1:colcon.colcon_core.package_discovery:discover_packages(colcon_meta) discover
[0.305s] Level 1:colcon.colcon_core.package_discovery:discover_packages(recursive) discover
[0.305s] INFO:colcon.colcon_core.package_discovery:Crawling recursively for packages in '/home/yk/rosros'
[0.305s] Level 1:colcon.colcon_core.package_identification:_identify(.) by extensions ['ignore', 'ignore_ament_install']
[0.305s] Level 1:colcon.colcon_core.package_identification:_identify(.) by extension 'ignore'
[0.305s] Level 1:colcon.colcon_core.package_identification:_identify(.) by extension 'ignore_ament_install'
[0.306s] Level 1:colcon.colcon_core.package_identification:_identify(.) by extensions ['colcon_pkg']
[0.306s] Level 1:colcon.colcon_core.package_identification:_identify(.) by extension 'colcon_pkg'
[0.306s] Level 1:colcon.colcon_core.package_identification:_identify(.) by extensions ['colcon_meta']
[0.306s] Level 1:colcon.colcon_core.package_identification:_identify(.) by extension 'colcon_meta'
[0.306s] Level 1:colcon.colcon_core.package_identification:_identify(.) by extensions ['ros']
[0.306s] Level 1:colcon.colcon_core.package_identification:_identify(.) by extension 'ros'
[0.318s] Level 1:colcon.colcon_core.package_identification:_identify(.) by extensions ['cmake', 'python']
[0.318s] Level 1:colcon.colcon_core.package_identification:_identify(.) by extension 'cmake'
[0.319s] Level 1:colcon.colcon_core.package_identification:_identify(.) by extension 'python'
[0.319s] Level 1:colcon.colcon_core.package_identification:_identify(.) by extensions ['python_setup_py']
[0.319s] Level 1:colcon.colcon_core.package_identification:_identify(.) by extension 'python_setup_py'
[0.319s] Level 1:colcon.colcon_core.package_identification:_identify(build) by extensions ['ignore', 'ignore_ament_install']
[0.319s] Level 1:colcon.colcon_core.package_identification:_identify(build) by extension 'ignore'
[0.319s] Level 1:colcon.colcon_core.package_identification:_identify(build) ignored
[0.319s] Level 1:colcon.colcon_core.package_identification:_identify(install) by extensions ['ignore', 'ignore_ament_install']
[0.319s] Level 1:colcon.colcon_core.package_identification:_identify(install) by extension 'ignore'
[0.319s] Level 1:colcon.colcon_core.package_identification:_identify(install) ignored
[0.319s] Level 1:colcon.colcon_core.package_identification:_identify(log) by extensions ['ignore', 'ignore_ament_install']
[0.319s] Level 1:colcon.colcon_core.package_identification:_identify(log) by extension 'ignore'
[0.319s] Level 1:colcon.colcon_core.package_identification:_identify(log) ignored
[0.320s] Level 1:colcon.colcon_core.package_identification:_identify(src) by extensions ['ignore', 'ignore_ament_install']
[0.320s] Level 1:colcon.colcon_core.package_identification:_identify(src) by extension 'ignore'
[0.320s] Level 1:colcon.colcon_core.package_identification:_identify(src) by extension 'ignore_ament_install'
[0.320s] Level 1:colcon.colcon_core.package_identification:_identify(src) by extensions ['colcon_pkg']
[0.320s] Level 1:colcon.colcon_core.package_identification:_identify(src) by extension 'colcon_pkg'
[0.320s] Level 1:colcon.colcon_core.package_identification:_identify(src) by extensions ['colcon_meta']
[0.320s] Level 1:colcon.colcon_core.package_identification:_identify(src) by extension 'colcon_meta'
[0.320s] Level 1:colcon.colcon_core.package_identification:_identify(src) by extensions ['ros']
[0.320s] Level 1:colcon.colcon_core.package_identification:_identify(src) by extension 'ros'
[0.320s] Level 1:colcon.colcon_core.package_identification:_identify(src) by extensions ['cmake', 'python']
[0.320s] Level 1:colcon.colcon_core.package_identification:_identify(src) by extension 'cmake'
[0.320s] Level 1:colcon.colcon_core.package_identification:_identify(src) by extension 'python'
[0.320s] Level 1:colcon.colcon_core.package_identification:_identify(src) by extensions ['python_setup_py']
[0.320s] Level 1:colcon.colcon_core.package_identification:_identify(src) by extension 'python_setup_py'
[0.320s] Level 1:colcon.colcon_core.package_identification:_identify(src/unitree_ros2_sim) by extensions ['ignore', 'ignore_ament_install']
[0.320s] Level 1:colcon.colcon_core.package_identification:_identify(src/unitree_ros2_sim) by extension 'ignore'
[0.320s] Level 1:colcon.colcon_core.package_identification:_identify(src/unitree_ros2_sim) by extension 'ignore_ament_install'
[0.320s] Level 1:colcon.colcon_core.package_identification:_identify(src/unitree_ros2_sim) by extensions ['colcon_pkg']
[0.321s] Level 1:colcon.colcon_core.package_identification:_identify(src/unitree_ros2_sim) by extension 'colcon_pkg'
[0.321s] Level 1:colcon.colcon_core.package_identification:_identify(src/unitree_ros2_sim) by extensions ['colcon_meta']
[0.321s] Level 1:colcon.colcon_core.package_identification:_identify(src/unitree_ros2_sim) by extension 'colcon_meta'
[0.321s] Level 1:colcon.colcon_core.package_identification:_identify(src/unitree_ros2_sim) by extensions ['ros']
[0.321s] Level 1:colcon.colcon_core.package_identification:_identify(src/unitree_ros2_sim) by extension 'ros'
[0.321s] Level 1:colcon.colcon_core.package_identification:_identify(src/unitree_ros2_sim) by extensions ['cmake', 'python']
[0.321s] Level 1:colcon.colcon_core.package_identification:_identify(src/unitree_ros2_sim) by extension 'cmake'
[0.321s] Level 1:colcon.colcon_core.package_identification:_identify(src/unitree_ros2_sim) by extension 'python'
[0.321s] Level 1:colcon.colcon_core.package_identification:_identify(src/unitree_ros2_sim) by extensions ['python_setup_py']
[0.321s] Level 1:colcon.colcon_core.package_identification:_identify(src/unitree_ros2_sim) by extension 'python_setup_py'
[0.321s] Level 1:colcon.colcon_core.package_identification:_identify(src/unitree_ros2_sim/go1_sim) by extensions ['ignore', 'ignore_ament_install']
[0.321s] Level 1:colcon.colcon_core.package_identification:_identify(src/unitree_ros2_sim/go1_sim) by extension 'ignore'
[0.321s] Level 1:colcon.colcon_core.package_identification:_identify(src/unitree_ros2_sim/go1_sim) by extension 'ignore_ament_install'
[0.321s] Level 1:colcon.colcon_core.package_identification:_identify(src/unitree_ros2_sim/go1_sim) by extensions ['colcon_pkg']
[0.321s] Level 1:colcon.colcon_core.package_identification:_identify(src/unitree_ros2_sim/go1_sim) by extension 'colcon_pkg'
[0.321s] Level 1:colcon.colcon_core.package_identification:_identify(src/unitree_ros2_sim/go1_sim) by extensions ['colcon_meta']
[0.321s] Level 1:colcon.colcon_core.package_identification:_identify(src/unitree_ros2_sim/go1_sim) by extension 'colcon_meta'
[0.321s] Level 1:colcon.colcon_core.package_identification:_identify(src/unitree_ros2_sim/go1_sim) by extensions ['ros']
[0.321s] Level 1:colcon.colcon_core.package_identification:_identify(src/unitree_ros2_sim/go1_sim) by extension 'ros'
[0.321s] Level 1:colcon.colcon_core.package_identification:_identify(src/unitree_ros2_sim/go1_sim) by extensions ['cmake', 'python']
[0.322s] Level 1:colcon.colcon_core.package_identification:_identify(src/unitree_ros2_sim/go1_sim) by extension 'cmake'
[0.322s] Level 1:colcon.colcon_core.package_identification:_identify(src/unitree_ros2_sim/go1_sim) by extension 'python'
[0.322s] Level 1:colcon.colcon_core.package_identification:_identify(src/unitree_ros2_sim/go1_sim) by extensions ['python_setup_py']
[0.322s] Level 1:colcon.colcon_core.package_identification:_identify(src/unitree_ros2_sim/go1_sim) by extension 'python_setup_py'
[0.322s] Level 1:colcon.colcon_core.package_identification:_identify(src/unitree_ros2_sim/go1_sim/go1_description) by extensions ['ignore', 'ignore_ament_install']
[0.322s] Level 1:colcon.colcon_core.package_identification:_identify(src/unitree_ros2_sim/go1_sim/go1_description) by extension 'ignore'
[0.322s] Level 1:colcon.colcon_core.package_identification:_identify(src/unitree_ros2_sim/go1_sim/go1_description) by extension 'ignore_ament_install'
[0.322s] Level 1:colcon.colcon_core.package_identification:_identify(src/unitree_ros2_sim/go1_sim/go1_description) by extensions ['colcon_pkg']
[0.322s] Level 1:colcon.colcon_core.package_identification:_identify(src/unitree_ros2_sim/go1_sim/go1_description) by extension 'colcon_pkg'
[0.322s] Level 1:colcon.colcon_core.package_identification:_identify(src/unitree_ros2_sim/go1_sim/go1_description) by extensions ['colcon_meta']
[0.322s] Level 1:colcon.colcon_core.package_identification:_identify(src/unitree_ros2_sim/go1_sim/go1_description) by extension 'colcon_meta'
[0.322s] Level 1:colcon.colcon_core.package_identification:_identify(src/unitree_ros2_sim/go1_sim/go1_description) by extensions ['ros']
[0.322s] Level 1:colcon.colcon_core.package_identification:_identify(src/unitree_ros2_sim/go1_sim/go1_description) by extension 'ros'
[0.325s] DEBUG:colcon.colcon_core.package_identification:Package 'src/unitree_ros2_sim/go1_sim/go1_description' with type 'ros.ament_cmake' and name 'go1_description'
[0.325s] Level 1:colcon.colcon_core.package_identification:_identify(src/unitree_ros2_sim/go1_sim/go1_gazebo) by extensions ['ignore', 'ignore_ament_install']
[0.325s] Level 1:colcon.colcon_core.package_identification:_identify(src/unitree_ros2_sim/go1_sim/go1_gazebo) by extension 'ignore'
[0.325s] Level 1:colcon.colcon_core.package_identification:_identify(src/unitree_ros2_sim/go1_sim/go1_gazebo) by extension 'ignore_ament_install'
[0.326s] Level 1:colcon.colcon_core.package_identification:_identify(src/unitree_ros2_sim/go1_sim/go1_gazebo) by extensions ['colcon_pkg']
[0.326s] Level 1:colcon.colcon_core.package_identification:_identify(src/unitree_ros2_sim/go1_sim/go1_gazebo) by extension 'colcon_pkg'
[0.326s] Level 1:colcon.colcon_core.package_identification:_identify(src/unitree_ros2_sim/go1_sim/go1_gazebo) by extensions ['colcon_meta']
[0.326s] Level 1:colcon.colcon_core.package_identification:_identify(src/unitree_ros2_sim/go1_sim/go1_gazebo) by extension 'colcon_meta'
[0.326s] Level 1:colcon.colcon_core.package_identification:_identify(src/unitree_ros2_sim/go1_sim/go1_gazebo) by extensions ['ros']
[0.326s] Level 1:colcon.colcon_core.package_identification:_identify(src/unitree_ros2_sim/go1_sim/go1_gazebo) by extension 'ros'
[0.327s] DEBUG:colcon.colcon_core.package_identification:Package 'src/unitree_ros2_sim/go1_sim/go1_gazebo' with type 'ros.ament_cmake' and name 'go1_gazebo'
[0.327s] Level 1:colcon.colcon_core.package_identification:_identify(src/unitree_ros2_sim/go1_sim/go1_navigation) by extensions ['ignore', 'ignore_ament_install']
[0.328s] Level 1:colcon.colcon_core.package_identification:_identify(src/unitree_ros2_sim/go1_sim/go1_navigation) by extension 'ignore'
[0.328s] Level 1:colcon.colcon_core.package_identification:_identify(src/unitree_ros2_sim/go1_sim/go1_navigation) by extension 'ignore_ament_install'
[0.328s] Level 1:colcon.colcon_core.package_identification:_identify(src/unitree_ros2_sim/go1_sim/go1_navigation) by extensions ['colcon_pkg']
[0.328s] Level 1:colcon.colcon_core.package_identification:_identify(src/unitree_ros2_sim/go1_sim/go1_navigation) by extension 'colcon_pkg'
[0.328s] Level 1:colcon.colcon_core.package_identification:_identify(src/unitree_ros2_sim/go1_sim/go1_navigation) by extensions ['colcon_meta']
[0.328s] Level 1:colcon.colcon_core.package_identification:_identify(src/unitree_ros2_sim/go1_sim/go1_navigation) by extension 'colcon_meta'
[0.328s] Level 1:colcon.colcon_core.package_identification:_identify(src/unitree_ros2_sim/go1_sim/go1_navigation) by extensions ['ros']
[0.328s] Level 1:colcon.colcon_core.package_identification:_identify(src/unitree_ros2_sim/go1_sim/go1_navigation) by extension 'ros'
[0.329s] DEBUG:colcon.colcon_core.package_identification:Package 'src/unitree_ros2_sim/go1_sim/go1_navigation' with type 'ros.ament_python' and name 'go1_navigation'
[0.329s] Level 1:colcon.colcon_core.package_identification:_identify(src/unitree_ros2_sim/ros2_unitree_legged_controller) by extensions ['ignore', 'ignore_ament_install']
[0.329s] Level 1:colcon.colcon_core.package_identification:_identify(src/unitree_ros2_sim/ros2_unitree_legged_controller) by extension 'ignore'
[0.329s] Level 1:colcon.colcon_core.package_identification:_identify(src/unitree_ros2_sim/ros2_unitree_legged_controller) by extension 'ignore_ament_install'
[0.329s] Level 1:colcon.colcon_core.package_identification:_identify(src/unitree_ros2_sim/ros2_unitree_legged_controller) by extensions ['colcon_pkg']
[0.329s] Level 1:colcon.colcon_core.package_identification:_identify(src/unitree_ros2_sim/ros2_unitree_legged_controller) by extension 'colcon_pkg'
[0.329s] Level 1:colcon.colcon_core.package_identification:_identify(src/unitree_ros2_sim/ros2_unitree_legged_controller) by extensions ['colcon_meta']
[0.329s] Level 1:colcon.colcon_core.package_identification:_identify(src/unitree_ros2_sim/ros2_unitree_legged_controller) by extension 'colcon_meta'
[0.329s] Level 1:colcon.colcon_core.package_identification:_identify(src/unitree_ros2_sim/ros2_unitree_legged_controller) by extensions ['ros']
[0.329s] Level 1:colcon.colcon_core.package_identification:_identify(src/unitree_ros2_sim/ros2_unitree_legged_controller) by extension 'ros'
[0.330s] DEBUG:colcon.colcon_core.package_identification:Package 'src/unitree_ros2_sim/ros2_unitree_legged_controller' with type 'ros.ament_cmake' and name 'ros2_unitree_legged_control'
[0.331s] Level 1:colcon.colcon_core.package_identification:_identify(src/unitree_ros2_sim/ros2_unitree_legged_msgs) by extensions ['ignore', 'ignore_ament_install']
[0.331s] Level 1:colcon.colcon_core.package_identification:_identify(src/unitree_ros2_sim/ros2_unitree_legged_msgs) by extension 'ignore'
[0.331s] Level 1:colcon.colcon_core.package_identification:_identify(src/unitree_ros2_sim/ros2_unitree_legged_msgs) by extension 'ignore_ament_install'
[0.331s] Level 1:colcon.colcon_core.package_identification:_identify(src/unitree_ros2_sim/ros2_unitree_legged_msgs) by extensions ['colcon_pkg']
[0.331s] Level 1:colcon.colcon_core.package_identification:_identify(src/unitree_ros2_sim/ros2_unitree_legged_msgs) by extension 'colcon_pkg'
[0.331s] Level 1:colcon.colcon_core.package_identification:_identify(src/unitree_ros2_sim/ros2_unitree_legged_msgs) by extensions ['colcon_meta']
[0.331s] Level 1:colcon.colcon_core.package_identification:_identify(src/unitree_ros2_sim/ros2_unitree_legged_msgs) by extension 'colcon_meta'
[0.331s] Level 1:colcon.colcon_core.package_identification:_identify(src/unitree_ros2_sim/ros2_unitree_legged_msgs) by extensions ['ros']
[0.331s] Level 1:colcon.colcon_core.package_identification:_identify(src/unitree_ros2_sim/ros2_unitree_legged_msgs) by extension 'ros'
[0.332s] DEBUG:colcon.colcon_core.package_identification:Package 'src/unitree_ros2_sim/ros2_unitree_legged_msgs' with type 'ros.ament_cmake' and name 'ros2_unitree_legged_msgs'
[0.332s] Level 1:colcon.colcon_core.package_identification:_identify(src/unitree_ros2_sim/unitree_guide2) by extensions ['ignore', 'ignore_ament_install']
[0.332s] Level 1:colcon.colcon_core.package_identification:_identify(src/unitree_ros2_sim/unitree_guide2) by extension 'ignore'
[0.332s] Level 1:colcon.colcon_core.package_identification:_identify(src/unitree_ros2_sim/unitree_guide2) by extension 'ignore_ament_install'
[0.332s] Level 1:colcon.colcon_core.package_identification:_identify(src/unitree_ros2_sim/unitree_guide2) by extensions ['colcon_pkg']
[0.332s] Level 1:colcon.colcon_core.package_identification:_identify(src/unitree_ros2_sim/unitree_guide2) by extension 'colcon_pkg'
[0.332s] Level 1:colcon.colcon_core.package_identification:_identify(src/unitree_ros2_sim/unitree_guide2) by extensions ['colcon_meta']
[0.332s] Level 1:colcon.colcon_core.package_identification:_identify(src/unitree_ros2_sim/unitree_guide2) by extension 'colcon_meta'
[0.332s] Level 1:colcon.colcon_core.package_identification:_identify(src/unitree_ros2_sim/unitree_guide2) by extensions ['ros']
[0.332s] Level 1:colcon.colcon_core.package_identification:_identify(src/unitree_ros2_sim/unitree_guide2) by extension 'ros'
[0.333s] DEBUG:colcon.colcon_core.package_identification:Package 'src/unitree_ros2_sim/unitree_guide2' with type 'ros.ament_cmake' and name 'unitree_guide2'
[0.333s] Level 1:colcon.colcon_core.package_discovery:discover_packages(recursive) using defaults
[0.333s] Level 1:colcon.colcon_core.package_discovery:discover_packages(ignore) discover
[0.333s] Level 1:colcon.colcon_core.package_discovery:discover_packages(ignore) using defaults
[0.333s] Level 1:colcon.colcon_core.package_discovery:discover_packages(path) discover
[0.333s] Level 1:colcon.colcon_core.package_discovery:discover_packages(path) using defaults
[0.356s] Level 1:colcon.colcon_core.package_discovery:discover_packages(prefix_path) check parameters
[0.356s] Level 1:colcon.colcon_core.package_discovery:discover_packages(prefix_path) discover
[0.358s] DEBUG:colcon.colcon_installed_package_information.package_discovery:Found 6 installed packages in /home/yk/rosros/install
[0.360s] DEBUG:colcon.colcon_installed_package_information.package_discovery:Found 387 installed packages in /opt/ros/humble
[0.362s] Level 1:colcon.colcon_core.package_discovery:discover_packages(prefix_path) using defaults
[0.428s] Level 5:colcon.colcon_core.verb:set package 'go1_description' build argument 'cmake_args' from command line to 'None'
[0.428s] Level 5:colcon.colcon_core.verb:set package 'go1_description' build argument 'cmake_target' from command line to 'None'
[0.428s] Level 5:colcon.colcon_core.verb:set package 'go1_description' build argument 'cmake_target_skip_unavailable' from command line to 'False'
[0.428s] Level 5:colcon.colcon_core.verb:set package 'go1_description' build argument 'cmake_clean_cache' from command line to 'False'
[0.428s] Level 5:colcon.colcon_core.verb:set package 'go1_description' build argument 'cmake_clean_first' from command line to 'False'
[0.428s] Level 5:colcon.colcon_core.verb:set package 'go1_description' build argument 'cmake_force_configure' from command line to 'False'
[0.428s] Level 5:colcon.colcon_core.verb:set package 'go1_description' build argument 'ament_cmake_args' from command line to 'None'
[0.428s] Level 5:colcon.colcon_core.verb:set package 'go1_description' build argument 'catkin_cmake_args' from command line to 'None'
[0.428s] Level 5:colcon.colcon_core.verb:set package 'go1_description' build argument 'catkin_skip_building_tests' from command line to 'False'
[0.428s] DEBUG:colcon.colcon_core.verb:Building package 'go1_description' with the following arguments: {'ament_cmake_args': None, 'build_base': '/home/yk/rosros/build/go1_description', 'catkin_cmake_args': None, 'catkin_skip_building_tests': False, 'cmake_args': None, 'cmake_clean_cache': False, 'cmake_clean_first': False, 'cmake_force_configure': False, 'cmake_target': None, 'cmake_target_skip_unavailable': False, 'install_base': '/home/yk/rosros/install/go1_description', 'merge_install': False, 'path': '/home/yk/rosros/src/unitree_ros2_sim/go1_sim/go1_description', 'symlink_install': False, 'test_result_base': None}
[0.428s] Level 5:colcon.colcon_core.verb:set package 'go1_gazebo' build argument 'cmake_args' from command line to 'None'
[0.428s] Level 5:colcon.colcon_core.verb:set package 'go1_gazebo' build argument 'cmake_target' from command line to 'None'
[0.428s] Level 5:colcon.colcon_core.verb:set package 'go1_gazebo' build argument 'cmake_target_skip_unavailable' from command line to 'False'
[0.428s] Level 5:colcon.colcon_core.verb:set package 'go1_gazebo' build argument 'cmake_clean_cache' from command line to 'False'
[0.429s] Level 5:colcon.colcon_core.verb:set package 'go1_gazebo' build argument 'cmake_clean_first' from command line to 'False'
[0.429s] Level 5:colcon.colcon_core.verb:set package 'go1_gazebo' build argument 'cmake_force_configure' from command line to 'False'
[0.429s] Level 5:colcon.colcon_core.verb:set package 'go1_gazebo' build argument 'ament_cmake_args' from command line to 'None'
[0.429s] Level 5:colcon.colcon_core.verb:set package 'go1_gazebo' build argument 'catkin_cmake_args' from command line to 'None'
[0.429s] Level 5:colcon.colcon_core.verb:set package 'go1_gazebo' build argument 'catkin_skip_building_tests' from command line to 'False'
[0.429s] DEBUG:colcon.colcon_core.verb:Building package 'go1_gazebo' with the following arguments: {'ament_cmake_args': None, 'build_base': '/home/yk/rosros/build/go1_gazebo', 'catkin_cmake_args': None, 'catkin_skip_building_tests': False, 'cmake_args': None, 'cmake_clean_cache': False, 'cmake_clean_first': False, 'cmake_force_configure': False, 'cmake_target': None, 'cmake_target_skip_unavailable': False, 'install_base': '/home/yk/rosros/install/go1_gazebo', 'merge_install': False, 'path': '/home/yk/rosros/src/unitree_ros2_sim/go1_sim/go1_gazebo', 'symlink_install': False, 'test_result_base': None}
[0.429s] Level 5:colcon.colcon_core.verb:set package 'go1_navigation' build argument 'cmake_args' from command line to 'None'
[0.429s] Level 5:colcon.colcon_core.verb:set package 'go1_navigation' build argument 'cmake_target' from command line to 'None'
[0.429s] Level 5:colcon.colcon_core.verb:set package 'go1_navigation' build argument 'cmake_target_skip_unavailable' from command line to 'False'
[0.429s] Level 5:colcon.colcon_core.verb:set package 'go1_navigation' build argument 'cmake_clean_cache' from command line to 'False'
[0.429s] Level 5:colcon.colcon_core.verb:set package 'go1_navigation' build argument 'cmake_clean_first' from command line to 'False'
[0.429s] Level 5:colcon.colcon_core.verb:set package 'go1_navigation' build argument 'cmake_force_configure' from command line to 'False'
[0.429s] Level 5:colcon.colcon_core.verb:set package 'go1_navigation' build argument 'ament_cmake_args' from command line to 'None'
[0.429s] Level 5:colcon.colcon_core.verb:set package 'go1_navigation' build argument 'catkin_cmake_args' from command line to 'None'
[0.429s] Level 5:colcon.colcon_core.verb:set package 'go1_navigation' build argument 'catkin_skip_building_tests' from command line to 'False'
[0.429s] DEBUG:colcon.colcon_core.verb:Building package 'go1_navigation' with the following arguments: {'ament_cmake_args': None, 'build_base': '/home/yk/rosros/build/go1_navigation', 'catkin_cmake_args': None, 'catkin_skip_building_tests': False, 'cmake_args': None, 'cmake_clean_cache': False, 'cmake_clean_first': False, 'cmake_force_configure': False, 'cmake_target': None, 'cmake_target_skip_unavailable': False, 'install_base': '/home/yk/rosros/install/go1_navigation', 'merge_install': False, 'path': '/home/yk/rosros/src/unitree_ros2_sim/go1_sim/go1_navigation', 'symlink_install': False, 'test_result_base': None}
[0.430s] Level 5:colcon.colcon_core.verb:set package 'ros2_unitree_legged_msgs' build argument 'cmake_args' from command line to 'None'
[0.430s] Level 5:colcon.colcon_core.verb:set package 'ros2_unitree_legged_msgs' build argument 'cmake_target' from command line to 'None'
[0.430s] Level 5:colcon.colcon_core.verb:set package 'ros2_unitree_legged_msgs' build argument 'cmake_target_skip_unavailable' from command line to 'False'
[0.430s] Level 5:colcon.colcon_core.verb:set package 'ros2_unitree_legged_msgs' build argument 'cmake_clean_cache' from command line to 'False'
[0.430s] Level 5:colcon.colcon_core.verb:set package 'ros2_unitree_legged_msgs' build argument 'cmake_clean_first' from command line to 'False'
[0.430s] Level 5:colcon.colcon_core.verb:set package 'ros2_unitree_legged_msgs' build argument 'cmake_force_configure' from command line to 'False'
[0.430s] Level 5:colcon.colcon_core.verb:set package 'ros2_unitree_legged_msgs' build argument 'ament_cmake_args' from command line to 'None'
[0.430s] Level 5:colcon.colcon_core.verb:set package 'ros2_unitree_legged_msgs' build argument 'catkin_cmake_args' from command line to 'None'
[0.430s] Level 5:colcon.colcon_core.verb:set package 'ros2_unitree_legged_msgs' build argument 'catkin_skip_building_tests' from command line to 'False'
[0.430s] DEBUG:colcon.colcon_core.verb:Building package 'ros2_unitree_legged_msgs' with the following arguments: {'ament_cmake_args': None, 'build_base': '/home/yk/rosros/build/ros2_unitree_legged_msgs', 'catkin_cmake_args': None, 'catkin_skip_building_tests': False, 'cmake_args': None, 'cmake_clean_cache': False, 'cmake_clean_first': False, 'cmake_force_configure': False, 'cmake_target': None, 'cmake_target_skip_unavailable': False, 'install_base': '/home/yk/rosros/install/ros2_unitree_legged_msgs', 'merge_install': False, 'path': '/home/yk/rosros/src/unitree_ros2_sim/ros2_unitree_legged_msgs', 'symlink_install': False, 'test_result_base': None}
[0.430s] Level 5:colcon.colcon_core.verb:set package 'ros2_unitree_legged_control' build argument 'cmake_args' from command line to 'None'
[0.430s] Level 5:colcon.colcon_core.verb:set package 'ros2_unitree_legged_control' build argument 'cmake_target' from command line to 'None'
[0.430s] Level 5:colcon.colcon_core.verb:set package 'ros2_unitree_legged_control' build argument 'cmake_target_skip_unavailable' from command line to 'False'
[0.430s] Level 5:colcon.colcon_core.verb:set package 'ros2_unitree_legged_control' build argument 'cmake_clean_cache' from command line to 'False'
[0.431s] Level 5:colcon.colcon_core.verb:set package 'ros2_unitree_legged_control' build argument 'cmake_clean_first' from command line to 'False'
[0.431s] Level 5:colcon.colcon_core.verb:set package 'ros2_unitree_legged_control' build argument 'cmake_force_configure' from command line to 'False'
[0.431s] Level 5:colcon.colcon_core.verb:set package 'ros2_unitree_legged_control' build argument 'ament_cmake_args' from command line to 'None'
[0.431s] Level 5:colcon.colcon_core.verb:set package 'ros2_unitree_legged_control' build argument 'catkin_cmake_args' from command line to 'None'
[0.431s] Level 5:colcon.colcon_core.verb:set package 'ros2_unitree_legged_control' build argument 'catkin_skip_building_tests' from command line to 'False'
[0.431s] DEBUG:colcon.colcon_core.verb:Building package 'ros2_unitree_legged_control' with the following arguments: {'ament_cmake_args': None, 'build_base': '/home/yk/rosros/build/ros2_unitree_legged_control', 'catkin_cmake_args': None, 'catkin_skip_building_tests': False, 'cmake_args': None, 'cmake_clean_cache': False, 'cmake_clean_first': False, 'cmake_force_configure': False, 'cmake_target': None, 'cmake_target_skip_unavailable': False, 'install_base': '/home/yk/rosros/install/ros2_unitree_legged_control', 'merge_install': False, 'path': '/home/yk/rosros/src/unitree_ros2_sim/ros2_unitree_legged_controller', 'symlink_install': False, 'test_result_base': None}
[0.431s] Level 5:colcon.colcon_core.verb:set package 'unitree_guide2' build argument 'cmake_args' from command line to 'None'
[0.431s] Level 5:colcon.colcon_core.verb:set package 'unitree_guide2' build argument 'cmake_target' from command line to 'None'
[0.431s] Level 5:colcon.colcon_core.verb:set package 'unitree_guide2' build argument 'cmake_target_skip_unavailable' from command line to 'False'
[0.431s] Level 5:colcon.colcon_core.verb:set package 'unitree_guide2' build argument 'cmake_clean_cache' from command line to 'False'
[0.431s] Level 5:colcon.colcon_core.verb:set package 'unitree_guide2' build argument 'cmake_clean_first' from command line to 'False'
[0.431s] Level 5:colcon.colcon_core.verb:set package 'unitree_guide2' build argument 'cmake_force_configure' from command line to 'False'
[0.431s] Level 5:colcon.colcon_core.verb:set package 'unitree_guide2' build argument 'ament_cmake_args' from command line to 'None'
[0.431s] Level 5:colcon.colcon_core.verb:set package 'unitree_guide2' build argument 'catkin_cmake_args' from command line to 'None'
[0.431s] Level 5:colcon.colcon_core.verb:set package 'unitree_guide2' build argument 'catkin_skip_building_tests' from command line to 'False'
[0.431s] DEBUG:colcon.colcon_core.verb:Building package 'unitree_guide2' with the following arguments: {'ament_cmake_args': None, 'build_base': '/home/yk/rosros/build/unitree_guide2', 'catkin_cmake_args': None, 'catkin_skip_building_tests': False, 'cmake_args': None, 'cmake_clean_cache': False, 'cmake_clean_first': False, 'cmake_force_configure': False, 'cmake_target': None, 'cmake_target_skip_unavailable': False, 'install_base': '/home/yk/rosros/install/unitree_guide2', 'merge_install': False, 'path': '/home/yk/rosros/src/unitree_ros2_sim/unitree_guide2', 'symlink_install': False, 'test_result_base': None}
[0.431s] INFO:colcon.colcon_core.executor:Executing jobs using 'parallel' executor
[0.433s] DEBUG:colcon.colcon_parallel_executor.executor.parallel:run_until_complete
[0.433s] INFO:colcon.colcon_ros.task.ament_cmake.build:Building ROS package in '/home/yk/rosros/src/unitree_ros2_sim/ros2_unitree_legged_msgs' with build type 'ament_cmake'
[0.433s] INFO:colcon.colcon_cmake.task.cmake.build:Building CMake package in '/home/yk/rosros/src/unitree_ros2_sim/ros2_unitree_legged_msgs'
[0.436s] INFO:colcon.colcon_core.plugin_system:Skipping extension 'colcon_core.shell.bat': Not used on non-Windows systems
[0.436s] INFO:colcon.colcon_core.shell:Skip shell extension 'powershell' for command environment: Not usable outside of PowerShell
[0.437s] DEBUG:colcon.colcon_core.shell:Skip shell extension 'dsv' for command environment
[0.441s] INFO:colcon.colcon_ros.task.ament_cmake.build:Building ROS package in '/home/yk/rosros/src/unitree_ros2_sim/go1_sim/go1_description' with build type 'ament_cmake'
[0.442s] INFO:colcon.colcon_cmake.task.cmake.build:Building CMake package in '/home/yk/rosros/src/unitree_ros2_sim/go1_sim/go1_description'
[0.442s] INFO:colcon.colcon_core.shell:Skip shell extension 'powershell' for command environment: Not usable outside of PowerShell
[0.442s] DEBUG:colcon.colcon_core.shell:Skip shell extension 'dsv' for command environment
[0.471s] DEBUG:colcon.colcon_core.event_handler.log_command:Invoking command in '/home/yk/rosros/build/ros2_unitree_legged_msgs': CMAKE_PREFIX_PATH=${CMAKE_PREFIX_PATH}:/home/yk/rosros/install/go1_navigation:/opt/ros/humble /usr/bin/cmake --build /home/yk/rosros/build/ros2_unitree_legged_msgs -- -j2 -l2
[0.489s] DEBUG:colcon.colcon_core.event_handler.log_command:Invoking command in '/home/yk/rosros/build/go1_description': CMAKE_PREFIX_PATH=${CMAKE_PREFIX_PATH}:/home/yk/rosros/install/go1_navigation:/opt/ros/humble /usr/bin/cmake --build /home/yk/rosros/build/go1_description -- -j2 -l2
[0.614s] DEBUG:colcon.colcon_core.event_handler.log_command:Invoked command in '/home/yk/rosros/build/go1_description' returned '0': CMAKE_PREFIX_PATH=${CMAKE_PREFIX_PATH}:/home/yk/rosros/install/go1_navigation:/opt/ros/humble /usr/bin/cmake --build /home/yk/rosros/build/go1_description -- -j2 -l2
[0.687s] DEBUG:colcon.colcon_core.event_handler.log_command:Invoking command in '/home/yk/rosros/build/go1_description': CMAKE_PREFIX_PATH=${CMAKE_PREFIX_PATH}:/home/yk/rosros/install/go1_navigation:/opt/ros/humble /usr/bin/cmake --install /home/yk/rosros/build/go1_description
[0.702s] Level 1:colcon.colcon_core.environment:create_environment_scripts_only(go1_description)
[0.706s] DEBUG:colcon.colcon_core.event_handler.log_command:Invoked command in '/home/yk/rosros/build/go1_description' returned '0': CMAKE_PREFIX_PATH=${CMAKE_PREFIX_PATH}:/home/yk/rosros/install/go1_navigation:/opt/ros/humble /usr/bin/cmake --install /home/yk/rosros/build/go1_description
[0.710s] Level 1:colcon.colcon_core.environment:checking '/home/yk/rosros/install/go1_description' for CMake module files
[0.710s] Level 1:colcon.colcon_core.environment:checking '/home/yk/rosros/install/go1_description' for CMake config files
[0.711s] Level 1:colcon.colcon_core.shell:create_environment_hook('go1_description', 'cmake_prefix_path')
[0.711s] INFO:colcon.colcon_core.shell:Creating environment hook '/home/yk/rosros/install/go1_description/share/go1_description/hook/cmake_prefix_path.ps1'
[0.712s] INFO:colcon.colcon_core.shell:Creating environment descriptor '/home/yk/rosros/install/go1_description/share/go1_description/hook/cmake_prefix_path.dsv'
[0.712s] INFO:colcon.colcon_core.shell:Creating environment hook '/home/yk/rosros/install/go1_description/share/go1_description/hook/cmake_prefix_path.sh'
[0.713s] Level 1:colcon.colcon_core.environment:checking '/home/yk/rosros/install/go1_description/bin'
[0.713s] Level 1:colcon.colcon_core.environment:checking '/home/yk/rosros/install/go1_description/lib/pkgconfig/go1_description.pc'
[0.714s] Level 1:colcon.colcon_core.environment:checking '/home/yk/rosros/install/go1_description/lib/python3.10/site-packages'
[0.714s] Level 1:colcon.colcon_core.environment:checking '/home/yk/rosros/install/go1_description/bin'
[0.714s] INFO:colcon.colcon_core.shell:Creating package script '/home/yk/rosros/install/go1_description/share/go1_description/package.ps1'
[0.716s] INFO:colcon.colcon_core.shell:Creating package descriptor '/home/yk/rosros/install/go1_description/share/go1_description/package.dsv'
[0.717s] INFO:colcon.colcon_core.shell:Creating package script '/home/yk/rosros/install/go1_description/share/go1_description/package.sh'
[0.718s] INFO:colcon.colcon_core.shell:Creating package script '/home/yk/rosros/install/go1_description/share/go1_description/package.bash'
[0.719s] INFO:colcon.colcon_core.shell:Creating package script '/home/yk/rosros/install/go1_description/share/go1_description/package.zsh'
[0.721s] Level 1:colcon.colcon_core.environment:create_file_with_runtime_dependencies(/home/yk/rosros/install/go1_description/share/colcon-core/packages/go1_description)
[0.755s] Level 1:colcon.colcon_core.environment:create_environment_scripts_only(go1_description)
[0.755s] Level 1:colcon.colcon_core.environment:checking '/home/yk/rosros/install/go1_description' for CMake module files
[0.756s] Level 1:colcon.colcon_core.environment:checking '/home/yk/rosros/install/go1_description' for CMake config files
[0.756s] Level 1:colcon.colcon_core.shell:create_environment_hook('go1_description', 'cmake_prefix_path')
[0.756s] INFO:colcon.colcon_core.shell:Creating environment hook '/home/yk/rosros/install/go1_description/share/go1_description/hook/cmake_prefix_path.ps1'
[0.757s] INFO:colcon.colcon_core.shell:Creating environment descriptor '/home/yk/rosros/install/go1_description/share/go1_description/hook/cmake_prefix_path.dsv'
[0.760s] INFO:colcon.colcon_core.shell:Creating environment hook '/home/yk/rosros/install/go1_description/share/go1_description/hook/cmake_prefix_path.sh'
[0.762s] Level 1:colcon.colcon_core.environment:checking '/home/yk/rosros/install/go1_description/bin'
[0.762s] Level 1:colcon.colcon_core.environment:checking '/home/yk/rosros/install/go1_description/lib/pkgconfig/go1_description.pc'
[0.762s] Level 1:colcon.colcon_core.environment:checking '/home/yk/rosros/install/go1_description/lib/python3.10/site-packages'
[0.763s] Level 1:colcon.colcon_core.environment:checking '/home/yk/rosros/install/go1_description/bin'
[0.767s] INFO:colcon.colcon_core.shell:Creating package script '/home/yk/rosros/install/go1_description/share/go1_description/package.ps1'
[0.768s] INFO:colcon.colcon_core.shell:Creating package descriptor '/home/yk/rosros/install/go1_description/share/go1_description/package.dsv'
[0.774s] INFO:colcon.colcon_core.shell:Creating package script '/home/yk/rosros/install/go1_description/share/go1_description/package.sh'
[0.779s] INFO:colcon.colcon_core.shell:Creating package script '/home/yk/rosros/install/go1_description/share/go1_description/package.bash'
[0.780s] INFO:colcon.colcon_core.shell:Creating package script '/home/yk/rosros/install/go1_description/share/go1_description/package.zsh'
[0.780s] Level 1:colcon.colcon_core.environment:create_file_with_runtime_dependencies(/home/yk/rosros/install/go1_description/share/colcon-core/packages/go1_description)
[0.781s] INFO:colcon.colcon_ros.task.ament_cmake.build:Building ROS package in '/home/yk/rosros/src/unitree_ros2_sim/go1_sim/go1_gazebo' with build type 'ament_cmake'
[0.781s] INFO:colcon.colcon_cmake.task.cmake.build:Building CMake package in '/home/yk/rosros/src/unitree_ros2_sim/go1_sim/go1_gazebo'
[0.781s] INFO:colcon.colcon_core.shell:Skip shell extension 'powershell' for command environment: Not usable outside of PowerShell
[0.782s] DEBUG:colcon.colcon_core.shell:Skip shell extension 'dsv' for command environment
[0.810s] DEBUG:colcon.colcon_core.event_handler.log_command:Invoking command in '/home/yk/rosros/build/go1_gazebo': CMAKE_PREFIX_PATH=${CMAKE_PREFIX_PATH}:/home/yk/rosros/install/go1_navigation:/opt/ros/humble /usr/bin/cmake --build /home/yk/rosros/build/go1_gazebo -- -j2 -l2
[0.960s] DEBUG:colcon.colcon_core.event_handler.log_command:Invoked command in '/home/yk/rosros/build/go1_gazebo' returned '0': CMAKE_PREFIX_PATH=${CMAKE_PREFIX_PATH}:/home/yk/rosros/install/go1_navigation:/opt/ros/humble /usr/bin/cmake --build /home/yk/rosros/build/go1_gazebo -- -j2 -l2
[1.060s] DEBUG:colcon.colcon_core.event_handler.log_command:Invoking command in '/home/yk/rosros/build/go1_gazebo': CMAKE_PREFIX_PATH=${CMAKE_PREFIX_PATH}:/home/yk/rosros/install/go1_navigation:/opt/ros/humble /usr/bin/cmake --install /home/yk/rosros/build/go1_gazebo
[1.088s] Level 1:colcon.colcon_core.environment:create_environment_scripts_only(go1_gazebo)
[1.089s] Level 1:colcon.colcon_core.environment:checking '/home/yk/rosros/install/go1_gazebo' for CMake module files
[1.089s] DEBUG:colcon.colcon_core.event_handler.log_command:Invoked command in '/home/yk/rosros/build/go1_gazebo' returned '0': CMAKE_PREFIX_PATH=${CMAKE_PREFIX_PATH}:/home/yk/rosros/install/go1_navigation:/opt/ros/humble /usr/bin/cmake --install /home/yk/rosros/build/go1_gazebo
[1.092s] Level 1:colcon.colcon_core.environment:checking '/home/yk/rosros/install/go1_gazebo' for CMake config files
[1.094s] Level 1:colcon.colcon_core.shell:create_environment_hook('go1_gazebo', 'cmake_prefix_path')
[1.095s] INFO:colcon.colcon_core.shell:Creating environment hook '/home/yk/rosros/install/go1_gazebo/share/go1_gazebo/hook/cmake_prefix_path.ps1'
[1.096s] INFO:colcon.colcon_core.shell:Creating environment descriptor '/home/yk/rosros/install/go1_gazebo/share/go1_gazebo/hook/cmake_prefix_path.dsv'
[1.098s] INFO:colcon.colcon_core.shell:Creating environment hook '/home/yk/rosros/install/go1_gazebo/share/go1_gazebo/hook/cmake_prefix_path.sh'
[1.102s] Level 1:colcon.colcon_core.environment:checking '/home/yk/rosros/install/go1_gazebo/bin'
[1.102s] Level 1:colcon.colcon_core.environment:checking '/home/yk/rosros/install/go1_gazebo/lib/pkgconfig/go1_gazebo.pc'
[1.103s] Level 1:colcon.colcon_core.environment:checking '/home/yk/rosros/install/go1_gazebo/lib/python3.10/site-packages'
[1.103s] Level 1:colcon.colcon_core.environment:checking '/home/yk/rosros/install/go1_gazebo/bin'
[1.104s] INFO:colcon.colcon_core.shell:Creating package script '/home/yk/rosros/install/go1_gazebo/share/go1_gazebo/package.ps1'
[1.105s] INFO:colcon.colcon_core.shell:Creating package descriptor '/home/yk/rosros/install/go1_gazebo/share/go1_gazebo/package.dsv'
[1.109s] INFO:colcon.colcon_core.shell:Creating package script '/home/yk/rosros/install/go1_gazebo/share/go1_gazebo/package.sh'
[1.110s] INFO:colcon.colcon_core.shell:Creating package script '/home/yk/rosros/install/go1_gazebo/share/go1_gazebo/package.bash'
[1.116s] INFO:colcon.colcon_core.shell:Creating package script '/home/yk/rosros/install/go1_gazebo/share/go1_gazebo/package.zsh'
[1.117s] Level 1:colcon.colcon_core.environment:create_file_with_runtime_dependencies(/home/yk/rosros/install/go1_gazebo/share/colcon-core/packages/go1_gazebo)
[1.180s] Level 1:colcon.colcon_core.environment:create_environment_scripts_only(go1_gazebo)
[1.180s] Level 1:colcon.colcon_core.environment:checking '/home/yk/rosros/install/go1_gazebo' for CMake module files
[1.180s] Level 1:colcon.colcon_core.environment:checking '/home/yk/rosros/install/go1_gazebo' for CMake config files
[1.181s] Level 1:colcon.colcon_core.shell:create_environment_hook('go1_gazebo', 'cmake_prefix_path')
[1.183s] INFO:colcon.colcon_core.shell:Creating environment hook '/home/yk/rosros/install/go1_gazebo/share/go1_gazebo/hook/cmake_prefix_path.ps1'
[1.184s] INFO:colcon.colcon_core.shell:Creating environment descriptor '/home/yk/rosros/install/go1_gazebo/share/go1_gazebo/hook/cmake_prefix_path.dsv'
[1.184s] INFO:colcon.colcon_core.shell:Creating environment hook '/home/yk/rosros/install/go1_gazebo/share/go1_gazebo/hook/cmake_prefix_path.sh'
[1.185s] Level 1:colcon.colcon_core.environment:checking '/home/yk/rosros/install/go1_gazebo/bin'
[1.185s] Level 1:colcon.colcon_core.environment:checking '/home/yk/rosros/install/go1_gazebo/lib/pkgconfig/go1_gazebo.pc'
[1.186s] Level 1:colcon.colcon_core.environment:checking '/home/yk/rosros/install/go1_gazebo/lib/python3.10/site-packages'
[1.186s] Level 1:colcon.colcon_core.environment:checking '/home/yk/rosros/install/go1_gazebo/bin'
[1.186s] INFO:colcon.colcon_core.shell:Creating package script '/home/yk/rosros/install/go1_gazebo/share/go1_gazebo/package.ps1'
[1.187s] INFO:colcon.colcon_core.shell:Creating package descriptor '/home/yk/rosros/install/go1_gazebo/share/go1_gazebo/package.dsv'
[1.188s] INFO:colcon.colcon_core.shell:Creating package script '/home/yk/rosros/install/go1_gazebo/share/go1_gazebo/package.sh'
[1.190s] INFO:colcon.colcon_core.shell:Creating package script '/home/yk/rosros/install/go1_gazebo/share/go1_gazebo/package.bash'
[1.193s] INFO:colcon.colcon_core.shell:Creating package script '/home/yk/rosros/install/go1_gazebo/share/go1_gazebo/package.zsh'
[1.195s] Level 1:colcon.colcon_core.environment:create_file_with_runtime_dependencies(/home/yk/rosros/install/go1_gazebo/share/colcon-core/packages/go1_gazebo)
[1.196s] INFO:colcon.colcon_ros.task.ament_python.build:Building ROS package in '/home/yk/rosros/src/unitree_ros2_sim/go1_sim/go1_navigation' with build type 'ament_python'
[1.196s] Level 1:colcon.colcon_core.shell:create_environment_hook('go1_navigation', 'ament_prefix_path')
[1.197s] INFO:colcon.colcon_core.shell:Creating environment hook '/home/yk/rosros/install/go1_navigation/share/go1_navigation/hook/ament_prefix_path.ps1'
[1.199s] INFO:colcon.colcon_core.shell:Creating environment descriptor '/home/yk/rosros/install/go1_navigation/share/go1_navigation/hook/ament_prefix_path.dsv'
[1.200s] INFO:colcon.colcon_core.shell:Creating environment hook '/home/yk/rosros/install/go1_navigation/share/go1_navigation/hook/ament_prefix_path.sh'
[1.202s] INFO:colcon.colcon_core.shell:Skip shell extension 'powershell' for command environment: Not usable outside of PowerShell
[1.202s] DEBUG:colcon.colcon_core.shell:Skip shell extension 'dsv' for command environment
[1.657s] INFO:colcon.colcon_core.task.python.build:Building Python package in '/home/yk/rosros/src/unitree_ros2_sim/go1_sim/go1_navigation'
[1.658s] INFO:colcon.colcon_core.shell:Skip shell extension 'powershell' for command environment: Not usable outside of PowerShell
[1.658s] DEBUG:colcon.colcon_core.shell:Skip shell extension 'dsv' for command environment
[1.669s] DEBUG:colcon.colcon_core.event_handler.log_command:Invoked command in '/home/yk/rosros/build/ros2_unitree_legged_msgs' returned '0': CMAKE_PREFIX_PATH=${CMAKE_PREFIX_PATH}:/home/yk/rosros/install/go1_navigation:/opt/ros/humble /usr/bin/cmake --build /home/yk/rosros/build/ros2_unitree_legged_msgs -- -j2 -l2
[1.997s] DEBUG:colcon.colcon_core.event_handler.log_command:Invoking command in '/home/yk/rosros/build/ros2_unitree_legged_msgs': CMAKE_PREFIX_PATH=${CMAKE_PREFIX_PATH}:/home/yk/rosros/install/go1_navigation:/opt/ros/humble /usr/bin/cmake --install /home/yk/rosros/build/ros2_unitree_legged_msgs
[2.081s] Level 1:colcon.colcon_core.environment:create_environment_scripts_only(ros2_unitree_legged_msgs)
[2.081s] Level 1:colcon.colcon_core.environment:checking '/home/yk/rosros/install/ros2_unitree_legged_msgs' for CMake module files
[2.082s] Level 1:colcon.colcon_core.environment:checking '/home/yk/rosros/install/ros2_unitree_legged_msgs' for CMake config files
[2.082s] Level 1:colcon.colcon_core.shell:create_environment_hook('ros2_unitree_legged_msgs', 'cmake_prefix_path')
[2.083s] INFO:colcon.colcon_core.shell:Creating environment hook '/home/yk/rosros/install/ros2_unitree_legged_msgs/share/ros2_unitree_legged_msgs/hook/cmake_prefix_path.ps1'
[2.084s] DEBUG:colcon.colcon_core.event_handler.log_command:Invoked command in '/home/yk/rosros/build/ros2_unitree_legged_msgs' returned '0': CMAKE_PREFIX_PATH=${CMAKE_PREFIX_PATH}:/home/yk/rosros/install/go1_navigation:/opt/ros/humble /usr/bin/cmake --install /home/yk/rosros/build/ros2_unitree_legged_msgs
[2.084s] INFO:colcon.colcon_core.shell:Creating environment descriptor '/home/yk/rosros/install/ros2_unitree_legged_msgs/share/ros2_unitree_legged_msgs/hook/cmake_prefix_path.dsv'
[2.085s] INFO:colcon.colcon_core.shell:Creating environment hook '/home/yk/rosros/install/ros2_unitree_legged_msgs/share/ros2_unitree_legged_msgs/hook/cmake_prefix_path.sh'
[2.086s] Level 1:colcon.colcon_core.environment:checking '/home/yk/rosros/install/ros2_unitree_legged_msgs/lib'
[2.086s] Level 1:colcon.colcon_core.shell:create_environment_hook('ros2_unitree_legged_msgs', 'ld_library_path_lib')
[2.086s] INFO:colcon.colcon_core.shell:Creating environment hook '/home/yk/rosros/install/ros2_unitree_legged_msgs/share/ros2_unitree_legged_msgs/hook/ld_library_path_lib.ps1'
[2.089s] INFO:colcon.colcon_core.shell:Creating environment descriptor '/home/yk/rosros/install/ros2_unitree_legged_msgs/share/ros2_unitree_legged_msgs/hook/ld_library_path_lib.dsv'
[2.090s] INFO:colcon.colcon_core.shell:Creating environment hook '/home/yk/rosros/install/ros2_unitree_legged_msgs/share/ros2_unitree_legged_msgs/hook/ld_library_path_lib.sh'
[2.090s] Level 1:colcon.colcon_core.environment:checking '/home/yk/rosros/install/ros2_unitree_legged_msgs/bin'
[2.090s] Level 1:colcon.colcon_core.environment:checking '/home/yk/rosros/install/ros2_unitree_legged_msgs/lib/pkgconfig/ros2_unitree_legged_msgs.pc'
[2.090s] Level 1:colcon.colcon_core.environment:checking '/home/yk/rosros/install/ros2_unitree_legged_msgs/lib/python3.10/site-packages'
[2.091s] Level 1:colcon.colcon_core.environment:checking '/home/yk/rosros/install/ros2_unitree_legged_msgs/bin'
[2.091s] INFO:colcon.colcon_core.shell:Creating package script '/home/yk/rosros/install/ros2_unitree_legged_msgs/share/ros2_unitree_legged_msgs/package.ps1'
[2.092s] INFO:colcon.colcon_core.shell:Creating package descriptor '/home/yk/rosros/install/ros2_unitree_legged_msgs/share/ros2_unitree_legged_msgs/package.dsv'
[2.092s] INFO:colcon.colcon_core.shell:Creating package script '/home/yk/rosros/install/ros2_unitree_legged_msgs/share/ros2_unitree_legged_msgs/package.sh'
[2.093s] INFO:colcon.colcon_core.shell:Creating package script '/home/yk/rosros/install/ros2_unitree_legged_msgs/share/ros2_unitree_legged_msgs/package.bash'
[2.093s] INFO:colcon.colcon_core.shell:Creating package script '/home/yk/rosros/install/ros2_unitree_legged_msgs/share/ros2_unitree_legged_msgs/package.zsh'
[2.094s] Level 1:colcon.colcon_core.environment:create_file_with_runtime_dependencies(/home/yk/rosros/install/ros2_unitree_legged_msgs/share/colcon-core/packages/ros2_unitree_legged_msgs)
[2.325s] DEBUG:colcon.colcon_core.event_handler.log_command:Invoking command in '/home/yk/rosros/src/unitree_ros2_sim/go1_sim/go1_navigation': PYTHONPATH=/home/yk/rosros/build/go1_navigation/prefix_override:/usr/lib/python3/dist-packages/colcon_core/task/python/colcon_distutils_commands:/home/yk/rosros/install/go1_navigation/lib/python3.10/site-packages:${PYTHONPATH} /usr/bin/python3 -W ignore:setup.py install is deprecated setup.py egg_info --egg-base ../../../../build/go1_navigation build --build-base /home/yk/rosros/build/go1_navigation/build install --record /home/yk/rosros/build/go1_navigation/install.log --single-version-externally-managed install_data
[2.554s] Level 1:colcon.colcon_core.environment:create_environment_scripts_only(ros2_unitree_legged_msgs)
[2.554s] Level 1:colcon.colcon_core.environment:checking '/home/yk/rosros/install/ros2_unitree_legged_msgs' for CMake module files
[2.555s] Level 1:colcon.colcon_core.environment:checking '/home/yk/rosros/install/ros2_unitree_legged_msgs' for CMake config files
[2.555s] Level 1:colcon.colcon_core.shell:create_environment_hook('ros2_unitree_legged_msgs', 'cmake_prefix_path')
[2.555s] INFO:colcon.colcon_core.shell:Creating environment hook '/home/yk/rosros/install/ros2_unitree_legged_msgs/share/ros2_unitree_legged_msgs/hook/cmake_prefix_path.ps1'
[2.556s] INFO:colcon.colcon_core.shell:Creating environment descriptor '/home/yk/rosros/install/ros2_unitree_legged_msgs/share/ros2_unitree_legged_msgs/hook/cmake_prefix_path.dsv'
[2.556s] INFO:colcon.colcon_core.shell:Creating environment hook '/home/yk/rosros/install/ros2_unitree_legged_msgs/share/ros2_unitree_legged_msgs/hook/cmake_prefix_path.sh'
[2.557s] Level 1:colcon.colcon_core.environment:checking '/home/yk/rosros/install/ros2_unitree_legged_msgs/lib'
[2.557s] Level 1:colcon.colcon_core.shell:create_environment_hook('ros2_unitree_legged_msgs', 'ld_library_path_lib')
[2.557s] INFO:colcon.colcon_core.shell:Creating environment hook '/home/yk/rosros/install/ros2_unitree_legged_msgs/share/ros2_unitree_legged_msgs/hook/ld_library_path_lib.ps1'
[2.558s] INFO:colcon.colcon_core.shell:Creating environment descriptor '/home/yk/rosros/install/ros2_unitree_legged_msgs/share/ros2_unitree_legged_msgs/hook/ld_library_path_lib.dsv'
[2.558s] INFO:colcon.colcon_core.shell:Creating environment hook '/home/yk/rosros/install/ros2_unitree_legged_msgs/share/ros2_unitree_legged_msgs/hook/ld_library_path_lib.sh'
[2.559s] Level 1:colcon.colcon_core.environment:checking '/home/yk/rosros/install/ros2_unitree_legged_msgs/bin'
[2.559s] Level 1:colcon.colcon_core.environment:checking '/home/yk/rosros/install/ros2_unitree_legged_msgs/lib/pkgconfig/ros2_unitree_legged_msgs.pc'
[2.559s] Level 1:colcon.colcon_core.environment:checking '/home/yk/rosros/install/ros2_unitree_legged_msgs/lib/python3.10/site-packages'
[2.559s] Level 1:colcon.colcon_core.environment:checking '/home/yk/rosros/install/ros2_unitree_legged_msgs/bin'
[2.560s] INFO:colcon.colcon_core.shell:Creating package script '/home/yk/rosros/install/ros2_unitree_legged_msgs/share/ros2_unitree_legged_msgs/package.ps1'
[2.560s] INFO:colcon.colcon_core.shell:Creating package descriptor '/home/yk/rosros/install/ros2_unitree_legged_msgs/share/ros2_unitree_legged_msgs/package.dsv'
[2.561s] INFO:colcon.colcon_core.shell:Creating package script '/home/yk/rosros/install/ros2_unitree_legged_msgs/share/ros2_unitree_legged_msgs/package.sh'
[2.562s] INFO:colcon.colcon_core.shell:Creating package script '/home/yk/rosros/install/ros2_unitree_legged_msgs/share/ros2_unitree_legged_msgs/package.bash'
[2.562s] INFO:colcon.colcon_core.shell:Creating package script '/home/yk/rosros/install/ros2_unitree_legged_msgs/share/ros2_unitree_legged_msgs/package.zsh'
[2.563s] Level 1:colcon.colcon_core.environment:create_file_with_runtime_dependencies(/home/yk/rosros/install/ros2_unitree_legged_msgs/share/colcon-core/packages/ros2_unitree_legged_msgs)
[2.564s] INFO:colcon.colcon_ros.task.ament_cmake.build:Building ROS package in '/home/yk/rosros/src/unitree_ros2_sim/ros2_unitree_legged_controller' with build type 'ament_cmake'
[2.564s] INFO:colcon.colcon_cmake.task.cmake.build:Building CMake package in '/home/yk/rosros/src/unitree_ros2_sim/ros2_unitree_legged_controller'
[2.564s] INFO:colcon.colcon_core.shell:Skip shell extension 'powershell' for command environment: Not usable outside of PowerShell
[2.564s] DEBUG:colcon.colcon_core.shell:Skip shell extension 'dsv' for command environment
[2.580s] DEBUG:colcon.colcon_core.event_handler.log_command:Invoking command in '/home/yk/rosros/build/ros2_unitree_legged_control': CMAKE_PREFIX_PATH=/home/yk/rosros/install/ros2_unitree_legged_msgs:/home/yk/rosros/install/unitree_guide2:/home/yk/rosros/install/ros2_unitree_legged_control:/home/yk/rosros/install/go1_gazebo:/home/yk/rosros/install/go1_description:/home/yk/rosros/install/go1_navigation:/opt/ros/humble LD_LIBRARY_PATH=/home/yk/rosros/install/ros2_unitree_legged_msgs/lib:/home/yk/rosros/install/ros2_unitree_legged_control/lib:/usr/lib/x86_64-linux-gnu/gazebo-11/plugins:/opt/ros/humble/opt/rviz_ogre_vendor/lib:/opt/ros/humble/lib/x86_64-linux-gnu:/opt/ros/humble/lib /usr/bin/cmake --build /home/yk/rosros/build/ros2_unitree_legged_control -- -j2 -l2
[2.791s] DEBUG:colcon.colcon_core.event_handler.log_command:Invoked command in '/home/yk/rosros/build/ros2_unitree_legged_control' returned '0': CMAKE_PREFIX_PATH=/home/yk/rosros/install/ros2_unitree_legged_msgs:/home/yk/rosros/install/unitree_guide2:/home/yk/rosros/install/ros2_unitree_legged_control:/home/yk/rosros/install/go1_gazebo:/home/yk/rosros/install/go1_description:/home/yk/rosros/install/go1_navigation:/opt/ros/humble LD_LIBRARY_PATH=/home/yk/rosros/install/ros2_unitree_legged_msgs/lib:/home/yk/rosros/install/ros2_unitree_legged_control/lib:/usr/lib/x86_64-linux-gnu/gazebo-11/plugins:/opt/ros/humble/opt/rviz_ogre_vendor/lib:/opt/ros/humble/lib/x86_64-linux-gnu:/opt/ros/humble/lib /usr/bin/cmake --build /home/yk/rosros/build/ros2_unitree_legged_control -- -j2 -l2
[2.844s] Level 1:colcon.colcon_core.environment:checking '/home/yk/rosros/install/go1_navigation' for CMake module files
[2.845s] DEBUG:colcon.colcon_core.event_handler.log_command:Invoked command in '/home/yk/rosros/src/unitree_ros2_sim/go1_sim/go1_navigation' returned '0': PYTHONPATH=/home/yk/rosros/build/go1_navigation/prefix_override:/usr/lib/python3/dist-packages/colcon_core/task/python/colcon_distutils_commands:/home/yk/rosros/install/go1_navigation/lib/python3.10/site-packages:${PYTHONPATH} /usr/bin/python3 -W ignore:setup.py install is deprecated setup.py egg_info --egg-base ../../../../build/go1_navigation build --build-base /home/yk/rosros/build/go1_navigation/build install --record /home/yk/rosros/build/go1_navigation/install.log --single-version-externally-managed install_data
[2.846s] Level 1:colcon.colcon_core.environment:checking '/home/yk/rosros/install/go1_navigation' for CMake config files
[2.847s] Level 1:colcon.colcon_core.environment:checking '/home/yk/rosros/install/go1_navigation/lib'
[2.847s] Level 1:colcon.colcon_core.environment:checking '/home/yk/rosros/install/go1_navigation/bin'
[2.847s] Level 1:colcon.colcon_core.environment:checking '/home/yk/rosros/install/go1_navigation/lib/pkgconfig/go1_navigation.pc'
[2.848s] Level 1:colcon.colcon_core.environment:checking '/home/yk/rosros/install/go1_navigation/lib/python3.10/site-packages'
[2.848s] Level 1:colcon.colcon_core.shell:create_environment_hook('go1_navigation', 'pythonpath')
[2.848s] INFO:colcon.colcon_core.shell:Creating environment hook '/home/yk/rosros/install/go1_navigation/share/go1_navigation/hook/pythonpath.ps1'
[2.849s] INFO:colcon.colcon_core.shell:Creating environment descriptor '/home/yk/rosros/install/go1_navigation/share/go1_navigation/hook/pythonpath.dsv'
[2.850s] INFO:colcon.colcon_core.shell:Creating environment hook '/home/yk/rosros/install/go1_navigation/share/go1_navigation/hook/pythonpath.sh'
[2.851s] Level 1:colcon.colcon_core.environment:checking '/home/yk/rosros/install/go1_navigation/bin'
[2.851s] Level 1:colcon.colcon_core.environment:create_environment_scripts_only(go1_navigation)
[2.851s] INFO:colcon.colcon_core.shell:Creating package script '/home/yk/rosros/install/go1_navigation/share/go1_navigation/package.ps1'
[2.852s] INFO:colcon.colcon_core.shell:Creating package descriptor '/home/yk/rosros/install/go1_navigation/share/go1_navigation/package.dsv'
[2.853s] INFO:colcon.colcon_core.shell:Creating package script '/home/yk/rosros/install/go1_navigation/share/go1_navigation/package.sh'
[2.854s] INFO:colcon.colcon_core.shell:Creating package script '/home/yk/rosros/install/go1_navigation/share/go1_navigation/package.bash'
[2.854s] INFO:colcon.colcon_core.shell:Creating package script '/home/yk/rosros/install/go1_navigation/share/go1_navigation/package.zsh'
[2.855s] Level 1:colcon.colcon_core.environment:create_file_with_runtime_dependencies(/home/yk/rosros/install/go1_navigation/share/colcon-core/packages/go1_navigation)
[2.856s] INFO:colcon.colcon_ros.task.ament_cmake.build:Building ROS package in '/home/yk/rosros/src/unitree_ros2_sim/unitree_guide2' with build type 'ament_cmake'
[2.856s] INFO:colcon.colcon_cmake.task.cmake.build:Building CMake package in '/home/yk/rosros/src/unitree_ros2_sim/unitree_guide2'
[2.857s] INFO:colcon.colcon_core.shell:Skip shell extension 'powershell' for command environment: Not usable outside of PowerShell
[2.857s] DEBUG:colcon.colcon_core.shell:Skip shell extension 'dsv' for command environment
[2.873s] DEBUG:colcon.colcon_core.event_handler.log_command:Invoking command in '/home/yk/rosros/build/ros2_unitree_legged_control': CMAKE_PREFIX_PATH=/home/yk/rosros/install/ros2_unitree_legged_msgs:/home/yk/rosros/install/unitree_guide2:/home/yk/rosros/install/ros2_unitree_legged_control:/home/yk/rosros/install/go1_gazebo:/home/yk/rosros/install/go1_description:/home/yk/rosros/install/go1_navigation:/opt/ros/humble LD_LIBRARY_PATH=/home/yk/rosros/install/ros2_unitree_legged_msgs/lib:/home/yk/rosros/install/ros2_unitree_legged_control/lib:/usr/lib/x86_64-linux-gnu/gazebo-11/plugins:/opt/ros/humble/opt/rviz_ogre_vendor/lib:/opt/ros/humble/lib/x86_64-linux-gnu:/opt/ros/humble/lib /usr/bin/cmake --install /home/yk/rosros/build/ros2_unitree_legged_control
[2.902s] DEBUG:colcon.colcon_core.event_handler.log_command:Invoking command in '/home/yk/rosros/build/unitree_guide2': CMAKE_PREFIX_PATH=/home/yk/rosros/install/ros2_unitree_legged_msgs:/home/yk/rosros/install/unitree_guide2:/home/yk/rosros/install/ros2_unitree_legged_control:/home/yk/rosros/install/go1_gazebo:/home/yk/rosros/install/go1_description:/home/yk/rosros/install/go1_navigation:/opt/ros/humble LD_LIBRARY_PATH=/home/yk/rosros/install/ros2_unitree_legged_msgs/lib:/home/yk/rosros/install/ros2_unitree_legged_control/lib:/usr/lib/x86_64-linux-gnu/gazebo-11/plugins:/opt/ros/humble/opt/rviz_ogre_vendor/lib:/opt/ros/humble/lib/x86_64-linux-gnu:/opt/ros/humble/lib /usr/bin/cmake --build /home/yk/rosros/build/unitree_guide2 -- -j2 -l2
[2.902s] Level 1:colcon.colcon_core.environment:create_environment_scripts_only(ros2_unitree_legged_control)
[2.902s] Level 1:colcon.colcon_core.environment:checking '/home/yk/rosros/install/ros2_unitree_legged_control' for CMake module files
[2.903s] Level 1:colcon.colcon_core.environment:checking '/home/yk/rosros/install/ros2_unitree_legged_control' for CMake config files
[2.904s] Level 1:colcon.colcon_core.shell:create_environment_hook('ros2_unitree_legged_control', 'cmake_prefix_path')
[2.904s] INFO:colcon.colcon_core.shell:Creating environment hook '/home/yk/rosros/install/ros2_unitree_legged_control/share/ros2_unitree_legged_control/hook/cmake_prefix_path.ps1'
[2.905s] DEBUG:colcon.colcon_core.event_handler.log_command:Invoked command in '/home/yk/rosros/build/ros2_unitree_legged_control' returned '0': CMAKE_PREFIX_PATH=/home/yk/rosros/install/ros2_unitree_legged_msgs:/home/yk/rosros/install/unitree_guide2:/home/yk/rosros/install/ros2_unitree_legged_control:/home/yk/rosros/install/go1_gazebo:/home/yk/rosros/install/go1_description:/home/yk/rosros/install/go1_navigation:/opt/ros/humble LD_LIBRARY_PATH=/home/yk/rosros/install/ros2_unitree_legged_msgs/lib:/home/yk/rosros/install/ros2_unitree_legged_control/lib:/usr/lib/x86_64-linux-gnu/gazebo-11/plugins:/opt/ros/humble/opt/rviz_ogre_vendor/lib:/opt/ros/humble/lib/x86_64-linux-gnu:/opt/ros/humble/lib /usr/bin/cmake --install /home/yk/rosros/build/ros2_unitree_legged_control
[2.906s] INFO:colcon.colcon_core.shell:Creating environment descriptor '/home/yk/rosros/install/ros2_unitree_legged_control/share/ros2_unitree_legged_control/hook/cmake_prefix_path.dsv'
[2.906s] INFO:colcon.colcon_core.shell:Creating environment hook '/home/yk/rosros/install/ros2_unitree_legged_control/share/ros2_unitree_legged_control/hook/cmake_prefix_path.sh'
[2.908s] Level 1:colcon.colcon_core.environment:checking '/home/yk/rosros/install/ros2_unitree_legged_control/lib'
[2.908s] Level 1:colcon.colcon_core.environment:checking '/home/yk/rosros/install/ros2_unitree_legged_control/bin'
[2.908s] Level 1:colcon.colcon_core.environment:checking '/home/yk/rosros/install/ros2_unitree_legged_control/lib/pkgconfig/ros2_unitree_legged_control.pc'
[2.909s] Level 1:colcon.colcon_core.environment:checking '/home/yk/rosros/install/ros2_unitree_legged_control/lib/python3.10/site-packages'
[2.909s] Level 1:colcon.colcon_core.environment:checking '/home/yk/rosros/install/ros2_unitree_legged_control/bin'
[2.909s] INFO:colcon.colcon_core.shell:Creating package script '/home/yk/rosros/install/ros2_unitree_legged_control/share/ros2_unitree_legged_control/package.ps1'
[2.910s] INFO:colcon.colcon_core.shell:Creating package descriptor '/home/yk/rosros/install/ros2_unitree_legged_control/share/ros2_unitree_legged_control/package.dsv'
[2.911s] INFO:colcon.colcon_core.shell:Creating package script '/home/yk/rosros/install/ros2_unitree_legged_control/share/ros2_unitree_legged_control/package.sh'
[2.912s] INFO:colcon.colcon_core.shell:Creating package script '/home/yk/rosros/install/ros2_unitree_legged_control/share/ros2_unitree_legged_control/package.bash'
[2.912s] INFO:colcon.colcon_core.shell:Creating package script '/home/yk/rosros/install/ros2_unitree_legged_control/share/ros2_unitree_legged_control/package.zsh'
[2.913s] Level 1:colcon.colcon_core.environment:create_file_with_runtime_dependencies(/home/yk/rosros/install/ros2_unitree_legged_control/share/colcon-core/packages/ros2_unitree_legged_control)
[2.988s] Level 1:colcon.colcon_core.environment:create_environment_scripts_only(ros2_unitree_legged_control)
[2.988s] Level 1:colcon.colcon_core.environment:checking '/home/yk/rosros/install/ros2_unitree_legged_control' for CMake module files
[2.989s] Level 1:colcon.colcon_core.environment:checking '/home/yk/rosros/install/ros2_unitree_legged_control' for CMake config files
[2.989s] Level 1:colcon.colcon_core.shell:create_environment_hook('ros2_unitree_legged_control', 'cmake_prefix_path')
[2.990s] INFO:colcon.colcon_core.shell:Creating environment hook '/home/yk/rosros/install/ros2_unitree_legged_control/share/ros2_unitree_legged_control/hook/cmake_prefix_path.ps1'
[2.990s] INFO:colcon.colcon_core.shell:Creating environment descriptor '/home/yk/rosros/install/ros2_unitree_legged_control/share/ros2_unitree_legged_control/hook/cmake_prefix_path.dsv'
[2.991s] INFO:colcon.colcon_core.shell:Creating environment hook '/home/yk/rosros/install/ros2_unitree_legged_control/share/ros2_unitree_legged_control/hook/cmake_prefix_path.sh'
[2.992s] Level 1:colcon.colcon_core.environment:checking '/home/yk/rosros/install/ros2_unitree_legged_control/lib'
[2.992s] Level 1:colcon.colcon_core.environment:checking '/home/yk/rosros/install/ros2_unitree_legged_control/bin'
[2.992s] Level 1:colcon.colcon_core.environment:checking '/home/yk/rosros/install/ros2_unitree_legged_control/lib/pkgconfig/ros2_unitree_legged_control.pc'
[2.993s] Level 1:colcon.colcon_core.environment:checking '/home/yk/rosros/install/ros2_unitree_legged_control/lib/python3.10/site-packages'
[2.993s] Level 1:colcon.colcon_core.environment:checking '/home/yk/rosros/install/ros2_unitree_legged_control/bin'
[2.993s] INFO:colcon.colcon_core.shell:Creating package script '/home/yk/rosros/install/ros2_unitree_legged_control/share/ros2_unitree_legged_control/package.ps1'
[2.994s] INFO:colcon.colcon_core.shell:Creating package descriptor '/home/yk/rosros/install/ros2_unitree_legged_control/share/ros2_unitree_legged_control/package.dsv'
[2.995s] INFO:colcon.colcon_core.shell:Creating package script '/home/yk/rosros/install/ros2_unitree_legged_control/share/ros2_unitree_legged_control/package.sh'
[2.996s] INFO:colcon.colcon_core.shell:Creating package script '/home/yk/rosros/install/ros2_unitree_legged_control/share/ros2_unitree_legged_control/package.bash'
[2.996s] INFO:colcon.colcon_core.shell:Creating package script '/home/yk/rosros/install/ros2_unitree_legged_control/share/ros2_unitree_legged_control/package.zsh'
[2.997s] Level 1:colcon.colcon_core.environment:create_file_with_runtime_dependencies(/home/yk/rosros/install/ros2_unitree_legged_control/share/colcon-core/packages/ros2_unitree_legged_control)
[11.143s] DEBUG:colcon.colcon_core.event_handler.log_command:Invoked command in '/home/yk/rosros/build/unitree_guide2' returned '0': CMAKE_PREFIX_PATH=/home/yk/rosros/install/ros2_unitree_legged_msgs:/home/yk/rosros/install/unitree_guide2:/home/yk/rosros/install/ros2_unitree_legged_control:/home/yk/rosros/install/go1_gazebo:/home/yk/rosros/install/go1_description:/home/yk/rosros/install/go1_navigation:/opt/ros/humble LD_LIBRARY_PATH=/home/yk/rosros/install/ros2_unitree_legged_msgs/lib:/home/yk/rosros/install/ros2_unitree_legged_control/lib:/usr/lib/x86_64-linux-gnu/gazebo-11/plugins:/opt/ros/humble/opt/rviz_ogre_vendor/lib:/opt/ros/humble/lib/x86_64-linux-gnu:/opt/ros/humble/lib /usr/bin/cmake --build /home/yk/rosros/build/unitree_guide2 -- -j2 -l2
[11.324s] DEBUG:colcon.colcon_core.event_handler.log_command:Invoking command in '/home/yk/rosros/build/unitree_guide2': CMAKE_PREFIX_PATH=/home/yk/rosros/install/ros2_unitree_legged_msgs:/home/yk/rosros/install/unitree_guide2:/home/yk/rosros/install/ros2_unitree_legged_control:/home/yk/rosros/install/go1_gazebo:/home/yk/rosros/install/go1_description:/home/yk/rosros/install/go1_navigation:/opt/ros/humble LD_LIBRARY_PATH=/home/yk/rosros/install/ros2_unitree_legged_msgs/lib:/home/yk/rosros/install/ros2_unitree_legged_control/lib:/usr/lib/x86_64-linux-gnu/gazebo-11/plugins:/opt/ros/humble/opt/rviz_ogre_vendor/lib:/opt/ros/humble/lib/x86_64-linux-gnu:/opt/ros/humble/lib /usr/bin/cmake --install /home/yk/rosros/build/unitree_guide2
[11.351s] Level 1:colcon.colcon_core.environment:create_environment_scripts_only(unitree_guide2)
[11.351s] Level 1:colcon.colcon_core.environment:checking '/home/yk/rosros/install/unitree_guide2' for CMake module files
[11.352s] DEBUG:colcon.colcon_core.event_handler.log_command:Invoked command in '/home/yk/rosros/build/unitree_guide2' returned '0': CMAKE_PREFIX_PATH=/home/yk/rosros/install/ros2_unitree_legged_msgs:/home/yk/rosros/install/unitree_guide2:/home/yk/rosros/install/ros2_unitree_legged_control:/home/yk/rosros/install/go1_gazebo:/home/yk/rosros/install/go1_description:/home/yk/rosros/install/go1_navigation:/opt/ros/humble LD_LIBRARY_PATH=/home/yk/rosros/install/ros2_unitree_legged_msgs/lib:/home/yk/rosros/install/ros2_unitree_legged_control/lib:/usr/lib/x86_64-linux-gnu/gazebo-11/plugins:/opt/ros/humble/opt/rviz_ogre_vendor/lib:/opt/ros/humble/lib/x86_64-linux-gnu:/opt/ros/humble/lib /usr/bin/cmake --install /home/yk/rosros/build/unitree_guide2
[11.352s] Level 1:colcon.colcon_core.environment:checking '/home/yk/rosros/install/unitree_guide2' for CMake config files
[11.353s] Level 1:colcon.colcon_core.shell:create_environment_hook('unitree_guide2', 'cmake_prefix_path')
[11.353s] INFO:colcon.colcon_core.shell:Creating environment hook '/home/yk/rosros/install/unitree_guide2/share/unitree_guide2/hook/cmake_prefix_path.ps1'
[11.354s] INFO:colcon.colcon_core.shell:Creating environment descriptor '/home/yk/rosros/install/unitree_guide2/share/unitree_guide2/hook/cmake_prefix_path.dsv'
[11.355s] INFO:colcon.colcon_core.shell:Creating environment hook '/home/yk/rosros/install/unitree_guide2/share/unitree_guide2/hook/cmake_prefix_path.sh'
[11.355s] Level 1:colcon.colcon_core.environment:checking '/home/yk/rosros/install/unitree_guide2/lib'
[11.356s] Level 1:colcon.colcon_core.environment:checking '/home/yk/rosros/install/unitree_guide2/bin'
[11.356s] Level 1:colcon.colcon_core.environment:checking '/home/yk/rosros/install/unitree_guide2/lib/pkgconfig/unitree_guide2.pc'
[11.356s] Level 1:colcon.colcon_core.environment:checking '/home/yk/rosros/install/unitree_guide2/lib/python3.10/site-packages'
[11.356s] Level 1:colcon.colcon_core.environment:checking '/home/yk/rosros/install/unitree_guide2/bin'
[11.357s] INFO:colcon.colcon_core.shell:Creating package script '/home/yk/rosros/install/unitree_guide2/share/unitree_guide2/package.ps1'
[11.357s] INFO:colcon.colcon_core.shell:Creating package descriptor '/home/yk/rosros/install/unitree_guide2/share/unitree_guide2/package.dsv'
[11.358s] INFO:colcon.colcon_core.shell:Creating package script '/home/yk/rosros/install/unitree_guide2/share/unitree_guide2/package.sh'
[11.359s] INFO:colcon.colcon_core.shell:Creating package script '/home/yk/rosros/install/unitree_guide2/share/unitree_guide2/package.bash'
[11.359s] INFO:colcon.colcon_core.shell:Creating package script '/home/yk/rosros/install/unitree_guide2/share/unitree_guide2/package.zsh'
[11.360s] Level 1:colcon.colcon_core.environment:create_file_with_runtime_dependencies(/home/yk/rosros/install/unitree_guide2/share/colcon-core/packages/unitree_guide2)
[11.489s] Level 1:colcon.colcon_core.environment:create_environment_scripts_only(unitree_guide2)
[11.489s] Level 1:colcon.colcon_core.environment:checking '/home/yk/rosros/install/unitree_guide2' for CMake module files
[11.490s] Level 1:colcon.colcon_core.environment:checking '/home/yk/rosros/install/unitree_guide2' for CMake config files
[11.490s] Level 1:colcon.colcon_core.shell:create_environment_hook('unitree_guide2', 'cmake_prefix_path')
[11.490s] INFO:colcon.colcon_core.shell:Creating environment hook '/home/yk/rosros/install/unitree_guide2/share/unitree_guide2/hook/cmake_prefix_path.ps1'
[11.491s] INFO:colcon.colcon_core.shell:Creating environment descriptor '/home/yk/rosros/install/unitree_guide2/share/unitree_guide2/hook/cmake_prefix_path.dsv'
[11.491s] INFO:colcon.colcon_core.shell:Creating environment hook '/home/yk/rosros/install/unitree_guide2/share/unitree_guide2/hook/cmake_prefix_path.sh'
[11.492s] Level 1:colcon.colcon_core.environment:checking '/home/yk/rosros/install/unitree_guide2/lib'
[11.492s] Level 1:colcon.colcon_core.environment:checking '/home/yk/rosros/install/unitree_guide2/bin'
[11.493s] Level 1:colcon.colcon_core.environment:checking '/home/yk/rosros/install/unitree_guide2/lib/pkgconfig/unitree_guide2.pc'
[11.493s] Level 1:colcon.colcon_core.environment:checking '/home/yk/rosros/install/unitree_guide2/lib/python3.10/site-packages'
[11.493s] Level 1:colcon.colcon_core.environment:checking '/home/yk/rosros/install/unitree_guide2/bin'
[11.494s] INFO:colcon.colcon_core.shell:Creating package script '/home/yk/rosros/install/unitree_guide2/share/unitree_guide2/package.ps1'
[11.494s] INFO:colcon.colcon_core.shell:Creating package descriptor '/home/yk/rosros/install/unitree_guide2/share/unitree_guide2/package.dsv'
[11.495s] INFO:colcon.colcon_core.shell:Creating package script '/home/yk/rosros/install/unitree_guide2/share/unitree_guide2/package.sh'
[11.495s] INFO:colcon.colcon_core.shell:Creating package script '/home/yk/rosros/install/unitree_guide2/share/unitree_guide2/package.bash'
[11.496s] INFO:colcon.colcon_core.shell:Creating package script '/home/yk/rosros/install/unitree_guide2/share/unitree_guide2/package.zsh'
[11.497s] Level 1:colcon.colcon_core.environment:create_file_with_runtime_dependencies(/home/yk/rosros/install/unitree_guide2/share/colcon-core/packages/unitree_guide2)
[11.497s] DEBUG:colcon.colcon_parallel_executor.executor.parallel:closing loop
[11.497s] DEBUG:colcon.colcon_parallel_executor.executor.parallel:loop closed
[11.497s] DEBUG:colcon.colcon_parallel_executor.executor.parallel:run_until_complete finished with '0'
[11.498s] DEBUG:colcon.colcon_core.event_reactor:joining thread
[11.506s] INFO:colcon.colcon_core.plugin_system:Skipping extension 'colcon_notification.desktop_notification.terminal_notifier': Not used on non-Darwin systems
[11.506s] INFO:colcon.colcon_core.plugin_system:Skipping extension 'colcon_notification.desktop_notification.win32': Not used on non-Windows systems
[11.506s] INFO:colcon.colcon_notification.desktop_notification:Sending desktop notification using 'notify2'
[11.532s] DEBUG:colcon.colcon_core.event_reactor:joined thread
[11.532s] INFO:colcon.colcon_core.shell:Creating prefix script '/home/yk/rosros/install/local_setup.ps1'
[11.535s] INFO:colcon.colcon_core.shell:Creating prefix util module '/home/yk/rosros/install/_local_setup_util_ps1.py'
[11.538s] INFO:colcon.colcon_core.shell:Creating prefix chain script '/home/yk/rosros/install/setup.ps1'
[11.540s] INFO:colcon.colcon_core.shell:Creating prefix script '/home/yk/rosros/install/local_setup.sh'
[11.541s] INFO:colcon.colcon_core.shell:Creating prefix util module '/home/yk/rosros/install/_local_setup_util_sh.py'
[11.542s] INFO:colcon.colcon_core.shell:Creating prefix chain script '/home/yk/rosros/install/setup.sh'
[11.544s] INFO:colcon.colcon_core.shell:Creating prefix script '/home/yk/rosros/install/local_setup.bash'
[11.544s] INFO:colcon.colcon_core.shell:Creating prefix chain script '/home/yk/rosros/install/setup.bash'
[11.546s] INFO:colcon.colcon_core.shell:Creating prefix script '/home/yk/rosros/install/local_setup.zsh'
[11.547s] INFO:colcon.colcon_core.shell:Creating prefix chain script '/home/yk/rosros/install/setup.zsh'
