[0.063s] Invoking command in '/home/yk/rosros/build/unitree_guide2': CMAKE_PREFIX_PATH=/home/yk/rosros/install/ros2_unitree_legged_msgs:/home/yk/rosros/install/unitree_guide2:/home/yk/rosros/install/ros2_unitree_legged_control:/home/yk/rosros/install/go1_gazebo:/home/yk/rosros/install/go1_description:/home/yk/rosros/install/go1_navigation:/opt/ros/humble LD_LIBRARY_PATH=/home/yk/rosros/install/ros2_unitree_legged_msgs/lib:/home/yk/rosros/install/ros2_unitree_legged_control/lib:/usr/lib/x86_64-linux-gnu/gazebo-11/plugins:/opt/ros/humble/opt/rviz_ogre_vendor/lib:/opt/ros/humble/lib/x86_64-linux-gnu:/opt/ros/humble/lib /usr/bin/cmake --build /home/yk/rosros/build/unitree_guide2 -- -j2 -l2
[0.465s] [100%] Built target junior_ctrl
[0.557s] Invoked command in '/home/yk/rosros/build/unitree_guide2' returned '0': CMAKE_PREFIX_PATH=/home/yk/rosros/install/ros2_unitree_legged_msgs:/home/yk/rosros/install/unitree_guide2:/home/yk/rosros/install/ros2_unitree_legged_control:/home/yk/rosros/install/go1_gazebo:/home/yk/rosros/install/go1_description:/home/yk/rosros/install/go1_navigation:/opt/ros/humble LD_LIBRARY_PATH=/home/yk/rosros/install/ros2_unitree_legged_msgs/lib:/home/yk/rosros/install/ros2_unitree_legged_control/lib:/usr/lib/x86_64-linux-gnu/gazebo-11/plugins:/opt/ros/humble/opt/rviz_ogre_vendor/lib:/opt/ros/humble/lib/x86_64-linux-gnu:/opt/ros/humble/lib /usr/bin/cmake --build /home/yk/rosros/build/unitree_guide2 -- -j2 -l2
[1.015s] Invoking command in '/home/yk/rosros/build/unitree_guide2': CMAKE_PREFIX_PATH=/home/yk/rosros/install/ros2_unitree_legged_msgs:/home/yk/rosros/install/unitree_guide2:/home/yk/rosros/install/ros2_unitree_legged_control:/home/yk/rosros/install/go1_gazebo:/home/yk/rosros/install/go1_description:/home/yk/rosros/install/go1_navigation:/opt/ros/humble LD_LIBRARY_PATH=/home/yk/rosros/install/ros2_unitree_legged_msgs/lib:/home/yk/rosros/install/ros2_unitree_legged_control/lib:/usr/lib/x86_64-linux-gnu/gazebo-11/plugins:/opt/ros/humble/opt/rviz_ogre_vendor/lib:/opt/ros/humble/lib/x86_64-linux-gnu:/opt/ros/humble/lib /usr/bin/cmake --install /home/yk/rosros/build/unitree_guide2
[1.055s] -- Install configuration: ""
[1.057s] -- Up-to-date: /home/yk/rosros/install/unitree_guide2/lib/unitree_guide2/junior_ctrl
[1.057s] -- Up-to-date: /home/yk/rosros/install/unitree_guide2/share/ament_index/resource_index/package_run_dependencies/unitree_guide2
[1.058s] -- Up-to-date: /home/yk/rosros/install/unitree_guide2/share/ament_index/resource_index/parent_prefix_path/unitree_guide2
[1.058s] -- Up-to-date: /home/yk/rosros/install/unitree_guide2/share/unitree_guide2/environment/ament_prefix_path.sh
[1.060s] -- Up-to-date: /home/yk/rosros/install/unitree_guide2/share/unitree_guide2/environment/ament_prefix_path.dsv
[1.061s] -- Up-to-date: /home/yk/rosros/install/unitree_guide2/share/unitree_guide2/environment/path.sh
[1.061s] -- Up-to-date: /home/yk/rosros/install/unitree_guide2/share/unitree_guide2/environment/path.dsv
[1.061s] -- Up-to-date: /home/yk/rosros/install/unitree_guide2/share/unitree_guide2/local_setup.bash
[1.061s] -- Up-to-date: /home/yk/rosros/install/unitree_guide2/share/unitree_guide2/local_setup.sh
[1.061s] -- Up-to-date: /home/yk/rosros/install/unitree_guide2/share/unitree_guide2/local_setup.zsh
[1.061s] -- Up-to-date: /home/yk/rosros/install/unitree_guide2/share/unitree_guide2/local_setup.dsv
[1.061s] -- Installing: /home/yk/rosros/install/unitree_guide2/share/unitree_guide2/package.dsv
[1.061s] -- Up-to-date: /home/yk/rosros/install/unitree_guide2/share/ament_index/resource_index/packages/unitree_guide2
[1.062s] -- Up-to-date: /home/yk/rosros/install/unitree_guide2/share/unitree_guide2/cmake/unitree_guide2Config.cmake
[1.062s] -- Up-to-date: /home/yk/rosros/install/unitree_guide2/share/unitree_guide2/cmake/unitree_guide2Config-version.cmake
[1.062s] -- Up-to-date: /home/yk/rosros/install/unitree_guide2/share/unitree_guide2/package.xml
[1.069s] Invoked command in '/home/yk/rosros/build/unitree_guide2' returned '0': CMAKE_PREFIX_PATH=/home/yk/rosros/install/ros2_unitree_legged_msgs:/home/yk/rosros/install/unitree_guide2:/home/yk/rosros/install/ros2_unitree_legged_control:/home/yk/rosros/install/go1_gazebo:/home/yk/rosros/install/go1_description:/home/yk/rosros/install/go1_navigation:/opt/ros/humble LD_LIBRARY_PATH=/home/yk/rosros/install/ros2_unitree_legged_msgs/lib:/home/yk/rosros/install/ros2_unitree_legged_control/lib:/usr/lib/x86_64-linux-gnu/gazebo-11/plugins:/opt/ros/humble/opt/rviz_ogre_vendor/lib:/opt/ros/humble/lib/x86_64-linux-gnu:/opt/ros/humble/lib /usr/bin/cmake --install /home/yk/rosros/build/unitree_guide2
