[0.022s] Invoking command in '/home/yk/rosros/build/ros2_unitree_legged_msgs': CMAKE_PREFIX_PATH=/opt/ros/humble /usr/bin/cmake /home/yk/rosros/src/unitree_ros2_sim/ros2_unitree_legged_msgs -DCMAKE_INSTALL_PREFIX=/home/yk/rosros/install/ros2_unitree_legged_msgs
[0.156s] -- The C compiler identification is GNU 11.4.0
[0.289s] -- The CXX compiler identification is GNU 11.4.0
[0.305s] -- Detecting C compiler ABI info
[0.510s] -- Detecting C compiler ABI info - done
[0.520s] -- Check for working C compiler: /usr/bin/cc - skipped
[0.520s] -- Detecting C compile features
[0.520s] -- Detecting C compile features - done
[0.527s] -- Detecting CXX compiler ABI info
[0.717s] -- Detecting CXX compiler ABI info - done
[0.735s] -- Check for working CXX compiler: /usr/bin/c++ - skipped
[0.735s] -- Detecting CXX compile features
[0.735s] -- Detecting CXX compile features - done
[0.742s] -- Found ament_cmake: 1.3.10 (/opt/ros/humble/share/ament_cmake/cmake)
[1.528s] -- Found Python3: /usr/bin/python3 (found version "3.10.12") found components: Interpreter 
[1.657s] -- Found rosidl_default_generators: 1.2.0 (/opt/ros/humble/share/rosidl_default_generators/cmake)
[1.673s] -- Using all available rosidl_typesupport_c: rosidl_typesupport_fastrtps_c;rosidl_typesupport_introspection_c
[1.693s] -- Found rosidl_adapter: 3.1.5 (/opt/ros/humble/share/rosidl_adapter/cmake)
[1.800s] -- Using all available rosidl_typesupport_cpp: rosidl_typesupport_fastrtps_cpp;rosidl_typesupport_introspection_cpp
[2.634s] -- Found ament_cmake_ros: 0.10.0 (/opt/ros/humble/share/ament_cmake_ros/cmake)
[3.157s] -- Using all available rosidl_typesupport_c: rosidl_typesupport_fastrtps_c;rosidl_typesupport_introspection_c
[4.035s] -- Using all available rosidl_typesupport_cpp: rosidl_typesupport_fastrtps_cpp;rosidl_typesupport_introspection_cpp
[4.136s] -- Found PythonInterp: /usr/bin/python3 (found suitable version "3.10.12", minimum required is "3.6") 
[4.143s] -- Found python_cmake_module: 0.10.0 (/opt/ros/humble/share/python_cmake_module/cmake)
[4.211s] -- Found PythonLibs: /usr/lib/x86_64-linux-gnu/libpython3.10.so (found suitable version "3.10.12", minimum required is "3.5") 
[4.216s] -- Using PYTHON_EXECUTABLE: /usr/bin/python3
[4.216s] -- Using PYTHON_INCLUDE_DIRS: /usr/include/python3.10
[4.216s] -- Using PYTHON_LIBRARIES: /usr/lib/x86_64-linux-gnu/libpython3.10.so
[4.302s] -- Found PythonExtra: .so  
[4.421s] -- Configuring done
[4.566s] -- Generating done
[4.586s] -- Build files have been written to: /home/yk/rosros/build/ros2_unitree_legged_msgs
[4.613s] Invoked command in '/home/yk/rosros/build/ros2_unitree_legged_msgs' returned '0': CMAKE_PREFIX_PATH=/opt/ros/humble /usr/bin/cmake /home/yk/rosros/src/unitree_ros2_sim/ros2_unitree_legged_msgs -DCMAKE_INSTALL_PREFIX=/home/yk/rosros/install/ros2_unitree_legged_msgs
[4.614s] Invoking command in '/home/yk/rosros/build/ros2_unitree_legged_msgs': CMAKE_PREFIX_PATH=/opt/ros/humble /usr/bin/cmake --build /home/yk/rosros/build/ros2_unitree_legged_msgs -- -j2 -l2
[4.786s] [  0%] [34m[1mGenerating C++ code for ROS interfaces[0m
[9.221s] [  0%] Built target ros2_unitree_legged_msgs__cpp
[9.257s] [  1%] [34m[1mGenerating C code for ROS interfaces[0m
[13.784s] [  2%] [32mBuilding C object CMakeFiles/ros2_unitree_legged_msgs__rosidl_generator_c.dir/rosidl_generator_c/ros2_unitree_legged_msgs/msg/detail/motor_cmd__functions.c.o[0m
[13.872s] [  3%] [32mBuilding C object CMakeFiles/ros2_unitree_legged_msgs__rosidl_generator_c.dir/rosidl_generator_c/ros2_unitree_legged_msgs/msg/detail/motor_state__functions.c.o[0m
[13.994s] [  4%] [32mBuilding C object CMakeFiles/ros2_unitree_legged_msgs__rosidl_generator_c.dir/rosidl_generator_c/ros2_unitree_legged_msgs/msg/detail/bms_cmd__functions.c.o[0m
[14.158s] [  5%] [32mBuilding C object CMakeFiles/ros2_unitree_legged_msgs__rosidl_generator_c.dir/rosidl_generator_c/ros2_unitree_legged_msgs/msg/detail/bms_state__functions.c.o[0m
[14.289s] [  6%] [32mBuilding C object CMakeFiles/ros2_unitree_legged_msgs__rosidl_generator_c.dir/rosidl_generator_c/ros2_unitree_legged_msgs/msg/detail/cartesian__functions.c.o[0m
[14.432s] [  7%] [32mBuilding C object CMakeFiles/ros2_unitree_legged_msgs__rosidl_generator_c.dir/rosidl_generator_c/ros2_unitree_legged_msgs/msg/detail/imu__functions.c.o[0m
[14.556s] [  8%] [32mBuilding C object CMakeFiles/ros2_unitree_legged_msgs__rosidl_generator_c.dir/rosidl_generator_c/ros2_unitree_legged_msgs/msg/detail/led__functions.c.o[0m
[14.673s] [  8%] [32mBuilding C object CMakeFiles/ros2_unitree_legged_msgs__rosidl_generator_c.dir/rosidl_generator_c/ros2_unitree_legged_msgs/msg/detail/low_cmd__functions.c.o[0m
[14.816s] [  9%] [32mBuilding C object CMakeFiles/ros2_unitree_legged_msgs__rosidl_generator_c.dir/rosidl_generator_c/ros2_unitree_legged_msgs/msg/detail/low_state__functions.c.o[0m
[15.001s] [ 10%] [32mBuilding C object CMakeFiles/ros2_unitree_legged_msgs__rosidl_generator_c.dir/rosidl_generator_c/ros2_unitree_legged_msgs/msg/detail/high_cmd__functions.c.o[0m
[15.186s] [ 11%] [32mBuilding C object CMakeFiles/ros2_unitree_legged_msgs__rosidl_generator_c.dir/rosidl_generator_c/ros2_unitree_legged_msgs/msg/detail/high_state__functions.c.o[0m
[15.376s] [ 12%] [32m[1mLinking C shared library libros2_unitree_legged_msgs__rosidl_generator_c.so[0m
[15.464s] [ 12%] Built target ros2_unitree_legged_msgs__rosidl_generator_c
[15.561s] [ 12%] Built target ament_cmake_python_copy_ros2_unitree_legged_msgs
[15.588s] [ 13%] [34m[1mGenerating C++ type support dispatch for ROS interfaces[0m
[18.226s] [ 14%] [32mBuilding CXX object CMakeFiles/ros2_unitree_legged_msgs__rosidl_typesupport_cpp.dir/rosidl_typesupport_cpp/ros2_unitree_legged_msgs/msg/motor_cmd__type_support.cpp.o[0m
[19.139s] [ 15%] [32mBuilding CXX object CMakeFiles/ros2_unitree_legged_msgs__rosidl_typesupport_cpp.dir/rosidl_typesupport_cpp/ros2_unitree_legged_msgs/msg/motor_state__type_support.cpp.o[0m
[20.088s] [ 16%] [32mBuilding CXX object CMakeFiles/ros2_unitree_legged_msgs__rosidl_typesupport_cpp.dir/rosidl_typesupport_cpp/ros2_unitree_legged_msgs/msg/bms_cmd__type_support.cpp.o[0m
[20.612s] [ 17%] [32mBuilding CXX object CMakeFiles/ros2_unitree_legged_msgs__rosidl_typesupport_cpp.dir/rosidl_typesupport_cpp/ros2_unitree_legged_msgs/msg/bms_state__type_support.cpp.o[0m
[21.080s] [ 18%] [32mBuilding CXX object CMakeFiles/ros2_unitree_legged_msgs__rosidl_typesupport_cpp.dir/rosidl_typesupport_cpp/ros2_unitree_legged_msgs/msg/cartesian__type_support.cpp.o[0m
[21.540s] [ 19%] [32mBuilding CXX object CMakeFiles/ros2_unitree_legged_msgs__rosidl_typesupport_cpp.dir/rosidl_typesupport_cpp/ros2_unitree_legged_msgs/msg/imu__type_support.cpp.o[0m
[21.937s] [ 20%] [32mBuilding CXX object CMakeFiles/ros2_unitree_legged_msgs__rosidl_typesupport_cpp.dir/rosidl_typesupport_cpp/ros2_unitree_legged_msgs/msg/led__type_support.cpp.o[0m
[22.322s] [ 20%] [32mBuilding CXX object CMakeFiles/ros2_unitree_legged_msgs__rosidl_typesupport_cpp.dir/rosidl_typesupport_cpp/ros2_unitree_legged_msgs/msg/low_cmd__type_support.cpp.o[0m
[22.756s] [ 21%] [32mBuilding CXX object CMakeFiles/ros2_unitree_legged_msgs__rosidl_typesupport_cpp.dir/rosidl_typesupport_cpp/ros2_unitree_legged_msgs/msg/low_state__type_support.cpp.o[0m
[23.235s] [ 22%] [32mBuilding CXX object CMakeFiles/ros2_unitree_legged_msgs__rosidl_typesupport_cpp.dir/rosidl_typesupport_cpp/ros2_unitree_legged_msgs/msg/high_cmd__type_support.cpp.o[0m
[23.682s] [ 23%] [32mBuilding CXX object CMakeFiles/ros2_unitree_legged_msgs__rosidl_typesupport_cpp.dir/rosidl_typesupport_cpp/ros2_unitree_legged_msgs/msg/high_state__type_support.cpp.o[0m
[24.127s] [ 24%] [32m[1mLinking CXX shared library libros2_unitree_legged_msgs__rosidl_typesupport_cpp.so[0m
[24.189s] [ 24%] Built target ros2_unitree_legged_msgs__rosidl_typesupport_cpp
[24.203s] [ 25%] [34m[1mGenerating C type support for eProsima Fast-RTPS[0m
[26.161s] [ 26%] [32mBuilding CXX object CMakeFiles/ros2_unitree_legged_msgs__rosidl_typesupport_fastrtps_c.dir/rosidl_typesupport_fastrtps_c/ros2_unitree_legged_msgs/msg/detail/motor_cmd__type_support_c.cpp.o[0m
[27.061s] [ 27%] [32mBuilding CXX object CMakeFiles/ros2_unitree_legged_msgs__rosidl_typesupport_fastrtps_c.dir/rosidl_typesupport_fastrtps_c/ros2_unitree_legged_msgs/msg/detail/motor_state__type_support_c.cpp.o[0m
[27.750s] [ 28%] [32mBuilding CXX object CMakeFiles/ros2_unitree_legged_msgs__rosidl_typesupport_fastrtps_c.dir/rosidl_typesupport_fastrtps_c/ros2_unitree_legged_msgs/msg/detail/bms_cmd__type_support_c.cpp.o[0m
[28.408s] [ 29%] [32mBuilding CXX object CMakeFiles/ros2_unitree_legged_msgs__rosidl_typesupport_fastrtps_c.dir/rosidl_typesupport_fastrtps_c/ros2_unitree_legged_msgs/msg/detail/bms_state__type_support_c.cpp.o[0m
[29.078s] [ 29%] [32mBuilding CXX object CMakeFiles/ros2_unitree_legged_msgs__rosidl_typesupport_fastrtps_c.dir/rosidl_typesupport_fastrtps_c/ros2_unitree_legged_msgs/msg/detail/cartesian__type_support_c.cpp.o[0m
[29.627s] [ 30%] [32mBuilding CXX object CMakeFiles/ros2_unitree_legged_msgs__rosidl_typesupport_fastrtps_c.dir/rosidl_typesupport_fastrtps_c/ros2_unitree_legged_msgs/msg/detail/imu__type_support_c.cpp.o[0m
[30.301s] [ 31%] [32mBuilding CXX object CMakeFiles/ros2_unitree_legged_msgs__rosidl_typesupport_fastrtps_c.dir/rosidl_typesupport_fastrtps_c/ros2_unitree_legged_msgs/msg/detail/led__type_support_c.cpp.o[0m
[30.900s] [ 32%] [32mBuilding CXX object CMakeFiles/ros2_unitree_legged_msgs__rosidl_typesupport_fastrtps_c.dir/rosidl_typesupport_fastrtps_c/ros2_unitree_legged_msgs/msg/detail/low_cmd__type_support_c.cpp.o[0m
[31.450s] [ 33%] [32mBuilding CXX object CMakeFiles/ros2_unitree_legged_msgs__rosidl_typesupport_fastrtps_c.dir/rosidl_typesupport_fastrtps_c/ros2_unitree_legged_msgs/msg/detail/low_state__type_support_c.cpp.o[0m
[31.971s] [ 34%] [32mBuilding CXX object CMakeFiles/ros2_unitree_legged_msgs__rosidl_typesupport_fastrtps_c.dir/rosidl_typesupport_fastrtps_c/ros2_unitree_legged_msgs/msg/detail/high_cmd__type_support_c.cpp.o[0m
[32.553s] [ 35%] [32mBuilding CXX object CMakeFiles/ros2_unitree_legged_msgs__rosidl_typesupport_fastrtps_c.dir/rosidl_typesupport_fastrtps_c/ros2_unitree_legged_msgs/msg/detail/high_state__type_support_c.cpp.o[0m
[33.078s] [ 36%] [32m[1mLinking CXX shared library libros2_unitree_legged_msgs__rosidl_typesupport_fastrtps_c.so[0m
[33.234s] [ 36%] Built target ros2_unitree_legged_msgs__rosidl_typesupport_fastrtps_c
[33.249s] [ 37%] [34m[1mGenerating C introspection for ROS interfaces[0m
[35.082s] [ 38%] [32mBuilding C object CMakeFiles/ros2_unitree_legged_msgs__rosidl_typesupport_introspection_c.dir/rosidl_typesupport_introspection_c/ros2_unitree_legged_msgs/msg/detail/motor_cmd__type_support.c.o[0m
[35.142s] [ 39%] [32mBuilding C object CMakeFiles/ros2_unitree_legged_msgs__rosidl_typesupport_introspection_c.dir/rosidl_typesupport_introspection_c/ros2_unitree_legged_msgs/msg/detail/motor_state__type_support.c.o[0m
[35.194s] [ 40%] [32mBuilding C object CMakeFiles/ros2_unitree_legged_msgs__rosidl_typesupport_introspection_c.dir/rosidl_typesupport_introspection_c/ros2_unitree_legged_msgs/msg/detail/bms_cmd__type_support.c.o[0m
[35.246s] [ 41%] [32mBuilding C object CMakeFiles/ros2_unitree_legged_msgs__rosidl_typesupport_introspection_c.dir/rosidl_typesupport_introspection_c/ros2_unitree_legged_msgs/msg/detail/bms_state__type_support.c.o[0m
[35.315s] [ 42%] [32mBuilding C object CMakeFiles/ros2_unitree_legged_msgs__rosidl_typesupport_introspection_c.dir/rosidl_typesupport_introspection_c/ros2_unitree_legged_msgs/msg/detail/cartesian__type_support.c.o[0m
[35.363s] [ 43%] [32mBuilding C object CMakeFiles/ros2_unitree_legged_msgs__rosidl_typesupport_introspection_c.dir/rosidl_typesupport_introspection_c/ros2_unitree_legged_msgs/msg/detail/imu__type_support.c.o[0m
[35.425s] [ 43%] [32mBuilding C object CMakeFiles/ros2_unitree_legged_msgs__rosidl_typesupport_introspection_c.dir/rosidl_typesupport_introspection_c/ros2_unitree_legged_msgs/msg/detail/led__type_support.c.o[0m
[35.469s] [ 44%] [32mBuilding C object CMakeFiles/ros2_unitree_legged_msgs__rosidl_typesupport_introspection_c.dir/rosidl_typesupport_introspection_c/ros2_unitree_legged_msgs/msg/detail/low_cmd__type_support.c.o[0m
[35.534s] [ 45%] [32mBuilding C object CMakeFiles/ros2_unitree_legged_msgs__rosidl_typesupport_introspection_c.dir/rosidl_typesupport_introspection_c/ros2_unitree_legged_msgs/msg/detail/low_state__type_support.c.o[0m
[35.602s] [ 46%] [32mBuilding C object CMakeFiles/ros2_unitree_legged_msgs__rosidl_typesupport_introspection_c.dir/rosidl_typesupport_introspection_c/ros2_unitree_legged_msgs/msg/detail/high_cmd__type_support.c.o[0m
[35.669s] [ 47%] [32mBuilding C object CMakeFiles/ros2_unitree_legged_msgs__rosidl_typesupport_introspection_c.dir/rosidl_typesupport_introspection_c/ros2_unitree_legged_msgs/msg/detail/high_state__type_support.c.o[0m
[35.754s] [ 48%] [32m[1mLinking C shared library libros2_unitree_legged_msgs__rosidl_typesupport_introspection_c.so[0m
[35.832s] [ 48%] Built target ros2_unitree_legged_msgs__rosidl_typesupport_introspection_c
[35.847s] [ 49%] [34m[1mGenerating C type support dispatch for ROS interfaces[0m
[37.901s] [ 50%] [32mBuilding CXX object CMakeFiles/ros2_unitree_legged_msgs__rosidl_typesupport_c.dir/rosidl_typesupport_c/ros2_unitree_legged_msgs/msg/motor_cmd__type_support.cpp.o[0m
[37.979s] [ 51%] [32mBuilding CXX object CMakeFiles/ros2_unitree_legged_msgs__rosidl_typesupport_c.dir/rosidl_typesupport_c/ros2_unitree_legged_msgs/msg/motor_state__type_support.cpp.o[0m
[38.030s] [ 51%] [32mBuilding CXX object CMakeFiles/ros2_unitree_legged_msgs__rosidl_typesupport_c.dir/rosidl_typesupport_c/ros2_unitree_legged_msgs/msg/bms_cmd__type_support.cpp.o[0m
[38.077s] [ 52%] [32mBuilding CXX object CMakeFiles/ros2_unitree_legged_msgs__rosidl_typesupport_c.dir/rosidl_typesupport_c/ros2_unitree_legged_msgs/msg/bms_state__type_support.cpp.o[0m
[38.200s] [ 53%] [32mBuilding CXX object CMakeFiles/ros2_unitree_legged_msgs__rosidl_typesupport_c.dir/rosidl_typesupport_c/ros2_unitree_legged_msgs/msg/cartesian__type_support.cpp.o[0m
[38.310s] [ 54%] [32mBuilding CXX object CMakeFiles/ros2_unitree_legged_msgs__rosidl_typesupport_c.dir/rosidl_typesupport_c/ros2_unitree_legged_msgs/msg/imu__type_support.cpp.o[0m
[38.379s] [ 55%] [32mBuilding CXX object CMakeFiles/ros2_unitree_legged_msgs__rosidl_typesupport_c.dir/rosidl_typesupport_c/ros2_unitree_legged_msgs/msg/led__type_support.cpp.o[0m
[38.428s] [ 56%] [32mBuilding CXX object CMakeFiles/ros2_unitree_legged_msgs__rosidl_typesupport_c.dir/rosidl_typesupport_c/ros2_unitree_legged_msgs/msg/low_cmd__type_support.cpp.o[0m
[38.477s] [ 57%] [32mBuilding CXX object CMakeFiles/ros2_unitree_legged_msgs__rosidl_typesupport_c.dir/rosidl_typesupport_c/ros2_unitree_legged_msgs/msg/low_state__type_support.cpp.o[0m
[38.522s] [ 58%] [32mBuilding CXX object CMakeFiles/ros2_unitree_legged_msgs__rosidl_typesupport_c.dir/rosidl_typesupport_c/ros2_unitree_legged_msgs/msg/high_cmd__type_support.cpp.o[0m
[38.567s] [ 59%] [32mBuilding CXX object CMakeFiles/ros2_unitree_legged_msgs__rosidl_typesupport_c.dir/rosidl_typesupport_c/ros2_unitree_legged_msgs/msg/high_state__type_support.cpp.o[0m
[38.616s] [ 60%] [32m[1mLinking CXX shared library libros2_unitree_legged_msgs__rosidl_typesupport_c.so[0m
[38.713s] [ 60%] Built target ros2_unitree_legged_msgs__rosidl_typesupport_c
[38.730s] [ 60%] [34m[1mGenerating C++ type support for eProsima Fast-RTPS[0m
[40.596s] [ 61%] [32mBuilding CXX object CMakeFiles/ros2_unitree_legged_msgs__rosidl_typesupport_fastrtps_cpp.dir/rosidl_typesupport_fastrtps_cpp/ros2_unitree_legged_msgs/msg/detail/dds_fastrtps/motor_cmd__type_support.cpp.o[0m
[41.168s] [ 62%] [32mBuilding CXX object CMakeFiles/ros2_unitree_legged_msgs__rosidl_typesupport_fastrtps_cpp.dir/rosidl_typesupport_fastrtps_cpp/ros2_unitree_legged_msgs/msg/detail/dds_fastrtps/motor_state__type_support.cpp.o[0m
[41.992s] [ 63%] [32mBuilding CXX object CMakeFiles/ros2_unitree_legged_msgs__rosidl_typesupport_fastrtps_cpp.dir/rosidl_typesupport_fastrtps_cpp/ros2_unitree_legged_msgs/msg/detail/dds_fastrtps/bms_cmd__type_support.cpp.o[0m
[42.971s] [ 64%] [32mBuilding CXX object CMakeFiles/ros2_unitree_legged_msgs__rosidl_typesupport_fastrtps_cpp.dir/rosidl_typesupport_fastrtps_cpp/ros2_unitree_legged_msgs/msg/detail/dds_fastrtps/bms_state__type_support.cpp.o[0m
[43.712s] [ 65%] [32mBuilding CXX object CMakeFiles/ros2_unitree_legged_msgs__rosidl_typesupport_fastrtps_cpp.dir/rosidl_typesupport_fastrtps_cpp/ros2_unitree_legged_msgs/msg/detail/dds_fastrtps/cartesian__type_support.cpp.o[0m
[44.374s] [ 66%] [32mBuilding CXX object CMakeFiles/ros2_unitree_legged_msgs__rosidl_typesupport_fastrtps_cpp.dir/rosidl_typesupport_fastrtps_cpp/ros2_unitree_legged_msgs/msg/detail/dds_fastrtps/imu__type_support.cpp.o[0m
[45.716s] [ 67%] [32mBuilding CXX object CMakeFiles/ros2_unitree_legged_msgs__rosidl_typesupport_fastrtps_cpp.dir/rosidl_typesupport_fastrtps_cpp/ros2_unitree_legged_msgs/msg/detail/dds_fastrtps/led__type_support.cpp.o[0m
[46.722s] [ 68%] [32mBuilding CXX object CMakeFiles/ros2_unitree_legged_msgs__rosidl_typesupport_fastrtps_cpp.dir/rosidl_typesupport_fastrtps_cpp/ros2_unitree_legged_msgs/msg/detail/dds_fastrtps/low_cmd__type_support.cpp.o[0m
[47.561s] [ 69%] [32mBuilding CXX object CMakeFiles/ros2_unitree_legged_msgs__rosidl_typesupport_fastrtps_cpp.dir/rosidl_typesupport_fastrtps_cpp/ros2_unitree_legged_msgs/msg/detail/dds_fastrtps/low_state__type_support.cpp.o[0m
[48.370s] [ 69%] [32mBuilding CXX object CMakeFiles/ros2_unitree_legged_msgs__rosidl_typesupport_fastrtps_cpp.dir/rosidl_typesupport_fastrtps_cpp/ros2_unitree_legged_msgs/msg/detail/dds_fastrtps/high_cmd__type_support.cpp.o[0m
[49.419s] [ 70%] [32mBuilding CXX object CMakeFiles/ros2_unitree_legged_msgs__rosidl_typesupport_fastrtps_cpp.dir/rosidl_typesupport_fastrtps_cpp/ros2_unitree_legged_msgs/msg/detail/dds_fastrtps/high_state__type_support.cpp.o[0m
[50.403s] [ 71%] [32m[1mLinking CXX shared library libros2_unitree_legged_msgs__rosidl_typesupport_fastrtps_cpp.so[0m
[50.555s] [ 71%] Built target ros2_unitree_legged_msgs__rosidl_typesupport_fastrtps_cpp
[50.577s] [ 72%] [34m[1mGenerating C++ introspection for ROS interfaces[0m
[52.306s] [ 73%] [32mBuilding CXX object CMakeFiles/ros2_unitree_legged_msgs__rosidl_typesupport_introspection_cpp.dir/rosidl_typesupport_introspection_cpp/ros2_unitree_legged_msgs/msg/detail/motor_cmd__type_support.cpp.o[0m
[52.877s] [ 73%] [32mBuilding CXX object CMakeFiles/ros2_unitree_legged_msgs__rosidl_typesupport_introspection_cpp.dir/rosidl_typesupport_introspection_cpp/ros2_unitree_legged_msgs/msg/detail/motor_state__type_support.cpp.o[0m
[53.470s] [ 74%] [32mBuilding CXX object CMakeFiles/ros2_unitree_legged_msgs__rosidl_typesupport_introspection_cpp.dir/rosidl_typesupport_introspection_cpp/ros2_unitree_legged_msgs/msg/detail/bms_cmd__type_support.cpp.o[0m
[54.155s] [ 75%] [32mBuilding CXX object CMakeFiles/ros2_unitree_legged_msgs__rosidl_typesupport_introspection_cpp.dir/rosidl_typesupport_introspection_cpp/ros2_unitree_legged_msgs/msg/detail/bms_state__type_support.cpp.o[0m
[54.786s] [ 76%] [32mBuilding CXX object CMakeFiles/ros2_unitree_legged_msgs__rosidl_typesupport_introspection_cpp.dir/rosidl_typesupport_introspection_cpp/ros2_unitree_legged_msgs/msg/detail/cartesian__type_support.cpp.o[0m
[55.284s] [ 77%] [32mBuilding CXX object CMakeFiles/ros2_unitree_legged_msgs__rosidl_typesupport_introspection_cpp.dir/rosidl_typesupport_introspection_cpp/ros2_unitree_legged_msgs/msg/detail/imu__type_support.cpp.o[0m
[55.855s] [ 78%] [32mBuilding CXX object CMakeFiles/ros2_unitree_legged_msgs__rosidl_typesupport_introspection_cpp.dir/rosidl_typesupport_introspection_cpp/ros2_unitree_legged_msgs/msg/detail/led__type_support.cpp.o[0m
[56.370s] [ 79%] [32mBuilding CXX object CMakeFiles/ros2_unitree_legged_msgs__rosidl_typesupport_introspection_cpp.dir/rosidl_typesupport_introspection_cpp/ros2_unitree_legged_msgs/msg/detail/low_cmd__type_support.cpp.o[0m
[56.963s] [ 80%] [32mBuilding CXX object CMakeFiles/ros2_unitree_legged_msgs__rosidl_typesupport_introspection_cpp.dir/rosidl_typesupport_introspection_cpp/ros2_unitree_legged_msgs/msg/detail/low_state__type_support.cpp.o[0m
[57.561s] [ 81%] [32mBuilding CXX object CMakeFiles/ros2_unitree_legged_msgs__rosidl_typesupport_introspection_cpp.dir/rosidl_typesupport_introspection_cpp/ros2_unitree_legged_msgs/msg/detail/high_cmd__type_support.cpp.o[0m
[58.178s] [ 82%] [32mBuilding CXX object CMakeFiles/ros2_unitree_legged_msgs__rosidl_typesupport_introspection_cpp.dir/rosidl_typesupport_introspection_cpp/ros2_unitree_legged_msgs/msg/detail/high_state__type_support.cpp.o[0m
[58.895s] [ 83%] [32m[1mLinking CXX shared library libros2_unitree_legged_msgs__rosidl_typesupport_introspection_cpp.so[0m
[59.035s] [ 83%] Built target ros2_unitree_legged_msgs__rosidl_typesupport_introspection_cpp
[59.543s] running egg_info
[59.571s] creating ros2_unitree_legged_msgs.egg-info
[59.572s] writing ros2_unitree_legged_msgs.egg-info/PKG-INFO
[59.572s] writing dependency_links to ros2_unitree_legged_msgs.egg-info/dependency_links.txt
[59.573s] writing top-level names to ros2_unitree_legged_msgs.egg-info/top_level.txt
[59.582s] writing manifest file 'ros2_unitree_legged_msgs.egg-info/SOURCES.txt'
[59.676s] reading manifest file 'ros2_unitree_legged_msgs.egg-info/SOURCES.txt'
[59.717s] Traceback (most recent call last):
[59.718s]   File "/home/yk/rosros/build/ros2_unitree_legged_msgs/ament_cmake_python/ros2_unitree_legged_msgs/setup.py", line 4, in <module>
[59.718s]     setup(
[59.718s]   File "/home/yk/.local/lib/python3.10/site-packages/setuptools/__init__.py", line 117, in setup
[59.718s]     return distutils.core.setup(**attrs)
[59.718s]   File "/home/yk/.local/lib/python3.10/site-packages/setuptools/_distutils/core.py", line 183, in setup
[59.719s]     return run_commands(dist)
[59.719s]   File "/home/yk/.local/lib/python3.10/site-packages/setuptools/_distutils/core.py", line 199, in run_commands
[59.719s]     dist.run_commands()
[59.719s]   File "/home/yk/.local/lib/python3.10/site-packages/setuptools/_distutils/dist.py", line 954, in run_commands
[59.720s]     self.run_command(cmd)
[59.720s]   File "/home/yk/.local/lib/python3.10/site-packages/setuptools/dist.py", line 999, in run_command
[59.720s]     super().run_command(command)
[59.721s]   File "/home/yk/.local/lib/python3.10/site-packages/setuptools/_distutils/dist.py", line 973, in run_command
[59.721s]     cmd_obj.run()
[59.721s]   File "/home/yk/.local/lib/python3.10/site-packages/setuptools/command/egg_info.py", line 312, in run
[59.722s]     self.find_sources()
[59.722s]   File "/home/yk/.local/lib/python3.10/site-packages/setuptools/command/egg_info.py", line 320, in find_sources
[59.722s]     mm.run()
[59.722s]   File "/home/yk/.local/lib/python3.10/site-packages/setuptools/command/egg_info.py", line 546, in run
[59.723s]     self.prune_file_list()
[59.723s]   File "/home/yk/.local/lib/python3.10/site-packages/setuptools/command/sdist.py", line 162, in prune_file_list
[59.723s]     super().prune_file_list()
[59.723s]   File "/home/yk/.local/lib/python3.10/site-packages/setuptools/_distutils/command/sdist.py", line 380, in prune_file_list
[59.723s]     base_dir = self.distribution.get_fullname()
[59.724s]   File "/home/yk/.local/lib/python3.10/site-packages/setuptools/_core_metadata.py", line 267, in get_fullname
[59.724s]     return _distribution_fullname(self.get_name(), self.get_version())
[59.724s]   File "/home/yk/.local/lib/python3.10/site-packages/setuptools/_core_metadata.py", line 285, in _distribution_fullname
[59.724s]     canonicalize_version(version, strip_trailing_zero=False),
[59.724s] TypeError: canonicalize_version() got an unexpected keyword argument 'strip_trailing_zero'
[59.779s] gmake[2]: *** [CMakeFiles/ament_cmake_python_build_ros2_unitree_legged_msgs_egg.dir/build.make:70: CMakeFiles/ament_cmake_python_build_ros2_unitree_legged_msgs_egg] Error 1
[59.780s] gmake[1]: *** [CMakeFiles/Makefile2:447: CMakeFiles/ament_cmake_python_build_ros2_unitree_legged_msgs_egg.dir/all] Error 2
[59.780s] gmake: *** [Makefile:146: all] Error 2
