[0.141s] Invoking command in '/home/yk/rosros/build/go1_description': CMAKE_PREFIX_PATH=${CMAKE_PREFIX_PATH}:/home/yk/rosros/install/go1_navigation:/opt/ros/humble /usr/bin/cmake --build /home/yk/rosros/build/go1_description -- -j2 -l2
[0.649s] Invoked command in '/home/yk/rosros/build/go1_description' returned '0': CMAKE_PREFIX_PATH=${CMAKE_PREFIX_PATH}:/home/yk/rosros/install/go1_navigation:/opt/ros/humble /usr/bin/cmake --build /home/yk/rosros/build/go1_description -- -j2 -l2
[1.137s] Invoking command in '/home/yk/rosros/build/go1_description': CMAKE_PREFIX_PATH=${CMAKE_PREFIX_PATH}:/home/yk/rosros/install/go1_navigation:/opt/ros/humble /usr/bin/cmake --install /home/yk/rosros/build/go1_description
[1.291s] -- Install configuration: ""
[1.298s] -- Up-to-date: /home/yk/rosros/install/go1_description/share/go1_description//config
[1.301s] -- Up-to-date: /home/yk/rosros/install/go1_description/share/go1_description//config/jtc.yaml
[1.307s] -- Up-to-date: /home/yk/rosros/install/go1_description/share/go1_description//launch
[1.307s] -- Up-to-date: /home/yk/rosros/install/go1_description/share/go1_description//launch/go1_visualize.launch.py
[1.308s] -- Up-to-date: /home/yk/rosros/install/go1_description/share/go1_description//meshes
[1.308s] -- Up-to-date: /home/yk/rosros/install/go1_description/share/go1_description//meshes/depthCamera.dae
[1.308s] -- Up-to-date: /home/yk/rosros/install/go1_description/share/go1_description//meshes/calf.dae
[1.308s] -- Up-to-date: /home/yk/rosros/install/go1_description/share/go1_description//meshes/ultraSound.dae
[1.308s] -- Up-to-date: /home/yk/rosros/install/go1_description/share/go1_description//meshes/thigh_mirror.dae
[1.308s] -- Up-to-date: /home/yk/rosros/install/go1_description/share/go1_description//meshes/hip.dae
[1.308s] -- Up-to-date: /home/yk/rosros/install/go1_description/share/go1_description//meshes/trunk.dae
[1.308s] -- Up-to-date: /home/yk/rosros/install/go1_description/share/go1_description//meshes/thigh.dae
[1.330s] -- Up-to-date: /home/yk/rosros/install/go1_description/share/go1_description//rviz
[1.331s] -- Up-to-date: /home/yk/rosros/install/go1_description/share/go1_description//rviz/go1_vis.rviz
[1.331s] -- Up-to-date: /home/yk/rosros/install/go1_description/share/go1_description//urdf
[1.331s] -- Up-to-date: /home/yk/rosros/install/go1_description/share/go1_description//urdf/go1.urdf
[1.334s] -- Up-to-date: /home/yk/rosros/install/go1_description/share/go1_description//xacro
[1.334s] -- Up-to-date: /home/yk/rosros/install/go1_description/share/go1_description//xacro/const.xacro
[1.334s] -- Up-to-date: /home/yk/rosros/install/go1_description/share/go1_description//xacro/materials.xacro
[1.334s] -- Up-to-date: /home/yk/rosros/install/go1_description/share/go1_description//xacro/gazebo.xacro
[1.338s] -- Up-to-date: /home/yk/rosros/install/go1_description/share/go1_description//xacro/lidar.xacro
[1.339s] -- Up-to-date: /home/yk/rosros/install/go1_description/share/go1_description//xacro/leg.xacro
[1.339s] -- Up-to-date: /home/yk/rosros/install/go1_description/share/go1_description//xacro/depthCamera.xacro
[1.339s] -- Up-to-date: /home/yk/rosros/install/go1_description/share/go1_description//xacro/ultraSound.xacro
[1.339s] -- Up-to-date: /home/yk/rosros/install/go1_description/share/go1_description//xacro/robot.xacro
[1.353s] -- Up-to-date: /home/yk/rosros/install/go1_description/share/go1_description//xacro/ros2_control.xacro
[1.354s] -- Up-to-date: /home/yk/rosros/install/go1_description/share/go1_description//xacro/transmission.xacro
[1.360s] -- Up-to-date: /home/yk/rosros/install/go1_description/share/ament_index/resource_index/package_run_dependencies/go1_description
[1.364s] -- Up-to-date: /home/yk/rosros/install/go1_description/share/ament_index/resource_index/parent_prefix_path/go1_description
[1.364s] -- Up-to-date: /home/yk/rosros/install/go1_description/share/go1_description/environment/ament_prefix_path.sh
[1.366s] -- Up-to-date: /home/yk/rosros/install/go1_description/share/go1_description/environment/ament_prefix_path.dsv
[1.366s] -- Up-to-date: /home/yk/rosros/install/go1_description/share/go1_description/environment/path.sh
[1.367s] -- Up-to-date: /home/yk/rosros/install/go1_description/share/go1_description/environment/path.dsv
[1.367s] -- Up-to-date: /home/yk/rosros/install/go1_description/share/go1_description/local_setup.bash
[1.367s] -- Up-to-date: /home/yk/rosros/install/go1_description/share/go1_description/local_setup.sh
[1.367s] -- Up-to-date: /home/yk/rosros/install/go1_description/share/go1_description/local_setup.zsh
[1.367s] -- Up-to-date: /home/yk/rosros/install/go1_description/share/go1_description/local_setup.dsv
[1.367s] -- Installing: /home/yk/rosros/install/go1_description/share/go1_description/package.dsv
[1.368s] -- Up-to-date: /home/yk/rosros/install/go1_description/share/ament_index/resource_index/packages/go1_description
[1.368s] -- Up-to-date: /home/yk/rosros/install/go1_description/share/go1_description/cmake/go1_descriptionConfig.cmake
[1.368s] -- Up-to-date: /home/yk/rosros/install/go1_description/share/go1_description/cmake/go1_descriptionConfig-version.cmake
[1.375s] -- Up-to-date: /home/yk/rosros/install/go1_description/share/go1_description/package.xml
[1.385s] Invoked command in '/home/yk/rosros/build/go1_description' returned '0': CMAKE_PREFIX_PATH=${CMAKE_PREFIX_PATH}:/home/yk/rosros/install/go1_navigation:/opt/ros/humble /usr/bin/cmake --install /home/yk/rosros/build/go1_description
