[0.275s] DEBUG:colcon:Command line arguments: ['/usr/bin/colcon', 'build']
[0.275s] DEBUG:colcon:Parsed command line arguments: Namespace(log_base=None, log_level=None, verb_name='build', build_base='build', install_base='install', merge_install=False, symlink_install=False, test_result_base=None, continue_on_error=False, executor='parallel', parallel_workers=2, event_handlers=None, ignore_user_meta=False, metas=['./colcon.meta'], base_paths=['.'], packages_ignore=None, packages_ignore_regex=None, paths=None, packages_up_to=None, packages_up_to_regex=None, packages_above=None, packages_above_and_dependencies=None, packages_above_depth=None, packages_select_by_dep=None, packages_skip_by_dep=None, packages_skip_up_to=None, packages_select_build_failed=False, packages_skip_build_finished=False, packages_select_test_failures=False, packages_skip_test_passed=False, packages_select=None, packages_skip=None, packages_select_regex=None, packages_skip_regex=None, packages_start=None, packages_end=None, allow_overriding=[], cmake_args=None, cmake_target=None, cmake_target_skip_unavailable=False, cmake_clean_cache=False, cmake_clean_first=False, cmake_force_configure=False, ament_cmake_args=None, catkin_cmake_args=None, catkin_skip_building_tests=False, verb_parser=<colcon_defaults.argument_parser.defaults.DefaultArgumentsDecorator object at 0x77100f7e9060>, verb_extension=<colcon_core.verb.build.BuildVerb object at 0x77100f956680>, main=<bound method BuildVerb.main of <colcon_core.verb.build.BuildVerb object at 0x77100f956680>>)
[0.353s] Level 1:colcon.colcon_core.package_discovery:discover_packages(colcon_meta) check parameters
[0.353s] Level 1:colcon.colcon_core.package_discovery:discover_packages(recursive) check parameters
[0.353s] Level 1:colcon.colcon_core.package_discovery:discover_packages(ignore) check parameters
[0.354s] Level 1:colcon.colcon_core.package_discovery:discover_packages(path) check parameters
[0.354s] Level 1:colcon.colcon_core.package_discovery:discover_packages(colcon_meta) discover
[0.354s] Level 1:colcon.colcon_core.package_discovery:discover_packages(recursive) discover
[0.354s] INFO:colcon.colcon_core.package_discovery:Crawling recursively for packages in '/home/yk/rosros'
[0.354s] Level 1:colcon.colcon_core.package_identification:_identify(.) by extensions ['ignore', 'ignore_ament_install']
[0.354s] Level 1:colcon.colcon_core.package_identification:_identify(.) by extension 'ignore'
[0.354s] Level 1:colcon.colcon_core.package_identification:_identify(.) by extension 'ignore_ament_install'
[0.354s] Level 1:colcon.colcon_core.package_identification:_identify(.) by extensions ['colcon_pkg']
[0.354s] Level 1:colcon.colcon_core.package_identification:_identify(.) by extension 'colcon_pkg'
[0.354s] Level 1:colcon.colcon_core.package_identification:_identify(.) by extensions ['colcon_meta']
[0.354s] Level 1:colcon.colcon_core.package_identification:_identify(.) by extension 'colcon_meta'
[0.354s] Level 1:colcon.colcon_core.package_identification:_identify(.) by extensions ['ros']
[0.355s] Level 1:colcon.colcon_core.package_identification:_identify(.) by extension 'ros'
[0.363s] Level 1:colcon.colcon_core.package_identification:_identify(.) by extensions ['cmake', 'python']
[0.363s] Level 1:colcon.colcon_core.package_identification:_identify(.) by extension 'cmake'
[0.363s] Level 1:colcon.colcon_core.package_identification:_identify(.) by extension 'python'
[0.363s] Level 1:colcon.colcon_core.package_identification:_identify(.) by extensions ['python_setup_py']
[0.363s] Level 1:colcon.colcon_core.package_identification:_identify(.) by extension 'python_setup_py'
[0.363s] Level 1:colcon.colcon_core.package_identification:_identify(build) by extensions ['ignore', 'ignore_ament_install']
[0.363s] Level 1:colcon.colcon_core.package_identification:_identify(build) by extension 'ignore'
[0.363s] Level 1:colcon.colcon_core.package_identification:_identify(build) ignored
[0.364s] Level 1:colcon.colcon_core.package_identification:_identify(install) by extensions ['ignore', 'ignore_ament_install']
[0.364s] Level 1:colcon.colcon_core.package_identification:_identify(install) by extension 'ignore'
[0.364s] Level 1:colcon.colcon_core.package_identification:_identify(install) ignored
[0.364s] Level 1:colcon.colcon_core.package_identification:_identify(log) by extensions ['ignore', 'ignore_ament_install']
[0.364s] Level 1:colcon.colcon_core.package_identification:_identify(log) by extension 'ignore'
[0.364s] Level 1:colcon.colcon_core.package_identification:_identify(log) ignored
[0.364s] Level 1:colcon.colcon_core.package_identification:_identify(src) by extensions ['ignore', 'ignore_ament_install']
[0.364s] Level 1:colcon.colcon_core.package_identification:_identify(src) by extension 'ignore'
[0.364s] Level 1:colcon.colcon_core.package_identification:_identify(src) by extension 'ignore_ament_install'
[0.364s] Level 1:colcon.colcon_core.package_identification:_identify(src) by extensions ['colcon_pkg']
[0.364s] Level 1:colcon.colcon_core.package_identification:_identify(src) by extension 'colcon_pkg'
[0.364s] Level 1:colcon.colcon_core.package_identification:_identify(src) by extensions ['colcon_meta']
[0.364s] Level 1:colcon.colcon_core.package_identification:_identify(src) by extension 'colcon_meta'
[0.364s] Level 1:colcon.colcon_core.package_identification:_identify(src) by extensions ['ros']
[0.364s] Level 1:colcon.colcon_core.package_identification:_identify(src) by extension 'ros'
[0.364s] Level 1:colcon.colcon_core.package_identification:_identify(src) by extensions ['cmake', 'python']
[0.364s] Level 1:colcon.colcon_core.package_identification:_identify(src) by extension 'cmake'
[0.364s] Level 1:colcon.colcon_core.package_identification:_identify(src) by extension 'python'
[0.364s] Level 1:colcon.colcon_core.package_identification:_identify(src) by extensions ['python_setup_py']
[0.365s] Level 1:colcon.colcon_core.package_identification:_identify(src) by extension 'python_setup_py'
[0.365s] Level 1:colcon.colcon_core.package_identification:_identify(src/unitree_ros2_sim) by extensions ['ignore', 'ignore_ament_install']
[0.365s] Level 1:colcon.colcon_core.package_identification:_identify(src/unitree_ros2_sim) by extension 'ignore'
[0.366s] Level 1:colcon.colcon_core.package_identification:_identify(src/unitree_ros2_sim) by extension 'ignore_ament_install'
[0.366s] Level 1:colcon.colcon_core.package_identification:_identify(src/unitree_ros2_sim) by extensions ['colcon_pkg']
[0.366s] Level 1:colcon.colcon_core.package_identification:_identify(src/unitree_ros2_sim) by extension 'colcon_pkg'
[0.366s] Level 1:colcon.colcon_core.package_identification:_identify(src/unitree_ros2_sim) by extensions ['colcon_meta']
[0.366s] Level 1:colcon.colcon_core.package_identification:_identify(src/unitree_ros2_sim) by extension 'colcon_meta'
[0.366s] Level 1:colcon.colcon_core.package_identification:_identify(src/unitree_ros2_sim) by extensions ['ros']
[0.366s] Level 1:colcon.colcon_core.package_identification:_identify(src/unitree_ros2_sim) by extension 'ros'
[0.366s] Level 1:colcon.colcon_core.package_identification:_identify(src/unitree_ros2_sim) by extensions ['cmake', 'python']
[0.366s] Level 1:colcon.colcon_core.package_identification:_identify(src/unitree_ros2_sim) by extension 'cmake'
[0.366s] Level 1:colcon.colcon_core.package_identification:_identify(src/unitree_ros2_sim) by extension 'python'
[0.366s] Level 1:colcon.colcon_core.package_identification:_identify(src/unitree_ros2_sim) by extensions ['python_setup_py']
[0.366s] Level 1:colcon.colcon_core.package_identification:_identify(src/unitree_ros2_sim) by extension 'python_setup_py'
[0.367s] Level 1:colcon.colcon_core.package_identification:_identify(src/unitree_ros2_sim/go1_sim) by extensions ['ignore', 'ignore_ament_install']
[0.367s] Level 1:colcon.colcon_core.package_identification:_identify(src/unitree_ros2_sim/go1_sim) by extension 'ignore'
[0.367s] Level 1:colcon.colcon_core.package_identification:_identify(src/unitree_ros2_sim/go1_sim) by extension 'ignore_ament_install'
[0.367s] Level 1:colcon.colcon_core.package_identification:_identify(src/unitree_ros2_sim/go1_sim) by extensions ['colcon_pkg']
[0.367s] Level 1:colcon.colcon_core.package_identification:_identify(src/unitree_ros2_sim/go1_sim) by extension 'colcon_pkg'
[0.367s] Level 1:colcon.colcon_core.package_identification:_identify(src/unitree_ros2_sim/go1_sim) by extensions ['colcon_meta']
[0.367s] Level 1:colcon.colcon_core.package_identification:_identify(src/unitree_ros2_sim/go1_sim) by extension 'colcon_meta'
[0.367s] Level 1:colcon.colcon_core.package_identification:_identify(src/unitree_ros2_sim/go1_sim) by extensions ['ros']
[0.367s] Level 1:colcon.colcon_core.package_identification:_identify(src/unitree_ros2_sim/go1_sim) by extension 'ros'
[0.367s] Level 1:colcon.colcon_core.package_identification:_identify(src/unitree_ros2_sim/go1_sim) by extensions ['cmake', 'python']
[0.367s] Level 1:colcon.colcon_core.package_identification:_identify(src/unitree_ros2_sim/go1_sim) by extension 'cmake'
[0.367s] Level 1:colcon.colcon_core.package_identification:_identify(src/unitree_ros2_sim/go1_sim) by extension 'python'
[0.367s] Level 1:colcon.colcon_core.package_identification:_identify(src/unitree_ros2_sim/go1_sim) by extensions ['python_setup_py']
[0.367s] Level 1:colcon.colcon_core.package_identification:_identify(src/unitree_ros2_sim/go1_sim) by extension 'python_setup_py'
[0.368s] Level 1:colcon.colcon_core.package_identification:_identify(src/unitree_ros2_sim/go1_sim/go1_description) by extensions ['ignore', 'ignore_ament_install']
[0.368s] Level 1:colcon.colcon_core.package_identification:_identify(src/unitree_ros2_sim/go1_sim/go1_description) by extension 'ignore'
[0.368s] Level 1:colcon.colcon_core.package_identification:_identify(src/unitree_ros2_sim/go1_sim/go1_description) by extension 'ignore_ament_install'
[0.368s] Level 1:colcon.colcon_core.package_identification:_identify(src/unitree_ros2_sim/go1_sim/go1_description) by extensions ['colcon_pkg']
[0.368s] Level 1:colcon.colcon_core.package_identification:_identify(src/unitree_ros2_sim/go1_sim/go1_description) by extension 'colcon_pkg'
[0.368s] Level 1:colcon.colcon_core.package_identification:_identify(src/unitree_ros2_sim/go1_sim/go1_description) by extensions ['colcon_meta']
[0.368s] Level 1:colcon.colcon_core.package_identification:_identify(src/unitree_ros2_sim/go1_sim/go1_description) by extension 'colcon_meta'
[0.368s] Level 1:colcon.colcon_core.package_identification:_identify(src/unitree_ros2_sim/go1_sim/go1_description) by extensions ['ros']
[0.368s] Level 1:colcon.colcon_core.package_identification:_identify(src/unitree_ros2_sim/go1_sim/go1_description) by extension 'ros'
[0.371s] DEBUG:colcon.colcon_core.package_identification:Package 'src/unitree_ros2_sim/go1_sim/go1_description' with type 'ros.ament_cmake' and name 'go1_description'
[0.372s] Level 1:colcon.colcon_core.package_identification:_identify(src/unitree_ros2_sim/go1_sim/go1_gazebo) by extensions ['ignore', 'ignore_ament_install']
[0.372s] Level 1:colcon.colcon_core.package_identification:_identify(src/unitree_ros2_sim/go1_sim/go1_gazebo) by extension 'ignore'
[0.372s] Level 1:colcon.colcon_core.package_identification:_identify(src/unitree_ros2_sim/go1_sim/go1_gazebo) by extension 'ignore_ament_install'
[0.372s] Level 1:colcon.colcon_core.package_identification:_identify(src/unitree_ros2_sim/go1_sim/go1_gazebo) by extensions ['colcon_pkg']
[0.372s] Level 1:colcon.colcon_core.package_identification:_identify(src/unitree_ros2_sim/go1_sim/go1_gazebo) by extension 'colcon_pkg'
[0.372s] Level 1:colcon.colcon_core.package_identification:_identify(src/unitree_ros2_sim/go1_sim/go1_gazebo) by extensions ['colcon_meta']
[0.372s] Level 1:colcon.colcon_core.package_identification:_identify(src/unitree_ros2_sim/go1_sim/go1_gazebo) by extension 'colcon_meta'
[0.372s] Level 1:colcon.colcon_core.package_identification:_identify(src/unitree_ros2_sim/go1_sim/go1_gazebo) by extensions ['ros']
[0.372s] Level 1:colcon.colcon_core.package_identification:_identify(src/unitree_ros2_sim/go1_sim/go1_gazebo) by extension 'ros'
[0.373s] DEBUG:colcon.colcon_core.package_identification:Package 'src/unitree_ros2_sim/go1_sim/go1_gazebo' with type 'ros.ament_cmake' and name 'go1_gazebo'
[0.374s] Level 1:colcon.colcon_core.package_identification:_identify(src/unitree_ros2_sim/go1_sim/go1_navigation) by extensions ['ignore', 'ignore_ament_install']
[0.374s] Level 1:colcon.colcon_core.package_identification:_identify(src/unitree_ros2_sim/go1_sim/go1_navigation) by extension 'ignore'
[0.374s] Level 1:colcon.colcon_core.package_identification:_identify(src/unitree_ros2_sim/go1_sim/go1_navigation) by extension 'ignore_ament_install'
[0.374s] Level 1:colcon.colcon_core.package_identification:_identify(src/unitree_ros2_sim/go1_sim/go1_navigation) by extensions ['colcon_pkg']
[0.374s] Level 1:colcon.colcon_core.package_identification:_identify(src/unitree_ros2_sim/go1_sim/go1_navigation) by extension 'colcon_pkg'
[0.374s] Level 1:colcon.colcon_core.package_identification:_identify(src/unitree_ros2_sim/go1_sim/go1_navigation) by extensions ['colcon_meta']
[0.374s] Level 1:colcon.colcon_core.package_identification:_identify(src/unitree_ros2_sim/go1_sim/go1_navigation) by extension 'colcon_meta'
[0.374s] Level 1:colcon.colcon_core.package_identification:_identify(src/unitree_ros2_sim/go1_sim/go1_navigation) by extensions ['ros']
[0.374s] Level 1:colcon.colcon_core.package_identification:_identify(src/unitree_ros2_sim/go1_sim/go1_navigation) by extension 'ros'
[0.376s] DEBUG:colcon.colcon_core.package_identification:Package 'src/unitree_ros2_sim/go1_sim/go1_navigation' with type 'ros.ament_python' and name 'go1_navigation'
[0.376s] Level 1:colcon.colcon_core.package_identification:_identify(src/unitree_ros2_sim/ros2_unitree_legged_controller) by extensions ['ignore', 'ignore_ament_install']
[0.376s] Level 1:colcon.colcon_core.package_identification:_identify(src/unitree_ros2_sim/ros2_unitree_legged_controller) by extension 'ignore'
[0.376s] Level 1:colcon.colcon_core.package_identification:_identify(src/unitree_ros2_sim/ros2_unitree_legged_controller) by extension 'ignore_ament_install'
[0.376s] Level 1:colcon.colcon_core.package_identification:_identify(src/unitree_ros2_sim/ros2_unitree_legged_controller) by extensions ['colcon_pkg']
[0.376s] Level 1:colcon.colcon_core.package_identification:_identify(src/unitree_ros2_sim/ros2_unitree_legged_controller) by extension 'colcon_pkg'
[0.376s] Level 1:colcon.colcon_core.package_identification:_identify(src/unitree_ros2_sim/ros2_unitree_legged_controller) by extensions ['colcon_meta']
[0.376s] Level 1:colcon.colcon_core.package_identification:_identify(src/unitree_ros2_sim/ros2_unitree_legged_controller) by extension 'colcon_meta'
[0.377s] Level 1:colcon.colcon_core.package_identification:_identify(src/unitree_ros2_sim/ros2_unitree_legged_controller) by extensions ['ros']
[0.377s] Level 1:colcon.colcon_core.package_identification:_identify(src/unitree_ros2_sim/ros2_unitree_legged_controller) by extension 'ros'
[0.378s] DEBUG:colcon.colcon_core.package_identification:Package 'src/unitree_ros2_sim/ros2_unitree_legged_controller' with type 'ros.ament_cmake' and name 'ros2_unitree_legged_control'
[0.379s] Level 1:colcon.colcon_core.package_identification:_identify(src/unitree_ros2_sim/ros2_unitree_legged_msgs) by extensions ['ignore', 'ignore_ament_install']
[0.379s] Level 1:colcon.colcon_core.package_identification:_identify(src/unitree_ros2_sim/ros2_unitree_legged_msgs) by extension 'ignore'
[0.379s] Level 1:colcon.colcon_core.package_identification:_identify(src/unitree_ros2_sim/ros2_unitree_legged_msgs) by extension 'ignore_ament_install'
[0.379s] Level 1:colcon.colcon_core.package_identification:_identify(src/unitree_ros2_sim/ros2_unitree_legged_msgs) by extensions ['colcon_pkg']
[0.379s] Level 1:colcon.colcon_core.package_identification:_identify(src/unitree_ros2_sim/ros2_unitree_legged_msgs) by extension 'colcon_pkg'
[0.379s] Level 1:colcon.colcon_core.package_identification:_identify(src/unitree_ros2_sim/ros2_unitree_legged_msgs) by extensions ['colcon_meta']
[0.379s] Level 1:colcon.colcon_core.package_identification:_identify(src/unitree_ros2_sim/ros2_unitree_legged_msgs) by extension 'colcon_meta'
[0.379s] Level 1:colcon.colcon_core.package_identification:_identify(src/unitree_ros2_sim/ros2_unitree_legged_msgs) by extensions ['ros']
[0.379s] Level 1:colcon.colcon_core.package_identification:_identify(src/unitree_ros2_sim/ros2_unitree_legged_msgs) by extension 'ros'
[0.380s] DEBUG:colcon.colcon_core.package_identification:Package 'src/unitree_ros2_sim/ros2_unitree_legged_msgs' with type 'ros.ament_cmake' and name 'ros2_unitree_legged_msgs'
[0.381s] Level 1:colcon.colcon_core.package_identification:_identify(src/unitree_ros2_sim/unitree_guide2) by extensions ['ignore', 'ignore_ament_install']
[0.381s] Level 1:colcon.colcon_core.package_identification:_identify(src/unitree_ros2_sim/unitree_guide2) by extension 'ignore'
[0.381s] Level 1:colcon.colcon_core.package_identification:_identify(src/unitree_ros2_sim/unitree_guide2) by extension 'ignore_ament_install'
[0.381s] Level 1:colcon.colcon_core.package_identification:_identify(src/unitree_ros2_sim/unitree_guide2) by extensions ['colcon_pkg']
[0.381s] Level 1:colcon.colcon_core.package_identification:_identify(src/unitree_ros2_sim/unitree_guide2) by extension 'colcon_pkg'
[0.381s] Level 1:colcon.colcon_core.package_identification:_identify(src/unitree_ros2_sim/unitree_guide2) by extensions ['colcon_meta']
[0.381s] Level 1:colcon.colcon_core.package_identification:_identify(src/unitree_ros2_sim/unitree_guide2) by extension 'colcon_meta'
[0.381s] Level 1:colcon.colcon_core.package_identification:_identify(src/unitree_ros2_sim/unitree_guide2) by extensions ['ros']
[0.381s] Level 1:colcon.colcon_core.package_identification:_identify(src/unitree_ros2_sim/unitree_guide2) by extension 'ros'
[0.382s] DEBUG:colcon.colcon_core.package_identification:Package 'src/unitree_ros2_sim/unitree_guide2' with type 'ros.ament_cmake' and name 'unitree_guide2'
[0.382s] Level 1:colcon.colcon_core.package_discovery:discover_packages(recursive) using defaults
[0.382s] Level 1:colcon.colcon_core.package_discovery:discover_packages(ignore) discover
[0.382s] Level 1:colcon.colcon_core.package_discovery:discover_packages(ignore) using defaults
[0.382s] Level 1:colcon.colcon_core.package_discovery:discover_packages(path) discover
[0.382s] Level 1:colcon.colcon_core.package_discovery:discover_packages(path) using defaults
[0.421s] Level 1:colcon.colcon_core.package_discovery:discover_packages(prefix_path) check parameters
[0.421s] Level 1:colcon.colcon_core.package_discovery:discover_packages(prefix_path) discover
[0.429s] DEBUG:colcon.colcon_installed_package_information.package_discovery:Found 386 installed packages in /opt/ros/humble
[0.431s] Level 1:colcon.colcon_core.package_discovery:discover_packages(prefix_path) using defaults
[0.637s] Level 5:colcon.colcon_core.verb:set package 'go1_description' build argument 'cmake_args' from command line to 'None'
[0.637s] Level 5:colcon.colcon_core.verb:set package 'go1_description' build argument 'cmake_target' from command line to 'None'
[0.637s] Level 5:colcon.colcon_core.verb:set package 'go1_description' build argument 'cmake_target_skip_unavailable' from command line to 'False'
[0.637s] Level 5:colcon.colcon_core.verb:set package 'go1_description' build argument 'cmake_clean_cache' from command line to 'False'
[0.637s] Level 5:colcon.colcon_core.verb:set package 'go1_description' build argument 'cmake_clean_first' from command line to 'False'
[0.637s] Level 5:colcon.colcon_core.verb:set package 'go1_description' build argument 'cmake_force_configure' from command line to 'False'
[0.637s] Level 5:colcon.colcon_core.verb:set package 'go1_description' build argument 'ament_cmake_args' from command line to 'None'
[0.637s] Level 5:colcon.colcon_core.verb:set package 'go1_description' build argument 'catkin_cmake_args' from command line to 'None'
[0.637s] Level 5:colcon.colcon_core.verb:set package 'go1_description' build argument 'catkin_skip_building_tests' from command line to 'False'
[0.637s] DEBUG:colcon.colcon_core.verb:Building package 'go1_description' with the following arguments: {'ament_cmake_args': None, 'build_base': '/home/yk/rosros/build/go1_description', 'catkin_cmake_args': None, 'catkin_skip_building_tests': False, 'cmake_args': None, 'cmake_clean_cache': False, 'cmake_clean_first': False, 'cmake_force_configure': False, 'cmake_target': None, 'cmake_target_skip_unavailable': False, 'install_base': '/home/yk/rosros/install/go1_description', 'merge_install': False, 'path': '/home/yk/rosros/src/unitree_ros2_sim/go1_sim/go1_description', 'symlink_install': False, 'test_result_base': None}
[0.637s] Level 5:colcon.colcon_core.verb:set package 'go1_gazebo' build argument 'cmake_args' from command line to 'None'
[0.637s] Level 5:colcon.colcon_core.verb:set package 'go1_gazebo' build argument 'cmake_target' from command line to 'None'
[0.637s] Level 5:colcon.colcon_core.verb:set package 'go1_gazebo' build argument 'cmake_target_skip_unavailable' from command line to 'False'
[0.638s] Level 5:colcon.colcon_core.verb:set package 'go1_gazebo' build argument 'cmake_clean_cache' from command line to 'False'
[0.638s] Level 5:colcon.colcon_core.verb:set package 'go1_gazebo' build argument 'cmake_clean_first' from command line to 'False'
[0.638s] Level 5:colcon.colcon_core.verb:set package 'go1_gazebo' build argument 'cmake_force_configure' from command line to 'False'
[0.638s] Level 5:colcon.colcon_core.verb:set package 'go1_gazebo' build argument 'ament_cmake_args' from command line to 'None'
[0.638s] Level 5:colcon.colcon_core.verb:set package 'go1_gazebo' build argument 'catkin_cmake_args' from command line to 'None'
[0.638s] Level 5:colcon.colcon_core.verb:set package 'go1_gazebo' build argument 'catkin_skip_building_tests' from command line to 'False'
[0.638s] DEBUG:colcon.colcon_core.verb:Building package 'go1_gazebo' with the following arguments: {'ament_cmake_args': None, 'build_base': '/home/yk/rosros/build/go1_gazebo', 'catkin_cmake_args': None, 'catkin_skip_building_tests': False, 'cmake_args': None, 'cmake_clean_cache': False, 'cmake_clean_first': False, 'cmake_force_configure': False, 'cmake_target': None, 'cmake_target_skip_unavailable': False, 'install_base': '/home/yk/rosros/install/go1_gazebo', 'merge_install': False, 'path': '/home/yk/rosros/src/unitree_ros2_sim/go1_sim/go1_gazebo', 'symlink_install': False, 'test_result_base': None}
[0.638s] Level 5:colcon.colcon_core.verb:set package 'go1_navigation' build argument 'cmake_args' from command line to 'None'
[0.638s] Level 5:colcon.colcon_core.verb:set package 'go1_navigation' build argument 'cmake_target' from command line to 'None'
[0.638s] Level 5:colcon.colcon_core.verb:set package 'go1_navigation' build argument 'cmake_target_skip_unavailable' from command line to 'False'
[0.638s] Level 5:colcon.colcon_core.verb:set package 'go1_navigation' build argument 'cmake_clean_cache' from command line to 'False'
[0.638s] Level 5:colcon.colcon_core.verb:set package 'go1_navigation' build argument 'cmake_clean_first' from command line to 'False'
[0.638s] Level 5:colcon.colcon_core.verb:set package 'go1_navigation' build argument 'cmake_force_configure' from command line to 'False'
[0.638s] Level 5:colcon.colcon_core.verb:set package 'go1_navigation' build argument 'ament_cmake_args' from command line to 'None'
[0.638s] Level 5:colcon.colcon_core.verb:set package 'go1_navigation' build argument 'catkin_cmake_args' from command line to 'None'
[0.638s] Level 5:colcon.colcon_core.verb:set package 'go1_navigation' build argument 'catkin_skip_building_tests' from command line to 'False'
[0.638s] DEBUG:colcon.colcon_core.verb:Building package 'go1_navigation' with the following arguments: {'ament_cmake_args': None, 'build_base': '/home/yk/rosros/build/go1_navigation', 'catkin_cmake_args': None, 'catkin_skip_building_tests': False, 'cmake_args': None, 'cmake_clean_cache': False, 'cmake_clean_first': False, 'cmake_force_configure': False, 'cmake_target': None, 'cmake_target_skip_unavailable': False, 'install_base': '/home/yk/rosros/install/go1_navigation', 'merge_install': False, 'path': '/home/yk/rosros/src/unitree_ros2_sim/go1_sim/go1_navigation', 'symlink_install': False, 'test_result_base': None}
[0.639s] Level 5:colcon.colcon_core.verb:set package 'ros2_unitree_legged_msgs' build argument 'cmake_args' from command line to 'None'
[0.639s] Level 5:colcon.colcon_core.verb:set package 'ros2_unitree_legged_msgs' build argument 'cmake_target' from command line to 'None'
[0.639s] Level 5:colcon.colcon_core.verb:set package 'ros2_unitree_legged_msgs' build argument 'cmake_target_skip_unavailable' from command line to 'False'
[0.639s] Level 5:colcon.colcon_core.verb:set package 'ros2_unitree_legged_msgs' build argument 'cmake_clean_cache' from command line to 'False'
[0.639s] Level 5:colcon.colcon_core.verb:set package 'ros2_unitree_legged_msgs' build argument 'cmake_clean_first' from command line to 'False'
[0.639s] Level 5:colcon.colcon_core.verb:set package 'ros2_unitree_legged_msgs' build argument 'cmake_force_configure' from command line to 'False'
[0.639s] Level 5:colcon.colcon_core.verb:set package 'ros2_unitree_legged_msgs' build argument 'ament_cmake_args' from command line to 'None'
[0.639s] Level 5:colcon.colcon_core.verb:set package 'ros2_unitree_legged_msgs' build argument 'catkin_cmake_args' from command line to 'None'
[0.639s] Level 5:colcon.colcon_core.verb:set package 'ros2_unitree_legged_msgs' build argument 'catkin_skip_building_tests' from command line to 'False'
[0.639s] DEBUG:colcon.colcon_core.verb:Building package 'ros2_unitree_legged_msgs' with the following arguments: {'ament_cmake_args': None, 'build_base': '/home/yk/rosros/build/ros2_unitree_legged_msgs', 'catkin_cmake_args': None, 'catkin_skip_building_tests': False, 'cmake_args': None, 'cmake_clean_cache': False, 'cmake_clean_first': False, 'cmake_force_configure': False, 'cmake_target': None, 'cmake_target_skip_unavailable': False, 'install_base': '/home/yk/rosros/install/ros2_unitree_legged_msgs', 'merge_install': False, 'path': '/home/yk/rosros/src/unitree_ros2_sim/ros2_unitree_legged_msgs', 'symlink_install': False, 'test_result_base': None}
[0.639s] Level 5:colcon.colcon_core.verb:set package 'ros2_unitree_legged_control' build argument 'cmake_args' from command line to 'None'
[0.639s] Level 5:colcon.colcon_core.verb:set package 'ros2_unitree_legged_control' build argument 'cmake_target' from command line to 'None'
[0.639s] Level 5:colcon.colcon_core.verb:set package 'ros2_unitree_legged_control' build argument 'cmake_target_skip_unavailable' from command line to 'False'
[0.639s] Level 5:colcon.colcon_core.verb:set package 'ros2_unitree_legged_control' build argument 'cmake_clean_cache' from command line to 'False'
[0.639s] Level 5:colcon.colcon_core.verb:set package 'ros2_unitree_legged_control' build argument 'cmake_clean_first' from command line to 'False'
[0.639s] Level 5:colcon.colcon_core.verb:set package 'ros2_unitree_legged_control' build argument 'cmake_force_configure' from command line to 'False'
[0.639s] Level 5:colcon.colcon_core.verb:set package 'ros2_unitree_legged_control' build argument 'ament_cmake_args' from command line to 'None'
[0.639s] Level 5:colcon.colcon_core.verb:set package 'ros2_unitree_legged_control' build argument 'catkin_cmake_args' from command line to 'None'
[0.639s] Level 5:colcon.colcon_core.verb:set package 'ros2_unitree_legged_control' build argument 'catkin_skip_building_tests' from command line to 'False'
[0.639s] DEBUG:colcon.colcon_core.verb:Building package 'ros2_unitree_legged_control' with the following arguments: {'ament_cmake_args': None, 'build_base': '/home/yk/rosros/build/ros2_unitree_legged_control', 'catkin_cmake_args': None, 'catkin_skip_building_tests': False, 'cmake_args': None, 'cmake_clean_cache': False, 'cmake_clean_first': False, 'cmake_force_configure': False, 'cmake_target': None, 'cmake_target_skip_unavailable': False, 'install_base': '/home/yk/rosros/install/ros2_unitree_legged_control', 'merge_install': False, 'path': '/home/yk/rosros/src/unitree_ros2_sim/ros2_unitree_legged_controller', 'symlink_install': False, 'test_result_base': None}
[0.640s] Level 5:colcon.colcon_core.verb:set package 'unitree_guide2' build argument 'cmake_args' from command line to 'None'
[0.640s] Level 5:colcon.colcon_core.verb:set package 'unitree_guide2' build argument 'cmake_target' from command line to 'None'
[0.640s] Level 5:colcon.colcon_core.verb:set package 'unitree_guide2' build argument 'cmake_target_skip_unavailable' from command line to 'False'
[0.640s] Level 5:colcon.colcon_core.verb:set package 'unitree_guide2' build argument 'cmake_clean_cache' from command line to 'False'
[0.640s] Level 5:colcon.colcon_core.verb:set package 'unitree_guide2' build argument 'cmake_clean_first' from command line to 'False'
[0.640s] Level 5:colcon.colcon_core.verb:set package 'unitree_guide2' build argument 'cmake_force_configure' from command line to 'False'
[0.640s] Level 5:colcon.colcon_core.verb:set package 'unitree_guide2' build argument 'ament_cmake_args' from command line to 'None'
[0.640s] Level 5:colcon.colcon_core.verb:set package 'unitree_guide2' build argument 'catkin_cmake_args' from command line to 'None'
[0.640s] Level 5:colcon.colcon_core.verb:set package 'unitree_guide2' build argument 'catkin_skip_building_tests' from command line to 'False'
[0.640s] DEBUG:colcon.colcon_core.verb:Building package 'unitree_guide2' with the following arguments: {'ament_cmake_args': None, 'build_base': '/home/yk/rosros/build/unitree_guide2', 'catkin_cmake_args': None, 'catkin_skip_building_tests': False, 'cmake_args': None, 'cmake_clean_cache': False, 'cmake_clean_first': False, 'cmake_force_configure': False, 'cmake_target': None, 'cmake_target_skip_unavailable': False, 'install_base': '/home/yk/rosros/install/unitree_guide2', 'merge_install': False, 'path': '/home/yk/rosros/src/unitree_ros2_sim/unitree_guide2', 'symlink_install': False, 'test_result_base': None}
[0.640s] INFO:colcon.colcon_core.executor:Executing jobs using 'parallel' executor
[0.641s] DEBUG:colcon.colcon_parallel_executor.executor.parallel:run_until_complete
[0.642s] INFO:colcon.colcon_ros.task.ament_cmake.build:Building ROS package in '/home/yk/rosros/src/unitree_ros2_sim/ros2_unitree_legged_msgs' with build type 'ament_cmake'
[0.642s] INFO:colcon.colcon_cmake.task.cmake.build:Building CMake package in '/home/yk/rosros/src/unitree_ros2_sim/ros2_unitree_legged_msgs'
[0.649s] INFO:colcon.colcon_core.plugin_system:Skipping extension 'colcon_core.shell.bat': Not used on non-Windows systems
[0.649s] INFO:colcon.colcon_core.shell:Skip shell extension 'powershell' for command environment: Not usable outside of PowerShell
[0.649s] DEBUG:colcon.colcon_core.shell:Skip shell extension 'dsv' for command environment
[0.657s] INFO:colcon.colcon_ros.task.ament_cmake.build:Building ROS package in '/home/yk/rosros/src/unitree_ros2_sim/go1_sim/go1_description' with build type 'ament_cmake'
[0.657s] INFO:colcon.colcon_cmake.task.cmake.build:Building CMake package in '/home/yk/rosros/src/unitree_ros2_sim/go1_sim/go1_description'
[0.658s] INFO:colcon.colcon_core.shell:Skip shell extension 'powershell' for command environment: Not usable outside of PowerShell
[0.658s] DEBUG:colcon.colcon_core.shell:Skip shell extension 'dsv' for command environment
[0.665s] DEBUG:colcon.colcon_core.event_handler.log_command:Invoking command in '/home/yk/rosros/build/ros2_unitree_legged_msgs': CMAKE_PREFIX_PATH=/opt/ros/humble /usr/bin/cmake /home/yk/rosros/src/unitree_ros2_sim/ros2_unitree_legged_msgs -DCMAKE_INSTALL_PREFIX=/home/yk/rosros/install/ros2_unitree_legged_msgs
[0.700s] DEBUG:colcon.colcon_core.event_handler.log_command:Invoking command in '/home/yk/rosros/build/go1_description': CMAKE_PREFIX_PATH=/opt/ros/humble /usr/bin/cmake /home/yk/rosros/src/unitree_ros2_sim/go1_sim/go1_description -DCMAKE_INSTALL_PREFIX=/home/yk/rosros/install/go1_description
[5.256s] DEBUG:colcon.colcon_core.event_handler.log_command:Invoked command in '/home/yk/rosros/build/ros2_unitree_legged_msgs' returned '0': CMAKE_PREFIX_PATH=/opt/ros/humble /usr/bin/cmake /home/yk/rosros/src/unitree_ros2_sim/ros2_unitree_legged_msgs -DCMAKE_INSTALL_PREFIX=/home/yk/rosros/install/ros2_unitree_legged_msgs
[5.256s] DEBUG:colcon.colcon_core.event_handler.log_command:Invoking command in '/home/yk/rosros/build/ros2_unitree_legged_msgs': CMAKE_PREFIX_PATH=/opt/ros/humble /usr/bin/cmake --build /home/yk/rosros/build/ros2_unitree_legged_msgs -- -j2 -l2
[5.335s] DEBUG:colcon.colcon_core.event_handler.log_command:Invoked command in '/home/yk/rosros/build/go1_description' returned '0': CMAKE_PREFIX_PATH=/opt/ros/humble /usr/bin/cmake /home/yk/rosros/src/unitree_ros2_sim/go1_sim/go1_description -DCMAKE_INSTALL_PREFIX=/home/yk/rosros/install/go1_description
[5.339s] DEBUG:colcon.colcon_core.event_handler.log_command:Invoking command in '/home/yk/rosros/build/go1_description': CMAKE_PREFIX_PATH=/opt/ros/humble /usr/bin/cmake --build /home/yk/rosros/build/go1_description -- -j2 -l2
[5.443s] DEBUG:colcon.colcon_core.event_handler.log_command:Invoked command in '/home/yk/rosros/build/go1_description' returned '0': CMAKE_PREFIX_PATH=/opt/ros/humble /usr/bin/cmake --build /home/yk/rosros/build/go1_description -- -j2 -l2
[5.613s] DEBUG:colcon.colcon_core.event_handler.log_command:Invoking command in '/home/yk/rosros/build/go1_description': CMAKE_PREFIX_PATH=/opt/ros/humble /usr/bin/cmake --install /home/yk/rosros/build/go1_description
[6.144s] Level 1:colcon.colcon_core.environment:create_environment_scripts_only(go1_description)
[6.145s] DEBUG:colcon.colcon_core.event_handler.log_command:Invoked command in '/home/yk/rosros/build/go1_description' returned '0': CMAKE_PREFIX_PATH=/opt/ros/humble /usr/bin/cmake --install /home/yk/rosros/build/go1_description
[6.163s] Level 1:colcon.colcon_core.environment:checking '/home/yk/rosros/install/go1_description' for CMake module files
[6.164s] Level 1:colcon.colcon_core.environment:checking '/home/yk/rosros/install/go1_description' for CMake config files
[6.164s] Level 1:colcon.colcon_core.shell:create_environment_hook('go1_description', 'cmake_prefix_path')
[6.164s] INFO:colcon.colcon_core.shell:Creating environment hook '/home/yk/rosros/install/go1_description/share/go1_description/hook/cmake_prefix_path.ps1'
[6.170s] INFO:colcon.colcon_core.shell:Creating environment descriptor '/home/yk/rosros/install/go1_description/share/go1_description/hook/cmake_prefix_path.dsv'
[6.174s] INFO:colcon.colcon_core.shell:Creating environment hook '/home/yk/rosros/install/go1_description/share/go1_description/hook/cmake_prefix_path.sh'
[6.180s] Level 1:colcon.colcon_core.environment:checking '/home/yk/rosros/install/go1_description/bin'
[6.180s] Level 1:colcon.colcon_core.environment:checking '/home/yk/rosros/install/go1_description/lib/pkgconfig/go1_description.pc'
[6.180s] Level 1:colcon.colcon_core.environment:checking '/home/yk/rosros/install/go1_description/lib/python3.10/site-packages'
[6.181s] Level 1:colcon.colcon_core.environment:checking '/home/yk/rosros/install/go1_description/bin'
[6.185s] INFO:colcon.colcon_core.shell:Creating package script '/home/yk/rosros/install/go1_description/share/go1_description/package.ps1'
[6.186s] INFO:colcon.colcon_core.shell:Creating package descriptor '/home/yk/rosros/install/go1_description/share/go1_description/package.dsv'
[6.192s] INFO:colcon.colcon_core.shell:Creating package script '/home/yk/rosros/install/go1_description/share/go1_description/package.sh'
[6.193s] INFO:colcon.colcon_core.shell:Creating package script '/home/yk/rosros/install/go1_description/share/go1_description/package.bash'
[6.197s] INFO:colcon.colcon_core.shell:Creating package script '/home/yk/rosros/install/go1_description/share/go1_description/package.zsh'
[6.200s] Level 1:colcon.colcon_core.environment:create_file_with_runtime_dependencies(/home/yk/rosros/install/go1_description/share/colcon-core/packages/go1_description)
[6.340s] Level 1:colcon.colcon_core.environment:create_environment_scripts_only(go1_description)
[6.348s] Level 1:colcon.colcon_core.environment:checking '/home/yk/rosros/install/go1_description' for CMake module files
[6.348s] Level 1:colcon.colcon_core.environment:checking '/home/yk/rosros/install/go1_description' for CMake config files
[6.349s] Level 1:colcon.colcon_core.shell:create_environment_hook('go1_description', 'cmake_prefix_path')
[6.349s] INFO:colcon.colcon_core.shell:Creating environment hook '/home/yk/rosros/install/go1_description/share/go1_description/hook/cmake_prefix_path.ps1'
[6.350s] INFO:colcon.colcon_core.shell:Creating environment descriptor '/home/yk/rosros/install/go1_description/share/go1_description/hook/cmake_prefix_path.dsv'
[6.351s] INFO:colcon.colcon_core.shell:Creating environment hook '/home/yk/rosros/install/go1_description/share/go1_description/hook/cmake_prefix_path.sh'
[6.354s] Level 1:colcon.colcon_core.environment:checking '/home/yk/rosros/install/go1_description/bin'
[6.354s] Level 1:colcon.colcon_core.environment:checking '/home/yk/rosros/install/go1_description/lib/pkgconfig/go1_description.pc'
[6.355s] Level 1:colcon.colcon_core.environment:checking '/home/yk/rosros/install/go1_description/lib/python3.10/site-packages'
[6.355s] Level 1:colcon.colcon_core.environment:checking '/home/yk/rosros/install/go1_description/bin'
[6.356s] INFO:colcon.colcon_core.shell:Creating package script '/home/yk/rosros/install/go1_description/share/go1_description/package.ps1'
[6.361s] INFO:colcon.colcon_core.shell:Creating package descriptor '/home/yk/rosros/install/go1_description/share/go1_description/package.dsv'
[6.369s] INFO:colcon.colcon_core.shell:Creating package script '/home/yk/rosros/install/go1_description/share/go1_description/package.sh'
[6.371s] INFO:colcon.colcon_core.shell:Creating package script '/home/yk/rosros/install/go1_description/share/go1_description/package.bash'
[6.375s] INFO:colcon.colcon_core.shell:Creating package script '/home/yk/rosros/install/go1_description/share/go1_description/package.zsh'
[6.378s] Level 1:colcon.colcon_core.environment:create_file_with_runtime_dependencies(/home/yk/rosros/install/go1_description/share/colcon-core/packages/go1_description)
[6.379s] INFO:colcon.colcon_ros.task.ament_cmake.build:Building ROS package in '/home/yk/rosros/src/unitree_ros2_sim/go1_sim/go1_gazebo' with build type 'ament_cmake'
[6.380s] INFO:colcon.colcon_cmake.task.cmake.build:Building CMake package in '/home/yk/rosros/src/unitree_ros2_sim/go1_sim/go1_gazebo'
[6.380s] INFO:colcon.colcon_core.shell:Skip shell extension 'powershell' for command environment: Not usable outside of PowerShell
[6.381s] DEBUG:colcon.colcon_core.shell:Skip shell extension 'dsv' for command environment
[6.414s] DEBUG:colcon.colcon_core.event_handler.log_command:Invoking command in '/home/yk/rosros/build/go1_gazebo': CMAKE_PREFIX_PATH=/opt/ros/humble /usr/bin/cmake /home/yk/rosros/src/unitree_ros2_sim/go1_sim/go1_gazebo -DCMAKE_INSTALL_PREFIX=/home/yk/rosros/install/go1_gazebo
[15.427s] DEBUG:colcon.colcon_core.event_handler.log_command:Invoked command in '/home/yk/rosros/build/go1_gazebo' returned '0': CMAKE_PREFIX_PATH=/opt/ros/humble /usr/bin/cmake /home/yk/rosros/src/unitree_ros2_sim/go1_sim/go1_gazebo -DCMAKE_INSTALL_PREFIX=/home/yk/rosros/install/go1_gazebo
[15.446s] DEBUG:colcon.colcon_core.event_handler.log_command:Invoking command in '/home/yk/rosros/build/go1_gazebo': CMAKE_PREFIX_PATH=/opt/ros/humble /usr/bin/cmake --build /home/yk/rosros/build/go1_gazebo -- -j2 -l2
[15.533s] DEBUG:colcon.colcon_core.event_handler.log_command:Invoked command in '/home/yk/rosros/build/go1_gazebo' returned '0': CMAKE_PREFIX_PATH=/opt/ros/humble /usr/bin/cmake --build /home/yk/rosros/build/go1_gazebo -- -j2 -l2
[15.605s] DEBUG:colcon.colcon_core.event_handler.log_command:Invoking command in '/home/yk/rosros/build/go1_gazebo': CMAKE_PREFIX_PATH=/opt/ros/humble /usr/bin/cmake --install /home/yk/rosros/build/go1_gazebo
[15.640s] Level 1:colcon.colcon_core.environment:create_environment_scripts_only(go1_gazebo)
[15.641s] Level 1:colcon.colcon_core.environment:checking '/home/yk/rosros/install/go1_gazebo' for CMake module files
[15.642s] Level 1:colcon.colcon_core.environment:checking '/home/yk/rosros/install/go1_gazebo' for CMake config files
[15.642s] Level 1:colcon.colcon_core.shell:create_environment_hook('go1_gazebo', 'cmake_prefix_path')
[15.640s] DEBUG:colcon.colcon_core.event_handler.log_command:Invoked command in '/home/yk/rosros/build/go1_gazebo' returned '0': CMAKE_PREFIX_PATH=/opt/ros/humble /usr/bin/cmake --install /home/yk/rosros/build/go1_gazebo
[15.643s] INFO:colcon.colcon_core.shell:Creating environment hook '/home/yk/rosros/install/go1_gazebo/share/go1_gazebo/hook/cmake_prefix_path.ps1'
[15.645s] INFO:colcon.colcon_core.shell:Creating environment descriptor '/home/yk/rosros/install/go1_gazebo/share/go1_gazebo/hook/cmake_prefix_path.dsv'
[15.645s] INFO:colcon.colcon_core.shell:Creating environment hook '/home/yk/rosros/install/go1_gazebo/share/go1_gazebo/hook/cmake_prefix_path.sh'
[15.647s] Level 1:colcon.colcon_core.environment:checking '/home/yk/rosros/install/go1_gazebo/bin'
[15.647s] Level 1:colcon.colcon_core.environment:checking '/home/yk/rosros/install/go1_gazebo/lib/pkgconfig/go1_gazebo.pc'
[15.647s] Level 1:colcon.colcon_core.environment:checking '/home/yk/rosros/install/go1_gazebo/lib/python3.10/site-packages'
[15.648s] Level 1:colcon.colcon_core.environment:checking '/home/yk/rosros/install/go1_gazebo/bin'
[15.648s] INFO:colcon.colcon_core.shell:Creating package script '/home/yk/rosros/install/go1_gazebo/share/go1_gazebo/package.ps1'
[15.649s] INFO:colcon.colcon_core.shell:Creating package descriptor '/home/yk/rosros/install/go1_gazebo/share/go1_gazebo/package.dsv'
[15.650s] INFO:colcon.colcon_core.shell:Creating package script '/home/yk/rosros/install/go1_gazebo/share/go1_gazebo/package.sh'
[15.651s] INFO:colcon.colcon_core.shell:Creating package script '/home/yk/rosros/install/go1_gazebo/share/go1_gazebo/package.bash'
[15.651s] INFO:colcon.colcon_core.shell:Creating package script '/home/yk/rosros/install/go1_gazebo/share/go1_gazebo/package.zsh'
[15.651s] Level 1:colcon.colcon_core.environment:create_file_with_runtime_dependencies(/home/yk/rosros/install/go1_gazebo/share/colcon-core/packages/go1_gazebo)
[15.711s] Level 1:colcon.colcon_core.environment:create_environment_scripts_only(go1_gazebo)
[15.714s] Level 1:colcon.colcon_core.environment:checking '/home/yk/rosros/install/go1_gazebo' for CMake module files
[15.714s] Level 1:colcon.colcon_core.environment:checking '/home/yk/rosros/install/go1_gazebo' for CMake config files
[15.715s] Level 1:colcon.colcon_core.shell:create_environment_hook('go1_gazebo', 'cmake_prefix_path')
[15.715s] INFO:colcon.colcon_core.shell:Creating environment hook '/home/yk/rosros/install/go1_gazebo/share/go1_gazebo/hook/cmake_prefix_path.ps1'
[15.716s] INFO:colcon.colcon_core.shell:Creating environment descriptor '/home/yk/rosros/install/go1_gazebo/share/go1_gazebo/hook/cmake_prefix_path.dsv'
[15.716s] INFO:colcon.colcon_core.shell:Creating environment hook '/home/yk/rosros/install/go1_gazebo/share/go1_gazebo/hook/cmake_prefix_path.sh'
[15.717s] Level 1:colcon.colcon_core.environment:checking '/home/yk/rosros/install/go1_gazebo/bin'
[15.717s] Level 1:colcon.colcon_core.environment:checking '/home/yk/rosros/install/go1_gazebo/lib/pkgconfig/go1_gazebo.pc'
[15.719s] Level 1:colcon.colcon_core.environment:checking '/home/yk/rosros/install/go1_gazebo/lib/python3.10/site-packages'
[15.720s] Level 1:colcon.colcon_core.environment:checking '/home/yk/rosros/install/go1_gazebo/bin'
[15.723s] INFO:colcon.colcon_core.shell:Creating package script '/home/yk/rosros/install/go1_gazebo/share/go1_gazebo/package.ps1'
[15.724s] INFO:colcon.colcon_core.shell:Creating package descriptor '/home/yk/rosros/install/go1_gazebo/share/go1_gazebo/package.dsv'
[15.725s] INFO:colcon.colcon_core.shell:Creating package script '/home/yk/rosros/install/go1_gazebo/share/go1_gazebo/package.sh'
[15.726s] INFO:colcon.colcon_core.shell:Creating package script '/home/yk/rosros/install/go1_gazebo/share/go1_gazebo/package.bash'
[15.728s] INFO:colcon.colcon_core.shell:Creating package script '/home/yk/rosros/install/go1_gazebo/share/go1_gazebo/package.zsh'
[15.729s] Level 1:colcon.colcon_core.environment:create_file_with_runtime_dependencies(/home/yk/rosros/install/go1_gazebo/share/colcon-core/packages/go1_gazebo)
[15.732s] INFO:colcon.colcon_ros.task.ament_python.build:Building ROS package in '/home/yk/rosros/src/unitree_ros2_sim/go1_sim/go1_navigation' with build type 'ament_python'
[15.732s] Level 1:colcon.colcon_core.shell:create_environment_hook('go1_navigation', 'ament_prefix_path')
[15.733s] INFO:colcon.colcon_core.shell:Creating environment hook '/home/yk/rosros/install/go1_navigation/share/go1_navigation/hook/ament_prefix_path.ps1'
[15.734s] INFO:colcon.colcon_core.shell:Creating environment descriptor '/home/yk/rosros/install/go1_navigation/share/go1_navigation/hook/ament_prefix_path.dsv'
[15.735s] INFO:colcon.colcon_core.shell:Creating environment hook '/home/yk/rosros/install/go1_navigation/share/go1_navigation/hook/ament_prefix_path.sh'
[15.736s] INFO:colcon.colcon_core.shell:Skip shell extension 'powershell' for command environment: Not usable outside of PowerShell
[15.736s] DEBUG:colcon.colcon_core.shell:Skip shell extension 'dsv' for command environment
[16.373s] INFO:colcon.colcon_core.task.python.build:Building Python package in '/home/yk/rosros/src/unitree_ros2_sim/go1_sim/go1_navigation'
[16.374s] INFO:colcon.colcon_core.shell:Skip shell extension 'powershell' for command environment: Not usable outside of PowerShell
[16.374s] DEBUG:colcon.colcon_core.shell:Skip shell extension 'dsv' for command environment
[19.291s] DEBUG:colcon.colcon_core.event_handler.log_command:Invoking command in '/home/yk/rosros/src/unitree_ros2_sim/go1_sim/go1_navigation': PYTHONPATH=/home/yk/rosros/build/go1_navigation/prefix_override:/usr/lib/python3/dist-packages/colcon_core/task/python/colcon_distutils_commands:/home/yk/rosros/install/go1_navigation/lib/python3.10/site-packages:${PYTHONPATH} /usr/bin/python3 -W ignore:setup.py install is deprecated setup.py egg_info --egg-base ../../../../build/go1_navigation build --build-base /home/yk/rosros/build/go1_navigation/build install --record /home/yk/rosros/build/go1_navigation/install.log --single-version-externally-managed install_data
[20.655s] DEBUG:colcon.colcon_core.event_handler.log_command:Invoked command in '/home/yk/rosros/src/unitree_ros2_sim/go1_sim/go1_navigation' returned '1': PYTHONPATH=/home/yk/rosros/build/go1_navigation/prefix_override:/usr/lib/python3/dist-packages/colcon_core/task/python/colcon_distutils_commands:/home/yk/rosros/install/go1_navigation/lib/python3.10/site-packages:${PYTHONPATH} /usr/bin/python3 -W ignore:setup.py install is deprecated setup.py egg_info --egg-base ../../../../build/go1_navigation build --build-base /home/yk/rosros/build/go1_navigation/build install --record /home/yk/rosros/build/go1_navigation/install.log --single-version-externally-managed install_data
[60.442s] DEBUG:colcon.colcon_parallel_executor.executor.parallel:closing loop
[60.443s] DEBUG:colcon.colcon_parallel_executor.executor.parallel:loop closed
[60.443s] DEBUG:colcon.colcon_parallel_executor.executor.parallel:run_until_complete finished with '1'
[60.443s] DEBUG:colcon.colcon_core.event_reactor:joining thread
[60.468s] INFO:colcon.colcon_core.plugin_system:Skipping extension 'colcon_notification.desktop_notification.terminal_notifier': Not used on non-Darwin systems
[60.468s] INFO:colcon.colcon_core.plugin_system:Skipping extension 'colcon_notification.desktop_notification.win32': Not used on non-Windows systems
[60.469s] INFO:colcon.colcon_notification.desktop_notification:Sending desktop notification using 'notify2'
[60.521s] DEBUG:colcon.colcon_core.event_reactor:joined thread
[60.522s] INFO:colcon.colcon_core.shell:Creating prefix script '/home/yk/rosros/install/local_setup.ps1'
[60.524s] INFO:colcon.colcon_core.shell:Creating prefix util module '/home/yk/rosros/install/_local_setup_util_ps1.py'
[60.526s] INFO:colcon.colcon_core.shell:Creating prefix chain script '/home/yk/rosros/install/setup.ps1'
[60.528s] INFO:colcon.colcon_core.shell:Creating prefix script '/home/yk/rosros/install/local_setup.sh'
[60.530s] INFO:colcon.colcon_core.shell:Creating prefix util module '/home/yk/rosros/install/_local_setup_util_sh.py'
[60.531s] INFO:colcon.colcon_core.shell:Creating prefix chain script '/home/yk/rosros/install/setup.sh'
[60.535s] INFO:colcon.colcon_core.shell:Creating prefix script '/home/yk/rosros/install/local_setup.bash'
[60.536s] INFO:colcon.colcon_core.shell:Creating prefix chain script '/home/yk/rosros/install/setup.bash'
[60.538s] INFO:colcon.colcon_core.shell:Creating prefix script '/home/yk/rosros/install/local_setup.zsh'
[60.539s] INFO:colcon.colcon_core.shell:Creating prefix chain script '/home/yk/rosros/install/setup.zsh'
