[0.116s] DEBUG:colcon:Command line arguments: ['/usr/bin/colcon', 'build']
[0.116s] DEBUG:colcon:Parsed command line arguments: Namespace(log_base=None, log_level=None, verb_name='build', build_base='build', install_base='install', merge_install=False, symlink_install=False, test_result_base=None, continue_on_error=False, executor='parallel', parallel_workers=2, event_handlers=None, ignore_user_meta=False, metas=['./colcon.meta'], base_paths=['.'], packages_ignore=None, packages_ignore_regex=None, paths=None, packages_up_to=None, packages_up_to_regex=None, packages_above=None, packages_above_and_dependencies=None, packages_above_depth=None, packages_select_by_dep=None, packages_skip_by_dep=None, packages_skip_up_to=None, packages_select_build_failed=False, packages_skip_build_finished=False, packages_select_test_failures=False, packages_skip_test_passed=False, packages_select=None, packages_skip=None, packages_select_regex=None, packages_skip_regex=None, packages_start=None, packages_end=None, allow_overriding=[], cmake_args=None, cmake_target=None, cmake_target_skip_unavailable=False, cmake_clean_cache=False, cmake_clean_first=False, cmake_force_configure=False, ament_cmake_args=None, catkin_cmake_args=None, catkin_skip_building_tests=False, verb_parser=<colcon_defaults.argument_parser.defaults.DefaultArgumentsDecorator object at 0x7d057ef31480>, verb_extension=<colcon_core.verb.build.BuildVerb object at 0x7d057f0a2aa0>, main=<bound method BuildVerb.main of <colcon_core.verb.build.BuildVerb object at 0x7d057f0a2aa0>>)
[0.293s] Level 1:colcon.colcon_core.package_discovery:discover_packages(colcon_meta) check parameters
[0.293s] Level 1:colcon.colcon_core.package_discovery:discover_packages(recursive) check parameters
[0.293s] Level 1:colcon.colcon_core.package_discovery:discover_packages(ignore) check parameters
[0.293s] Level 1:colcon.colcon_core.package_discovery:discover_packages(path) check parameters
[0.294s] Level 1:colcon.colcon_core.package_discovery:discover_packages(colcon_meta) discover
[0.294s] Level 1:colcon.colcon_core.package_discovery:discover_packages(recursive) discover
[0.294s] INFO:colcon.colcon_core.package_discovery:Crawling recursively for packages in '/home/yk/rosros'
[0.294s] Level 1:colcon.colcon_core.package_identification:_identify(.) by extensions ['ignore', 'ignore_ament_install']
[0.294s] Level 1:colcon.colcon_core.package_identification:_identify(.) by extension 'ignore'
[0.294s] Level 1:colcon.colcon_core.package_identification:_identify(.) by extension 'ignore_ament_install'
[0.294s] Level 1:colcon.colcon_core.package_identification:_identify(.) by extensions ['colcon_pkg']
[0.294s] Level 1:colcon.colcon_core.package_identification:_identify(.) by extension 'colcon_pkg'
[0.294s] Level 1:colcon.colcon_core.package_identification:_identify(.) by extensions ['colcon_meta']
[0.294s] Level 1:colcon.colcon_core.package_identification:_identify(.) by extension 'colcon_meta'
[0.294s] Level 1:colcon.colcon_core.package_identification:_identify(.) by extensions ['ros']
[0.294s] Level 1:colcon.colcon_core.package_identification:_identify(.) by extension 'ros'
[0.306s] Level 1:colcon.colcon_core.package_identification:_identify(.) by extensions ['cmake', 'python']
[0.307s] Level 1:colcon.colcon_core.package_identification:_identify(.) by extension 'cmake'
[0.307s] Level 1:colcon.colcon_core.package_identification:_identify(.) by extension 'python'
[0.307s] Level 1:colcon.colcon_core.package_identification:_identify(.) by extensions ['python_setup_py']
[0.307s] Level 1:colcon.colcon_core.package_identification:_identify(.) by extension 'python_setup_py'
[0.307s] Level 1:colcon.colcon_core.package_identification:_identify(build) by extensions ['ignore', 'ignore_ament_install']
[0.307s] Level 1:colcon.colcon_core.package_identification:_identify(build) by extension 'ignore'
[0.307s] Level 1:colcon.colcon_core.package_identification:_identify(build) ignored
[0.307s] Level 1:colcon.colcon_core.package_identification:_identify(install) by extensions ['ignore', 'ignore_ament_install']
[0.307s] Level 1:colcon.colcon_core.package_identification:_identify(install) by extension 'ignore'
[0.307s] Level 1:colcon.colcon_core.package_identification:_identify(install) ignored
[0.307s] Level 1:colcon.colcon_core.package_identification:_identify(log) by extensions ['ignore', 'ignore_ament_install']
[0.307s] Level 1:colcon.colcon_core.package_identification:_identify(log) by extension 'ignore'
[0.308s] Level 1:colcon.colcon_core.package_identification:_identify(log) ignored
[0.308s] Level 1:colcon.colcon_core.package_identification:_identify(src) by extensions ['ignore', 'ignore_ament_install']
[0.308s] Level 1:colcon.colcon_core.package_identification:_identify(src) by extension 'ignore'
[0.308s] Level 1:colcon.colcon_core.package_identification:_identify(src) by extension 'ignore_ament_install'
[0.308s] Level 1:colcon.colcon_core.package_identification:_identify(src) by extensions ['colcon_pkg']
[0.308s] Level 1:colcon.colcon_core.package_identification:_identify(src) by extension 'colcon_pkg'
[0.308s] Level 1:colcon.colcon_core.package_identification:_identify(src) by extensions ['colcon_meta']
[0.308s] Level 1:colcon.colcon_core.package_identification:_identify(src) by extension 'colcon_meta'
[0.308s] Level 1:colcon.colcon_core.package_identification:_identify(src) by extensions ['ros']
[0.308s] Level 1:colcon.colcon_core.package_identification:_identify(src) by extension 'ros'
[0.308s] Level 1:colcon.colcon_core.package_identification:_identify(src) by extensions ['cmake', 'python']
[0.308s] Level 1:colcon.colcon_core.package_identification:_identify(src) by extension 'cmake'
[0.308s] Level 1:colcon.colcon_core.package_identification:_identify(src) by extension 'python'
[0.308s] Level 1:colcon.colcon_core.package_identification:_identify(src) by extensions ['python_setup_py']
[0.308s] Level 1:colcon.colcon_core.package_identification:_identify(src) by extension 'python_setup_py'
[0.308s] Level 1:colcon.colcon_core.package_identification:_identify(src/unitree_ros2_sim) by extensions ['ignore', 'ignore_ament_install']
[0.308s] Level 1:colcon.colcon_core.package_identification:_identify(src/unitree_ros2_sim) by extension 'ignore'
[0.308s] Level 1:colcon.colcon_core.package_identification:_identify(src/unitree_ros2_sim) by extension 'ignore_ament_install'
[0.309s] Level 1:colcon.colcon_core.package_identification:_identify(src/unitree_ros2_sim) by extensions ['colcon_pkg']
[0.309s] Level 1:colcon.colcon_core.package_identification:_identify(src/unitree_ros2_sim) by extension 'colcon_pkg'
[0.309s] Level 1:colcon.colcon_core.package_identification:_identify(src/unitree_ros2_sim) by extensions ['colcon_meta']
[0.309s] Level 1:colcon.colcon_core.package_identification:_identify(src/unitree_ros2_sim) by extension 'colcon_meta'
[0.309s] Level 1:colcon.colcon_core.package_identification:_identify(src/unitree_ros2_sim) by extensions ['ros']
[0.309s] Level 1:colcon.colcon_core.package_identification:_identify(src/unitree_ros2_sim) by extension 'ros'
[0.309s] Level 1:colcon.colcon_core.package_identification:_identify(src/unitree_ros2_sim) by extensions ['cmake', 'python']
[0.309s] Level 1:colcon.colcon_core.package_identification:_identify(src/unitree_ros2_sim) by extension 'cmake'
[0.309s] Level 1:colcon.colcon_core.package_identification:_identify(src/unitree_ros2_sim) by extension 'python'
[0.309s] Level 1:colcon.colcon_core.package_identification:_identify(src/unitree_ros2_sim) by extensions ['python_setup_py']
[0.309s] Level 1:colcon.colcon_core.package_identification:_identify(src/unitree_ros2_sim) by extension 'python_setup_py'
[0.309s] Level 1:colcon.colcon_core.package_identification:_identify(src/unitree_ros2_sim/go1_sim) by extensions ['ignore', 'ignore_ament_install']
[0.309s] Level 1:colcon.colcon_core.package_identification:_identify(src/unitree_ros2_sim/go1_sim) by extension 'ignore'
[0.309s] Level 1:colcon.colcon_core.package_identification:_identify(src/unitree_ros2_sim/go1_sim) by extension 'ignore_ament_install'
[0.309s] Level 1:colcon.colcon_core.package_identification:_identify(src/unitree_ros2_sim/go1_sim) by extensions ['colcon_pkg']
[0.309s] Level 1:colcon.colcon_core.package_identification:_identify(src/unitree_ros2_sim/go1_sim) by extension 'colcon_pkg'
[0.309s] Level 1:colcon.colcon_core.package_identification:_identify(src/unitree_ros2_sim/go1_sim) by extensions ['colcon_meta']
[0.309s] Level 1:colcon.colcon_core.package_identification:_identify(src/unitree_ros2_sim/go1_sim) by extension 'colcon_meta'
[0.309s] Level 1:colcon.colcon_core.package_identification:_identify(src/unitree_ros2_sim/go1_sim) by extensions ['ros']
[0.309s] Level 1:colcon.colcon_core.package_identification:_identify(src/unitree_ros2_sim/go1_sim) by extension 'ros'
[0.310s] Level 1:colcon.colcon_core.package_identification:_identify(src/unitree_ros2_sim/go1_sim) by extensions ['cmake', 'python']
[0.310s] Level 1:colcon.colcon_core.package_identification:_identify(src/unitree_ros2_sim/go1_sim) by extension 'cmake'
[0.310s] Level 1:colcon.colcon_core.package_identification:_identify(src/unitree_ros2_sim/go1_sim) by extension 'python'
[0.310s] Level 1:colcon.colcon_core.package_identification:_identify(src/unitree_ros2_sim/go1_sim) by extensions ['python_setup_py']
[0.310s] Level 1:colcon.colcon_core.package_identification:_identify(src/unitree_ros2_sim/go1_sim) by extension 'python_setup_py'
[0.310s] Level 1:colcon.colcon_core.package_identification:_identify(src/unitree_ros2_sim/go1_sim/go1_description) by extensions ['ignore', 'ignore_ament_install']
[0.310s] Level 1:colcon.colcon_core.package_identification:_identify(src/unitree_ros2_sim/go1_sim/go1_description) by extension 'ignore'
[0.310s] Level 1:colcon.colcon_core.package_identification:_identify(src/unitree_ros2_sim/go1_sim/go1_description) by extension 'ignore_ament_install'
[0.310s] Level 1:colcon.colcon_core.package_identification:_identify(src/unitree_ros2_sim/go1_sim/go1_description) by extensions ['colcon_pkg']
[0.310s] Level 1:colcon.colcon_core.package_identification:_identify(src/unitree_ros2_sim/go1_sim/go1_description) by extension 'colcon_pkg'
[0.310s] Level 1:colcon.colcon_core.package_identification:_identify(src/unitree_ros2_sim/go1_sim/go1_description) by extensions ['colcon_meta']
[0.310s] Level 1:colcon.colcon_core.package_identification:_identify(src/unitree_ros2_sim/go1_sim/go1_description) by extension 'colcon_meta'
[0.310s] Level 1:colcon.colcon_core.package_identification:_identify(src/unitree_ros2_sim/go1_sim/go1_description) by extensions ['ros']
[0.310s] Level 1:colcon.colcon_core.package_identification:_identify(src/unitree_ros2_sim/go1_sim/go1_description) by extension 'ros'
[0.313s] DEBUG:colcon.colcon_core.package_identification:Package 'src/unitree_ros2_sim/go1_sim/go1_description' with type 'ros.ament_cmake' and name 'go1_description'
[0.313s] Level 1:colcon.colcon_core.package_identification:_identify(src/unitree_ros2_sim/go1_sim/go1_gazebo) by extensions ['ignore', 'ignore_ament_install']
[0.313s] Level 1:colcon.colcon_core.package_identification:_identify(src/unitree_ros2_sim/go1_sim/go1_gazebo) by extension 'ignore'
[0.314s] Level 1:colcon.colcon_core.package_identification:_identify(src/unitree_ros2_sim/go1_sim/go1_gazebo) by extension 'ignore_ament_install'
[0.314s] Level 1:colcon.colcon_core.package_identification:_identify(src/unitree_ros2_sim/go1_sim/go1_gazebo) by extensions ['colcon_pkg']
[0.314s] Level 1:colcon.colcon_core.package_identification:_identify(src/unitree_ros2_sim/go1_sim/go1_gazebo) by extension 'colcon_pkg'
[0.314s] Level 1:colcon.colcon_core.package_identification:_identify(src/unitree_ros2_sim/go1_sim/go1_gazebo) by extensions ['colcon_meta']
[0.314s] Level 1:colcon.colcon_core.package_identification:_identify(src/unitree_ros2_sim/go1_sim/go1_gazebo) by extension 'colcon_meta'
[0.314s] Level 1:colcon.colcon_core.package_identification:_identify(src/unitree_ros2_sim/go1_sim/go1_gazebo) by extensions ['ros']
[0.314s] Level 1:colcon.colcon_core.package_identification:_identify(src/unitree_ros2_sim/go1_sim/go1_gazebo) by extension 'ros'
[0.315s] DEBUG:colcon.colcon_core.package_identification:Package 'src/unitree_ros2_sim/go1_sim/go1_gazebo' with type 'ros.ament_cmake' and name 'go1_gazebo'
[0.315s] Level 1:colcon.colcon_core.package_identification:_identify(src/unitree_ros2_sim/go1_sim/go1_navigation) by extensions ['ignore', 'ignore_ament_install']
[0.315s] Level 1:colcon.colcon_core.package_identification:_identify(src/unitree_ros2_sim/go1_sim/go1_navigation) by extension 'ignore'
[0.315s] Level 1:colcon.colcon_core.package_identification:_identify(src/unitree_ros2_sim/go1_sim/go1_navigation) by extension 'ignore_ament_install'
[0.315s] Level 1:colcon.colcon_core.package_identification:_identify(src/unitree_ros2_sim/go1_sim/go1_navigation) by extensions ['colcon_pkg']
[0.315s] Level 1:colcon.colcon_core.package_identification:_identify(src/unitree_ros2_sim/go1_sim/go1_navigation) by extension 'colcon_pkg'
[0.316s] Level 1:colcon.colcon_core.package_identification:_identify(src/unitree_ros2_sim/go1_sim/go1_navigation) by extensions ['colcon_meta']
[0.316s] Level 1:colcon.colcon_core.package_identification:_identify(src/unitree_ros2_sim/go1_sim/go1_navigation) by extension 'colcon_meta'
[0.316s] Level 1:colcon.colcon_core.package_identification:_identify(src/unitree_ros2_sim/go1_sim/go1_navigation) by extensions ['ros']
[0.316s] Level 1:colcon.colcon_core.package_identification:_identify(src/unitree_ros2_sim/go1_sim/go1_navigation) by extension 'ros'
[0.316s] DEBUG:colcon.colcon_core.package_identification:Package 'src/unitree_ros2_sim/go1_sim/go1_navigation' with type 'ros.ament_python' and name 'go1_navigation'
[0.316s] Level 1:colcon.colcon_core.package_identification:_identify(src/unitree_ros2_sim/ros2_unitree_legged_controller) by extensions ['ignore', 'ignore_ament_install']
[0.316s] Level 1:colcon.colcon_core.package_identification:_identify(src/unitree_ros2_sim/ros2_unitree_legged_controller) by extension 'ignore'
[0.316s] Level 1:colcon.colcon_core.package_identification:_identify(src/unitree_ros2_sim/ros2_unitree_legged_controller) by extension 'ignore_ament_install'
[0.316s] Level 1:colcon.colcon_core.package_identification:_identify(src/unitree_ros2_sim/ros2_unitree_legged_controller) by extensions ['colcon_pkg']
[0.317s] Level 1:colcon.colcon_core.package_identification:_identify(src/unitree_ros2_sim/ros2_unitree_legged_controller) by extension 'colcon_pkg'
[0.317s] Level 1:colcon.colcon_core.package_identification:_identify(src/unitree_ros2_sim/ros2_unitree_legged_controller) by extensions ['colcon_meta']
[0.317s] Level 1:colcon.colcon_core.package_identification:_identify(src/unitree_ros2_sim/ros2_unitree_legged_controller) by extension 'colcon_meta'
[0.317s] Level 1:colcon.colcon_core.package_identification:_identify(src/unitree_ros2_sim/ros2_unitree_legged_controller) by extensions ['ros']
[0.317s] Level 1:colcon.colcon_core.package_identification:_identify(src/unitree_ros2_sim/ros2_unitree_legged_controller) by extension 'ros'
[0.318s] DEBUG:colcon.colcon_core.package_identification:Package 'src/unitree_ros2_sim/ros2_unitree_legged_controller' with type 'ros.ament_cmake' and name 'ros2_unitree_legged_control'
[0.318s] Level 1:colcon.colcon_core.package_identification:_identify(src/unitree_ros2_sim/ros2_unitree_legged_msgs) by extensions ['ignore', 'ignore_ament_install']
[0.318s] Level 1:colcon.colcon_core.package_identification:_identify(src/unitree_ros2_sim/ros2_unitree_legged_msgs) by extension 'ignore'
[0.318s] Level 1:colcon.colcon_core.package_identification:_identify(src/unitree_ros2_sim/ros2_unitree_legged_msgs) by extension 'ignore_ament_install'
[0.318s] Level 1:colcon.colcon_core.package_identification:_identify(src/unitree_ros2_sim/ros2_unitree_legged_msgs) by extensions ['colcon_pkg']
[0.318s] Level 1:colcon.colcon_core.package_identification:_identify(src/unitree_ros2_sim/ros2_unitree_legged_msgs) by extension 'colcon_pkg'
[0.318s] Level 1:colcon.colcon_core.package_identification:_identify(src/unitree_ros2_sim/ros2_unitree_legged_msgs) by extensions ['colcon_meta']
[0.318s] Level 1:colcon.colcon_core.package_identification:_identify(src/unitree_ros2_sim/ros2_unitree_legged_msgs) by extension 'colcon_meta'
[0.318s] Level 1:colcon.colcon_core.package_identification:_identify(src/unitree_ros2_sim/ros2_unitree_legged_msgs) by extensions ['ros']
[0.318s] Level 1:colcon.colcon_core.package_identification:_identify(src/unitree_ros2_sim/ros2_unitree_legged_msgs) by extension 'ros'
[0.319s] DEBUG:colcon.colcon_core.package_identification:Package 'src/unitree_ros2_sim/ros2_unitree_legged_msgs' with type 'ros.ament_cmake' and name 'ros2_unitree_legged_msgs'
[0.319s] Level 1:colcon.colcon_core.package_identification:_identify(src/unitree_ros2_sim/unitree_guide2) by extensions ['ignore', 'ignore_ament_install']
[0.319s] Level 1:colcon.colcon_core.package_identification:_identify(src/unitree_ros2_sim/unitree_guide2) by extension 'ignore'
[0.319s] Level 1:colcon.colcon_core.package_identification:_identify(src/unitree_ros2_sim/unitree_guide2) by extension 'ignore_ament_install'
[0.319s] Level 1:colcon.colcon_core.package_identification:_identify(src/unitree_ros2_sim/unitree_guide2) by extensions ['colcon_pkg']
[0.319s] Level 1:colcon.colcon_core.package_identification:_identify(src/unitree_ros2_sim/unitree_guide2) by extension 'colcon_pkg'
[0.319s] Level 1:colcon.colcon_core.package_identification:_identify(src/unitree_ros2_sim/unitree_guide2) by extensions ['colcon_meta']
[0.319s] Level 1:colcon.colcon_core.package_identification:_identify(src/unitree_ros2_sim/unitree_guide2) by extension 'colcon_meta'
[0.319s] Level 1:colcon.colcon_core.package_identification:_identify(src/unitree_ros2_sim/unitree_guide2) by extensions ['ros']
[0.319s] Level 1:colcon.colcon_core.package_identification:_identify(src/unitree_ros2_sim/unitree_guide2) by extension 'ros'
[0.320s] DEBUG:colcon.colcon_core.package_identification:Package 'src/unitree_ros2_sim/unitree_guide2' with type 'ros.ament_cmake' and name 'unitree_guide2'
[0.320s] Level 1:colcon.colcon_core.package_discovery:discover_packages(recursive) using defaults
[0.320s] Level 1:colcon.colcon_core.package_discovery:discover_packages(ignore) discover
[0.320s] Level 1:colcon.colcon_core.package_discovery:discover_packages(ignore) using defaults
[0.320s] Level 1:colcon.colcon_core.package_discovery:discover_packages(path) discover
[0.320s] Level 1:colcon.colcon_core.package_discovery:discover_packages(path) using defaults
[0.343s] Level 1:colcon.colcon_core.package_discovery:discover_packages(prefix_path) check parameters
[0.343s] Level 1:colcon.colcon_core.package_discovery:discover_packages(prefix_path) discover
[0.345s] DEBUG:colcon.colcon_installed_package_information.package_discovery:Found 6 installed packages in /home/yk/rosros/install
[0.347s] DEBUG:colcon.colcon_installed_package_information.package_discovery:Found 387 installed packages in /opt/ros/humble
[0.349s] Level 1:colcon.colcon_core.package_discovery:discover_packages(prefix_path) using defaults
[0.414s] Level 5:colcon.colcon_core.verb:set package 'go1_description' build argument 'cmake_args' from command line to 'None'
[0.415s] Level 5:colcon.colcon_core.verb:set package 'go1_description' build argument 'cmake_target' from command line to 'None'
[0.415s] Level 5:colcon.colcon_core.verb:set package 'go1_description' build argument 'cmake_target_skip_unavailable' from command line to 'False'
[0.415s] Level 5:colcon.colcon_core.verb:set package 'go1_description' build argument 'cmake_clean_cache' from command line to 'False'
[0.415s] Level 5:colcon.colcon_core.verb:set package 'go1_description' build argument 'cmake_clean_first' from command line to 'False'
[0.415s] Level 5:colcon.colcon_core.verb:set package 'go1_description' build argument 'cmake_force_configure' from command line to 'False'
[0.415s] Level 5:colcon.colcon_core.verb:set package 'go1_description' build argument 'ament_cmake_args' from command line to 'None'
[0.415s] Level 5:colcon.colcon_core.verb:set package 'go1_description' build argument 'catkin_cmake_args' from command line to 'None'
[0.415s] Level 5:colcon.colcon_core.verb:set package 'go1_description' build argument 'catkin_skip_building_tests' from command line to 'False'
[0.415s] DEBUG:colcon.colcon_core.verb:Building package 'go1_description' with the following arguments: {'ament_cmake_args': None, 'build_base': '/home/yk/rosros/build/go1_description', 'catkin_cmake_args': None, 'catkin_skip_building_tests': False, 'cmake_args': None, 'cmake_clean_cache': False, 'cmake_clean_first': False, 'cmake_force_configure': False, 'cmake_target': None, 'cmake_target_skip_unavailable': False, 'install_base': '/home/yk/rosros/install/go1_description', 'merge_install': False, 'path': '/home/yk/rosros/src/unitree_ros2_sim/go1_sim/go1_description', 'symlink_install': False, 'test_result_base': None}
[0.415s] Level 5:colcon.colcon_core.verb:set package 'go1_gazebo' build argument 'cmake_args' from command line to 'None'
[0.415s] Level 5:colcon.colcon_core.verb:set package 'go1_gazebo' build argument 'cmake_target' from command line to 'None'
[0.415s] Level 5:colcon.colcon_core.verb:set package 'go1_gazebo' build argument 'cmake_target_skip_unavailable' from command line to 'False'
[0.415s] Level 5:colcon.colcon_core.verb:set package 'go1_gazebo' build argument 'cmake_clean_cache' from command line to 'False'
[0.415s] Level 5:colcon.colcon_core.verb:set package 'go1_gazebo' build argument 'cmake_clean_first' from command line to 'False'
[0.415s] Level 5:colcon.colcon_core.verb:set package 'go1_gazebo' build argument 'cmake_force_configure' from command line to 'False'
[0.415s] Level 5:colcon.colcon_core.verb:set package 'go1_gazebo' build argument 'ament_cmake_args' from command line to 'None'
[0.415s] Level 5:colcon.colcon_core.verb:set package 'go1_gazebo' build argument 'catkin_cmake_args' from command line to 'None'
[0.415s] Level 5:colcon.colcon_core.verb:set package 'go1_gazebo' build argument 'catkin_skip_building_tests' from command line to 'False'
[0.415s] DEBUG:colcon.colcon_core.verb:Building package 'go1_gazebo' with the following arguments: {'ament_cmake_args': None, 'build_base': '/home/yk/rosros/build/go1_gazebo', 'catkin_cmake_args': None, 'catkin_skip_building_tests': False, 'cmake_args': None, 'cmake_clean_cache': False, 'cmake_clean_first': False, 'cmake_force_configure': False, 'cmake_target': None, 'cmake_target_skip_unavailable': False, 'install_base': '/home/yk/rosros/install/go1_gazebo', 'merge_install': False, 'path': '/home/yk/rosros/src/unitree_ros2_sim/go1_sim/go1_gazebo', 'symlink_install': False, 'test_result_base': None}
[0.416s] Level 5:colcon.colcon_core.verb:set package 'go1_navigation' build argument 'cmake_args' from command line to 'None'
[0.416s] Level 5:colcon.colcon_core.verb:set package 'go1_navigation' build argument 'cmake_target' from command line to 'None'
[0.416s] Level 5:colcon.colcon_core.verb:set package 'go1_navigation' build argument 'cmake_target_skip_unavailable' from command line to 'False'
[0.416s] Level 5:colcon.colcon_core.verb:set package 'go1_navigation' build argument 'cmake_clean_cache' from command line to 'False'
[0.416s] Level 5:colcon.colcon_core.verb:set package 'go1_navigation' build argument 'cmake_clean_first' from command line to 'False'
[0.416s] Level 5:colcon.colcon_core.verb:set package 'go1_navigation' build argument 'cmake_force_configure' from command line to 'False'
[0.416s] Level 5:colcon.colcon_core.verb:set package 'go1_navigation' build argument 'ament_cmake_args' from command line to 'None'
[0.416s] Level 5:colcon.colcon_core.verb:set package 'go1_navigation' build argument 'catkin_cmake_args' from command line to 'None'
[0.416s] Level 5:colcon.colcon_core.verb:set package 'go1_navigation' build argument 'catkin_skip_building_tests' from command line to 'False'
[0.416s] DEBUG:colcon.colcon_core.verb:Building package 'go1_navigation' with the following arguments: {'ament_cmake_args': None, 'build_base': '/home/yk/rosros/build/go1_navigation', 'catkin_cmake_args': None, 'catkin_skip_building_tests': False, 'cmake_args': None, 'cmake_clean_cache': False, 'cmake_clean_first': False, 'cmake_force_configure': False, 'cmake_target': None, 'cmake_target_skip_unavailable': False, 'install_base': '/home/yk/rosros/install/go1_navigation', 'merge_install': False, 'path': '/home/yk/rosros/src/unitree_ros2_sim/go1_sim/go1_navigation', 'symlink_install': False, 'test_result_base': None}
[0.416s] Level 5:colcon.colcon_core.verb:set package 'ros2_unitree_legged_msgs' build argument 'cmake_args' from command line to 'None'
[0.416s] Level 5:colcon.colcon_core.verb:set package 'ros2_unitree_legged_msgs' build argument 'cmake_target' from command line to 'None'
[0.417s] Level 5:colcon.colcon_core.verb:set package 'ros2_unitree_legged_msgs' build argument 'cmake_target_skip_unavailable' from command line to 'False'
[0.417s] Level 5:colcon.colcon_core.verb:set package 'ros2_unitree_legged_msgs' build argument 'cmake_clean_cache' from command line to 'False'
[0.417s] Level 5:colcon.colcon_core.verb:set package 'ros2_unitree_legged_msgs' build argument 'cmake_clean_first' from command line to 'False'
[0.417s] Level 5:colcon.colcon_core.verb:set package 'ros2_unitree_legged_msgs' build argument 'cmake_force_configure' from command line to 'False'
[0.417s] Level 5:colcon.colcon_core.verb:set package 'ros2_unitree_legged_msgs' build argument 'ament_cmake_args' from command line to 'None'
[0.417s] Level 5:colcon.colcon_core.verb:set package 'ros2_unitree_legged_msgs' build argument 'catkin_cmake_args' from command line to 'None'
[0.417s] Level 5:colcon.colcon_core.verb:set package 'ros2_unitree_legged_msgs' build argument 'catkin_skip_building_tests' from command line to 'False'
[0.417s] DEBUG:colcon.colcon_core.verb:Building package 'ros2_unitree_legged_msgs' with the following arguments: {'ament_cmake_args': None, 'build_base': '/home/yk/rosros/build/ros2_unitree_legged_msgs', 'catkin_cmake_args': None, 'catkin_skip_building_tests': False, 'cmake_args': None, 'cmake_clean_cache': False, 'cmake_clean_first': False, 'cmake_force_configure': False, 'cmake_target': None, 'cmake_target_skip_unavailable': False, 'install_base': '/home/yk/rosros/install/ros2_unitree_legged_msgs', 'merge_install': False, 'path': '/home/yk/rosros/src/unitree_ros2_sim/ros2_unitree_legged_msgs', 'symlink_install': False, 'test_result_base': None}
[0.417s] Level 5:colcon.colcon_core.verb:set package 'ros2_unitree_legged_control' build argument 'cmake_args' from command line to 'None'
[0.417s] Level 5:colcon.colcon_core.verb:set package 'ros2_unitree_legged_control' build argument 'cmake_target' from command line to 'None'
[0.417s] Level 5:colcon.colcon_core.verb:set package 'ros2_unitree_legged_control' build argument 'cmake_target_skip_unavailable' from command line to 'False'
[0.417s] Level 5:colcon.colcon_core.verb:set package 'ros2_unitree_legged_control' build argument 'cmake_clean_cache' from command line to 'False'
[0.417s] Level 5:colcon.colcon_core.verb:set package 'ros2_unitree_legged_control' build argument 'cmake_clean_first' from command line to 'False'
[0.417s] Level 5:colcon.colcon_core.verb:set package 'ros2_unitree_legged_control' build argument 'cmake_force_configure' from command line to 'False'
[0.417s] Level 5:colcon.colcon_core.verb:set package 'ros2_unitree_legged_control' build argument 'ament_cmake_args' from command line to 'None'
[0.417s] Level 5:colcon.colcon_core.verb:set package 'ros2_unitree_legged_control' build argument 'catkin_cmake_args' from command line to 'None'
[0.417s] Level 5:colcon.colcon_core.verb:set package 'ros2_unitree_legged_control' build argument 'catkin_skip_building_tests' from command line to 'False'
[0.417s] DEBUG:colcon.colcon_core.verb:Building package 'ros2_unitree_legged_control' with the following arguments: {'ament_cmake_args': None, 'build_base': '/home/yk/rosros/build/ros2_unitree_legged_control', 'catkin_cmake_args': None, 'catkin_skip_building_tests': False, 'cmake_args': None, 'cmake_clean_cache': False, 'cmake_clean_first': False, 'cmake_force_configure': False, 'cmake_target': None, 'cmake_target_skip_unavailable': False, 'install_base': '/home/yk/rosros/install/ros2_unitree_legged_control', 'merge_install': False, 'path': '/home/yk/rosros/src/unitree_ros2_sim/ros2_unitree_legged_controller', 'symlink_install': False, 'test_result_base': None}
[0.418s] Level 5:colcon.colcon_core.verb:set package 'unitree_guide2' build argument 'cmake_args' from command line to 'None'
[0.418s] Level 5:colcon.colcon_core.verb:set package 'unitree_guide2' build argument 'cmake_target' from command line to 'None'
[0.418s] Level 5:colcon.colcon_core.verb:set package 'unitree_guide2' build argument 'cmake_target_skip_unavailable' from command line to 'False'
[0.418s] Level 5:colcon.colcon_core.verb:set package 'unitree_guide2' build argument 'cmake_clean_cache' from command line to 'False'
[0.418s] Level 5:colcon.colcon_core.verb:set package 'unitree_guide2' build argument 'cmake_clean_first' from command line to 'False'
[0.418s] Level 5:colcon.colcon_core.verb:set package 'unitree_guide2' build argument 'cmake_force_configure' from command line to 'False'
[0.418s] Level 5:colcon.colcon_core.verb:set package 'unitree_guide2' build argument 'ament_cmake_args' from command line to 'None'
[0.418s] Level 5:colcon.colcon_core.verb:set package 'unitree_guide2' build argument 'catkin_cmake_args' from command line to 'None'
[0.418s] Level 5:colcon.colcon_core.verb:set package 'unitree_guide2' build argument 'catkin_skip_building_tests' from command line to 'False'
[0.418s] DEBUG:colcon.colcon_core.verb:Building package 'unitree_guide2' with the following arguments: {'ament_cmake_args': None, 'build_base': '/home/yk/rosros/build/unitree_guide2', 'catkin_cmake_args': None, 'catkin_skip_building_tests': False, 'cmake_args': None, 'cmake_clean_cache': False, 'cmake_clean_first': False, 'cmake_force_configure': False, 'cmake_target': None, 'cmake_target_skip_unavailable': False, 'install_base': '/home/yk/rosros/install/unitree_guide2', 'merge_install': False, 'path': '/home/yk/rosros/src/unitree_ros2_sim/unitree_guide2', 'symlink_install': False, 'test_result_base': None}
[0.418s] INFO:colcon.colcon_core.executor:Executing jobs using 'parallel' executor
[0.419s] DEBUG:colcon.colcon_parallel_executor.executor.parallel:run_until_complete
[0.420s] INFO:colcon.colcon_ros.task.ament_cmake.build:Building ROS package in '/home/yk/rosros/src/unitree_ros2_sim/ros2_unitree_legged_msgs' with build type 'ament_cmake'
[0.420s] INFO:colcon.colcon_cmake.task.cmake.build:Building CMake package in '/home/yk/rosros/src/unitree_ros2_sim/ros2_unitree_legged_msgs'
[0.422s] INFO:colcon.colcon_core.plugin_system:Skipping extension 'colcon_core.shell.bat': Not used on non-Windows systems
[0.423s] INFO:colcon.colcon_core.shell:Skip shell extension 'powershell' for command environment: Not usable outside of PowerShell
[0.423s] DEBUG:colcon.colcon_core.shell:Skip shell extension 'dsv' for command environment
[0.428s] INFO:colcon.colcon_ros.task.ament_cmake.build:Building ROS package in '/home/yk/rosros/src/unitree_ros2_sim/go1_sim/go1_description' with build type 'ament_cmake'
[0.429s] INFO:colcon.colcon_cmake.task.cmake.build:Building CMake package in '/home/yk/rosros/src/unitree_ros2_sim/go1_sim/go1_description'
[0.429s] INFO:colcon.colcon_core.shell:Skip shell extension 'powershell' for command environment: Not usable outside of PowerShell
[0.429s] DEBUG:colcon.colcon_core.shell:Skip shell extension 'dsv' for command environment
[0.447s] DEBUG:colcon.colcon_core.event_handler.log_command:Invoking command in '/home/yk/rosros/build/ros2_unitree_legged_msgs': CMAKE_PREFIX_PATH=${CMAKE_PREFIX_PATH}:/home/yk/rosros/install/go1_navigation:/opt/ros/humble /usr/bin/cmake --build /home/yk/rosros/build/ros2_unitree_legged_msgs -- -j2 -l2
[0.467s] DEBUG:colcon.colcon_core.event_handler.log_command:Invoking command in '/home/yk/rosros/build/go1_description': CMAKE_PREFIX_PATH=${CMAKE_PREFIX_PATH}:/home/yk/rosros/install/go1_navigation:/opt/ros/humble /usr/bin/cmake --build /home/yk/rosros/build/go1_description -- -j2 -l2
[0.608s] DEBUG:colcon.colcon_core.event_handler.log_command:Invoked command in '/home/yk/rosros/build/go1_description' returned '0': CMAKE_PREFIX_PATH=${CMAKE_PREFIX_PATH}:/home/yk/rosros/install/go1_navigation:/opt/ros/humble /usr/bin/cmake --build /home/yk/rosros/build/go1_description -- -j2 -l2
[0.686s] DEBUG:colcon.colcon_core.event_handler.log_command:Invoking command in '/home/yk/rosros/build/go1_description': CMAKE_PREFIX_PATH=${CMAKE_PREFIX_PATH}:/home/yk/rosros/install/go1_navigation:/opt/ros/humble /usr/bin/cmake --install /home/yk/rosros/build/go1_description
[0.714s] Level 1:colcon.colcon_core.environment:create_environment_scripts_only(go1_description)
[0.715s] DEBUG:colcon.colcon_core.event_handler.log_command:Invoked command in '/home/yk/rosros/build/go1_description' returned '0': CMAKE_PREFIX_PATH=${CMAKE_PREFIX_PATH}:/home/yk/rosros/install/go1_navigation:/opt/ros/humble /usr/bin/cmake --install /home/yk/rosros/build/go1_description
[0.719s] Level 1:colcon.colcon_core.environment:checking '/home/yk/rosros/install/go1_description' for CMake module files
[0.720s] Level 1:colcon.colcon_core.environment:checking '/home/yk/rosros/install/go1_description' for CMake config files
[0.720s] Level 1:colcon.colcon_core.shell:create_environment_hook('go1_description', 'cmake_prefix_path')
[0.721s] INFO:colcon.colcon_core.shell:Creating environment hook '/home/yk/rosros/install/go1_description/share/go1_description/hook/cmake_prefix_path.ps1'
[0.723s] INFO:colcon.colcon_core.shell:Creating environment descriptor '/home/yk/rosros/install/go1_description/share/go1_description/hook/cmake_prefix_path.dsv'
[0.723s] INFO:colcon.colcon_core.shell:Creating environment hook '/home/yk/rosros/install/go1_description/share/go1_description/hook/cmake_prefix_path.sh'
[0.725s] Level 1:colcon.colcon_core.environment:checking '/home/yk/rosros/install/go1_description/bin'
[0.732s] Level 1:colcon.colcon_core.environment:checking '/home/yk/rosros/install/go1_description/lib/pkgconfig/go1_description.pc'
[0.732s] Level 1:colcon.colcon_core.environment:checking '/home/yk/rosros/install/go1_description/lib/python3.10/site-packages'
[0.733s] Level 1:colcon.colcon_core.environment:checking '/home/yk/rosros/install/go1_description/bin'
[0.735s] INFO:colcon.colcon_core.shell:Creating package script '/home/yk/rosros/install/go1_description/share/go1_description/package.ps1'
[0.736s] INFO:colcon.colcon_core.shell:Creating package descriptor '/home/yk/rosros/install/go1_description/share/go1_description/package.dsv'
[0.737s] INFO:colcon.colcon_core.shell:Creating package script '/home/yk/rosros/install/go1_description/share/go1_description/package.sh'
[0.739s] INFO:colcon.colcon_core.shell:Creating package script '/home/yk/rosros/install/go1_description/share/go1_description/package.bash'
[0.740s] INFO:colcon.colcon_core.shell:Creating package script '/home/yk/rosros/install/go1_description/share/go1_description/package.zsh'
[0.743s] Level 1:colcon.colcon_core.environment:create_file_with_runtime_dependencies(/home/yk/rosros/install/go1_description/share/colcon-core/packages/go1_description)
[0.808s] Level 1:colcon.colcon_core.environment:create_environment_scripts_only(go1_description)
[0.809s] Level 1:colcon.colcon_core.environment:checking '/home/yk/rosros/install/go1_description' for CMake module files
[0.809s] Level 1:colcon.colcon_core.environment:checking '/home/yk/rosros/install/go1_description' for CMake config files
[0.809s] Level 1:colcon.colcon_core.shell:create_environment_hook('go1_description', 'cmake_prefix_path')
[0.810s] INFO:colcon.colcon_core.shell:Creating environment hook '/home/yk/rosros/install/go1_description/share/go1_description/hook/cmake_prefix_path.ps1'
[0.813s] INFO:colcon.colcon_core.shell:Creating environment descriptor '/home/yk/rosros/install/go1_description/share/go1_description/hook/cmake_prefix_path.dsv'
[0.813s] INFO:colcon.colcon_core.shell:Creating environment hook '/home/yk/rosros/install/go1_description/share/go1_description/hook/cmake_prefix_path.sh'
[0.817s] Level 1:colcon.colcon_core.environment:checking '/home/yk/rosros/install/go1_description/bin'
[0.817s] Level 1:colcon.colcon_core.environment:checking '/home/yk/rosros/install/go1_description/lib/pkgconfig/go1_description.pc'
[0.818s] Level 1:colcon.colcon_core.environment:checking '/home/yk/rosros/install/go1_description/lib/python3.10/site-packages'
[0.818s] Level 1:colcon.colcon_core.environment:checking '/home/yk/rosros/install/go1_description/bin'
[0.818s] INFO:colcon.colcon_core.shell:Creating package script '/home/yk/rosros/install/go1_description/share/go1_description/package.ps1'
[0.819s] INFO:colcon.colcon_core.shell:Creating package descriptor '/home/yk/rosros/install/go1_description/share/go1_description/package.dsv'
[0.821s] INFO:colcon.colcon_core.shell:Creating package script '/home/yk/rosros/install/go1_description/share/go1_description/package.sh'
[0.821s] INFO:colcon.colcon_core.shell:Creating package script '/home/yk/rosros/install/go1_description/share/go1_description/package.bash'
[0.822s] INFO:colcon.colcon_core.shell:Creating package script '/home/yk/rosros/install/go1_description/share/go1_description/package.zsh'
[0.823s] Level 1:colcon.colcon_core.environment:create_file_with_runtime_dependencies(/home/yk/rosros/install/go1_description/share/colcon-core/packages/go1_description)
[0.823s] INFO:colcon.colcon_ros.task.ament_cmake.build:Building ROS package in '/home/yk/rosros/src/unitree_ros2_sim/go1_sim/go1_gazebo' with build type 'ament_cmake'
[0.823s] INFO:colcon.colcon_cmake.task.cmake.build:Building CMake package in '/home/yk/rosros/src/unitree_ros2_sim/go1_sim/go1_gazebo'
[0.824s] INFO:colcon.colcon_core.shell:Skip shell extension 'powershell' for command environment: Not usable outside of PowerShell
[0.824s] DEBUG:colcon.colcon_core.shell:Skip shell extension 'dsv' for command environment
[0.876s] DEBUG:colcon.colcon_core.event_handler.log_command:Invoking command in '/home/yk/rosros/build/go1_gazebo': CMAKE_PREFIX_PATH=${CMAKE_PREFIX_PATH}:/home/yk/rosros/install/go1_navigation:/opt/ros/humble /usr/bin/cmake --build /home/yk/rosros/build/go1_gazebo -- -j2 -l2
[0.983s] DEBUG:colcon.colcon_core.event_handler.log_command:Invoked command in '/home/yk/rosros/build/go1_gazebo' returned '0': CMAKE_PREFIX_PATH=${CMAKE_PREFIX_PATH}:/home/yk/rosros/install/go1_navigation:/opt/ros/humble /usr/bin/cmake --build /home/yk/rosros/build/go1_gazebo -- -j2 -l2
[1.048s] DEBUG:colcon.colcon_core.event_handler.log_command:Invoking command in '/home/yk/rosros/build/go1_gazebo': CMAKE_PREFIX_PATH=${CMAKE_PREFIX_PATH}:/home/yk/rosros/install/go1_navigation:/opt/ros/humble /usr/bin/cmake --install /home/yk/rosros/build/go1_gazebo
[1.057s] Level 1:colcon.colcon_core.environment:create_environment_scripts_only(go1_gazebo)
[1.058s] Level 1:colcon.colcon_core.environment:checking '/home/yk/rosros/install/go1_gazebo' for CMake module files
[1.058s] Level 1:colcon.colcon_core.environment:checking '/home/yk/rosros/install/go1_gazebo' for CMake config files
[1.058s] Level 1:colcon.colcon_core.shell:create_environment_hook('go1_gazebo', 'cmake_prefix_path')
[1.059s] INFO:colcon.colcon_core.shell:Creating environment hook '/home/yk/rosros/install/go1_gazebo/share/go1_gazebo/hook/cmake_prefix_path.ps1'
[1.059s] INFO:colcon.colcon_core.shell:Creating environment descriptor '/home/yk/rosros/install/go1_gazebo/share/go1_gazebo/hook/cmake_prefix_path.dsv'
[1.063s] DEBUG:colcon.colcon_core.event_handler.log_command:Invoked command in '/home/yk/rosros/build/go1_gazebo' returned '0': CMAKE_PREFIX_PATH=${CMAKE_PREFIX_PATH}:/home/yk/rosros/install/go1_navigation:/opt/ros/humble /usr/bin/cmake --install /home/yk/rosros/build/go1_gazebo
[1.063s] INFO:colcon.colcon_core.shell:Creating environment hook '/home/yk/rosros/install/go1_gazebo/share/go1_gazebo/hook/cmake_prefix_path.sh'
[1.064s] Level 1:colcon.colcon_core.environment:checking '/home/yk/rosros/install/go1_gazebo/bin'
[1.064s] Level 1:colcon.colcon_core.environment:checking '/home/yk/rosros/install/go1_gazebo/lib/pkgconfig/go1_gazebo.pc'
[1.064s] Level 1:colcon.colcon_core.environment:checking '/home/yk/rosros/install/go1_gazebo/lib/python3.10/site-packages'
[1.065s] Level 1:colcon.colcon_core.environment:checking '/home/yk/rosros/install/go1_gazebo/bin'
[1.065s] INFO:colcon.colcon_core.shell:Creating package script '/home/yk/rosros/install/go1_gazebo/share/go1_gazebo/package.ps1'
[1.065s] INFO:colcon.colcon_core.shell:Creating package descriptor '/home/yk/rosros/install/go1_gazebo/share/go1_gazebo/package.dsv'
[1.066s] INFO:colcon.colcon_core.shell:Creating package script '/home/yk/rosros/install/go1_gazebo/share/go1_gazebo/package.sh'
[1.066s] INFO:colcon.colcon_core.shell:Creating package script '/home/yk/rosros/install/go1_gazebo/share/go1_gazebo/package.bash'
[1.067s] INFO:colcon.colcon_core.shell:Creating package script '/home/yk/rosros/install/go1_gazebo/share/go1_gazebo/package.zsh'
[1.067s] Level 1:colcon.colcon_core.environment:create_file_with_runtime_dependencies(/home/yk/rosros/install/go1_gazebo/share/colcon-core/packages/go1_gazebo)
[1.160s] Level 1:colcon.colcon_core.environment:create_environment_scripts_only(go1_gazebo)
[1.161s] Level 1:colcon.colcon_core.environment:checking '/home/yk/rosros/install/go1_gazebo' for CMake module files
[1.161s] Level 1:colcon.colcon_core.environment:checking '/home/yk/rosros/install/go1_gazebo' for CMake config files
[1.162s] Level 1:colcon.colcon_core.shell:create_environment_hook('go1_gazebo', 'cmake_prefix_path')
[1.162s] INFO:colcon.colcon_core.shell:Creating environment hook '/home/yk/rosros/install/go1_gazebo/share/go1_gazebo/hook/cmake_prefix_path.ps1'
[1.164s] INFO:colcon.colcon_core.shell:Creating environment descriptor '/home/yk/rosros/install/go1_gazebo/share/go1_gazebo/hook/cmake_prefix_path.dsv'
[1.165s] INFO:colcon.colcon_core.shell:Creating environment hook '/home/yk/rosros/install/go1_gazebo/share/go1_gazebo/hook/cmake_prefix_path.sh'
[1.166s] Level 1:colcon.colcon_core.environment:checking '/home/yk/rosros/install/go1_gazebo/bin'
[1.166s] Level 1:colcon.colcon_core.environment:checking '/home/yk/rosros/install/go1_gazebo/lib/pkgconfig/go1_gazebo.pc'
[1.168s] Level 1:colcon.colcon_core.environment:checking '/home/yk/rosros/install/go1_gazebo/lib/python3.10/site-packages'
[1.168s] Level 1:colcon.colcon_core.environment:checking '/home/yk/rosros/install/go1_gazebo/bin'
[1.168s] INFO:colcon.colcon_core.shell:Creating package script '/home/yk/rosros/install/go1_gazebo/share/go1_gazebo/package.ps1'
[1.169s] INFO:colcon.colcon_core.shell:Creating package descriptor '/home/yk/rosros/install/go1_gazebo/share/go1_gazebo/package.dsv'
[1.172s] INFO:colcon.colcon_core.shell:Creating package script '/home/yk/rosros/install/go1_gazebo/share/go1_gazebo/package.sh'
[1.173s] INFO:colcon.colcon_core.shell:Creating package script '/home/yk/rosros/install/go1_gazebo/share/go1_gazebo/package.bash'
[1.174s] INFO:colcon.colcon_core.shell:Creating package script '/home/yk/rosros/install/go1_gazebo/share/go1_gazebo/package.zsh'
[1.175s] Level 1:colcon.colcon_core.environment:create_file_with_runtime_dependencies(/home/yk/rosros/install/go1_gazebo/share/colcon-core/packages/go1_gazebo)
[1.177s] INFO:colcon.colcon_ros.task.ament_python.build:Building ROS package in '/home/yk/rosros/src/unitree_ros2_sim/go1_sim/go1_navigation' with build type 'ament_python'
[1.177s] Level 1:colcon.colcon_core.shell:create_environment_hook('go1_navigation', 'ament_prefix_path')
[1.177s] INFO:colcon.colcon_core.shell:Creating environment hook '/home/yk/rosros/install/go1_navigation/share/go1_navigation/hook/ament_prefix_path.ps1'
[1.178s] INFO:colcon.colcon_core.shell:Creating environment descriptor '/home/yk/rosros/install/go1_navigation/share/go1_navigation/hook/ament_prefix_path.dsv'
[1.179s] INFO:colcon.colcon_core.shell:Creating environment hook '/home/yk/rosros/install/go1_navigation/share/go1_navigation/hook/ament_prefix_path.sh'
[1.180s] INFO:colcon.colcon_core.shell:Skip shell extension 'powershell' for command environment: Not usable outside of PowerShell
[1.180s] DEBUG:colcon.colcon_core.shell:Skip shell extension 'dsv' for command environment
[1.589s] INFO:colcon.colcon_core.task.python.build:Building Python package in '/home/yk/rosros/src/unitree_ros2_sim/go1_sim/go1_navigation'
[1.589s] INFO:colcon.colcon_core.shell:Skip shell extension 'powershell' for command environment: Not usable outside of PowerShell
[1.589s] DEBUG:colcon.colcon_core.shell:Skip shell extension 'dsv' for command environment
[1.602s] DEBUG:colcon.colcon_core.event_handler.log_command:Invoked command in '/home/yk/rosros/build/ros2_unitree_legged_msgs' returned '0': CMAKE_PREFIX_PATH=${CMAKE_PREFIX_PATH}:/home/yk/rosros/install/go1_navigation:/opt/ros/humble /usr/bin/cmake --build /home/yk/rosros/build/ros2_unitree_legged_msgs -- -j2 -l2
[1.923s] DEBUG:colcon.colcon_core.event_handler.log_command:Invoking command in '/home/yk/rosros/build/ros2_unitree_legged_msgs': CMAKE_PREFIX_PATH=${CMAKE_PREFIX_PATH}:/home/yk/rosros/install/go1_navigation:/opt/ros/humble /usr/bin/cmake --install /home/yk/rosros/build/ros2_unitree_legged_msgs
[2.003s] Level 1:colcon.colcon_core.environment:create_environment_scripts_only(ros2_unitree_legged_msgs)
[2.004s] Level 1:colcon.colcon_core.environment:checking '/home/yk/rosros/install/ros2_unitree_legged_msgs' for CMake module files
[2.005s] DEBUG:colcon.colcon_core.event_handler.log_command:Invoked command in '/home/yk/rosros/build/ros2_unitree_legged_msgs' returned '0': CMAKE_PREFIX_PATH=${CMAKE_PREFIX_PATH}:/home/yk/rosros/install/go1_navigation:/opt/ros/humble /usr/bin/cmake --install /home/yk/rosros/build/ros2_unitree_legged_msgs
[2.010s] Level 1:colcon.colcon_core.environment:checking '/home/yk/rosros/install/ros2_unitree_legged_msgs' for CMake config files
[2.010s] Level 1:colcon.colcon_core.shell:create_environment_hook('ros2_unitree_legged_msgs', 'cmake_prefix_path')
[2.011s] INFO:colcon.colcon_core.shell:Creating environment hook '/home/yk/rosros/install/ros2_unitree_legged_msgs/share/ros2_unitree_legged_msgs/hook/cmake_prefix_path.ps1'
[2.011s] INFO:colcon.colcon_core.shell:Creating environment descriptor '/home/yk/rosros/install/ros2_unitree_legged_msgs/share/ros2_unitree_legged_msgs/hook/cmake_prefix_path.dsv'
[2.012s] INFO:colcon.colcon_core.shell:Creating environment hook '/home/yk/rosros/install/ros2_unitree_legged_msgs/share/ros2_unitree_legged_msgs/hook/cmake_prefix_path.sh'
[2.013s] Level 1:colcon.colcon_core.environment:checking '/home/yk/rosros/install/ros2_unitree_legged_msgs/lib'
[2.013s] Level 1:colcon.colcon_core.shell:create_environment_hook('ros2_unitree_legged_msgs', 'ld_library_path_lib')
[2.013s] INFO:colcon.colcon_core.shell:Creating environment hook '/home/yk/rosros/install/ros2_unitree_legged_msgs/share/ros2_unitree_legged_msgs/hook/ld_library_path_lib.ps1'
[2.014s] INFO:colcon.colcon_core.shell:Creating environment descriptor '/home/yk/rosros/install/ros2_unitree_legged_msgs/share/ros2_unitree_legged_msgs/hook/ld_library_path_lib.dsv'
[2.014s] INFO:colcon.colcon_core.shell:Creating environment hook '/home/yk/rosros/install/ros2_unitree_legged_msgs/share/ros2_unitree_legged_msgs/hook/ld_library_path_lib.sh'
[2.015s] Level 1:colcon.colcon_core.environment:checking '/home/yk/rosros/install/ros2_unitree_legged_msgs/bin'
[2.015s] Level 1:colcon.colcon_core.environment:checking '/home/yk/rosros/install/ros2_unitree_legged_msgs/lib/pkgconfig/ros2_unitree_legged_msgs.pc'
[2.015s] Level 1:colcon.colcon_core.environment:checking '/home/yk/rosros/install/ros2_unitree_legged_msgs/lib/python3.10/site-packages'
[2.015s] Level 1:colcon.colcon_core.environment:checking '/home/yk/rosros/install/ros2_unitree_legged_msgs/bin'
[2.016s] INFO:colcon.colcon_core.shell:Creating package script '/home/yk/rosros/install/ros2_unitree_legged_msgs/share/ros2_unitree_legged_msgs/package.ps1'
[2.016s] INFO:colcon.colcon_core.shell:Creating package descriptor '/home/yk/rosros/install/ros2_unitree_legged_msgs/share/ros2_unitree_legged_msgs/package.dsv'
[2.017s] INFO:colcon.colcon_core.shell:Creating package script '/home/yk/rosros/install/ros2_unitree_legged_msgs/share/ros2_unitree_legged_msgs/package.sh'
[2.017s] INFO:colcon.colcon_core.shell:Creating package script '/home/yk/rosros/install/ros2_unitree_legged_msgs/share/ros2_unitree_legged_msgs/package.bash'
[2.018s] INFO:colcon.colcon_core.shell:Creating package script '/home/yk/rosros/install/ros2_unitree_legged_msgs/share/ros2_unitree_legged_msgs/package.zsh'
[2.018s] Level 1:colcon.colcon_core.environment:create_file_with_runtime_dependencies(/home/yk/rosros/install/ros2_unitree_legged_msgs/share/colcon-core/packages/ros2_unitree_legged_msgs)
[2.196s] DEBUG:colcon.colcon_core.event_handler.log_command:Invoking command in '/home/yk/rosros/src/unitree_ros2_sim/go1_sim/go1_navigation': PYTHONPATH=/home/yk/rosros/build/go1_navigation/prefix_override:/usr/lib/python3/dist-packages/colcon_core/task/python/colcon_distutils_commands:/home/yk/rosros/install/go1_navigation/lib/python3.10/site-packages:${PYTHONPATH} /usr/bin/python3 -W ignore:setup.py install is deprecated setup.py egg_info --egg-base ../../../../build/go1_navigation build --build-base /home/yk/rosros/build/go1_navigation/build install --record /home/yk/rosros/build/go1_navigation/install.log --single-version-externally-managed install_data
[2.382s] Level 1:colcon.colcon_core.environment:create_environment_scripts_only(ros2_unitree_legged_msgs)
[2.382s] Level 1:colcon.colcon_core.environment:checking '/home/yk/rosros/install/ros2_unitree_legged_msgs' for CMake module files
[2.383s] Level 1:colcon.colcon_core.environment:checking '/home/yk/rosros/install/ros2_unitree_legged_msgs' for CMake config files
[2.383s] Level 1:colcon.colcon_core.shell:create_environment_hook('ros2_unitree_legged_msgs', 'cmake_prefix_path')
[2.383s] INFO:colcon.colcon_core.shell:Creating environment hook '/home/yk/rosros/install/ros2_unitree_legged_msgs/share/ros2_unitree_legged_msgs/hook/cmake_prefix_path.ps1'
[2.384s] INFO:colcon.colcon_core.shell:Creating environment descriptor '/home/yk/rosros/install/ros2_unitree_legged_msgs/share/ros2_unitree_legged_msgs/hook/cmake_prefix_path.dsv'
[2.384s] INFO:colcon.colcon_core.shell:Creating environment hook '/home/yk/rosros/install/ros2_unitree_legged_msgs/share/ros2_unitree_legged_msgs/hook/cmake_prefix_path.sh'
[2.385s] Level 1:colcon.colcon_core.environment:checking '/home/yk/rosros/install/ros2_unitree_legged_msgs/lib'
[2.385s] Level 1:colcon.colcon_core.shell:create_environment_hook('ros2_unitree_legged_msgs', 'ld_library_path_lib')
[2.386s] INFO:colcon.colcon_core.shell:Creating environment hook '/home/yk/rosros/install/ros2_unitree_legged_msgs/share/ros2_unitree_legged_msgs/hook/ld_library_path_lib.ps1'
[2.386s] INFO:colcon.colcon_core.shell:Creating environment descriptor '/home/yk/rosros/install/ros2_unitree_legged_msgs/share/ros2_unitree_legged_msgs/hook/ld_library_path_lib.dsv'
[2.386s] INFO:colcon.colcon_core.shell:Creating environment hook '/home/yk/rosros/install/ros2_unitree_legged_msgs/share/ros2_unitree_legged_msgs/hook/ld_library_path_lib.sh'
[2.387s] Level 1:colcon.colcon_core.environment:checking '/home/yk/rosros/install/ros2_unitree_legged_msgs/bin'
[2.387s] Level 1:colcon.colcon_core.environment:checking '/home/yk/rosros/install/ros2_unitree_legged_msgs/lib/pkgconfig/ros2_unitree_legged_msgs.pc'
[2.387s] Level 1:colcon.colcon_core.environment:checking '/home/yk/rosros/install/ros2_unitree_legged_msgs/lib/python3.10/site-packages'
[2.388s] Level 1:colcon.colcon_core.environment:checking '/home/yk/rosros/install/ros2_unitree_legged_msgs/bin'
[2.388s] INFO:colcon.colcon_core.shell:Creating package script '/home/yk/rosros/install/ros2_unitree_legged_msgs/share/ros2_unitree_legged_msgs/package.ps1'
[2.389s] INFO:colcon.colcon_core.shell:Creating package descriptor '/home/yk/rosros/install/ros2_unitree_legged_msgs/share/ros2_unitree_legged_msgs/package.dsv'
[2.389s] INFO:colcon.colcon_core.shell:Creating package script '/home/yk/rosros/install/ros2_unitree_legged_msgs/share/ros2_unitree_legged_msgs/package.sh'
[2.390s] INFO:colcon.colcon_core.shell:Creating package script '/home/yk/rosros/install/ros2_unitree_legged_msgs/share/ros2_unitree_legged_msgs/package.bash'
[2.390s] INFO:colcon.colcon_core.shell:Creating package script '/home/yk/rosros/install/ros2_unitree_legged_msgs/share/ros2_unitree_legged_msgs/package.zsh'
[2.391s] Level 1:colcon.colcon_core.environment:create_file_with_runtime_dependencies(/home/yk/rosros/install/ros2_unitree_legged_msgs/share/colcon-core/packages/ros2_unitree_legged_msgs)
[2.391s] INFO:colcon.colcon_ros.task.ament_cmake.build:Building ROS package in '/home/yk/rosros/src/unitree_ros2_sim/ros2_unitree_legged_controller' with build type 'ament_cmake'
[2.391s] INFO:colcon.colcon_cmake.task.cmake.build:Building CMake package in '/home/yk/rosros/src/unitree_ros2_sim/ros2_unitree_legged_controller'
[2.392s] INFO:colcon.colcon_core.shell:Skip shell extension 'powershell' for command environment: Not usable outside of PowerShell
[2.392s] DEBUG:colcon.colcon_core.shell:Skip shell extension 'dsv' for command environment
[2.418s] DEBUG:colcon.colcon_core.event_handler.log_command:Invoking command in '/home/yk/rosros/build/ros2_unitree_legged_control': CMAKE_PREFIX_PATH=/home/yk/rosros/install/ros2_unitree_legged_msgs:/home/yk/rosros/install/unitree_guide2:/home/yk/rosros/install/ros2_unitree_legged_control:/home/yk/rosros/install/go1_gazebo:/home/yk/rosros/install/go1_description:/home/yk/rosros/install/go1_navigation:/opt/ros/humble LD_LIBRARY_PATH=/home/yk/rosros/install/ros2_unitree_legged_msgs/lib:/home/yk/rosros/install/ros2_unitree_legged_control/lib:/usr/lib/x86_64-linux-gnu/gazebo-11/plugins:/opt/ros/humble/opt/rviz_ogre_vendor/lib:/opt/ros/humble/lib/x86_64-linux-gnu:/opt/ros/humble/lib /usr/bin/cmake --build /home/yk/rosros/build/ros2_unitree_legged_control -- -j2 -l2
[2.540s] DEBUG:colcon.colcon_core.event_handler.log_command:Invoked command in '/home/yk/rosros/build/ros2_unitree_legged_control' returned '0': CMAKE_PREFIX_PATH=/home/yk/rosros/install/ros2_unitree_legged_msgs:/home/yk/rosros/install/unitree_guide2:/home/yk/rosros/install/ros2_unitree_legged_control:/home/yk/rosros/install/go1_gazebo:/home/yk/rosros/install/go1_description:/home/yk/rosros/install/go1_navigation:/opt/ros/humble LD_LIBRARY_PATH=/home/yk/rosros/install/ros2_unitree_legged_msgs/lib:/home/yk/rosros/install/ros2_unitree_legged_control/lib:/usr/lib/x86_64-linux-gnu/gazebo-11/plugins:/opt/ros/humble/opt/rviz_ogre_vendor/lib:/opt/ros/humble/lib/x86_64-linux-gnu:/opt/ros/humble/lib /usr/bin/cmake --build /home/yk/rosros/build/ros2_unitree_legged_control -- -j2 -l2
[2.587s] DEBUG:colcon.colcon_core.event_handler.log_command:Invoking command in '/home/yk/rosros/build/ros2_unitree_legged_control': CMAKE_PREFIX_PATH=/home/yk/rosros/install/ros2_unitree_legged_msgs:/home/yk/rosros/install/unitree_guide2:/home/yk/rosros/install/ros2_unitree_legged_control:/home/yk/rosros/install/go1_gazebo:/home/yk/rosros/install/go1_description:/home/yk/rosros/install/go1_navigation:/opt/ros/humble LD_LIBRARY_PATH=/home/yk/rosros/install/ros2_unitree_legged_msgs/lib:/home/yk/rosros/install/ros2_unitree_legged_control/lib:/usr/lib/x86_64-linux-gnu/gazebo-11/plugins:/opt/ros/humble/opt/rviz_ogre_vendor/lib:/opt/ros/humble/lib/x86_64-linux-gnu:/opt/ros/humble/lib /usr/bin/cmake --install /home/yk/rosros/build/ros2_unitree_legged_control
[2.601s] Level 1:colcon.colcon_core.environment:create_environment_scripts_only(ros2_unitree_legged_control)
[2.601s] Level 1:colcon.colcon_core.environment:checking '/home/yk/rosros/install/ros2_unitree_legged_control' for CMake module files
[2.602s] DEBUG:colcon.colcon_core.event_handler.log_command:Invoked command in '/home/yk/rosros/build/ros2_unitree_legged_control' returned '0': CMAKE_PREFIX_PATH=/home/yk/rosros/install/ros2_unitree_legged_msgs:/home/yk/rosros/install/unitree_guide2:/home/yk/rosros/install/ros2_unitree_legged_control:/home/yk/rosros/install/go1_gazebo:/home/yk/rosros/install/go1_description:/home/yk/rosros/install/go1_navigation:/opt/ros/humble LD_LIBRARY_PATH=/home/yk/rosros/install/ros2_unitree_legged_msgs/lib:/home/yk/rosros/install/ros2_unitree_legged_control/lib:/usr/lib/x86_64-linux-gnu/gazebo-11/plugins:/opt/ros/humble/opt/rviz_ogre_vendor/lib:/opt/ros/humble/lib/x86_64-linux-gnu:/opt/ros/humble/lib /usr/bin/cmake --install /home/yk/rosros/build/ros2_unitree_legged_control
[2.603s] Level 1:colcon.colcon_core.environment:checking '/home/yk/rosros/install/ros2_unitree_legged_control' for CMake config files
[2.603s] Level 1:colcon.colcon_core.shell:create_environment_hook('ros2_unitree_legged_control', 'cmake_prefix_path')
[2.603s] INFO:colcon.colcon_core.shell:Creating environment hook '/home/yk/rosros/install/ros2_unitree_legged_control/share/ros2_unitree_legged_control/hook/cmake_prefix_path.ps1'
[2.610s] INFO:colcon.colcon_core.shell:Creating environment descriptor '/home/yk/rosros/install/ros2_unitree_legged_control/share/ros2_unitree_legged_control/hook/cmake_prefix_path.dsv'
[2.611s] INFO:colcon.colcon_core.shell:Creating environment hook '/home/yk/rosros/install/ros2_unitree_legged_control/share/ros2_unitree_legged_control/hook/cmake_prefix_path.sh'
[2.612s] Level 1:colcon.colcon_core.environment:checking '/home/yk/rosros/install/ros2_unitree_legged_control/lib'
[2.612s] Level 1:colcon.colcon_core.environment:checking '/home/yk/rosros/install/ros2_unitree_legged_control/bin'
[2.612s] Level 1:colcon.colcon_core.environment:checking '/home/yk/rosros/install/ros2_unitree_legged_control/lib/pkgconfig/ros2_unitree_legged_control.pc'
[2.613s] Level 1:colcon.colcon_core.environment:checking '/home/yk/rosros/install/ros2_unitree_legged_control/lib/python3.10/site-packages'
[2.613s] Level 1:colcon.colcon_core.environment:checking '/home/yk/rosros/install/ros2_unitree_legged_control/bin'
[2.613s] INFO:colcon.colcon_core.shell:Creating package script '/home/yk/rosros/install/ros2_unitree_legged_control/share/ros2_unitree_legged_control/package.ps1'
[2.614s] INFO:colcon.colcon_core.shell:Creating package descriptor '/home/yk/rosros/install/ros2_unitree_legged_control/share/ros2_unitree_legged_control/package.dsv'
[2.615s] INFO:colcon.colcon_core.shell:Creating package script '/home/yk/rosros/install/ros2_unitree_legged_control/share/ros2_unitree_legged_control/package.sh'
[2.616s] INFO:colcon.colcon_core.shell:Creating package script '/home/yk/rosros/install/ros2_unitree_legged_control/share/ros2_unitree_legged_control/package.bash'
[2.617s] INFO:colcon.colcon_core.shell:Creating package script '/home/yk/rosros/install/ros2_unitree_legged_control/share/ros2_unitree_legged_control/package.zsh'
[2.617s] Level 1:colcon.colcon_core.environment:create_file_with_runtime_dependencies(/home/yk/rosros/install/ros2_unitree_legged_control/share/colcon-core/packages/ros2_unitree_legged_control)
[2.660s] Level 1:colcon.colcon_core.environment:create_environment_scripts_only(ros2_unitree_legged_control)
[2.661s] Level 1:colcon.colcon_core.environment:checking '/home/yk/rosros/install/ros2_unitree_legged_control' for CMake module files
[2.661s] Level 1:colcon.colcon_core.environment:checking '/home/yk/rosros/install/ros2_unitree_legged_control' for CMake config files
[2.662s] Level 1:colcon.colcon_core.shell:create_environment_hook('ros2_unitree_legged_control', 'cmake_prefix_path')
[2.662s] INFO:colcon.colcon_core.shell:Creating environment hook '/home/yk/rosros/install/ros2_unitree_legged_control/share/ros2_unitree_legged_control/hook/cmake_prefix_path.ps1'
[2.663s] INFO:colcon.colcon_core.shell:Creating environment descriptor '/home/yk/rosros/install/ros2_unitree_legged_control/share/ros2_unitree_legged_control/hook/cmake_prefix_path.dsv'
[2.664s] INFO:colcon.colcon_core.shell:Creating environment hook '/home/yk/rosros/install/ros2_unitree_legged_control/share/ros2_unitree_legged_control/hook/cmake_prefix_path.sh'
[2.665s] Level 1:colcon.colcon_core.environment:checking '/home/yk/rosros/install/ros2_unitree_legged_control/lib'
[2.665s] Level 1:colcon.colcon_core.environment:checking '/home/yk/rosros/install/ros2_unitree_legged_control/bin'
[2.665s] Level 1:colcon.colcon_core.environment:checking '/home/yk/rosros/install/ros2_unitree_legged_control/lib/pkgconfig/ros2_unitree_legged_control.pc'
[2.665s] Level 1:colcon.colcon_core.environment:checking '/home/yk/rosros/install/ros2_unitree_legged_control/lib/python3.10/site-packages'
[2.665s] Level 1:colcon.colcon_core.environment:checking '/home/yk/rosros/install/ros2_unitree_legged_control/bin'
[2.666s] INFO:colcon.colcon_core.shell:Creating package script '/home/yk/rosros/install/ros2_unitree_legged_control/share/ros2_unitree_legged_control/package.ps1'
[2.666s] INFO:colcon.colcon_core.shell:Creating package descriptor '/home/yk/rosros/install/ros2_unitree_legged_control/share/ros2_unitree_legged_control/package.dsv'
[2.667s] INFO:colcon.colcon_core.shell:Creating package script '/home/yk/rosros/install/ros2_unitree_legged_control/share/ros2_unitree_legged_control/package.sh'
[2.668s] INFO:colcon.colcon_core.shell:Creating package script '/home/yk/rosros/install/ros2_unitree_legged_control/share/ros2_unitree_legged_control/package.bash'
[2.669s] INFO:colcon.colcon_core.shell:Creating package script '/home/yk/rosros/install/ros2_unitree_legged_control/share/ros2_unitree_legged_control/package.zsh'
[2.669s] Level 1:colcon.colcon_core.environment:create_file_with_runtime_dependencies(/home/yk/rosros/install/ros2_unitree_legged_control/share/colcon-core/packages/ros2_unitree_legged_control)
[2.670s] INFO:colcon.colcon_ros.task.ament_cmake.build:Building ROS package in '/home/yk/rosros/src/unitree_ros2_sim/unitree_guide2' with build type 'ament_cmake'
[2.670s] INFO:colcon.colcon_cmake.task.cmake.build:Building CMake package in '/home/yk/rosros/src/unitree_ros2_sim/unitree_guide2'
[2.670s] INFO:colcon.colcon_core.shell:Skip shell extension 'powershell' for command environment: Not usable outside of PowerShell
[2.670s] DEBUG:colcon.colcon_core.shell:Skip shell extension 'dsv' for command environment
[2.697s] DEBUG:colcon.colcon_core.event_handler.log_command:Invoking command in '/home/yk/rosros/build/unitree_guide2': CMAKE_PREFIX_PATH=/home/yk/rosros/install/ros2_unitree_legged_msgs:/home/yk/rosros/install/unitree_guide2:/home/yk/rosros/install/ros2_unitree_legged_control:/home/yk/rosros/install/go1_gazebo:/home/yk/rosros/install/go1_description:/home/yk/rosros/install/go1_navigation:/opt/ros/humble LD_LIBRARY_PATH=/home/yk/rosros/install/ros2_unitree_legged_msgs/lib:/home/yk/rosros/install/ros2_unitree_legged_control/lib:/usr/lib/x86_64-linux-gnu/gazebo-11/plugins:/opt/ros/humble/opt/rviz_ogre_vendor/lib:/opt/ros/humble/lib/x86_64-linux-gnu:/opt/ros/humble/lib /usr/bin/cmake --build /home/yk/rosros/build/unitree_guide2 -- -j2 -l2
[2.795s] Level 1:colcon.colcon_core.environment:checking '/home/yk/rosros/install/go1_navigation' for CMake module files
[2.796s] DEBUG:colcon.colcon_core.event_handler.log_command:Invoked command in '/home/yk/rosros/src/unitree_ros2_sim/go1_sim/go1_navigation' returned '0': PYTHONPATH=/home/yk/rosros/build/go1_navigation/prefix_override:/usr/lib/python3/dist-packages/colcon_core/task/python/colcon_distutils_commands:/home/yk/rosros/install/go1_navigation/lib/python3.10/site-packages:${PYTHONPATH} /usr/bin/python3 -W ignore:setup.py install is deprecated setup.py egg_info --egg-base ../../../../build/go1_navigation build --build-base /home/yk/rosros/build/go1_navigation/build install --record /home/yk/rosros/build/go1_navigation/install.log --single-version-externally-managed install_data
[2.797s] Level 1:colcon.colcon_core.environment:checking '/home/yk/rosros/install/go1_navigation' for CMake config files
[2.798s] Level 1:colcon.colcon_core.environment:checking '/home/yk/rosros/install/go1_navigation/lib'
[2.798s] Level 1:colcon.colcon_core.environment:checking '/home/yk/rosros/install/go1_navigation/bin'
[2.798s] Level 1:colcon.colcon_core.environment:checking '/home/yk/rosros/install/go1_navigation/lib/pkgconfig/go1_navigation.pc'
[2.799s] Level 1:colcon.colcon_core.environment:checking '/home/yk/rosros/install/go1_navigation/lib/python3.10/site-packages'
[2.799s] Level 1:colcon.colcon_core.shell:create_environment_hook('go1_navigation', 'pythonpath')
[2.799s] INFO:colcon.colcon_core.shell:Creating environment hook '/home/yk/rosros/install/go1_navigation/share/go1_navigation/hook/pythonpath.ps1'
[2.800s] INFO:colcon.colcon_core.shell:Creating environment descriptor '/home/yk/rosros/install/go1_navigation/share/go1_navigation/hook/pythonpath.dsv'
[2.801s] INFO:colcon.colcon_core.shell:Creating environment hook '/home/yk/rosros/install/go1_navigation/share/go1_navigation/hook/pythonpath.sh'
[2.802s] Level 1:colcon.colcon_core.environment:checking '/home/yk/rosros/install/go1_navigation/bin'
[2.802s] Level 1:colcon.colcon_core.environment:create_environment_scripts_only(go1_navigation)
[2.803s] INFO:colcon.colcon_core.shell:Creating package script '/home/yk/rosros/install/go1_navigation/share/go1_navigation/package.ps1'
[2.804s] INFO:colcon.colcon_core.shell:Creating package descriptor '/home/yk/rosros/install/go1_navigation/share/go1_navigation/package.dsv'
[2.805s] INFO:colcon.colcon_core.shell:Creating package script '/home/yk/rosros/install/go1_navigation/share/go1_navigation/package.sh'
[2.806s] INFO:colcon.colcon_core.shell:Creating package script '/home/yk/rosros/install/go1_navigation/share/go1_navigation/package.bash'
[2.807s] INFO:colcon.colcon_core.shell:Creating package script '/home/yk/rosros/install/go1_navigation/share/go1_navigation/package.zsh'
[2.810s] Level 1:colcon.colcon_core.environment:create_file_with_runtime_dependencies(/home/yk/rosros/install/go1_navigation/share/colcon-core/packages/go1_navigation)
[10.885s] DEBUG:colcon.colcon_core.event_handler.log_command:Invoked command in '/home/yk/rosros/build/unitree_guide2' returned '0': CMAKE_PREFIX_PATH=/home/yk/rosros/install/ros2_unitree_legged_msgs:/home/yk/rosros/install/unitree_guide2:/home/yk/rosros/install/ros2_unitree_legged_control:/home/yk/rosros/install/go1_gazebo:/home/yk/rosros/install/go1_description:/home/yk/rosros/install/go1_navigation:/opt/ros/humble LD_LIBRARY_PATH=/home/yk/rosros/install/ros2_unitree_legged_msgs/lib:/home/yk/rosros/install/ros2_unitree_legged_control/lib:/usr/lib/x86_64-linux-gnu/gazebo-11/plugins:/opt/ros/humble/opt/rviz_ogre_vendor/lib:/opt/ros/humble/lib/x86_64-linux-gnu:/opt/ros/humble/lib /usr/bin/cmake --build /home/yk/rosros/build/unitree_guide2 -- -j2 -l2
[11.002s] DEBUG:colcon.colcon_core.event_handler.log_command:Invoking command in '/home/yk/rosros/build/unitree_guide2': CMAKE_PREFIX_PATH=/home/yk/rosros/install/ros2_unitree_legged_msgs:/home/yk/rosros/install/unitree_guide2:/home/yk/rosros/install/ros2_unitree_legged_control:/home/yk/rosros/install/go1_gazebo:/home/yk/rosros/install/go1_description:/home/yk/rosros/install/go1_navigation:/opt/ros/humble LD_LIBRARY_PATH=/home/yk/rosros/install/ros2_unitree_legged_msgs/lib:/home/yk/rosros/install/ros2_unitree_legged_control/lib:/usr/lib/x86_64-linux-gnu/gazebo-11/plugins:/opt/ros/humble/opt/rviz_ogre_vendor/lib:/opt/ros/humble/lib/x86_64-linux-gnu:/opt/ros/humble/lib /usr/bin/cmake --install /home/yk/rosros/build/unitree_guide2
[11.021s] Level 1:colcon.colcon_core.environment:create_environment_scripts_only(unitree_guide2)
[11.022s] Level 1:colcon.colcon_core.environment:checking '/home/yk/rosros/install/unitree_guide2' for CMake module files
[11.022s] Level 1:colcon.colcon_core.environment:checking '/home/yk/rosros/install/unitree_guide2' for CMake config files
[11.023s] Level 1:colcon.colcon_core.shell:create_environment_hook('unitree_guide2', 'cmake_prefix_path')
[11.023s] INFO:colcon.colcon_core.shell:Creating environment hook '/home/yk/rosros/install/unitree_guide2/share/unitree_guide2/hook/cmake_prefix_path.ps1'
[11.024s] INFO:colcon.colcon_core.shell:Creating environment descriptor '/home/yk/rosros/install/unitree_guide2/share/unitree_guide2/hook/cmake_prefix_path.dsv'
[11.024s] DEBUG:colcon.colcon_core.event_handler.log_command:Invoked command in '/home/yk/rosros/build/unitree_guide2' returned '0': CMAKE_PREFIX_PATH=/home/yk/rosros/install/ros2_unitree_legged_msgs:/home/yk/rosros/install/unitree_guide2:/home/yk/rosros/install/ros2_unitree_legged_control:/home/yk/rosros/install/go1_gazebo:/home/yk/rosros/install/go1_description:/home/yk/rosros/install/go1_navigation:/opt/ros/humble LD_LIBRARY_PATH=/home/yk/rosros/install/ros2_unitree_legged_msgs/lib:/home/yk/rosros/install/ros2_unitree_legged_control/lib:/usr/lib/x86_64-linux-gnu/gazebo-11/plugins:/opt/ros/humble/opt/rviz_ogre_vendor/lib:/opt/ros/humble/lib/x86_64-linux-gnu:/opt/ros/humble/lib /usr/bin/cmake --install /home/yk/rosros/build/unitree_guide2
[11.025s] INFO:colcon.colcon_core.shell:Creating environment hook '/home/yk/rosros/install/unitree_guide2/share/unitree_guide2/hook/cmake_prefix_path.sh'
[11.026s] Level 1:colcon.colcon_core.environment:checking '/home/yk/rosros/install/unitree_guide2/lib'
[11.026s] Level 1:colcon.colcon_core.environment:checking '/home/yk/rosros/install/unitree_guide2/bin'
[11.026s] Level 1:colcon.colcon_core.environment:checking '/home/yk/rosros/install/unitree_guide2/lib/pkgconfig/unitree_guide2.pc'
[11.027s] Level 1:colcon.colcon_core.environment:checking '/home/yk/rosros/install/unitree_guide2/lib/python3.10/site-packages'
[11.027s] Level 1:colcon.colcon_core.environment:checking '/home/yk/rosros/install/unitree_guide2/bin'
[11.028s] INFO:colcon.colcon_core.shell:Creating package script '/home/yk/rosros/install/unitree_guide2/share/unitree_guide2/package.ps1'
[11.028s] INFO:colcon.colcon_core.shell:Creating package descriptor '/home/yk/rosros/install/unitree_guide2/share/unitree_guide2/package.dsv'
[11.029s] INFO:colcon.colcon_core.shell:Creating package script '/home/yk/rosros/install/unitree_guide2/share/unitree_guide2/package.sh'
[11.030s] INFO:colcon.colcon_core.shell:Creating package script '/home/yk/rosros/install/unitree_guide2/share/unitree_guide2/package.bash'
[11.030s] INFO:colcon.colcon_core.shell:Creating package script '/home/yk/rosros/install/unitree_guide2/share/unitree_guide2/package.zsh'
[11.031s] Level 1:colcon.colcon_core.environment:create_file_with_runtime_dependencies(/home/yk/rosros/install/unitree_guide2/share/colcon-core/packages/unitree_guide2)
[11.142s] Level 1:colcon.colcon_core.environment:create_environment_scripts_only(unitree_guide2)
[11.142s] Level 1:colcon.colcon_core.environment:checking '/home/yk/rosros/install/unitree_guide2' for CMake module files
[11.143s] Level 1:colcon.colcon_core.environment:checking '/home/yk/rosros/install/unitree_guide2' for CMake config files
[11.143s] Level 1:colcon.colcon_core.shell:create_environment_hook('unitree_guide2', 'cmake_prefix_path')
[11.143s] INFO:colcon.colcon_core.shell:Creating environment hook '/home/yk/rosros/install/unitree_guide2/share/unitree_guide2/hook/cmake_prefix_path.ps1'
[11.179s] INFO:colcon.colcon_core.shell:Creating environment descriptor '/home/yk/rosros/install/unitree_guide2/share/unitree_guide2/hook/cmake_prefix_path.dsv'
[11.181s] INFO:colcon.colcon_core.shell:Creating environment hook '/home/yk/rosros/install/unitree_guide2/share/unitree_guide2/hook/cmake_prefix_path.sh'
[11.183s] Level 1:colcon.colcon_core.environment:checking '/home/yk/rosros/install/unitree_guide2/lib'
[11.184s] Level 1:colcon.colcon_core.environment:checking '/home/yk/rosros/install/unitree_guide2/bin'
[11.184s] Level 1:colcon.colcon_core.environment:checking '/home/yk/rosros/install/unitree_guide2/lib/pkgconfig/unitree_guide2.pc'
[11.185s] Level 1:colcon.colcon_core.environment:checking '/home/yk/rosros/install/unitree_guide2/lib/python3.10/site-packages'
[11.186s] Level 1:colcon.colcon_core.environment:checking '/home/yk/rosros/install/unitree_guide2/bin'
[11.187s] INFO:colcon.colcon_core.shell:Creating package script '/home/yk/rosros/install/unitree_guide2/share/unitree_guide2/package.ps1'
[11.189s] INFO:colcon.colcon_core.shell:Creating package descriptor '/home/yk/rosros/install/unitree_guide2/share/unitree_guide2/package.dsv'
[11.194s] INFO:colcon.colcon_core.shell:Creating package script '/home/yk/rosros/install/unitree_guide2/share/unitree_guide2/package.sh'
[11.196s] INFO:colcon.colcon_core.shell:Creating package script '/home/yk/rosros/install/unitree_guide2/share/unitree_guide2/package.bash'
[11.199s] INFO:colcon.colcon_core.shell:Creating package script '/home/yk/rosros/install/unitree_guide2/share/unitree_guide2/package.zsh'
[11.201s] Level 1:colcon.colcon_core.environment:create_file_with_runtime_dependencies(/home/yk/rosros/install/unitree_guide2/share/colcon-core/packages/unitree_guide2)
[11.205s] DEBUG:colcon.colcon_parallel_executor.executor.parallel:closing loop
[11.207s] DEBUG:colcon.colcon_parallel_executor.executor.parallel:loop closed
[11.207s] DEBUG:colcon.colcon_parallel_executor.executor.parallel:run_until_complete finished with '0'
[11.208s] DEBUG:colcon.colcon_core.event_reactor:joining thread
[11.236s] INFO:colcon.colcon_core.plugin_system:Skipping extension 'colcon_notification.desktop_notification.terminal_notifier': Not used on non-Darwin systems
[11.236s] INFO:colcon.colcon_core.plugin_system:Skipping extension 'colcon_notification.desktop_notification.win32': Not used on non-Windows systems
[11.236s] INFO:colcon.colcon_notification.desktop_notification:Sending desktop notification using 'notify2'
[11.276s] DEBUG:colcon.colcon_core.event_reactor:joined thread
[11.277s] INFO:colcon.colcon_core.shell:Creating prefix script '/home/yk/rosros/install/local_setup.ps1'
[11.278s] INFO:colcon.colcon_core.shell:Creating prefix util module '/home/yk/rosros/install/_local_setup_util_ps1.py'
[11.280s] INFO:colcon.colcon_core.shell:Creating prefix chain script '/home/yk/rosros/install/setup.ps1'
[11.318s] INFO:colcon.colcon_core.shell:Creating prefix script '/home/yk/rosros/install/local_setup.sh'
[11.321s] INFO:colcon.colcon_core.shell:Creating prefix util module '/home/yk/rosros/install/_local_setup_util_sh.py'
[11.322s] INFO:colcon.colcon_core.shell:Creating prefix chain script '/home/yk/rosros/install/setup.sh'
[11.325s] INFO:colcon.colcon_core.shell:Creating prefix script '/home/yk/rosros/install/local_setup.bash'
[11.326s] INFO:colcon.colcon_core.shell:Creating prefix chain script '/home/yk/rosros/install/setup.bash'
[11.327s] INFO:colcon.colcon_core.shell:Creating prefix script '/home/yk/rosros/install/local_setup.zsh'
[11.328s] INFO:colcon.colcon_core.shell:Creating prefix chain script '/home/yk/rosros/install/setup.zsh'
