[0.202s] DEBUG:colcon:Command line arguments: ['/usr/bin/colcon', 'build']
[0.202s] DEBUG:colcon:Parsed command line arguments: Namespace(log_base=None, log_level=None, verb_name='build', build_base='build', install_base='install', merge_install=False, symlink_install=False, test_result_base=None, continue_on_error=False, executor='parallel', parallel_workers=2, event_handlers=None, ignore_user_meta=False, metas=['./colcon.meta'], base_paths=['.'], packages_ignore=None, packages_ignore_regex=None, paths=None, packages_up_to=None, packages_up_to_regex=None, packages_above=None, packages_above_and_dependencies=None, packages_above_depth=None, packages_select_by_dep=None, packages_skip_by_dep=None, packages_skip_up_to=None, packages_select_build_failed=False, packages_skip_build_finished=False, packages_select_test_failures=False, packages_skip_test_passed=False, packages_select=None, packages_skip=None, packages_select_regex=None, packages_skip_regex=None, packages_start=None, packages_end=None, allow_overriding=[], cmake_args=None, cmake_target=None, cmake_target_skip_unavailable=False, cmake_clean_cache=False, cmake_clean_first=False, cmake_force_configure=False, ament_cmake_args=None, catkin_cmake_args=None, catkin_skip_building_tests=False, verb_parser=<colcon_defaults.argument_parser.defaults.DefaultArgumentsDecorator object at 0x76a8cd031240>, verb_extension=<colcon_core.verb.build.BuildVerb object at 0x76a8cd1a6860>, main=<bound method BuildVerb.main of <colcon_core.verb.build.BuildVerb object at 0x76a8cd1a6860>>)
[0.374s] Level 1:colcon.colcon_core.package_discovery:discover_packages(colcon_meta) check parameters
[0.374s] Level 1:colcon.colcon_core.package_discovery:discover_packages(recursive) check parameters
[0.374s] Level 1:colcon.colcon_core.package_discovery:discover_packages(ignore) check parameters
[0.374s] Level 1:colcon.colcon_core.package_discovery:discover_packages(path) check parameters
[0.374s] Level 1:colcon.colcon_core.package_discovery:discover_packages(colcon_meta) discover
[0.374s] Level 1:colcon.colcon_core.package_discovery:discover_packages(recursive) discover
[0.374s] INFO:colcon.colcon_core.package_discovery:Crawling recursively for packages in '/home/yk/rosros'
[0.374s] Level 1:colcon.colcon_core.package_identification:_identify(.) by extensions ['ignore', 'ignore_ament_install']
[0.374s] Level 1:colcon.colcon_core.package_identification:_identify(.) by extension 'ignore'
[0.374s] Level 1:colcon.colcon_core.package_identification:_identify(.) by extension 'ignore_ament_install'
[0.374s] Level 1:colcon.colcon_core.package_identification:_identify(.) by extensions ['colcon_pkg']
[0.374s] Level 1:colcon.colcon_core.package_identification:_identify(.) by extension 'colcon_pkg'
[0.374s] Level 1:colcon.colcon_core.package_identification:_identify(.) by extensions ['colcon_meta']
[0.374s] Level 1:colcon.colcon_core.package_identification:_identify(.) by extension 'colcon_meta'
[0.374s] Level 1:colcon.colcon_core.package_identification:_identify(.) by extensions ['ros']
[0.375s] Level 1:colcon.colcon_core.package_identification:_identify(.) by extension 'ros'
[0.388s] Level 1:colcon.colcon_core.package_identification:_identify(.) by extensions ['cmake', 'python']
[0.388s] Level 1:colcon.colcon_core.package_identification:_identify(.) by extension 'cmake'
[0.388s] Level 1:colcon.colcon_core.package_identification:_identify(.) by extension 'python'
[0.388s] Level 1:colcon.colcon_core.package_identification:_identify(.) by extensions ['python_setup_py']
[0.388s] Level 1:colcon.colcon_core.package_identification:_identify(.) by extension 'python_setup_py'
[0.389s] Level 1:colcon.colcon_core.package_identification:_identify(build) by extensions ['ignore', 'ignore_ament_install']
[0.389s] Level 1:colcon.colcon_core.package_identification:_identify(build) by extension 'ignore'
[0.389s] Level 1:colcon.colcon_core.package_identification:_identify(build) ignored
[0.390s] Level 1:colcon.colcon_core.package_identification:_identify(install) by extensions ['ignore', 'ignore_ament_install']
[0.390s] Level 1:colcon.colcon_core.package_identification:_identify(install) by extension 'ignore'
[0.390s] Level 1:colcon.colcon_core.package_identification:_identify(install) ignored
[0.390s] Level 1:colcon.colcon_core.package_identification:_identify(log) by extensions ['ignore', 'ignore_ament_install']
[0.390s] Level 1:colcon.colcon_core.package_identification:_identify(log) by extension 'ignore'
[0.390s] Level 1:colcon.colcon_core.package_identification:_identify(log) ignored
[0.391s] Level 1:colcon.colcon_core.package_identification:_identify(src) by extensions ['ignore', 'ignore_ament_install']
[0.391s] Level 1:colcon.colcon_core.package_identification:_identify(src) by extension 'ignore'
[0.391s] Level 1:colcon.colcon_core.package_identification:_identify(src) by extension 'ignore_ament_install'
[0.391s] Level 1:colcon.colcon_core.package_identification:_identify(src) by extensions ['colcon_pkg']
[0.391s] Level 1:colcon.colcon_core.package_identification:_identify(src) by extension 'colcon_pkg'
[0.391s] Level 1:colcon.colcon_core.package_identification:_identify(src) by extensions ['colcon_meta']
[0.391s] Level 1:colcon.colcon_core.package_identification:_identify(src) by extension 'colcon_meta'
[0.392s] Level 1:colcon.colcon_core.package_identification:_identify(src) by extensions ['ros']
[0.392s] Level 1:colcon.colcon_core.package_identification:_identify(src) by extension 'ros'
[0.392s] Level 1:colcon.colcon_core.package_identification:_identify(src) by extensions ['cmake', 'python']
[0.392s] Level 1:colcon.colcon_core.package_identification:_identify(src) by extension 'cmake'
[0.392s] Level 1:colcon.colcon_core.package_identification:_identify(src) by extension 'python'
[0.392s] Level 1:colcon.colcon_core.package_identification:_identify(src) by extensions ['python_setup_py']
[0.392s] Level 1:colcon.colcon_core.package_identification:_identify(src) by extension 'python_setup_py'
[0.393s] Level 1:colcon.colcon_core.package_identification:_identify(src/unitree_ros2_sim) by extensions ['ignore', 'ignore_ament_install']
[0.393s] Level 1:colcon.colcon_core.package_identification:_identify(src/unitree_ros2_sim) by extension 'ignore'
[0.393s] Level 1:colcon.colcon_core.package_identification:_identify(src/unitree_ros2_sim) by extension 'ignore_ament_install'
[0.393s] Level 1:colcon.colcon_core.package_identification:_identify(src/unitree_ros2_sim) by extensions ['colcon_pkg']
[0.393s] Level 1:colcon.colcon_core.package_identification:_identify(src/unitree_ros2_sim) by extension 'colcon_pkg'
[0.393s] Level 1:colcon.colcon_core.package_identification:_identify(src/unitree_ros2_sim) by extensions ['colcon_meta']
[0.393s] Level 1:colcon.colcon_core.package_identification:_identify(src/unitree_ros2_sim) by extension 'colcon_meta'
[0.394s] Level 1:colcon.colcon_core.package_identification:_identify(src/unitree_ros2_sim) by extensions ['ros']
[0.394s] Level 1:colcon.colcon_core.package_identification:_identify(src/unitree_ros2_sim) by extension 'ros'
[0.394s] Level 1:colcon.colcon_core.package_identification:_identify(src/unitree_ros2_sim) by extensions ['cmake', 'python']
[0.394s] Level 1:colcon.colcon_core.package_identification:_identify(src/unitree_ros2_sim) by extension 'cmake'
[0.394s] Level 1:colcon.colcon_core.package_identification:_identify(src/unitree_ros2_sim) by extension 'python'
[0.394s] Level 1:colcon.colcon_core.package_identification:_identify(src/unitree_ros2_sim) by extensions ['python_setup_py']
[0.394s] Level 1:colcon.colcon_core.package_identification:_identify(src/unitree_ros2_sim) by extension 'python_setup_py'
[0.395s] Level 1:colcon.colcon_core.package_identification:_identify(src/unitree_ros2_sim/go1_sim) by extensions ['ignore', 'ignore_ament_install']
[0.395s] Level 1:colcon.colcon_core.package_identification:_identify(src/unitree_ros2_sim/go1_sim) by extension 'ignore'
[0.395s] Level 1:colcon.colcon_core.package_identification:_identify(src/unitree_ros2_sim/go1_sim) by extension 'ignore_ament_install'
[0.395s] Level 1:colcon.colcon_core.package_identification:_identify(src/unitree_ros2_sim/go1_sim) by extensions ['colcon_pkg']
[0.395s] Level 1:colcon.colcon_core.package_identification:_identify(src/unitree_ros2_sim/go1_sim) by extension 'colcon_pkg'
[0.395s] Level 1:colcon.colcon_core.package_identification:_identify(src/unitree_ros2_sim/go1_sim) by extensions ['colcon_meta']
[0.395s] Level 1:colcon.colcon_core.package_identification:_identify(src/unitree_ros2_sim/go1_sim) by extension 'colcon_meta'
[0.395s] Level 1:colcon.colcon_core.package_identification:_identify(src/unitree_ros2_sim/go1_sim) by extensions ['ros']
[0.395s] Level 1:colcon.colcon_core.package_identification:_identify(src/unitree_ros2_sim/go1_sim) by extension 'ros'
[0.395s] Level 1:colcon.colcon_core.package_identification:_identify(src/unitree_ros2_sim/go1_sim) by extensions ['cmake', 'python']
[0.395s] Level 1:colcon.colcon_core.package_identification:_identify(src/unitree_ros2_sim/go1_sim) by extension 'cmake'
[0.395s] Level 1:colcon.colcon_core.package_identification:_identify(src/unitree_ros2_sim/go1_sim) by extension 'python'
[0.395s] Level 1:colcon.colcon_core.package_identification:_identify(src/unitree_ros2_sim/go1_sim) by extensions ['python_setup_py']
[0.395s] Level 1:colcon.colcon_core.package_identification:_identify(src/unitree_ros2_sim/go1_sim) by extension 'python_setup_py'
[0.396s] Level 1:colcon.colcon_core.package_identification:_identify(src/unitree_ros2_sim/go1_sim/go1_description) by extensions ['ignore', 'ignore_ament_install']
[0.396s] Level 1:colcon.colcon_core.package_identification:_identify(src/unitree_ros2_sim/go1_sim/go1_description) by extension 'ignore'
[0.396s] Level 1:colcon.colcon_core.package_identification:_identify(src/unitree_ros2_sim/go1_sim/go1_description) by extension 'ignore_ament_install'
[0.396s] Level 1:colcon.colcon_core.package_identification:_identify(src/unitree_ros2_sim/go1_sim/go1_description) by extensions ['colcon_pkg']
[0.397s] Level 1:colcon.colcon_core.package_identification:_identify(src/unitree_ros2_sim/go1_sim/go1_description) by extension 'colcon_pkg'
[0.397s] Level 1:colcon.colcon_core.package_identification:_identify(src/unitree_ros2_sim/go1_sim/go1_description) by extensions ['colcon_meta']
[0.397s] Level 1:colcon.colcon_core.package_identification:_identify(src/unitree_ros2_sim/go1_sim/go1_description) by extension 'colcon_meta'
[0.397s] Level 1:colcon.colcon_core.package_identification:_identify(src/unitree_ros2_sim/go1_sim/go1_description) by extensions ['ros']
[0.397s] Level 1:colcon.colcon_core.package_identification:_identify(src/unitree_ros2_sim/go1_sim/go1_description) by extension 'ros'
[0.399s] DEBUG:colcon.colcon_core.package_identification:Package 'src/unitree_ros2_sim/go1_sim/go1_description' with type 'ros.ament_cmake' and name 'go1_description'
[0.400s] Level 1:colcon.colcon_core.package_identification:_identify(src/unitree_ros2_sim/go1_sim/go1_gazebo) by extensions ['ignore', 'ignore_ament_install']
[0.401s] Level 1:colcon.colcon_core.package_identification:_identify(src/unitree_ros2_sim/go1_sim/go1_gazebo) by extension 'ignore'
[0.401s] Level 1:colcon.colcon_core.package_identification:_identify(src/unitree_ros2_sim/go1_sim/go1_gazebo) by extension 'ignore_ament_install'
[0.401s] Level 1:colcon.colcon_core.package_identification:_identify(src/unitree_ros2_sim/go1_sim/go1_gazebo) by extensions ['colcon_pkg']
[0.401s] Level 1:colcon.colcon_core.package_identification:_identify(src/unitree_ros2_sim/go1_sim/go1_gazebo) by extension 'colcon_pkg'
[0.401s] Level 1:colcon.colcon_core.package_identification:_identify(src/unitree_ros2_sim/go1_sim/go1_gazebo) by extensions ['colcon_meta']
[0.401s] Level 1:colcon.colcon_core.package_identification:_identify(src/unitree_ros2_sim/go1_sim/go1_gazebo) by extension 'colcon_meta'
[0.401s] Level 1:colcon.colcon_core.package_identification:_identify(src/unitree_ros2_sim/go1_sim/go1_gazebo) by extensions ['ros']
[0.401s] Level 1:colcon.colcon_core.package_identification:_identify(src/unitree_ros2_sim/go1_sim/go1_gazebo) by extension 'ros'
[0.402s] DEBUG:colcon.colcon_core.package_identification:Package 'src/unitree_ros2_sim/go1_sim/go1_gazebo' with type 'ros.ament_cmake' and name 'go1_gazebo'
[0.403s] Level 1:colcon.colcon_core.package_identification:_identify(src/unitree_ros2_sim/go1_sim/go1_navigation) by extensions ['ignore', 'ignore_ament_install']
[0.403s] Level 1:colcon.colcon_core.package_identification:_identify(src/unitree_ros2_sim/go1_sim/go1_navigation) by extension 'ignore'
[0.403s] Level 1:colcon.colcon_core.package_identification:_identify(src/unitree_ros2_sim/go1_sim/go1_navigation) by extension 'ignore_ament_install'
[0.403s] Level 1:colcon.colcon_core.package_identification:_identify(src/unitree_ros2_sim/go1_sim/go1_navigation) by extensions ['colcon_pkg']
[0.403s] Level 1:colcon.colcon_core.package_identification:_identify(src/unitree_ros2_sim/go1_sim/go1_navigation) by extension 'colcon_pkg'
[0.403s] Level 1:colcon.colcon_core.package_identification:_identify(src/unitree_ros2_sim/go1_sim/go1_navigation) by extensions ['colcon_meta']
[0.403s] Level 1:colcon.colcon_core.package_identification:_identify(src/unitree_ros2_sim/go1_sim/go1_navigation) by extension 'colcon_meta'
[0.403s] Level 1:colcon.colcon_core.package_identification:_identify(src/unitree_ros2_sim/go1_sim/go1_navigation) by extensions ['ros']
[0.403s] Level 1:colcon.colcon_core.package_identification:_identify(src/unitree_ros2_sim/go1_sim/go1_navigation) by extension 'ros'
[0.405s] DEBUG:colcon.colcon_core.package_identification:Package 'src/unitree_ros2_sim/go1_sim/go1_navigation' with type 'ros.ament_python' and name 'go1_navigation'
[0.406s] Level 1:colcon.colcon_core.package_identification:_identify(src/unitree_ros2_sim/ros2_unitree_legged_controller) by extensions ['ignore', 'ignore_ament_install']
[0.406s] Level 1:colcon.colcon_core.package_identification:_identify(src/unitree_ros2_sim/ros2_unitree_legged_controller) by extension 'ignore'
[0.406s] Level 1:colcon.colcon_core.package_identification:_identify(src/unitree_ros2_sim/ros2_unitree_legged_controller) by extension 'ignore_ament_install'
[0.407s] Level 1:colcon.colcon_core.package_identification:_identify(src/unitree_ros2_sim/ros2_unitree_legged_controller) by extensions ['colcon_pkg']
[0.407s] Level 1:colcon.colcon_core.package_identification:_identify(src/unitree_ros2_sim/ros2_unitree_legged_controller) by extension 'colcon_pkg'
[0.407s] Level 1:colcon.colcon_core.package_identification:_identify(src/unitree_ros2_sim/ros2_unitree_legged_controller) by extensions ['colcon_meta']
[0.407s] Level 1:colcon.colcon_core.package_identification:_identify(src/unitree_ros2_sim/ros2_unitree_legged_controller) by extension 'colcon_meta'
[0.407s] Level 1:colcon.colcon_core.package_identification:_identify(src/unitree_ros2_sim/ros2_unitree_legged_controller) by extensions ['ros']
[0.407s] Level 1:colcon.colcon_core.package_identification:_identify(src/unitree_ros2_sim/ros2_unitree_legged_controller) by extension 'ros'
[0.409s] DEBUG:colcon.colcon_core.package_identification:Package 'src/unitree_ros2_sim/ros2_unitree_legged_controller' with type 'ros.ament_cmake' and name 'ros2_unitree_legged_control'
[0.410s] Level 1:colcon.colcon_core.package_identification:_identify(src/unitree_ros2_sim/ros2_unitree_legged_msgs) by extensions ['ignore', 'ignore_ament_install']
[0.410s] Level 1:colcon.colcon_core.package_identification:_identify(src/unitree_ros2_sim/ros2_unitree_legged_msgs) by extension 'ignore'
[0.410s] Level 1:colcon.colcon_core.package_identification:_identify(src/unitree_ros2_sim/ros2_unitree_legged_msgs) by extension 'ignore_ament_install'
[0.410s] Level 1:colcon.colcon_core.package_identification:_identify(src/unitree_ros2_sim/ros2_unitree_legged_msgs) by extensions ['colcon_pkg']
[0.410s] Level 1:colcon.colcon_core.package_identification:_identify(src/unitree_ros2_sim/ros2_unitree_legged_msgs) by extension 'colcon_pkg'
[0.410s] Level 1:colcon.colcon_core.package_identification:_identify(src/unitree_ros2_sim/ros2_unitree_legged_msgs) by extensions ['colcon_meta']
[0.410s] Level 1:colcon.colcon_core.package_identification:_identify(src/unitree_ros2_sim/ros2_unitree_legged_msgs) by extension 'colcon_meta'
[0.410s] Level 1:colcon.colcon_core.package_identification:_identify(src/unitree_ros2_sim/ros2_unitree_legged_msgs) by extensions ['ros']
[0.410s] Level 1:colcon.colcon_core.package_identification:_identify(src/unitree_ros2_sim/ros2_unitree_legged_msgs) by extension 'ros'
[0.411s] DEBUG:colcon.colcon_core.package_identification:Package 'src/unitree_ros2_sim/ros2_unitree_legged_msgs' with type 'ros.ament_cmake' and name 'ros2_unitree_legged_msgs'
[0.412s] Level 1:colcon.colcon_core.package_identification:_identify(src/unitree_ros2_sim/unitree_guide2) by extensions ['ignore', 'ignore_ament_install']
[0.412s] Level 1:colcon.colcon_core.package_identification:_identify(src/unitree_ros2_sim/unitree_guide2) by extension 'ignore'
[0.412s] Level 1:colcon.colcon_core.package_identification:_identify(src/unitree_ros2_sim/unitree_guide2) by extension 'ignore_ament_install'
[0.412s] Level 1:colcon.colcon_core.package_identification:_identify(src/unitree_ros2_sim/unitree_guide2) by extensions ['colcon_pkg']
[0.413s] Level 1:colcon.colcon_core.package_identification:_identify(src/unitree_ros2_sim/unitree_guide2) by extension 'colcon_pkg'
[0.413s] Level 1:colcon.colcon_core.package_identification:_identify(src/unitree_ros2_sim/unitree_guide2) by extensions ['colcon_meta']
[0.413s] Level 1:colcon.colcon_core.package_identification:_identify(src/unitree_ros2_sim/unitree_guide2) by extension 'colcon_meta'
[0.413s] Level 1:colcon.colcon_core.package_identification:_identify(src/unitree_ros2_sim/unitree_guide2) by extensions ['ros']
[0.413s] Level 1:colcon.colcon_core.package_identification:_identify(src/unitree_ros2_sim/unitree_guide2) by extension 'ros'
[0.415s] DEBUG:colcon.colcon_core.package_identification:Package 'src/unitree_ros2_sim/unitree_guide2' with type 'ros.ament_cmake' and name 'unitree_guide2'
[0.415s] Level 1:colcon.colcon_core.package_discovery:discover_packages(recursive) using defaults
[0.415s] Level 1:colcon.colcon_core.package_discovery:discover_packages(ignore) discover
[0.415s] Level 1:colcon.colcon_core.package_discovery:discover_packages(ignore) using defaults
[0.415s] Level 1:colcon.colcon_core.package_discovery:discover_packages(path) discover
[0.415s] Level 1:colcon.colcon_core.package_discovery:discover_packages(path) using defaults
[0.446s] Level 1:colcon.colcon_core.package_discovery:discover_packages(prefix_path) check parameters
[0.446s] Level 1:colcon.colcon_core.package_discovery:discover_packages(prefix_path) discover
[0.453s] DEBUG:colcon.colcon_installed_package_information.package_discovery:Found 387 installed packages in /opt/ros/humble
[0.455s] Level 1:colcon.colcon_core.package_discovery:discover_packages(prefix_path) using defaults
[0.631s] Level 5:colcon.colcon_core.verb:set package 'go1_description' build argument 'cmake_args' from command line to 'None'
[0.631s] Level 5:colcon.colcon_core.verb:set package 'go1_description' build argument 'cmake_target' from command line to 'None'
[0.631s] Level 5:colcon.colcon_core.verb:set package 'go1_description' build argument 'cmake_target_skip_unavailable' from command line to 'False'
[0.631s] Level 5:colcon.colcon_core.verb:set package 'go1_description' build argument 'cmake_clean_cache' from command line to 'False'
[0.631s] Level 5:colcon.colcon_core.verb:set package 'go1_description' build argument 'cmake_clean_first' from command line to 'False'
[0.631s] Level 5:colcon.colcon_core.verb:set package 'go1_description' build argument 'cmake_force_configure' from command line to 'False'
[0.631s] Level 5:colcon.colcon_core.verb:set package 'go1_description' build argument 'ament_cmake_args' from command line to 'None'
[0.631s] Level 5:colcon.colcon_core.verb:set package 'go1_description' build argument 'catkin_cmake_args' from command line to 'None'
[0.631s] Level 5:colcon.colcon_core.verb:set package 'go1_description' build argument 'catkin_skip_building_tests' from command line to 'False'
[0.631s] DEBUG:colcon.colcon_core.verb:Building package 'go1_description' with the following arguments: {'ament_cmake_args': None, 'build_base': '/home/yk/rosros/build/go1_description', 'catkin_cmake_args': None, 'catkin_skip_building_tests': False, 'cmake_args': None, 'cmake_clean_cache': False, 'cmake_clean_first': False, 'cmake_force_configure': False, 'cmake_target': None, 'cmake_target_skip_unavailable': False, 'install_base': '/home/yk/rosros/install/go1_description', 'merge_install': False, 'path': '/home/yk/rosros/src/unitree_ros2_sim/go1_sim/go1_description', 'symlink_install': False, 'test_result_base': None}
[0.631s] Level 5:colcon.colcon_core.verb:set package 'go1_gazebo' build argument 'cmake_args' from command line to 'None'
[0.631s] Level 5:colcon.colcon_core.verb:set package 'go1_gazebo' build argument 'cmake_target' from command line to 'None'
[0.631s] Level 5:colcon.colcon_core.verb:set package 'go1_gazebo' build argument 'cmake_target_skip_unavailable' from command line to 'False'
[0.631s] Level 5:colcon.colcon_core.verb:set package 'go1_gazebo' build argument 'cmake_clean_cache' from command line to 'False'
[0.631s] Level 5:colcon.colcon_core.verb:set package 'go1_gazebo' build argument 'cmake_clean_first' from command line to 'False'
[0.631s] Level 5:colcon.colcon_core.verb:set package 'go1_gazebo' build argument 'cmake_force_configure' from command line to 'False'
[0.632s] Level 5:colcon.colcon_core.verb:set package 'go1_gazebo' build argument 'ament_cmake_args' from command line to 'None'
[0.632s] Level 5:colcon.colcon_core.verb:set package 'go1_gazebo' build argument 'catkin_cmake_args' from command line to 'None'
[0.632s] Level 5:colcon.colcon_core.verb:set package 'go1_gazebo' build argument 'catkin_skip_building_tests' from command line to 'False'
[0.632s] DEBUG:colcon.colcon_core.verb:Building package 'go1_gazebo' with the following arguments: {'ament_cmake_args': None, 'build_base': '/home/yk/rosros/build/go1_gazebo', 'catkin_cmake_args': None, 'catkin_skip_building_tests': False, 'cmake_args': None, 'cmake_clean_cache': False, 'cmake_clean_first': False, 'cmake_force_configure': False, 'cmake_target': None, 'cmake_target_skip_unavailable': False, 'install_base': '/home/yk/rosros/install/go1_gazebo', 'merge_install': False, 'path': '/home/yk/rosros/src/unitree_ros2_sim/go1_sim/go1_gazebo', 'symlink_install': False, 'test_result_base': None}
[0.632s] Level 5:colcon.colcon_core.verb:set package 'go1_navigation' build argument 'cmake_args' from command line to 'None'
[0.632s] Level 5:colcon.colcon_core.verb:set package 'go1_navigation' build argument 'cmake_target' from command line to 'None'
[0.632s] Level 5:colcon.colcon_core.verb:set package 'go1_navigation' build argument 'cmake_target_skip_unavailable' from command line to 'False'
[0.632s] Level 5:colcon.colcon_core.verb:set package 'go1_navigation' build argument 'cmake_clean_cache' from command line to 'False'
[0.632s] Level 5:colcon.colcon_core.verb:set package 'go1_navigation' build argument 'cmake_clean_first' from command line to 'False'
[0.632s] Level 5:colcon.colcon_core.verb:set package 'go1_navigation' build argument 'cmake_force_configure' from command line to 'False'
[0.632s] Level 5:colcon.colcon_core.verb:set package 'go1_navigation' build argument 'ament_cmake_args' from command line to 'None'
[0.632s] Level 5:colcon.colcon_core.verb:set package 'go1_navigation' build argument 'catkin_cmake_args' from command line to 'None'
[0.632s] Level 5:colcon.colcon_core.verb:set package 'go1_navigation' build argument 'catkin_skip_building_tests' from command line to 'False'
[0.632s] DEBUG:colcon.colcon_core.verb:Building package 'go1_navigation' with the following arguments: {'ament_cmake_args': None, 'build_base': '/home/yk/rosros/build/go1_navigation', 'catkin_cmake_args': None, 'catkin_skip_building_tests': False, 'cmake_args': None, 'cmake_clean_cache': False, 'cmake_clean_first': False, 'cmake_force_configure': False, 'cmake_target': None, 'cmake_target_skip_unavailable': False, 'install_base': '/home/yk/rosros/install/go1_navigation', 'merge_install': False, 'path': '/home/yk/rosros/src/unitree_ros2_sim/go1_sim/go1_navigation', 'symlink_install': False, 'test_result_base': None}
[0.632s] Level 5:colcon.colcon_core.verb:set package 'ros2_unitree_legged_msgs' build argument 'cmake_args' from command line to 'None'
[0.632s] Level 5:colcon.colcon_core.verb:set package 'ros2_unitree_legged_msgs' build argument 'cmake_target' from command line to 'None'
[0.632s] Level 5:colcon.colcon_core.verb:set package 'ros2_unitree_legged_msgs' build argument 'cmake_target_skip_unavailable' from command line to 'False'
[0.632s] Level 5:colcon.colcon_core.verb:set package 'ros2_unitree_legged_msgs' build argument 'cmake_clean_cache' from command line to 'False'
[0.632s] Level 5:colcon.colcon_core.verb:set package 'ros2_unitree_legged_msgs' build argument 'cmake_clean_first' from command line to 'False'
[0.633s] Level 5:colcon.colcon_core.verb:set package 'ros2_unitree_legged_msgs' build argument 'cmake_force_configure' from command line to 'False'
[0.633s] Level 5:colcon.colcon_core.verb:set package 'ros2_unitree_legged_msgs' build argument 'ament_cmake_args' from command line to 'None'
[0.633s] Level 5:colcon.colcon_core.verb:set package 'ros2_unitree_legged_msgs' build argument 'catkin_cmake_args' from command line to 'None'
[0.633s] Level 5:colcon.colcon_core.verb:set package 'ros2_unitree_legged_msgs' build argument 'catkin_skip_building_tests' from command line to 'False'
[0.633s] DEBUG:colcon.colcon_core.verb:Building package 'ros2_unitree_legged_msgs' with the following arguments: {'ament_cmake_args': None, 'build_base': '/home/yk/rosros/build/ros2_unitree_legged_msgs', 'catkin_cmake_args': None, 'catkin_skip_building_tests': False, 'cmake_args': None, 'cmake_clean_cache': False, 'cmake_clean_first': False, 'cmake_force_configure': False, 'cmake_target': None, 'cmake_target_skip_unavailable': False, 'install_base': '/home/yk/rosros/install/ros2_unitree_legged_msgs', 'merge_install': False, 'path': '/home/yk/rosros/src/unitree_ros2_sim/ros2_unitree_legged_msgs', 'symlink_install': False, 'test_result_base': None}
[0.633s] Level 5:colcon.colcon_core.verb:set package 'ros2_unitree_legged_control' build argument 'cmake_args' from command line to 'None'
[0.633s] Level 5:colcon.colcon_core.verb:set package 'ros2_unitree_legged_control' build argument 'cmake_target' from command line to 'None'
[0.633s] Level 5:colcon.colcon_core.verb:set package 'ros2_unitree_legged_control' build argument 'cmake_target_skip_unavailable' from command line to 'False'
[0.633s] Level 5:colcon.colcon_core.verb:set package 'ros2_unitree_legged_control' build argument 'cmake_clean_cache' from command line to 'False'
[0.633s] Level 5:colcon.colcon_core.verb:set package 'ros2_unitree_legged_control' build argument 'cmake_clean_first' from command line to 'False'
[0.633s] Level 5:colcon.colcon_core.verb:set package 'ros2_unitree_legged_control' build argument 'cmake_force_configure' from command line to 'False'
[0.633s] Level 5:colcon.colcon_core.verb:set package 'ros2_unitree_legged_control' build argument 'ament_cmake_args' from command line to 'None'
[0.633s] Level 5:colcon.colcon_core.verb:set package 'ros2_unitree_legged_control' build argument 'catkin_cmake_args' from command line to 'None'
[0.633s] Level 5:colcon.colcon_core.verb:set package 'ros2_unitree_legged_control' build argument 'catkin_skip_building_tests' from command line to 'False'
[0.633s] DEBUG:colcon.colcon_core.verb:Building package 'ros2_unitree_legged_control' with the following arguments: {'ament_cmake_args': None, 'build_base': '/home/yk/rosros/build/ros2_unitree_legged_control', 'catkin_cmake_args': None, 'catkin_skip_building_tests': False, 'cmake_args': None, 'cmake_clean_cache': False, 'cmake_clean_first': False, 'cmake_force_configure': False, 'cmake_target': None, 'cmake_target_skip_unavailable': False, 'install_base': '/home/yk/rosros/install/ros2_unitree_legged_control', 'merge_install': False, 'path': '/home/yk/rosros/src/unitree_ros2_sim/ros2_unitree_legged_controller', 'symlink_install': False, 'test_result_base': None}
[0.634s] Level 5:colcon.colcon_core.verb:set package 'unitree_guide2' build argument 'cmake_args' from command line to 'None'
[0.634s] Level 5:colcon.colcon_core.verb:set package 'unitree_guide2' build argument 'cmake_target' from command line to 'None'
[0.634s] Level 5:colcon.colcon_core.verb:set package 'unitree_guide2' build argument 'cmake_target_skip_unavailable' from command line to 'False'
[0.634s] Level 5:colcon.colcon_core.verb:set package 'unitree_guide2' build argument 'cmake_clean_cache' from command line to 'False'
[0.634s] Level 5:colcon.colcon_core.verb:set package 'unitree_guide2' build argument 'cmake_clean_first' from command line to 'False'
[0.634s] Level 5:colcon.colcon_core.verb:set package 'unitree_guide2' build argument 'cmake_force_configure' from command line to 'False'
[0.634s] Level 5:colcon.colcon_core.verb:set package 'unitree_guide2' build argument 'ament_cmake_args' from command line to 'None'
[0.634s] Level 5:colcon.colcon_core.verb:set package 'unitree_guide2' build argument 'catkin_cmake_args' from command line to 'None'
[0.634s] Level 5:colcon.colcon_core.verb:set package 'unitree_guide2' build argument 'catkin_skip_building_tests' from command line to 'False'
[0.634s] DEBUG:colcon.colcon_core.verb:Building package 'unitree_guide2' with the following arguments: {'ament_cmake_args': None, 'build_base': '/home/yk/rosros/build/unitree_guide2', 'catkin_cmake_args': None, 'catkin_skip_building_tests': False, 'cmake_args': None, 'cmake_clean_cache': False, 'cmake_clean_first': False, 'cmake_force_configure': False, 'cmake_target': None, 'cmake_target_skip_unavailable': False, 'install_base': '/home/yk/rosros/install/unitree_guide2', 'merge_install': False, 'path': '/home/yk/rosros/src/unitree_ros2_sim/unitree_guide2', 'symlink_install': False, 'test_result_base': None}
[0.634s] INFO:colcon.colcon_core.executor:Executing jobs using 'parallel' executor
[0.635s] DEBUG:colcon.colcon_parallel_executor.executor.parallel:run_until_complete
[0.635s] INFO:colcon.colcon_ros.task.ament_cmake.build:Building ROS package in '/home/yk/rosros/src/unitree_ros2_sim/ros2_unitree_legged_msgs' with build type 'ament_cmake'
[0.636s] INFO:colcon.colcon_cmake.task.cmake.build:Building CMake package in '/home/yk/rosros/src/unitree_ros2_sim/ros2_unitree_legged_msgs'
[0.645s] INFO:colcon.colcon_core.plugin_system:Skipping extension 'colcon_core.shell.bat': Not used on non-Windows systems
[0.645s] INFO:colcon.colcon_core.shell:Skip shell extension 'powershell' for command environment: Not usable outside of PowerShell
[0.645s] DEBUG:colcon.colcon_core.shell:Skip shell extension 'dsv' for command environment
[0.653s] INFO:colcon.colcon_ros.task.ament_cmake.build:Building ROS package in '/home/yk/rosros/src/unitree_ros2_sim/go1_sim/go1_description' with build type 'ament_cmake'
[0.653s] INFO:colcon.colcon_cmake.task.cmake.build:Building CMake package in '/home/yk/rosros/src/unitree_ros2_sim/go1_sim/go1_description'
[0.653s] INFO:colcon.colcon_core.shell:Skip shell extension 'powershell' for command environment: Not usable outside of PowerShell
[0.653s] DEBUG:colcon.colcon_core.shell:Skip shell extension 'dsv' for command environment
[0.670s] DEBUG:colcon.colcon_core.event_handler.log_command:Invoking command in '/home/yk/rosros/build/ros2_unitree_legged_msgs': CMAKE_PREFIX_PATH=/opt/ros/humble /usr/bin/cmake --build /home/yk/rosros/build/ros2_unitree_legged_msgs -- -j2 -l2
[0.693s] DEBUG:colcon.colcon_core.event_handler.log_command:Invoking command in '/home/yk/rosros/build/go1_description': CMAKE_PREFIX_PATH=/opt/ros/humble /usr/bin/cmake --build /home/yk/rosros/build/go1_description -- -j2 -l2
[0.748s] DEBUG:colcon.colcon_core.event_handler.log_command:Invoked command in '/home/yk/rosros/build/go1_description' returned '0': CMAKE_PREFIX_PATH=/opt/ros/humble /usr/bin/cmake --build /home/yk/rosros/build/go1_description -- -j2 -l2
[0.832s] DEBUG:colcon.colcon_core.event_handler.log_command:Invoking command in '/home/yk/rosros/build/go1_description': CMAKE_PREFIX_PATH=/opt/ros/humble /usr/bin/cmake --install /home/yk/rosros/build/go1_description
[0.862s] Level 1:colcon.colcon_core.environment:create_environment_scripts_only(go1_description)
[0.864s] DEBUG:colcon.colcon_core.event_handler.log_command:Invoked command in '/home/yk/rosros/build/go1_description' returned '0': CMAKE_PREFIX_PATH=/opt/ros/humble /usr/bin/cmake --install /home/yk/rosros/build/go1_description
[0.883s] Level 1:colcon.colcon_core.environment:checking '/home/yk/rosros/install/go1_description' for CMake module files
[0.893s] Level 1:colcon.colcon_core.environment:checking '/home/yk/rosros/install/go1_description' for CMake config files
[0.904s] Level 1:colcon.colcon_core.shell:create_environment_hook('go1_description', 'cmake_prefix_path')
[0.904s] INFO:colcon.colcon_core.shell:Creating environment hook '/home/yk/rosros/install/go1_description/share/go1_description/hook/cmake_prefix_path.ps1'
[0.905s] INFO:colcon.colcon_core.shell:Creating environment descriptor '/home/yk/rosros/install/go1_description/share/go1_description/hook/cmake_prefix_path.dsv'
[0.905s] INFO:colcon.colcon_core.shell:Creating environment hook '/home/yk/rosros/install/go1_description/share/go1_description/hook/cmake_prefix_path.sh'
[0.906s] Level 1:colcon.colcon_core.environment:checking '/home/yk/rosros/install/go1_description/bin'
[0.906s] Level 1:colcon.colcon_core.environment:checking '/home/yk/rosros/install/go1_description/lib/pkgconfig/go1_description.pc'
[0.907s] Level 1:colcon.colcon_core.environment:checking '/home/yk/rosros/install/go1_description/lib/python3.10/site-packages'
[0.907s] Level 1:colcon.colcon_core.environment:checking '/home/yk/rosros/install/go1_description/bin'
[0.907s] INFO:colcon.colcon_core.shell:Creating package script '/home/yk/rosros/install/go1_description/share/go1_description/package.ps1'
[0.908s] INFO:colcon.colcon_core.shell:Creating package descriptor '/home/yk/rosros/install/go1_description/share/go1_description/package.dsv'
[0.909s] INFO:colcon.colcon_core.shell:Creating package script '/home/yk/rosros/install/go1_description/share/go1_description/package.sh'
[0.910s] INFO:colcon.colcon_core.shell:Creating package script '/home/yk/rosros/install/go1_description/share/go1_description/package.bash'
[0.912s] INFO:colcon.colcon_core.shell:Creating package script '/home/yk/rosros/install/go1_description/share/go1_description/package.zsh'
[0.913s] Level 1:colcon.colcon_core.environment:create_file_with_runtime_dependencies(/home/yk/rosros/install/go1_description/share/colcon-core/packages/go1_description)
[0.955s] Level 1:colcon.colcon_core.environment:create_environment_scripts_only(go1_description)
[0.955s] Level 1:colcon.colcon_core.environment:checking '/home/yk/rosros/install/go1_description' for CMake module files
[0.956s] Level 1:colcon.colcon_core.environment:checking '/home/yk/rosros/install/go1_description' for CMake config files
[0.957s] Level 1:colcon.colcon_core.shell:create_environment_hook('go1_description', 'cmake_prefix_path')
[0.958s] INFO:colcon.colcon_core.shell:Creating environment hook '/home/yk/rosros/install/go1_description/share/go1_description/hook/cmake_prefix_path.ps1'
[0.958s] INFO:colcon.colcon_core.shell:Creating environment descriptor '/home/yk/rosros/install/go1_description/share/go1_description/hook/cmake_prefix_path.dsv'
[0.959s] INFO:colcon.colcon_core.shell:Creating environment hook '/home/yk/rosros/install/go1_description/share/go1_description/hook/cmake_prefix_path.sh'
[0.959s] Level 1:colcon.colcon_core.environment:checking '/home/yk/rosros/install/go1_description/bin'
[0.960s] Level 1:colcon.colcon_core.environment:checking '/home/yk/rosros/install/go1_description/lib/pkgconfig/go1_description.pc'
[0.960s] Level 1:colcon.colcon_core.environment:checking '/home/yk/rosros/install/go1_description/lib/python3.10/site-packages'
[0.960s] Level 1:colcon.colcon_core.environment:checking '/home/yk/rosros/install/go1_description/bin'
[0.960s] INFO:colcon.colcon_core.shell:Creating package script '/home/yk/rosros/install/go1_description/share/go1_description/package.ps1'
[0.961s] INFO:colcon.colcon_core.shell:Creating package descriptor '/home/yk/rosros/install/go1_description/share/go1_description/package.dsv'
[0.961s] INFO:colcon.colcon_core.shell:Creating package script '/home/yk/rosros/install/go1_description/share/go1_description/package.sh'
[0.963s] INFO:colcon.colcon_core.shell:Creating package script '/home/yk/rosros/install/go1_description/share/go1_description/package.bash'
[0.963s] INFO:colcon.colcon_core.shell:Creating package script '/home/yk/rosros/install/go1_description/share/go1_description/package.zsh'
[0.963s] Level 1:colcon.colcon_core.environment:create_file_with_runtime_dependencies(/home/yk/rosros/install/go1_description/share/colcon-core/packages/go1_description)
[0.964s] INFO:colcon.colcon_ros.task.ament_cmake.build:Building ROS package in '/home/yk/rosros/src/unitree_ros2_sim/go1_sim/go1_gazebo' with build type 'ament_cmake'
[0.964s] INFO:colcon.colcon_cmake.task.cmake.build:Building CMake package in '/home/yk/rosros/src/unitree_ros2_sim/go1_sim/go1_gazebo'
[0.964s] INFO:colcon.colcon_core.shell:Skip shell extension 'powershell' for command environment: Not usable outside of PowerShell
[0.964s] DEBUG:colcon.colcon_core.shell:Skip shell extension 'dsv' for command environment
[0.988s] DEBUG:colcon.colcon_core.event_handler.log_command:Invoking command in '/home/yk/rosros/build/go1_gazebo': CMAKE_PREFIX_PATH=/opt/ros/humble /usr/bin/cmake --build /home/yk/rosros/build/go1_gazebo -- -j2 -l2
[1.060s] DEBUG:colcon.colcon_core.event_handler.log_command:Invoked command in '/home/yk/rosros/build/go1_gazebo' returned '0': CMAKE_PREFIX_PATH=/opt/ros/humble /usr/bin/cmake --build /home/yk/rosros/build/go1_gazebo -- -j2 -l2
[1.157s] DEBUG:colcon.colcon_core.event_handler.log_command:Invoking command in '/home/yk/rosros/build/go1_gazebo': CMAKE_PREFIX_PATH=/opt/ros/humble /usr/bin/cmake --install /home/yk/rosros/build/go1_gazebo
[1.198s] Level 1:colcon.colcon_core.environment:create_environment_scripts_only(go1_gazebo)
[1.198s] Level 1:colcon.colcon_core.environment:checking '/home/yk/rosros/install/go1_gazebo' for CMake module files
[1.199s] DEBUG:colcon.colcon_core.event_handler.log_command:Invoked command in '/home/yk/rosros/build/go1_gazebo' returned '0': CMAKE_PREFIX_PATH=/opt/ros/humble /usr/bin/cmake --install /home/yk/rosros/build/go1_gazebo
[1.200s] Level 1:colcon.colcon_core.environment:checking '/home/yk/rosros/install/go1_gazebo' for CMake config files
[1.205s] Level 1:colcon.colcon_core.shell:create_environment_hook('go1_gazebo', 'cmake_prefix_path')
[1.205s] INFO:colcon.colcon_core.shell:Creating environment hook '/home/yk/rosros/install/go1_gazebo/share/go1_gazebo/hook/cmake_prefix_path.ps1'
[1.205s] INFO:colcon.colcon_core.shell:Creating environment descriptor '/home/yk/rosros/install/go1_gazebo/share/go1_gazebo/hook/cmake_prefix_path.dsv'
[1.206s] INFO:colcon.colcon_core.shell:Creating environment hook '/home/yk/rosros/install/go1_gazebo/share/go1_gazebo/hook/cmake_prefix_path.sh'
[1.206s] Level 1:colcon.colcon_core.environment:checking '/home/yk/rosros/install/go1_gazebo/bin'
[1.206s] Level 1:colcon.colcon_core.environment:checking '/home/yk/rosros/install/go1_gazebo/lib/pkgconfig/go1_gazebo.pc'
[1.207s] Level 1:colcon.colcon_core.environment:checking '/home/yk/rosros/install/go1_gazebo/lib/python3.10/site-packages'
[1.207s] Level 1:colcon.colcon_core.environment:checking '/home/yk/rosros/install/go1_gazebo/bin'
[1.207s] INFO:colcon.colcon_core.shell:Creating package script '/home/yk/rosros/install/go1_gazebo/share/go1_gazebo/package.ps1'
[1.212s] INFO:colcon.colcon_core.shell:Creating package descriptor '/home/yk/rosros/install/go1_gazebo/share/go1_gazebo/package.dsv'
[1.212s] INFO:colcon.colcon_core.shell:Creating package script '/home/yk/rosros/install/go1_gazebo/share/go1_gazebo/package.sh'
[1.213s] INFO:colcon.colcon_core.shell:Creating package script '/home/yk/rosros/install/go1_gazebo/share/go1_gazebo/package.bash'
[1.213s] INFO:colcon.colcon_core.shell:Creating package script '/home/yk/rosros/install/go1_gazebo/share/go1_gazebo/package.zsh'
[1.214s] Level 1:colcon.colcon_core.environment:create_file_with_runtime_dependencies(/home/yk/rosros/install/go1_gazebo/share/colcon-core/packages/go1_gazebo)
[1.268s] Level 1:colcon.colcon_core.environment:create_environment_scripts_only(go1_gazebo)
[1.269s] Level 1:colcon.colcon_core.environment:checking '/home/yk/rosros/install/go1_gazebo' for CMake module files
[1.269s] Level 1:colcon.colcon_core.environment:checking '/home/yk/rosros/install/go1_gazebo' for CMake config files
[1.269s] Level 1:colcon.colcon_core.shell:create_environment_hook('go1_gazebo', 'cmake_prefix_path')
[1.270s] INFO:colcon.colcon_core.shell:Creating environment hook '/home/yk/rosros/install/go1_gazebo/share/go1_gazebo/hook/cmake_prefix_path.ps1'
[1.270s] INFO:colcon.colcon_core.shell:Creating environment descriptor '/home/yk/rosros/install/go1_gazebo/share/go1_gazebo/hook/cmake_prefix_path.dsv'
[1.272s] INFO:colcon.colcon_core.shell:Creating environment hook '/home/yk/rosros/install/go1_gazebo/share/go1_gazebo/hook/cmake_prefix_path.sh'
[1.280s] Level 1:colcon.colcon_core.environment:checking '/home/yk/rosros/install/go1_gazebo/bin'
[1.280s] Level 1:colcon.colcon_core.environment:checking '/home/yk/rosros/install/go1_gazebo/lib/pkgconfig/go1_gazebo.pc'
[1.285s] Level 1:colcon.colcon_core.environment:checking '/home/yk/rosros/install/go1_gazebo/lib/python3.10/site-packages'
[1.286s] Level 1:colcon.colcon_core.environment:checking '/home/yk/rosros/install/go1_gazebo/bin'
[1.286s] INFO:colcon.colcon_core.shell:Creating package script '/home/yk/rosros/install/go1_gazebo/share/go1_gazebo/package.ps1'
[1.287s] INFO:colcon.colcon_core.shell:Creating package descriptor '/home/yk/rosros/install/go1_gazebo/share/go1_gazebo/package.dsv'
[1.288s] INFO:colcon.colcon_core.shell:Creating package script '/home/yk/rosros/install/go1_gazebo/share/go1_gazebo/package.sh'
[1.288s] INFO:colcon.colcon_core.shell:Creating package script '/home/yk/rosros/install/go1_gazebo/share/go1_gazebo/package.bash'
[1.289s] INFO:colcon.colcon_core.shell:Creating package script '/home/yk/rosros/install/go1_gazebo/share/go1_gazebo/package.zsh'
[1.289s] Level 1:colcon.colcon_core.environment:create_file_with_runtime_dependencies(/home/yk/rosros/install/go1_gazebo/share/colcon-core/packages/go1_gazebo)
[1.290s] INFO:colcon.colcon_ros.task.ament_python.build:Building ROS package in '/home/yk/rosros/src/unitree_ros2_sim/go1_sim/go1_navigation' with build type 'ament_python'
[1.290s] Level 1:colcon.colcon_core.shell:create_environment_hook('go1_navigation', 'ament_prefix_path')
[1.290s] INFO:colcon.colcon_core.shell:Creating environment hook '/home/yk/rosros/install/go1_navigation/share/go1_navigation/hook/ament_prefix_path.ps1'
[1.298s] INFO:colcon.colcon_core.shell:Creating environment descriptor '/home/yk/rosros/install/go1_navigation/share/go1_navigation/hook/ament_prefix_path.dsv'
[1.298s] INFO:colcon.colcon_core.shell:Creating environment hook '/home/yk/rosros/install/go1_navigation/share/go1_navigation/hook/ament_prefix_path.sh'
[1.299s] INFO:colcon.colcon_core.shell:Skip shell extension 'powershell' for command environment: Not usable outside of PowerShell
[1.299s] DEBUG:colcon.colcon_core.shell:Skip shell extension 'dsv' for command environment
[1.779s] INFO:colcon.colcon_core.task.python.build:Building Python package in '/home/yk/rosros/src/unitree_ros2_sim/go1_sim/go1_navigation'
[1.780s] INFO:colcon.colcon_core.shell:Skip shell extension 'powershell' for command environment: Not usable outside of PowerShell
[1.780s] DEBUG:colcon.colcon_core.shell:Skip shell extension 'dsv' for command environment
[2.723s] DEBUG:colcon.colcon_core.event_handler.log_command:Invoking command in '/home/yk/rosros/src/unitree_ros2_sim/go1_sim/go1_navigation': PYTHONPATH=/home/yk/rosros/build/go1_navigation/prefix_override:/usr/lib/python3/dist-packages/colcon_core/task/python/colcon_distutils_commands:/home/yk/rosros/install/go1_navigation/lib/python3.10/site-packages:${PYTHONPATH} /usr/bin/python3 -W ignore:setup.py install is deprecated setup.py egg_info --egg-base ../../../../build/go1_navigation build --build-base /home/yk/rosros/build/go1_navigation/build install --record /home/yk/rosros/build/go1_navigation/install.log --single-version-externally-managed install_data
[3.252s] Level 1:colcon.colcon_core.environment:checking '/home/yk/rosros/install/go1_navigation' for CMake module files
[3.253s] DEBUG:colcon.colcon_core.event_handler.log_command:Invoked command in '/home/yk/rosros/src/unitree_ros2_sim/go1_sim/go1_navigation' returned '0': PYTHONPATH=/home/yk/rosros/build/go1_navigation/prefix_override:/usr/lib/python3/dist-packages/colcon_core/task/python/colcon_distutils_commands:/home/yk/rosros/install/go1_navigation/lib/python3.10/site-packages:${PYTHONPATH} /usr/bin/python3 -W ignore:setup.py install is deprecated setup.py egg_info --egg-base ../../../../build/go1_navigation build --build-base /home/yk/rosros/build/go1_navigation/build install --record /home/yk/rosros/build/go1_navigation/install.log --single-version-externally-managed install_data
[3.254s] Level 1:colcon.colcon_core.environment:checking '/home/yk/rosros/install/go1_navigation' for CMake config files
[3.255s] Level 1:colcon.colcon_core.environment:checking '/home/yk/rosros/install/go1_navigation/lib'
[3.256s] Level 1:colcon.colcon_core.environment:checking '/home/yk/rosros/install/go1_navigation/bin'
[3.256s] Level 1:colcon.colcon_core.environment:checking '/home/yk/rosros/install/go1_navigation/lib/pkgconfig/go1_navigation.pc'
[3.256s] Level 1:colcon.colcon_core.environment:checking '/home/yk/rosros/install/go1_navigation/lib/python3.10/site-packages'
[3.256s] Level 1:colcon.colcon_core.shell:create_environment_hook('go1_navigation', 'pythonpath')
[3.256s] INFO:colcon.colcon_core.shell:Creating environment hook '/home/yk/rosros/install/go1_navigation/share/go1_navigation/hook/pythonpath.ps1'
[3.257s] INFO:colcon.colcon_core.shell:Creating environment descriptor '/home/yk/rosros/install/go1_navigation/share/go1_navigation/hook/pythonpath.dsv'
[3.257s] INFO:colcon.colcon_core.shell:Creating environment hook '/home/yk/rosros/install/go1_navigation/share/go1_navigation/hook/pythonpath.sh'
[3.257s] Level 1:colcon.colcon_core.environment:checking '/home/yk/rosros/install/go1_navigation/bin'
[3.257s] Level 1:colcon.colcon_core.environment:create_environment_scripts_only(go1_navigation)
[3.258s] INFO:colcon.colcon_core.shell:Creating package script '/home/yk/rosros/install/go1_navigation/share/go1_navigation/package.ps1'
[3.258s] INFO:colcon.colcon_core.shell:Creating package descriptor '/home/yk/rosros/install/go1_navigation/share/go1_navigation/package.dsv'
[3.259s] INFO:colcon.colcon_core.shell:Creating package script '/home/yk/rosros/install/go1_navigation/share/go1_navigation/package.sh'
[3.259s] INFO:colcon.colcon_core.shell:Creating package script '/home/yk/rosros/install/go1_navigation/share/go1_navigation/package.bash'
[3.259s] INFO:colcon.colcon_core.shell:Creating package script '/home/yk/rosros/install/go1_navigation/share/go1_navigation/package.zsh'
[3.259s] Level 1:colcon.colcon_core.environment:create_file_with_runtime_dependencies(/home/yk/rosros/install/go1_navigation/share/colcon-core/packages/go1_navigation)
[5.879s] DEBUG:colcon.colcon_core.event_handler.log_command:Invoked command in '/home/yk/rosros/build/ros2_unitree_legged_msgs' returned '0': CMAKE_PREFIX_PATH=/opt/ros/humble /usr/bin/cmake --build /home/yk/rosros/build/ros2_unitree_legged_msgs -- -j2 -l2
[6.124s] DEBUG:colcon.colcon_core.event_handler.log_command:Invoking command in '/home/yk/rosros/build/ros2_unitree_legged_msgs': CMAKE_PREFIX_PATH=/opt/ros/humble /usr/bin/cmake --install /home/yk/rosros/build/ros2_unitree_legged_msgs
[6.309s] Level 1:colcon.colcon_core.environment:create_environment_scripts_only(ros2_unitree_legged_msgs)
[6.309s] DEBUG:colcon.colcon_core.event_handler.log_command:Invoked command in '/home/yk/rosros/build/ros2_unitree_legged_msgs' returned '0': CMAKE_PREFIX_PATH=/opt/ros/humble /usr/bin/cmake --install /home/yk/rosros/build/ros2_unitree_legged_msgs
[6.310s] Level 1:colcon.colcon_core.environment:checking '/home/yk/rosros/install/ros2_unitree_legged_msgs' for CMake module files
[6.311s] Level 1:colcon.colcon_core.environment:checking '/home/yk/rosros/install/ros2_unitree_legged_msgs' for CMake config files
[6.311s] Level 1:colcon.colcon_core.shell:create_environment_hook('ros2_unitree_legged_msgs', 'cmake_prefix_path')
[6.311s] INFO:colcon.colcon_core.shell:Creating environment hook '/home/yk/rosros/install/ros2_unitree_legged_msgs/share/ros2_unitree_legged_msgs/hook/cmake_prefix_path.ps1'
[6.312s] INFO:colcon.colcon_core.shell:Creating environment descriptor '/home/yk/rosros/install/ros2_unitree_legged_msgs/share/ros2_unitree_legged_msgs/hook/cmake_prefix_path.dsv'
[6.312s] INFO:colcon.colcon_core.shell:Creating environment hook '/home/yk/rosros/install/ros2_unitree_legged_msgs/share/ros2_unitree_legged_msgs/hook/cmake_prefix_path.sh'
[6.312s] Level 1:colcon.colcon_core.environment:checking '/home/yk/rosros/install/ros2_unitree_legged_msgs/lib'
[6.313s] Level 1:colcon.colcon_core.shell:create_environment_hook('ros2_unitree_legged_msgs', 'ld_library_path_lib')
[6.313s] INFO:colcon.colcon_core.shell:Creating environment hook '/home/yk/rosros/install/ros2_unitree_legged_msgs/share/ros2_unitree_legged_msgs/hook/ld_library_path_lib.ps1'
[6.313s] INFO:colcon.colcon_core.shell:Creating environment descriptor '/home/yk/rosros/install/ros2_unitree_legged_msgs/share/ros2_unitree_legged_msgs/hook/ld_library_path_lib.dsv'
[6.313s] INFO:colcon.colcon_core.shell:Creating environment hook '/home/yk/rosros/install/ros2_unitree_legged_msgs/share/ros2_unitree_legged_msgs/hook/ld_library_path_lib.sh'
[6.314s] Level 1:colcon.colcon_core.environment:checking '/home/yk/rosros/install/ros2_unitree_legged_msgs/bin'
[6.314s] Level 1:colcon.colcon_core.environment:checking '/home/yk/rosros/install/ros2_unitree_legged_msgs/lib/pkgconfig/ros2_unitree_legged_msgs.pc'
[6.314s] Level 1:colcon.colcon_core.environment:checking '/home/yk/rosros/install/ros2_unitree_legged_msgs/lib/python3.10/site-packages'
[6.314s] Level 1:colcon.colcon_core.environment:checking '/home/yk/rosros/install/ros2_unitree_legged_msgs/bin'
[6.315s] INFO:colcon.colcon_core.shell:Creating package script '/home/yk/rosros/install/ros2_unitree_legged_msgs/share/ros2_unitree_legged_msgs/package.ps1'
[6.315s] INFO:colcon.colcon_core.shell:Creating package descriptor '/home/yk/rosros/install/ros2_unitree_legged_msgs/share/ros2_unitree_legged_msgs/package.dsv'
[6.315s] INFO:colcon.colcon_core.shell:Creating package script '/home/yk/rosros/install/ros2_unitree_legged_msgs/share/ros2_unitree_legged_msgs/package.sh'
[6.316s] INFO:colcon.colcon_core.shell:Creating package script '/home/yk/rosros/install/ros2_unitree_legged_msgs/share/ros2_unitree_legged_msgs/package.bash'
[6.316s] INFO:colcon.colcon_core.shell:Creating package script '/home/yk/rosros/install/ros2_unitree_legged_msgs/share/ros2_unitree_legged_msgs/package.zsh'
[6.316s] Level 1:colcon.colcon_core.environment:create_file_with_runtime_dependencies(/home/yk/rosros/install/ros2_unitree_legged_msgs/share/colcon-core/packages/ros2_unitree_legged_msgs)
[6.557s] Level 1:colcon.colcon_core.environment:create_environment_scripts_only(ros2_unitree_legged_msgs)
[6.558s] Level 1:colcon.colcon_core.environment:checking '/home/yk/rosros/install/ros2_unitree_legged_msgs' for CMake module files
[6.558s] Level 1:colcon.colcon_core.environment:checking '/home/yk/rosros/install/ros2_unitree_legged_msgs' for CMake config files
[6.559s] Level 1:colcon.colcon_core.shell:create_environment_hook('ros2_unitree_legged_msgs', 'cmake_prefix_path')
[6.559s] INFO:colcon.colcon_core.shell:Creating environment hook '/home/yk/rosros/install/ros2_unitree_legged_msgs/share/ros2_unitree_legged_msgs/hook/cmake_prefix_path.ps1'
[6.560s] INFO:colcon.colcon_core.shell:Creating environment descriptor '/home/yk/rosros/install/ros2_unitree_legged_msgs/share/ros2_unitree_legged_msgs/hook/cmake_prefix_path.dsv'
[6.560s] INFO:colcon.colcon_core.shell:Creating environment hook '/home/yk/rosros/install/ros2_unitree_legged_msgs/share/ros2_unitree_legged_msgs/hook/cmake_prefix_path.sh'
[6.561s] Level 1:colcon.colcon_core.environment:checking '/home/yk/rosros/install/ros2_unitree_legged_msgs/lib'
[6.561s] Level 1:colcon.colcon_core.shell:create_environment_hook('ros2_unitree_legged_msgs', 'ld_library_path_lib')
[6.561s] INFO:colcon.colcon_core.shell:Creating environment hook '/home/yk/rosros/install/ros2_unitree_legged_msgs/share/ros2_unitree_legged_msgs/hook/ld_library_path_lib.ps1'
[6.562s] INFO:colcon.colcon_core.shell:Creating environment descriptor '/home/yk/rosros/install/ros2_unitree_legged_msgs/share/ros2_unitree_legged_msgs/hook/ld_library_path_lib.dsv'
[6.562s] INFO:colcon.colcon_core.shell:Creating environment hook '/home/yk/rosros/install/ros2_unitree_legged_msgs/share/ros2_unitree_legged_msgs/hook/ld_library_path_lib.sh'
[6.562s] Level 1:colcon.colcon_core.environment:checking '/home/yk/rosros/install/ros2_unitree_legged_msgs/bin'
[6.563s] Level 1:colcon.colcon_core.environment:checking '/home/yk/rosros/install/ros2_unitree_legged_msgs/lib/pkgconfig/ros2_unitree_legged_msgs.pc'
[6.563s] Level 1:colcon.colcon_core.environment:checking '/home/yk/rosros/install/ros2_unitree_legged_msgs/lib/python3.10/site-packages'
[6.563s] Level 1:colcon.colcon_core.environment:checking '/home/yk/rosros/install/ros2_unitree_legged_msgs/bin'
[6.563s] INFO:colcon.colcon_core.shell:Creating package script '/home/yk/rosros/install/ros2_unitree_legged_msgs/share/ros2_unitree_legged_msgs/package.ps1'
[6.564s] INFO:colcon.colcon_core.shell:Creating package descriptor '/home/yk/rosros/install/ros2_unitree_legged_msgs/share/ros2_unitree_legged_msgs/package.dsv'
[6.565s] INFO:colcon.colcon_core.shell:Creating package script '/home/yk/rosros/install/ros2_unitree_legged_msgs/share/ros2_unitree_legged_msgs/package.sh'
[6.565s] INFO:colcon.colcon_core.shell:Creating package script '/home/yk/rosros/install/ros2_unitree_legged_msgs/share/ros2_unitree_legged_msgs/package.bash'
[6.565s] INFO:colcon.colcon_core.shell:Creating package script '/home/yk/rosros/install/ros2_unitree_legged_msgs/share/ros2_unitree_legged_msgs/package.zsh'
[6.566s] Level 1:colcon.colcon_core.environment:create_file_with_runtime_dependencies(/home/yk/rosros/install/ros2_unitree_legged_msgs/share/colcon-core/packages/ros2_unitree_legged_msgs)
[6.566s] INFO:colcon.colcon_ros.task.ament_cmake.build:Building ROS package in '/home/yk/rosros/src/unitree_ros2_sim/ros2_unitree_legged_controller' with build type 'ament_cmake'
[6.566s] INFO:colcon.colcon_cmake.task.cmake.build:Building CMake package in '/home/yk/rosros/src/unitree_ros2_sim/ros2_unitree_legged_controller'
[6.567s] INFO:colcon.colcon_core.shell:Skip shell extension 'powershell' for command environment: Not usable outside of PowerShell
[6.567s] DEBUG:colcon.colcon_core.shell:Skip shell extension 'dsv' for command environment
[6.571s] INFO:colcon.colcon_ros.task.ament_cmake.build:Building ROS package in '/home/yk/rosros/src/unitree_ros2_sim/unitree_guide2' with build type 'ament_cmake'
[6.571s] INFO:colcon.colcon_cmake.task.cmake.build:Building CMake package in '/home/yk/rosros/src/unitree_ros2_sim/unitree_guide2'
[6.571s] INFO:colcon.colcon_core.shell:Skip shell extension 'powershell' for command environment: Not usable outside of PowerShell
[6.571s] DEBUG:colcon.colcon_core.shell:Skip shell extension 'dsv' for command environment
[6.584s] DEBUG:colcon.colcon_core.event_handler.log_command:Invoking command in '/home/yk/rosros/build/ros2_unitree_legged_control': AMENT_PREFIX_PATH=/home/yk/rosros/install/ros2_unitree_legged_msgs:${AMENT_PREFIX_PATH} CMAKE_PREFIX_PATH=/home/yk/rosros/install/ros2_unitree_legged_msgs:/opt/ros/humble LD_LIBRARY_PATH=/home/yk/rosros/install/ros2_unitree_legged_msgs/lib:${LD_LIBRARY_PATH} PYTHONPATH=/home/yk/rosros/install/ros2_unitree_legged_msgs/local/lib/python3.10/dist-packages:${PYTHONPATH} /usr/bin/cmake /home/yk/rosros/src/unitree_ros2_sim/ros2_unitree_legged_controller -DCMAKE_INSTALL_PREFIX=/home/yk/rosros/install/ros2_unitree_legged_control
[6.606s] DEBUG:colcon.colcon_core.event_handler.log_command:Invoking command in '/home/yk/rosros/build/unitree_guide2': AMENT_PREFIX_PATH=/home/yk/rosros/install/ros2_unitree_legged_msgs:${AMENT_PREFIX_PATH} CMAKE_PREFIX_PATH=/home/yk/rosros/install/ros2_unitree_legged_msgs:/opt/ros/humble LD_LIBRARY_PATH=/home/yk/rosros/install/ros2_unitree_legged_msgs/lib:${LD_LIBRARY_PATH} PYTHONPATH=/home/yk/rosros/install/ros2_unitree_legged_msgs/local/lib/python3.10/dist-packages:${PYTHONPATH} /usr/bin/cmake /home/yk/rosros/src/unitree_ros2_sim/unitree_guide2 -DCMAKE_INSTALL_PREFIX=/home/yk/rosros/install/unitree_guide2
[8.597s] DEBUG:colcon.colcon_core.event_handler.log_command:Invoked command in '/home/yk/rosros/build/ros2_unitree_legged_control' returned '0': AMENT_PREFIX_PATH=/home/yk/rosros/install/ros2_unitree_legged_msgs:${AMENT_PREFIX_PATH} CMAKE_PREFIX_PATH=/home/yk/rosros/install/ros2_unitree_legged_msgs:/opt/ros/humble LD_LIBRARY_PATH=/home/yk/rosros/install/ros2_unitree_legged_msgs/lib:${LD_LIBRARY_PATH} PYTHONPATH=/home/yk/rosros/install/ros2_unitree_legged_msgs/local/lib/python3.10/dist-packages:${PYTHONPATH} /usr/bin/cmake /home/yk/rosros/src/unitree_ros2_sim/ros2_unitree_legged_controller -DCMAKE_INSTALL_PREFIX=/home/yk/rosros/install/ros2_unitree_legged_control
[8.597s] DEBUG:colcon.colcon_core.event_handler.log_command:Invoking command in '/home/yk/rosros/build/ros2_unitree_legged_control': AMENT_PREFIX_PATH=/home/yk/rosros/install/ros2_unitree_legged_msgs:${AMENT_PREFIX_PATH} CMAKE_PREFIX_PATH=/home/yk/rosros/install/ros2_unitree_legged_msgs:/opt/ros/humble LD_LIBRARY_PATH=/home/yk/rosros/install/ros2_unitree_legged_msgs/lib:${LD_LIBRARY_PATH} PYTHONPATH=/home/yk/rosros/install/ros2_unitree_legged_msgs/local/lib/python3.10/dist-packages:${PYTHONPATH} /usr/bin/cmake --build /home/yk/rosros/build/ros2_unitree_legged_control -- -j2 -l2
[10.490s] DEBUG:colcon.colcon_core.event_handler.log_command:Invoked command in '/home/yk/rosros/build/unitree_guide2' returned '0': AMENT_PREFIX_PATH=/home/yk/rosros/install/ros2_unitree_legged_msgs:${AMENT_PREFIX_PATH} CMAKE_PREFIX_PATH=/home/yk/rosros/install/ros2_unitree_legged_msgs:/opt/ros/humble LD_LIBRARY_PATH=/home/yk/rosros/install/ros2_unitree_legged_msgs/lib:${LD_LIBRARY_PATH} PYTHONPATH=/home/yk/rosros/install/ros2_unitree_legged_msgs/local/lib/python3.10/dist-packages:${PYTHONPATH} /usr/bin/cmake /home/yk/rosros/src/unitree_ros2_sim/unitree_guide2 -DCMAKE_INSTALL_PREFIX=/home/yk/rosros/install/unitree_guide2
[10.497s] DEBUG:colcon.colcon_core.event_handler.log_command:Invoking command in '/home/yk/rosros/build/unitree_guide2': AMENT_PREFIX_PATH=/home/yk/rosros/install/ros2_unitree_legged_msgs:${AMENT_PREFIX_PATH} CMAKE_PREFIX_PATH=/home/yk/rosros/install/ros2_unitree_legged_msgs:/opt/ros/humble LD_LIBRARY_PATH=/home/yk/rosros/install/ros2_unitree_legged_msgs/lib:${LD_LIBRARY_PATH} PYTHONPATH=/home/yk/rosros/install/ros2_unitree_legged_msgs/local/lib/python3.10/dist-packages:${PYTHONPATH} /usr/bin/cmake --build /home/yk/rosros/build/unitree_guide2 -- -j2 -l2
[38.261s] DEBUG:colcon.colcon_core.event_handler.log_command:Invoked command in '/home/yk/rosros/build/ros2_unitree_legged_control' returned '0': AMENT_PREFIX_PATH=/home/yk/rosros/install/ros2_unitree_legged_msgs:${AMENT_PREFIX_PATH} CMAKE_PREFIX_PATH=/home/yk/rosros/install/ros2_unitree_legged_msgs:/opt/ros/humble LD_LIBRARY_PATH=/home/yk/rosros/install/ros2_unitree_legged_msgs/lib:${LD_LIBRARY_PATH} PYTHONPATH=/home/yk/rosros/install/ros2_unitree_legged_msgs/local/lib/python3.10/dist-packages:${PYTHONPATH} /usr/bin/cmake --build /home/yk/rosros/build/ros2_unitree_legged_control -- -j2 -l2
[38.350s] DEBUG:colcon.colcon_core.event_handler.log_command:Invoking command in '/home/yk/rosros/build/ros2_unitree_legged_control': AMENT_PREFIX_PATH=/home/yk/rosros/install/ros2_unitree_legged_msgs:${AMENT_PREFIX_PATH} CMAKE_PREFIX_PATH=/home/yk/rosros/install/ros2_unitree_legged_msgs:/opt/ros/humble LD_LIBRARY_PATH=/home/yk/rosros/install/ros2_unitree_legged_msgs/lib:${LD_LIBRARY_PATH} PYTHONPATH=/home/yk/rosros/install/ros2_unitree_legged_msgs/local/lib/python3.10/dist-packages:${PYTHONPATH} /usr/bin/cmake --install /home/yk/rosros/build/ros2_unitree_legged_control
[38.474s] Level 1:colcon.colcon_core.environment:create_environment_scripts_only(ros2_unitree_legged_control)
[38.474s] DEBUG:colcon.colcon_core.event_handler.log_command:Invoked command in '/home/yk/rosros/build/ros2_unitree_legged_control' returned '0': AMENT_PREFIX_PATH=/home/yk/rosros/install/ros2_unitree_legged_msgs:${AMENT_PREFIX_PATH} CMAKE_PREFIX_PATH=/home/yk/rosros/install/ros2_unitree_legged_msgs:/opt/ros/humble LD_LIBRARY_PATH=/home/yk/rosros/install/ros2_unitree_legged_msgs/lib:${LD_LIBRARY_PATH} PYTHONPATH=/home/yk/rosros/install/ros2_unitree_legged_msgs/local/lib/python3.10/dist-packages:${PYTHONPATH} /usr/bin/cmake --install /home/yk/rosros/build/ros2_unitree_legged_control
[38.475s] Level 1:colcon.colcon_core.environment:checking '/home/yk/rosros/install/ros2_unitree_legged_control' for CMake module files
[38.478s] Level 1:colcon.colcon_core.environment:checking '/home/yk/rosros/install/ros2_unitree_legged_control' for CMake config files
[38.479s] Level 1:colcon.colcon_core.shell:create_environment_hook('ros2_unitree_legged_control', 'cmake_prefix_path')
[38.479s] INFO:colcon.colcon_core.shell:Creating environment hook '/home/yk/rosros/install/ros2_unitree_legged_control/share/ros2_unitree_legged_control/hook/cmake_prefix_path.ps1'
[38.487s] INFO:colcon.colcon_core.shell:Creating environment descriptor '/home/yk/rosros/install/ros2_unitree_legged_control/share/ros2_unitree_legged_control/hook/cmake_prefix_path.dsv'
[38.489s] INFO:colcon.colcon_core.shell:Creating environment hook '/home/yk/rosros/install/ros2_unitree_legged_control/share/ros2_unitree_legged_control/hook/cmake_prefix_path.sh'
[38.491s] Level 1:colcon.colcon_core.environment:checking '/home/yk/rosros/install/ros2_unitree_legged_control/lib'
[38.492s] Level 1:colcon.colcon_core.environment:checking '/home/yk/rosros/install/ros2_unitree_legged_control/bin'
[38.492s] Level 1:colcon.colcon_core.environment:checking '/home/yk/rosros/install/ros2_unitree_legged_control/lib/pkgconfig/ros2_unitree_legged_control.pc'
[38.492s] Level 1:colcon.colcon_core.environment:checking '/home/yk/rosros/install/ros2_unitree_legged_control/lib/python3.10/site-packages'
[38.493s] Level 1:colcon.colcon_core.environment:checking '/home/yk/rosros/install/ros2_unitree_legged_control/bin'
[38.501s] INFO:colcon.colcon_core.shell:Creating package script '/home/yk/rosros/install/ros2_unitree_legged_control/share/ros2_unitree_legged_control/package.ps1'
[38.503s] INFO:colcon.colcon_core.shell:Creating package descriptor '/home/yk/rosros/install/ros2_unitree_legged_control/share/ros2_unitree_legged_control/package.dsv'
[38.504s] INFO:colcon.colcon_core.shell:Creating package script '/home/yk/rosros/install/ros2_unitree_legged_control/share/ros2_unitree_legged_control/package.sh'
[38.506s] INFO:colcon.colcon_core.shell:Creating package script '/home/yk/rosros/install/ros2_unitree_legged_control/share/ros2_unitree_legged_control/package.bash'
[38.507s] INFO:colcon.colcon_core.shell:Creating package script '/home/yk/rosros/install/ros2_unitree_legged_control/share/ros2_unitree_legged_control/package.zsh'
[38.508s] Level 1:colcon.colcon_core.environment:create_file_with_runtime_dependencies(/home/yk/rosros/install/ros2_unitree_legged_control/share/colcon-core/packages/ros2_unitree_legged_control)
[38.718s] Level 1:colcon.colcon_core.environment:create_environment_scripts_only(ros2_unitree_legged_control)
[38.719s] Level 1:colcon.colcon_core.environment:checking '/home/yk/rosros/install/ros2_unitree_legged_control' for CMake module files
[38.726s] Level 1:colcon.colcon_core.environment:checking '/home/yk/rosros/install/ros2_unitree_legged_control' for CMake config files
[38.726s] Level 1:colcon.colcon_core.shell:create_environment_hook('ros2_unitree_legged_control', 'cmake_prefix_path')
[38.727s] INFO:colcon.colcon_core.shell:Creating environment hook '/home/yk/rosros/install/ros2_unitree_legged_control/share/ros2_unitree_legged_control/hook/cmake_prefix_path.ps1'
[38.736s] INFO:colcon.colcon_core.shell:Creating environment descriptor '/home/yk/rosros/install/ros2_unitree_legged_control/share/ros2_unitree_legged_control/hook/cmake_prefix_path.dsv'
[38.737s] INFO:colcon.colcon_core.shell:Creating environment hook '/home/yk/rosros/install/ros2_unitree_legged_control/share/ros2_unitree_legged_control/hook/cmake_prefix_path.sh'
[38.738s] Level 1:colcon.colcon_core.environment:checking '/home/yk/rosros/install/ros2_unitree_legged_control/lib'
[38.739s] Level 1:colcon.colcon_core.environment:checking '/home/yk/rosros/install/ros2_unitree_legged_control/bin'
[38.739s] Level 1:colcon.colcon_core.environment:checking '/home/yk/rosros/install/ros2_unitree_legged_control/lib/pkgconfig/ros2_unitree_legged_control.pc'
[38.739s] Level 1:colcon.colcon_core.environment:checking '/home/yk/rosros/install/ros2_unitree_legged_control/lib/python3.10/site-packages'
[38.739s] Level 1:colcon.colcon_core.environment:checking '/home/yk/rosros/install/ros2_unitree_legged_control/bin'
[38.740s] INFO:colcon.colcon_core.shell:Creating package script '/home/yk/rosros/install/ros2_unitree_legged_control/share/ros2_unitree_legged_control/package.ps1'
[38.740s] INFO:colcon.colcon_core.shell:Creating package descriptor '/home/yk/rosros/install/ros2_unitree_legged_control/share/ros2_unitree_legged_control/package.dsv'
[38.752s] INFO:colcon.colcon_core.shell:Creating package script '/home/yk/rosros/install/ros2_unitree_legged_control/share/ros2_unitree_legged_control/package.sh'
[38.753s] INFO:colcon.colcon_core.shell:Creating package script '/home/yk/rosros/install/ros2_unitree_legged_control/share/ros2_unitree_legged_control/package.bash'
[38.754s] INFO:colcon.colcon_core.shell:Creating package script '/home/yk/rosros/install/ros2_unitree_legged_control/share/ros2_unitree_legged_control/package.zsh'
[38.755s] Level 1:colcon.colcon_core.environment:create_file_with_runtime_dependencies(/home/yk/rosros/install/ros2_unitree_legged_control/share/colcon-core/packages/ros2_unitree_legged_control)
[217.547s] DEBUG:colcon.colcon_core.event_handler.log_command:Invoked command in '/home/yk/rosros/build/unitree_guide2' returned '0': AMENT_PREFIX_PATH=/home/yk/rosros/install/ros2_unitree_legged_msgs:${AMENT_PREFIX_PATH} CMAKE_PREFIX_PATH=/home/yk/rosros/install/ros2_unitree_legged_msgs:/opt/ros/humble LD_LIBRARY_PATH=/home/yk/rosros/install/ros2_unitree_legged_msgs/lib:${LD_LIBRARY_PATH} PYTHONPATH=/home/yk/rosros/install/ros2_unitree_legged_msgs/local/lib/python3.10/dist-packages:${PYTHONPATH} /usr/bin/cmake --build /home/yk/rosros/build/unitree_guide2 -- -j2 -l2
[217.683s] DEBUG:colcon.colcon_core.event_handler.log_command:Invoking command in '/home/yk/rosros/build/unitree_guide2': AMENT_PREFIX_PATH=/home/yk/rosros/install/ros2_unitree_legged_msgs:${AMENT_PREFIX_PATH} CMAKE_PREFIX_PATH=/home/yk/rosros/install/ros2_unitree_legged_msgs:/opt/ros/humble LD_LIBRARY_PATH=/home/yk/rosros/install/ros2_unitree_legged_msgs/lib:${LD_LIBRARY_PATH} PYTHONPATH=/home/yk/rosros/install/ros2_unitree_legged_msgs/local/lib/python3.10/dist-packages:${PYTHONPATH} /usr/bin/cmake --install /home/yk/rosros/build/unitree_guide2
[217.707s] Level 1:colcon.colcon_core.environment:create_environment_scripts_only(unitree_guide2)
[217.707s] Level 1:colcon.colcon_core.environment:checking '/home/yk/rosros/install/unitree_guide2' for CMake module files
[217.708s] Level 1:colcon.colcon_core.environment:checking '/home/yk/rosros/install/unitree_guide2' for CMake config files
[217.708s] Level 1:colcon.colcon_core.shell:create_environment_hook('unitree_guide2', 'cmake_prefix_path')
[217.708s] INFO:colcon.colcon_core.shell:Creating environment hook '/home/yk/rosros/install/unitree_guide2/share/unitree_guide2/hook/cmake_prefix_path.ps1'
[217.709s] DEBUG:colcon.colcon_core.event_handler.log_command:Invoked command in '/home/yk/rosros/build/unitree_guide2' returned '0': AMENT_PREFIX_PATH=/home/yk/rosros/install/ros2_unitree_legged_msgs:${AMENT_PREFIX_PATH} CMAKE_PREFIX_PATH=/home/yk/rosros/install/ros2_unitree_legged_msgs:/opt/ros/humble LD_LIBRARY_PATH=/home/yk/rosros/install/ros2_unitree_legged_msgs/lib:${LD_LIBRARY_PATH} PYTHONPATH=/home/yk/rosros/install/ros2_unitree_legged_msgs/local/lib/python3.10/dist-packages:${PYTHONPATH} /usr/bin/cmake --install /home/yk/rosros/build/unitree_guide2
[217.710s] INFO:colcon.colcon_core.shell:Creating environment descriptor '/home/yk/rosros/install/unitree_guide2/share/unitree_guide2/hook/cmake_prefix_path.dsv'
[217.710s] INFO:colcon.colcon_core.shell:Creating environment hook '/home/yk/rosros/install/unitree_guide2/share/unitree_guide2/hook/cmake_prefix_path.sh'
[217.711s] Level 1:colcon.colcon_core.environment:checking '/home/yk/rosros/install/unitree_guide2/lib'
[217.711s] Level 1:colcon.colcon_core.environment:checking '/home/yk/rosros/install/unitree_guide2/bin'
[217.711s] Level 1:colcon.colcon_core.environment:checking '/home/yk/rosros/install/unitree_guide2/lib/pkgconfig/unitree_guide2.pc'
[217.711s] Level 1:colcon.colcon_core.environment:checking '/home/yk/rosros/install/unitree_guide2/lib/python3.10/site-packages'
[217.712s] Level 1:colcon.colcon_core.environment:checking '/home/yk/rosros/install/unitree_guide2/bin'
[217.712s] INFO:colcon.colcon_core.shell:Creating package script '/home/yk/rosros/install/unitree_guide2/share/unitree_guide2/package.ps1'
[217.712s] INFO:colcon.colcon_core.shell:Creating package descriptor '/home/yk/rosros/install/unitree_guide2/share/unitree_guide2/package.dsv'
[217.713s] INFO:colcon.colcon_core.shell:Creating package script '/home/yk/rosros/install/unitree_guide2/share/unitree_guide2/package.sh'
[217.713s] INFO:colcon.colcon_core.shell:Creating package script '/home/yk/rosros/install/unitree_guide2/share/unitree_guide2/package.bash'
[217.714s] INFO:colcon.colcon_core.shell:Creating package script '/home/yk/rosros/install/unitree_guide2/share/unitree_guide2/package.zsh'
[217.714s] Level 1:colcon.colcon_core.environment:create_file_with_runtime_dependencies(/home/yk/rosros/install/unitree_guide2/share/colcon-core/packages/unitree_guide2)
[217.840s] Level 1:colcon.colcon_core.environment:create_environment_scripts_only(unitree_guide2)
[217.840s] Level 1:colcon.colcon_core.environment:checking '/home/yk/rosros/install/unitree_guide2' for CMake module files
[217.841s] Level 1:colcon.colcon_core.environment:checking '/home/yk/rosros/install/unitree_guide2' for CMake config files
[217.842s] Level 1:colcon.colcon_core.shell:create_environment_hook('unitree_guide2', 'cmake_prefix_path')
[217.842s] INFO:colcon.colcon_core.shell:Creating environment hook '/home/yk/rosros/install/unitree_guide2/share/unitree_guide2/hook/cmake_prefix_path.ps1'
[217.843s] INFO:colcon.colcon_core.shell:Creating environment descriptor '/home/yk/rosros/install/unitree_guide2/share/unitree_guide2/hook/cmake_prefix_path.dsv'
[217.843s] INFO:colcon.colcon_core.shell:Creating environment hook '/home/yk/rosros/install/unitree_guide2/share/unitree_guide2/hook/cmake_prefix_path.sh'
[217.844s] Level 1:colcon.colcon_core.environment:checking '/home/yk/rosros/install/unitree_guide2/lib'
[217.844s] Level 1:colcon.colcon_core.environment:checking '/home/yk/rosros/install/unitree_guide2/bin'
[217.844s] Level 1:colcon.colcon_core.environment:checking '/home/yk/rosros/install/unitree_guide2/lib/pkgconfig/unitree_guide2.pc'
[217.845s] Level 1:colcon.colcon_core.environment:checking '/home/yk/rosros/install/unitree_guide2/lib/python3.10/site-packages'
[217.845s] Level 1:colcon.colcon_core.environment:checking '/home/yk/rosros/install/unitree_guide2/bin'
[217.845s] INFO:colcon.colcon_core.shell:Creating package script '/home/yk/rosros/install/unitree_guide2/share/unitree_guide2/package.ps1'
[217.846s] INFO:colcon.colcon_core.shell:Creating package descriptor '/home/yk/rosros/install/unitree_guide2/share/unitree_guide2/package.dsv'
[217.847s] INFO:colcon.colcon_core.shell:Creating package script '/home/yk/rosros/install/unitree_guide2/share/unitree_guide2/package.sh'
[217.848s] INFO:colcon.colcon_core.shell:Creating package script '/home/yk/rosros/install/unitree_guide2/share/unitree_guide2/package.bash'
[217.848s] INFO:colcon.colcon_core.shell:Creating package script '/home/yk/rosros/install/unitree_guide2/share/unitree_guide2/package.zsh'
[217.849s] Level 1:colcon.colcon_core.environment:create_file_with_runtime_dependencies(/home/yk/rosros/install/unitree_guide2/share/colcon-core/packages/unitree_guide2)
[217.849s] DEBUG:colcon.colcon_parallel_executor.executor.parallel:closing loop
[217.850s] DEBUG:colcon.colcon_parallel_executor.executor.parallel:loop closed
[217.852s] DEBUG:colcon.colcon_parallel_executor.executor.parallel:run_until_complete finished with '0'
[217.852s] DEBUG:colcon.colcon_core.event_reactor:joining thread
[217.927s] INFO:colcon.colcon_core.plugin_system:Skipping extension 'colcon_notification.desktop_notification.terminal_notifier': Not used on non-Darwin systems
[217.927s] INFO:colcon.colcon_core.plugin_system:Skipping extension 'colcon_notification.desktop_notification.win32': Not used on non-Windows systems
[217.928s] INFO:colcon.colcon_notification.desktop_notification:Sending desktop notification using 'notify2'
[217.979s] DEBUG:colcon.colcon_core.event_reactor:joined thread
[217.979s] INFO:colcon.colcon_core.shell:Creating prefix script '/home/yk/rosros/install/local_setup.ps1'
[217.983s] INFO:colcon.colcon_core.shell:Creating prefix util module '/home/yk/rosros/install/_local_setup_util_ps1.py'
[217.986s] INFO:colcon.colcon_core.shell:Creating prefix chain script '/home/yk/rosros/install/setup.ps1'
[217.989s] INFO:colcon.colcon_core.shell:Creating prefix script '/home/yk/rosros/install/local_setup.sh'
[217.991s] INFO:colcon.colcon_core.shell:Creating prefix util module '/home/yk/rosros/install/_local_setup_util_sh.py'
[217.992s] INFO:colcon.colcon_core.shell:Creating prefix chain script '/home/yk/rosros/install/setup.sh'
[217.994s] INFO:colcon.colcon_core.shell:Creating prefix script '/home/yk/rosros/install/local_setup.bash'
[217.996s] INFO:colcon.colcon_core.shell:Creating prefix chain script '/home/yk/rosros/install/setup.bash'
[217.998s] INFO:colcon.colcon_core.shell:Creating prefix script '/home/yk/rosros/install/local_setup.zsh'
[218.000s] INFO:colcon.colcon_core.shell:Creating prefix chain script '/home/yk/rosros/install/setup.zsh'
