[0.069s] Invoking command in '/home/yk/rosros/build/unitree_guide2': CMAKE_PREFIX_PATH=/home/yk/rosros/install/ros2_unitree_legged_msgs:/home/yk/rosros/install/unitree_guide2:/home/yk/rosros/install/ros2_unitree_legged_control:/home/yk/rosros/install/go1_gazebo:/home/yk/rosros/install/go1_description:/home/yk/rosros/install/go1_navigation:/opt/ros/humble LD_LIBRARY_PATH=/home/yk/rosros/install/ros2_unitree_legged_msgs/lib:/home/yk/rosros/install/ros2_unitree_legged_control/lib:/usr/lib/x86_64-linux-gnu/gazebo-11/plugins:/opt/ros/humble/opt/rviz_ogre_vendor/lib:/opt/ros/humble/lib/x86_64-linux-gnu:/opt/ros/humble/lib /usr/bin/cmake --build /home/yk/rosros/build/unitree_guide2 -- -j2 -l2
[0.191s] [35m[1mConsolidate compiler generated dependencies of target junior_ctrl[0m
[0.263s] [100%] Built target junior_ctrl
[0.278s] Invoked command in '/home/yk/rosros/build/unitree_guide2' returned '0': CMAKE_PREFIX_PATH=/home/yk/rosros/install/ros2_unitree_legged_msgs:/home/yk/rosros/install/unitree_guide2:/home/yk/rosros/install/ros2_unitree_legged_control:/home/yk/rosros/install/go1_gazebo:/home/yk/rosros/install/go1_description:/home/yk/rosros/install/go1_navigation:/opt/ros/humble LD_LIBRARY_PATH=/home/yk/rosros/install/ros2_unitree_legged_msgs/lib:/home/yk/rosros/install/ros2_unitree_legged_control/lib:/usr/lib/x86_64-linux-gnu/gazebo-11/plugins:/opt/ros/humble/opt/rviz_ogre_vendor/lib:/opt/ros/humble/lib/x86_64-linux-gnu:/opt/ros/humble/lib /usr/bin/cmake --build /home/yk/rosros/build/unitree_guide2 -- -j2 -l2
[0.390s] Invoking command in '/home/yk/rosros/build/unitree_guide2': CMAKE_PREFIX_PATH=/home/yk/rosros/install/ros2_unitree_legged_msgs:/home/yk/rosros/install/unitree_guide2:/home/yk/rosros/install/ros2_unitree_legged_control:/home/yk/rosros/install/go1_gazebo:/home/yk/rosros/install/go1_description:/home/yk/rosros/install/go1_navigation:/opt/ros/humble LD_LIBRARY_PATH=/home/yk/rosros/install/ros2_unitree_legged_msgs/lib:/home/yk/rosros/install/ros2_unitree_legged_control/lib:/usr/lib/x86_64-linux-gnu/gazebo-11/plugins:/opt/ros/humble/opt/rviz_ogre_vendor/lib:/opt/ros/humble/lib/x86_64-linux-gnu:/opt/ros/humble/lib /usr/bin/cmake --install /home/yk/rosros/build/unitree_guide2
[0.401s] -- Install configuration: ""
[0.401s] -- Up-to-date: /home/yk/rosros/install/unitree_guide2/lib/unitree_guide2/junior_ctrl
[0.401s] -- Up-to-date: /home/yk/rosros/install/unitree_guide2/share/ament_index/resource_index/package_run_dependencies/unitree_guide2
[0.401s] -- Up-to-date: /home/yk/rosros/install/unitree_guide2/share/ament_index/resource_index/parent_prefix_path/unitree_guide2
[0.402s] -- Up-to-date: /home/yk/rosros/install/unitree_guide2/share/unitree_guide2/environment/ament_prefix_path.sh
[0.402s] -- Up-to-date: /home/yk/rosros/install/unitree_guide2/share/unitree_guide2/environment/ament_prefix_path.dsv
[0.402s] -- Up-to-date: /home/yk/rosros/install/unitree_guide2/share/unitree_guide2/environment/path.sh
[0.402s] -- Up-to-date: /home/yk/rosros/install/unitree_guide2/share/unitree_guide2/environment/path.dsv
[0.402s] -- Up-to-date: /home/yk/rosros/install/unitree_guide2/share/unitree_guide2/local_setup.bash
[0.402s] -- Up-to-date: /home/yk/rosros/install/unitree_guide2/share/unitree_guide2/local_setup.sh
[0.402s] -- Up-to-date: /home/yk/rosros/install/unitree_guide2/share/unitree_guide2/local_setup.zsh
[0.402s] -- Up-to-date: /home/yk/rosros/install/unitree_guide2/share/unitree_guide2/local_setup.dsv
[0.402s] -- Installing: /home/yk/rosros/install/unitree_guide2/share/unitree_guide2/package.dsv
[0.403s] -- Up-to-date: /home/yk/rosros/install/unitree_guide2/share/ament_index/resource_index/packages/unitree_guide2
[0.403s] -- Up-to-date: /home/yk/rosros/install/unitree_guide2/share/unitree_guide2/cmake/unitree_guide2Config.cmake
[0.403s] -- Up-to-date: /home/yk/rosros/install/unitree_guide2/share/unitree_guide2/cmake/unitree_guide2Config-version.cmake
[0.403s] -- Up-to-date: /home/yk/rosros/install/unitree_guide2/share/unitree_guide2/package.xml
[0.406s] Invoked command in '/home/yk/rosros/build/unitree_guide2' returned '0': CMAKE_PREFIX_PATH=/home/yk/rosros/install/ros2_unitree_legged_msgs:/home/yk/rosros/install/unitree_guide2:/home/yk/rosros/install/ros2_unitree_legged_control:/home/yk/rosros/install/go1_gazebo:/home/yk/rosros/install/go1_description:/home/yk/rosros/install/go1_navigation:/opt/ros/humble LD_LIBRARY_PATH=/home/yk/rosros/install/ros2_unitree_legged_msgs/lib:/home/yk/rosros/install/ros2_unitree_legged_control/lib:/usr/lib/x86_64-linux-gnu/gazebo-11/plugins:/opt/ros/humble/opt/rviz_ogre_vendor/lib:/opt/ros/humble/lib/x86_64-linux-gnu:/opt/ros/humble/lib /usr/bin/cmake --install /home/yk/rosros/build/unitree_guide2
