[1.126s] Invoking command in '/home/yk/rosros/src/unitree_ros2_sim/go1_sim/go1_navigation': PYTHONPATH=/home/yk/rosros/build/go1_navigation/prefix_override:/usr/lib/python3/dist-packages/colcon_core/task/python/colcon_distutils_commands:/home/yk/rosros/install/go1_navigation/lib/python3.10/site-packages:${PYTHONPATH} /usr/bin/python3 -W ignore:setup.py install is deprecated setup.py egg_info --egg-base ../../../../build/go1_navigation build --build-base /home/yk/rosros/build/go1_navigation/build install --record /home/yk/rosros/build/go1_navigation/install.log --single-version-externally-managed install_data
[1.554s] running egg_info
[1.555s] writing ../../../../build/go1_navigation/go1_navigation.egg-info/PKG-INFO
[1.555s] writing dependency_links to ../../../../build/go1_navigation/go1_navigation.egg-info/dependency_links.txt
[1.555s] writing entry points to ../../../../build/go1_navigation/go1_navigation.egg-info/entry_points.txt
[1.556s] writing requirements to ../../../../build/go1_navigation/go1_navigation.egg-info/requires.txt
[1.556s] writing top-level names to ../../../../build/go1_navigation/go1_navigation.egg-info/top_level.txt
[1.560s] reading manifest file '../../../../build/go1_navigation/go1_navigation.egg-info/SOURCES.txt'
[1.560s] adding license file 'LICENSE'
[1.561s] writing manifest file '../../../../build/go1_navigation/go1_navigation.egg-info/SOURCES.txt'
[1.567s] running build
[1.572s] running build_py
[1.572s] running install
[1.572s] running install_lib
[1.572s] running install_data
[1.572s] running install_egg_info
[1.572s] removing '/home/yk/rosros/install/go1_navigation/lib/python3.10/site-packages/go1_navigation-0.0.0-py3.10.egg-info' (and everything under it)
[1.572s] Copying ../../../../build/go1_navigation/go1_navigation.egg-info to /home/yk/rosros/install/go1_navigation/lib/python3.10/site-packages/go1_navigation-0.0.0-py3.10.egg-info
[1.572s] running install_scripts
[1.599s] Installing nav_tf_publisher script to /home/yk/rosros/install/go1_navigation/lib/go1_navigation
[1.600s] Installing static_map_publisher script to /home/yk/rosros/install/go1_navigation/lib/go1_navigation
[1.601s] writing list of installed files to '/home/yk/rosros/build/go1_navigation/install.log'
[1.646s] Invoked command in '/home/yk/rosros/src/unitree_ros2_sim/go1_sim/go1_navigation' returned '0': PYTHONPATH=/home/yk/rosros/build/go1_navigation/prefix_override:/usr/lib/python3/dist-packages/colcon_core/task/python/colcon_distutils_commands:/home/yk/rosros/install/go1_navigation/lib/python3.10/site-packages:${PYTHONPATH} /usr/bin/python3 -W ignore:setup.py install is deprecated setup.py egg_info --egg-base ../../../../build/go1_navigation build --build-base /home/yk/rosros/build/go1_navigation/build install --record /home/yk/rosros/build/go1_navigation/install.log --single-version-externally-managed install_data
