[0.039s] Invoking command in '/home/yk/rosros/build/go1_description': CMAKE_PREFIX_PATH=/opt/ros/humble /usr/bin/cmake /home/yk/rosros/src/unitree_ros2_sim/go1_sim/go1_description -DCMAKE_INSTALL_PREFIX=/home/yk/rosros/install/go1_description
[0.184s] -- The C compiler identification is GNU 11.4.0
[0.306s] -- The CXX compiler identification is GNU 11.4.0
[0.322s] -- Detecting C compiler ABI info
[0.425s] -- Detecting C compiler ABI info - done
[0.436s] -- Check for working C compiler: /usr/bin/cc - skipped
[0.436s] -- Detecting C compile features
[0.437s] -- Detecting C compile features - done
[0.442s] -- Detecting CXX compiler ABI info
[0.606s] -- Detecting CXX compiler ABI info - done
[0.630s] -- Check for working CXX compiler: /usr/bin/c++ - skipped
[0.633s] -- Detecting CXX compile features
[0.634s] -- Detecting CXX compile features - done
[0.670s] -- Found ament_cmake: 1.3.10 (/opt/ros/humble/share/ament_cmake/cmake)
[1.418s] -- Found Python3: /usr/bin/python3 (found version "3.10.12") found components: Interpreter 
[1.598s] -- Found ament_lint_auto: 0.12.11 (/opt/ros/humble/share/ament_lint_auto/cmake)
[1.611s] -- Found urdf: 2.6.1 (/opt/ros/humble/share/urdf/cmake)
[1.815s] -- Found xacro: 2.0.8 (/opt/ros/humble/share/xacro/cmake)
[1.830s] -- Found robot_state_publisher: 3.0.3 (/opt/ros/humble/share/robot_state_publisher/cmake)
[1.931s] -- Found rosidl_generator_c: 3.1.5 (/opt/ros/humble/share/rosidl_generator_c/cmake)
[1.947s] -- Found rosidl_adapter: 3.1.5 (/opt/ros/humble/share/rosidl_adapter/cmake)
[1.975s] -- Found rosidl_generator_cpp: 3.1.5 (/opt/ros/humble/share/rosidl_generator_cpp/cmake)
[2.006s] -- Using all available rosidl_typesupport_c: rosidl_typesupport_fastrtps_c;rosidl_typesupport_introspection_c
[2.041s] -- Using all available rosidl_typesupport_cpp: rosidl_typesupport_fastrtps_cpp;rosidl_typesupport_introspection_cpp
[2.245s] -- Found eigen3_cmake_module: 0.1.1 (/opt/ros/humble/share/eigen3_cmake_module/cmake)
[2.251s] -- Found Eigen3: TRUE (found version "3.4.0") 
[2.251s] -- Ensuring Eigen3 include directory is part of orocos-kdl CMake target
[2.474s] -- Found rmw_implementation_cmake: 6.1.2 (/opt/ros/humble/share/rmw_implementation_cmake/cmake)
[2.495s] -- Found rmw_fastrtps_cpp: 6.2.7 (/opt/ros/humble/share/rmw_fastrtps_cpp/cmake)
[2.624s] -- Found TinyXML2 via Config file: TinyXML2_DIR-NOTFOUND
[2.911s] -- Found OpenSSL: /usr/lib/x86_64-linux-gnu/libcrypto.so (found version "3.0.2")  
[2.930s] -- Found TinyXML2 via Config file: TinyXML2_DIR-NOTFOUND
[2.973s] -- Found FastRTPS: /opt/ros/humble/include  
[2.979s] -- Found TinyXML2 via Config file: TinyXML2_DIR-NOTFOUND
[2.992s] -- Found TinyXML2 via Config file: TinyXML2_DIR-NOTFOUND
[3.021s] -- Using RMW implementation 'rmw_fastrtps_cpp' as default
[3.073s] -- Looking for pthread.h
[3.299s] -- Looking for pthread.h - found
[3.300s] -- Performing Test CMAKE_HAVE_LIBC_PTHREAD
[3.474s] -- Performing Test CMAKE_HAVE_LIBC_PTHREAD - Success
[3.477s] -- Found Threads: TRUE  
[4.609s] -- Added test 'flake8' to check Python code syntax and style conventions
[4.611s] -- Added test 'lint_cmake' to check CMake code style
[4.615s] -- Added test 'pep257' to check Python code against some of the docstring style conventions in PEP 257
[4.629s] -- Added test 'xmllint' to check XML markup files
[4.657s] -- Configuring done
[4.657s] -- Generating done
[4.657s] -- Build files have been written to: /home/yk/rosros/build/go1_description
[4.678s] Invoked command in '/home/yk/rosros/build/go1_description' returned '0': CMAKE_PREFIX_PATH=/opt/ros/humble /usr/bin/cmake /home/yk/rosros/src/unitree_ros2_sim/go1_sim/go1_description -DCMAKE_INSTALL_PREFIX=/home/yk/rosros/install/go1_description
[4.681s] Invoking command in '/home/yk/rosros/build/go1_description': CMAKE_PREFIX_PATH=/opt/ros/humble /usr/bin/cmake --build /home/yk/rosros/build/go1_description -- -j2 -l2
[4.785s] Invoked command in '/home/yk/rosros/build/go1_description' returned '0': CMAKE_PREFIX_PATH=/opt/ros/humble /usr/bin/cmake --build /home/yk/rosros/build/go1_description -- -j2 -l2
[4.955s] Invoking command in '/home/yk/rosros/build/go1_description': CMAKE_PREFIX_PATH=/opt/ros/humble /usr/bin/cmake --install /home/yk/rosros/build/go1_description
[4.998s] -- Install configuration: ""
[4.999s] -- Installing: /home/yk/rosros/install/go1_description/share/go1_description//config
[4.999s] -- Installing: /home/yk/rosros/install/go1_description/share/go1_description//config/jtc.yaml
[4.999s] -- Installing: /home/yk/rosros/install/go1_description/share/go1_description//launch
[4.999s] -- Installing: /home/yk/rosros/install/go1_description/share/go1_description//launch/go1_visualize.launch.py
[4.999s] -- Installing: /home/yk/rosros/install/go1_description/share/go1_description//meshes
[5.000s] -- Installing: /home/yk/rosros/install/go1_description/share/go1_description//meshes/depthCamera.dae
[5.000s] -- Installing: /home/yk/rosros/install/go1_description/share/go1_description//meshes/calf.dae
[5.000s] -- Installing: /home/yk/rosros/install/go1_description/share/go1_description//meshes/ultraSound.dae
[5.008s] -- Installing: /home/yk/rosros/install/go1_description/share/go1_description//meshes/thigh_mirror.dae
[5.009s] -- Installing: /home/yk/rosros/install/go1_description/share/go1_description//meshes/hip.dae
[5.015s] -- Installing: /home/yk/rosros/install/go1_description/share/go1_description//meshes/trunk.dae
[5.452s] -- Installing: /home/yk/rosros/install/go1_description/share/go1_description//meshes/thigh.dae
[5.453s] -- Installing: /home/yk/rosros/install/go1_description/share/go1_description//rviz
[5.453s] -- Installing: /home/yk/rosros/install/go1_description/share/go1_description//rviz/go1_vis.rviz
[5.457s] -- Installing: /home/yk/rosros/install/go1_description/share/go1_description//urdf
[5.457s] -- Installing: /home/yk/rosros/install/go1_description/share/go1_description//urdf/go1.urdf
[5.458s] -- Installing: /home/yk/rosros/install/go1_description/share/go1_description//xacro
[5.458s] -- Installing: /home/yk/rosros/install/go1_description/share/go1_description//xacro/const.xacro
[5.459s] -- Installing: /home/yk/rosros/install/go1_description/share/go1_description//xacro/materials.xacro
[5.459s] -- Installing: /home/yk/rosros/install/go1_description/share/go1_description//xacro/gazebo.xacro
[5.461s] -- Installing: /home/yk/rosros/install/go1_description/share/go1_description//xacro/lidar.xacro
[5.464s] -- Installing: /home/yk/rosros/install/go1_description/share/go1_description//xacro/leg.xacro
[5.464s] -- Installing: /home/yk/rosros/install/go1_description/share/go1_description//xacro/depthCamera.xacro
[5.465s] -- Installing: /home/yk/rosros/install/go1_description/share/go1_description//xacro/ultraSound.xacro
[5.466s] -- Installing: /home/yk/rosros/install/go1_description/share/go1_description//xacro/robot.xacro
[5.467s] -- Installing: /home/yk/rosros/install/go1_description/share/go1_description//xacro/ros2_control.xacro
[5.468s] -- Installing: /home/yk/rosros/install/go1_description/share/go1_description//xacro/transmission.xacro
[5.472s] -- Installing: /home/yk/rosros/install/go1_description/share/ament_index/resource_index/package_run_dependencies/go1_description
[5.472s] -- Installing: /home/yk/rosros/install/go1_description/share/ament_index/resource_index/parent_prefix_path/go1_description
[5.472s] -- Installing: /home/yk/rosros/install/go1_description/share/go1_description/environment/ament_prefix_path.sh
[5.472s] -- Installing: /home/yk/rosros/install/go1_description/share/go1_description/environment/ament_prefix_path.dsv
[5.472s] -- Installing: /home/yk/rosros/install/go1_description/share/go1_description/environment/path.sh
[5.472s] -- Installing: /home/yk/rosros/install/go1_description/share/go1_description/environment/path.dsv
[5.476s] -- Installing: /home/yk/rosros/install/go1_description/share/go1_description/local_setup.bash
[5.477s] -- Installing: /home/yk/rosros/install/go1_description/share/go1_description/local_setup.sh
[5.477s] -- Installing: /home/yk/rosros/install/go1_description/share/go1_description/local_setup.zsh
[5.477s] -- Installing: /home/yk/rosros/install/go1_description/share/go1_description/local_setup.dsv
[5.477s] -- Installing: /home/yk/rosros/install/go1_description/share/go1_description/package.dsv
[5.477s] -- Installing: /home/yk/rosros/install/go1_description/share/ament_index/resource_index/packages/go1_description
[5.477s] -- Installing: /home/yk/rosros/install/go1_description/share/go1_description/cmake/go1_descriptionConfig.cmake
[5.477s] -- Installing: /home/yk/rosros/install/go1_description/share/go1_description/cmake/go1_descriptionConfig-version.cmake
[5.477s] -- Installing: /home/yk/rosros/install/go1_description/share/go1_description/package.xml
[5.487s] Invoked command in '/home/yk/rosros/build/go1_description' returned '0': CMAKE_PREFIX_PATH=/opt/ros/humble /usr/bin/cmake --install /home/yk/rosros/build/go1_description
