[3.556s] Invoking command in '/home/yk/rosros/src/unitree_ros2_sim/go1_sim/go1_navigation': PYTHONPATH=/home/yk/rosros/build/go1_navigation/prefix_override:/usr/lib/python3/dist-packages/colcon_core/task/python/colcon_distutils_commands:/home/yk/rosros/install/go1_navigation/lib/python3.10/site-packages:${PYTHONPATH} /usr/bin/python3 -W ignore:setup.py install is deprecated setup.py egg_info --egg-base ../../../../build/go1_navigation build --build-base /home/yk/rosros/build/go1_navigation/build install --record /home/yk/rosros/build/go1_navigation/install.log --single-version-externally-managed install_data
[4.073s] /home/yk/.local/lib/python3.10/site-packages/setuptools/_distutils/dist.py:261: UserWarning: Unknown distribution option: 'tests_require'
[4.073s]   warnings.warn(msg)
[4.465s] running egg_info
[4.521s] creating ../../../../build/go1_navigation/go1_navigation.egg-info
[4.522s] writing ../../../../build/go1_navigation/go1_navigation.egg-info/PKG-INFO
[4.523s] writing dependency_links to ../../../../build/go1_navigation/go1_navigation.egg-info/dependency_links.txt
[4.523s] writing entry points to ../../../../build/go1_navigation/go1_navigation.egg-info/entry_points.txt
[4.523s] writing requirements to ../../../../build/go1_navigation/go1_navigation.egg-info/requires.txt
[4.523s] writing top-level names to ../../../../build/go1_navigation/go1_navigation.egg-info/top_level.txt
[4.524s] writing manifest file '../../../../build/go1_navigation/go1_navigation.egg-info/SOURCES.txt'
[4.630s] reading manifest file '../../../../build/go1_navigation/go1_navigation.egg-info/SOURCES.txt'
[4.630s] adding license file 'LICENSE'
[4.630s] Traceback (most recent call last):
[4.630s]   File "/home/yk/rosros/src/unitree_ros2_sim/go1_sim/go1_navigation/setup.py", line 5, in <module>
[4.632s]     setup(
[4.632s]   File "/home/yk/.local/lib/python3.10/site-packages/setuptools/__init__.py", line 117, in setup
[4.632s]     return distutils.core.setup(**attrs)
[4.633s]   File "/home/yk/.local/lib/python3.10/site-packages/setuptools/_distutils/core.py", line 183, in setup
[4.633s]     return run_commands(dist)
[4.635s]   File "/home/yk/.local/lib/python3.10/site-packages/setuptools/_distutils/core.py", line 199, in run_commands
[4.636s]     dist.run_commands()
[4.636s]   File "/home/yk/.local/lib/python3.10/site-packages/setuptools/_distutils/dist.py", line 954, in run_commands
[4.636s]     self.run_command(cmd)
[4.636s]   File "/home/yk/.local/lib/python3.10/site-packages/setuptools/dist.py", line 999, in run_command
[4.636s]     super().run_command(command)
[4.636s]   File "/home/yk/.local/lib/python3.10/site-packages/setuptools/_distutils/dist.py", line 973, in run_command
[4.636s]     cmd_obj.run()
[4.636s]   File "/home/yk/.local/lib/python3.10/site-packages/setuptools/command/egg_info.py", line 312, in run
[4.636s]     self.find_sources()
[4.636s]   File "/home/yk/.local/lib/python3.10/site-packages/setuptools/command/egg_info.py", line 320, in find_sources
[4.636s]     mm.run()
[4.636s]   File "/home/yk/.local/lib/python3.10/site-packages/setuptools/command/egg_info.py", line 546, in run
[4.637s]     self.prune_file_list()
[4.637s]   File "/home/yk/.local/lib/python3.10/site-packages/setuptools/command/sdist.py", line 162, in prune_file_list
[4.637s]     super().prune_file_list()
[4.637s]   File "/home/yk/.local/lib/python3.10/site-packages/setuptools/_distutils/command/sdist.py", line 380, in prune_file_list
[4.637s]     base_dir = self.distribution.get_fullname()
[4.637s]   File "/home/yk/.local/lib/python3.10/site-packages/setuptools/_core_metadata.py", line 267, in get_fullname
[4.637s]     return _distribution_fullname(self.get_name(), self.get_version())
[4.643s]   File "/home/yk/.local/lib/python3.10/site-packages/setuptools/_core_metadata.py", line 285, in _distribution_fullname
[4.645s]     canonicalize_version(version, strip_trailing_zero=False),
[4.645s] TypeError: canonicalize_version() got an unexpected keyword argument 'strip_trailing_zero'
[4.921s] Invoked command in '/home/yk/rosros/src/unitree_ros2_sim/go1_sim/go1_navigation' returned '1': PYTHONPATH=/home/yk/rosros/build/go1_navigation/prefix_override:/usr/lib/python3/dist-packages/colcon_core/task/python/colcon_distutils_commands:/home/yk/rosros/install/go1_navigation/lib/python3.10/site-packages:${PYTHONPATH} /usr/bin/python3 -W ignore:setup.py install is deprecated setup.py egg_info --egg-base ../../../../build/go1_navigation build --build-base /home/yk/rosros/build/go1_navigation/build install --record /home/yk/rosros/build/go1_navigation/install.log --single-version-externally-managed install_data
