[0.046s] Invoking command in '/home/yk/rosros/build/go1_description': CMAKE_PREFIX_PATH=${CMAKE_PREFIX_PATH}:/home/yk/rosros/install/go1_navigation:/opt/ros/humble /usr/bin/cmake --build /home/yk/rosros/build/go1_description -- -j2 -l2
[0.171s] Invoked command in '/home/yk/rosros/build/go1_description' returned '0': CMAKE_PREFIX_PATH=${CMAKE_PREFIX_PATH}:/home/yk/rosros/install/go1_navigation:/opt/ros/humble /usr/bin/cmake --build /home/yk/rosros/build/go1_description -- -j2 -l2
[0.245s] Invoking command in '/home/yk/rosros/build/go1_description': CMAKE_PREFIX_PATH=${CMAKE_PREFIX_PATH}:/home/yk/rosros/install/go1_navigation:/opt/ros/humble /usr/bin/cmake --install /home/yk/rosros/build/go1_description
[0.254s] -- Install configuration: ""
[0.254s] -- Up-to-date: /home/yk/rosros/install/go1_description/share/go1_description//config
[0.254s] -- Up-to-date: /home/yk/rosros/install/go1_description/share/go1_description//config/jtc.yaml
[0.254s] -- Up-to-date: /home/yk/rosros/install/go1_description/share/go1_description//launch
[0.254s] -- Up-to-date: /home/yk/rosros/install/go1_description/share/go1_description//launch/go1_visualize.launch.py
[0.254s] -- Up-to-date: /home/yk/rosros/install/go1_description/share/go1_description//meshes
[0.254s] -- Up-to-date: /home/yk/rosros/install/go1_description/share/go1_description//meshes/depthCamera.dae
[0.254s] -- Up-to-date: /home/yk/rosros/install/go1_description/share/go1_description//meshes/calf.dae
[0.255s] -- Up-to-date: /home/yk/rosros/install/go1_description/share/go1_description//meshes/ultraSound.dae
[0.255s] -- Up-to-date: /home/yk/rosros/install/go1_description/share/go1_description//meshes/thigh_mirror.dae
[0.255s] -- Up-to-date: /home/yk/rosros/install/go1_description/share/go1_description//meshes/hip.dae
[0.255s] -- Up-to-date: /home/yk/rosros/install/go1_description/share/go1_description//meshes/trunk.dae
[0.255s] -- Up-to-date: /home/yk/rosros/install/go1_description/share/go1_description//meshes/thigh.dae
[0.255s] -- Up-to-date: /home/yk/rosros/install/go1_description/share/go1_description//rviz
[0.255s] -- Up-to-date: /home/yk/rosros/install/go1_description/share/go1_description//rviz/go1_vis.rviz
[0.255s] -- Up-to-date: /home/yk/rosros/install/go1_description/share/go1_description//urdf
[0.255s] -- Up-to-date: /home/yk/rosros/install/go1_description/share/go1_description//urdf/go1.urdf
[0.255s] -- Up-to-date: /home/yk/rosros/install/go1_description/share/go1_description//xacro
[0.258s] -- Up-to-date: /home/yk/rosros/install/go1_description/share/go1_description//xacro/const.xacro
[0.258s] -- Up-to-date: /home/yk/rosros/install/go1_description/share/go1_description//xacro/materials.xacro
[0.258s] -- Up-to-date: /home/yk/rosros/install/go1_description/share/go1_description//xacro/gazebo.xacro
[0.258s] -- Up-to-date: /home/yk/rosros/install/go1_description/share/go1_description//xacro/lidar.xacro
[0.258s] -- Up-to-date: /home/yk/rosros/install/go1_description/share/go1_description//xacro/leg.xacro
[0.258s] -- Up-to-date: /home/yk/rosros/install/go1_description/share/go1_description//xacro/depthCamera.xacro
[0.258s] -- Up-to-date: /home/yk/rosros/install/go1_description/share/go1_description//xacro/ultraSound.xacro
[0.258s] -- Up-to-date: /home/yk/rosros/install/go1_description/share/go1_description//xacro/robot.xacro
[0.258s] -- Up-to-date: /home/yk/rosros/install/go1_description/share/go1_description//xacro/ros2_control.xacro
[0.259s] -- Up-to-date: /home/yk/rosros/install/go1_description/share/go1_description//xacro/transmission.xacro
[0.259s] -- Up-to-date: /home/yk/rosros/install/go1_description/share/ament_index/resource_index/package_run_dependencies/go1_description
[0.259s] -- Up-to-date: /home/yk/rosros/install/go1_description/share/ament_index/resource_index/parent_prefix_path/go1_description
[0.259s] -- Up-to-date: /home/yk/rosros/install/go1_description/share/go1_description/environment/ament_prefix_path.sh
[0.259s] -- Up-to-date: /home/yk/rosros/install/go1_description/share/go1_description/environment/ament_prefix_path.dsv
[0.259s] -- Up-to-date: /home/yk/rosros/install/go1_description/share/go1_description/environment/path.sh
[0.259s] -- Up-to-date: /home/yk/rosros/install/go1_description/share/go1_description/environment/path.dsv
[0.259s] -- Up-to-date: /home/yk/rosros/install/go1_description/share/go1_description/local_setup.bash
[0.259s] -- Up-to-date: /home/yk/rosros/install/go1_description/share/go1_description/local_setup.sh
[0.259s] -- Up-to-date: /home/yk/rosros/install/go1_description/share/go1_description/local_setup.zsh
[0.259s] -- Up-to-date: /home/yk/rosros/install/go1_description/share/go1_description/local_setup.dsv
[0.259s] -- Installing: /home/yk/rosros/install/go1_description/share/go1_description/package.dsv
[0.259s] -- Up-to-date: /home/yk/rosros/install/go1_description/share/ament_index/resource_index/packages/go1_description
[0.260s] -- Up-to-date: /home/yk/rosros/install/go1_description/share/go1_description/cmake/go1_descriptionConfig.cmake
[0.260s] -- Up-to-date: /home/yk/rosros/install/go1_description/share/go1_description/cmake/go1_descriptionConfig-version.cmake
[0.261s] -- Up-to-date: /home/yk/rosros/install/go1_description/share/go1_description/package.xml
[0.263s] Invoked command in '/home/yk/rosros/build/go1_description' returned '0': CMAKE_PREFIX_PATH=${CMAKE_PREFIX_PATH}:/home/yk/rosros/install/go1_navigation:/opt/ros/humble /usr/bin/cmake --install /home/yk/rosros/build/go1_description
