[0.952s] DEBUG:colcon:Command line arguments: ['/usr/bin/colcon', 'build']
[0.952s] DEBUG:colcon:Parsed command line arguments: Namespace(log_base=None, log_level=None, verb_name='build', build_base='build', install_base='install', merge_install=False, symlink_install=False, test_result_base=None, continue_on_error=False, executor='parallel', parallel_workers=2, event_handlers=None, ignore_user_meta=False, metas=['./colcon.meta'], base_paths=['.'], packages_ignore=None, packages_ignore_regex=None, paths=None, packages_up_to=None, packages_up_to_regex=None, packages_above=None, packages_above_and_dependencies=None, packages_above_depth=None, packages_select_by_dep=None, packages_skip_by_dep=None, packages_skip_up_to=None, packages_select_build_failed=False, packages_skip_build_finished=False, packages_select_test_failures=False, packages_skip_test_passed=False, packages_select=None, packages_skip=None, packages_select_regex=None, packages_skip_regex=None, packages_start=None, packages_end=None, allow_overriding=[], cmake_args=None, cmake_target=None, cmake_target_skip_unavailable=False, cmake_clean_cache=False, cmake_clean_first=False, cmake_force_configure=False, ament_cmake_args=None, catkin_cmake_args=None, catkin_skip_building_tests=False, verb_parser=<colcon_defaults.argument_parser.defaults.DefaultArgumentsDecorator object at 0x7df05b005480>, verb_extension=<colcon_core.verb.build.BuildVerb object at 0x7df05b176aa0>, main=<bound method BuildVerb.main of <colcon_core.verb.build.BuildVerb object at 0x7df05b176aa0>>)
[1.518s] Level 1:colcon.colcon_core.package_discovery:discover_packages(colcon_meta) check parameters
[1.519s] Level 1:colcon.colcon_core.package_discovery:discover_packages(recursive) check parameters
[1.519s] Level 1:colcon.colcon_core.package_discovery:discover_packages(ignore) check parameters
[1.519s] Level 1:colcon.colcon_core.package_discovery:discover_packages(path) check parameters
[1.519s] Level 1:colcon.colcon_core.package_discovery:discover_packages(colcon_meta) discover
[1.519s] Level 1:colcon.colcon_core.package_discovery:discover_packages(recursive) discover
[1.519s] INFO:colcon.colcon_core.package_discovery:Crawling recursively for packages in '/home/yk/rosros'
[1.519s] Level 1:colcon.colcon_core.package_identification:_identify(.) by extensions ['ignore', 'ignore_ament_install']
[1.519s] Level 1:colcon.colcon_core.package_identification:_identify(.) by extension 'ignore'
[1.520s] Level 1:colcon.colcon_core.package_identification:_identify(.) by extension 'ignore_ament_install'
[1.520s] Level 1:colcon.colcon_core.package_identification:_identify(.) by extensions ['colcon_pkg']
[1.520s] Level 1:colcon.colcon_core.package_identification:_identify(.) by extension 'colcon_pkg'
[1.520s] Level 1:colcon.colcon_core.package_identification:_identify(.) by extensions ['colcon_meta']
[1.520s] Level 1:colcon.colcon_core.package_identification:_identify(.) by extension 'colcon_meta'
[1.520s] Level 1:colcon.colcon_core.package_identification:_identify(.) by extensions ['ros']
[1.520s] Level 1:colcon.colcon_core.package_identification:_identify(.) by extension 'ros'
[1.555s] Level 1:colcon.colcon_core.package_identification:_identify(.) by extensions ['cmake', 'python']
[1.556s] Level 1:colcon.colcon_core.package_identification:_identify(.) by extension 'cmake'
[1.556s] Level 1:colcon.colcon_core.package_identification:_identify(.) by extension 'python'
[1.556s] Level 1:colcon.colcon_core.package_identification:_identify(.) by extensions ['python_setup_py']
[1.556s] Level 1:colcon.colcon_core.package_identification:_identify(.) by extension 'python_setup_py'
[1.556s] Level 1:colcon.colcon_core.package_identification:_identify(build) by extensions ['ignore', 'ignore_ament_install']
[1.556s] Level 1:colcon.colcon_core.package_identification:_identify(build) by extension 'ignore'
[1.556s] Level 1:colcon.colcon_core.package_identification:_identify(build) ignored
[1.556s] Level 1:colcon.colcon_core.package_identification:_identify(install) by extensions ['ignore', 'ignore_ament_install']
[1.557s] Level 1:colcon.colcon_core.package_identification:_identify(install) by extension 'ignore'
[1.557s] Level 1:colcon.colcon_core.package_identification:_identify(install) ignored
[1.557s] Level 1:colcon.colcon_core.package_identification:_identify(log) by extensions ['ignore', 'ignore_ament_install']
[1.557s] Level 1:colcon.colcon_core.package_identification:_identify(log) by extension 'ignore'
[1.557s] Level 1:colcon.colcon_core.package_identification:_identify(log) ignored
[1.557s] Level 1:colcon.colcon_core.package_identification:_identify(src) by extensions ['ignore', 'ignore_ament_install']
[1.557s] Level 1:colcon.colcon_core.package_identification:_identify(src) by extension 'ignore'
[1.557s] Level 1:colcon.colcon_core.package_identification:_identify(src) by extension 'ignore_ament_install'
[1.558s] Level 1:colcon.colcon_core.package_identification:_identify(src) by extensions ['colcon_pkg']
[1.558s] Level 1:colcon.colcon_core.package_identification:_identify(src) by extension 'colcon_pkg'
[1.558s] Level 1:colcon.colcon_core.package_identification:_identify(src) by extensions ['colcon_meta']
[1.558s] Level 1:colcon.colcon_core.package_identification:_identify(src) by extension 'colcon_meta'
[1.558s] Level 1:colcon.colcon_core.package_identification:_identify(src) by extensions ['ros']
[1.558s] Level 1:colcon.colcon_core.package_identification:_identify(src) by extension 'ros'
[1.558s] Level 1:colcon.colcon_core.package_identification:_identify(src) by extensions ['cmake', 'python']
[1.558s] Level 1:colcon.colcon_core.package_identification:_identify(src) by extension 'cmake'
[1.558s] Level 1:colcon.colcon_core.package_identification:_identify(src) by extension 'python'
[1.558s] Level 1:colcon.colcon_core.package_identification:_identify(src) by extensions ['python_setup_py']
[1.558s] Level 1:colcon.colcon_core.package_identification:_identify(src) by extension 'python_setup_py'
[1.558s] Level 1:colcon.colcon_core.package_identification:_identify(src/unitree_ros2_sim) by extensions ['ignore', 'ignore_ament_install']
[1.559s] Level 1:colcon.colcon_core.package_identification:_identify(src/unitree_ros2_sim) by extension 'ignore'
[1.559s] Level 1:colcon.colcon_core.package_identification:_identify(src/unitree_ros2_sim) by extension 'ignore_ament_install'
[1.559s] Level 1:colcon.colcon_core.package_identification:_identify(src/unitree_ros2_sim) by extensions ['colcon_pkg']
[1.559s] Level 1:colcon.colcon_core.package_identification:_identify(src/unitree_ros2_sim) by extension 'colcon_pkg'
[1.559s] Level 1:colcon.colcon_core.package_identification:_identify(src/unitree_ros2_sim) by extensions ['colcon_meta']
[1.559s] Level 1:colcon.colcon_core.package_identification:_identify(src/unitree_ros2_sim) by extension 'colcon_meta'
[1.559s] Level 1:colcon.colcon_core.package_identification:_identify(src/unitree_ros2_sim) by extensions ['ros']
[1.559s] Level 1:colcon.colcon_core.package_identification:_identify(src/unitree_ros2_sim) by extension 'ros'
[1.559s] Level 1:colcon.colcon_core.package_identification:_identify(src/unitree_ros2_sim) by extensions ['cmake', 'python']
[1.559s] Level 1:colcon.colcon_core.package_identification:_identify(src/unitree_ros2_sim) by extension 'cmake'
[1.559s] Level 1:colcon.colcon_core.package_identification:_identify(src/unitree_ros2_sim) by extension 'python'
[1.559s] Level 1:colcon.colcon_core.package_identification:_identify(src/unitree_ros2_sim) by extensions ['python_setup_py']
[1.559s] Level 1:colcon.colcon_core.package_identification:_identify(src/unitree_ros2_sim) by extension 'python_setup_py'
[1.560s] Level 1:colcon.colcon_core.package_identification:_identify(src/unitree_ros2_sim/go1_sim) by extensions ['ignore', 'ignore_ament_install']
[1.560s] Level 1:colcon.colcon_core.package_identification:_identify(src/unitree_ros2_sim/go1_sim) by extension 'ignore'
[1.560s] Level 1:colcon.colcon_core.package_identification:_identify(src/unitree_ros2_sim/go1_sim) by extension 'ignore_ament_install'
[1.560s] Level 1:colcon.colcon_core.package_identification:_identify(src/unitree_ros2_sim/go1_sim) by extensions ['colcon_pkg']
[1.560s] Level 1:colcon.colcon_core.package_identification:_identify(src/unitree_ros2_sim/go1_sim) by extension 'colcon_pkg'
[1.560s] Level 1:colcon.colcon_core.package_identification:_identify(src/unitree_ros2_sim/go1_sim) by extensions ['colcon_meta']
[1.560s] Level 1:colcon.colcon_core.package_identification:_identify(src/unitree_ros2_sim/go1_sim) by extension 'colcon_meta'
[1.560s] Level 1:colcon.colcon_core.package_identification:_identify(src/unitree_ros2_sim/go1_sim) by extensions ['ros']
[1.560s] Level 1:colcon.colcon_core.package_identification:_identify(src/unitree_ros2_sim/go1_sim) by extension 'ros'
[1.560s] Level 1:colcon.colcon_core.package_identification:_identify(src/unitree_ros2_sim/go1_sim) by extensions ['cmake', 'python']
[1.560s] Level 1:colcon.colcon_core.package_identification:_identify(src/unitree_ros2_sim/go1_sim) by extension 'cmake'
[1.560s] Level 1:colcon.colcon_core.package_identification:_identify(src/unitree_ros2_sim/go1_sim) by extension 'python'
[1.561s] Level 1:colcon.colcon_core.package_identification:_identify(src/unitree_ros2_sim/go1_sim) by extensions ['python_setup_py']
[1.561s] Level 1:colcon.colcon_core.package_identification:_identify(src/unitree_ros2_sim/go1_sim) by extension 'python_setup_py'
[1.561s] Level 1:colcon.colcon_core.package_identification:_identify(src/unitree_ros2_sim/go1_sim/go1_description) by extensions ['ignore', 'ignore_ament_install']
[1.561s] Level 1:colcon.colcon_core.package_identification:_identify(src/unitree_ros2_sim/go1_sim/go1_description) by extension 'ignore'
[1.561s] Level 1:colcon.colcon_core.package_identification:_identify(src/unitree_ros2_sim/go1_sim/go1_description) by extension 'ignore_ament_install'
[1.561s] Level 1:colcon.colcon_core.package_identification:_identify(src/unitree_ros2_sim/go1_sim/go1_description) by extensions ['colcon_pkg']
[1.561s] Level 1:colcon.colcon_core.package_identification:_identify(src/unitree_ros2_sim/go1_sim/go1_description) by extension 'colcon_pkg'
[1.561s] Level 1:colcon.colcon_core.package_identification:_identify(src/unitree_ros2_sim/go1_sim/go1_description) by extensions ['colcon_meta']
[1.561s] Level 1:colcon.colcon_core.package_identification:_identify(src/unitree_ros2_sim/go1_sim/go1_description) by extension 'colcon_meta'
[1.562s] Level 1:colcon.colcon_core.package_identification:_identify(src/unitree_ros2_sim/go1_sim/go1_description) by extensions ['ros']
[1.562s] Level 1:colcon.colcon_core.package_identification:_identify(src/unitree_ros2_sim/go1_sim/go1_description) by extension 'ros'
[1.570s] DEBUG:colcon.colcon_core.package_identification:Package 'src/unitree_ros2_sim/go1_sim/go1_description' with type 'ros.ament_cmake' and name 'go1_description'
[1.571s] Level 1:colcon.colcon_core.package_identification:_identify(src/unitree_ros2_sim/go1_sim/go1_gazebo) by extensions ['ignore', 'ignore_ament_install']
[1.571s] Level 1:colcon.colcon_core.package_identification:_identify(src/unitree_ros2_sim/go1_sim/go1_gazebo) by extension 'ignore'
[1.572s] Level 1:colcon.colcon_core.package_identification:_identify(src/unitree_ros2_sim/go1_sim/go1_gazebo) by extension 'ignore_ament_install'
[1.572s] Level 1:colcon.colcon_core.package_identification:_identify(src/unitree_ros2_sim/go1_sim/go1_gazebo) by extensions ['colcon_pkg']
[1.572s] Level 1:colcon.colcon_core.package_identification:_identify(src/unitree_ros2_sim/go1_sim/go1_gazebo) by extension 'colcon_pkg'
[1.572s] Level 1:colcon.colcon_core.package_identification:_identify(src/unitree_ros2_sim/go1_sim/go1_gazebo) by extensions ['colcon_meta']
[1.572s] Level 1:colcon.colcon_core.package_identification:_identify(src/unitree_ros2_sim/go1_sim/go1_gazebo) by extension 'colcon_meta'
[1.572s] Level 1:colcon.colcon_core.package_identification:_identify(src/unitree_ros2_sim/go1_sim/go1_gazebo) by extensions ['ros']
[1.572s] Level 1:colcon.colcon_core.package_identification:_identify(src/unitree_ros2_sim/go1_sim/go1_gazebo) by extension 'ros'
[1.575s] DEBUG:colcon.colcon_core.package_identification:Package 'src/unitree_ros2_sim/go1_sim/go1_gazebo' with type 'ros.ament_cmake' and name 'go1_gazebo'
[1.575s] Level 1:colcon.colcon_core.package_identification:_identify(src/unitree_ros2_sim/go1_sim/go1_navigation) by extensions ['ignore', 'ignore_ament_install']
[1.575s] Level 1:colcon.colcon_core.package_identification:_identify(src/unitree_ros2_sim/go1_sim/go1_navigation) by extension 'ignore'
[1.576s] Level 1:colcon.colcon_core.package_identification:_identify(src/unitree_ros2_sim/go1_sim/go1_navigation) by extension 'ignore_ament_install'
[1.576s] Level 1:colcon.colcon_core.package_identification:_identify(src/unitree_ros2_sim/go1_sim/go1_navigation) by extensions ['colcon_pkg']
[1.576s] Level 1:colcon.colcon_core.package_identification:_identify(src/unitree_ros2_sim/go1_sim/go1_navigation) by extension 'colcon_pkg'
[1.576s] Level 1:colcon.colcon_core.package_identification:_identify(src/unitree_ros2_sim/go1_sim/go1_navigation) by extensions ['colcon_meta']
[1.576s] Level 1:colcon.colcon_core.package_identification:_identify(src/unitree_ros2_sim/go1_sim/go1_navigation) by extension 'colcon_meta'
[1.576s] Level 1:colcon.colcon_core.package_identification:_identify(src/unitree_ros2_sim/go1_sim/go1_navigation) by extensions ['ros']
[1.576s] Level 1:colcon.colcon_core.package_identification:_identify(src/unitree_ros2_sim/go1_sim/go1_navigation) by extension 'ros'
[1.578s] DEBUG:colcon.colcon_core.package_identification:Package 'src/unitree_ros2_sim/go1_sim/go1_navigation' with type 'ros.ament_python' and name 'go1_navigation'
[1.579s] Level 1:colcon.colcon_core.package_identification:_identify(src/unitree_ros2_sim/ros2_unitree_legged_controller) by extensions ['ignore', 'ignore_ament_install']
[1.579s] Level 1:colcon.colcon_core.package_identification:_identify(src/unitree_ros2_sim/ros2_unitree_legged_controller) by extension 'ignore'
[1.580s] Level 1:colcon.colcon_core.package_identification:_identify(src/unitree_ros2_sim/ros2_unitree_legged_controller) by extension 'ignore_ament_install'
[1.580s] Level 1:colcon.colcon_core.package_identification:_identify(src/unitree_ros2_sim/ros2_unitree_legged_controller) by extensions ['colcon_pkg']
[1.580s] Level 1:colcon.colcon_core.package_identification:_identify(src/unitree_ros2_sim/ros2_unitree_legged_controller) by extension 'colcon_pkg'
[1.580s] Level 1:colcon.colcon_core.package_identification:_identify(src/unitree_ros2_sim/ros2_unitree_legged_controller) by extensions ['colcon_meta']
[1.580s] Level 1:colcon.colcon_core.package_identification:_identify(src/unitree_ros2_sim/ros2_unitree_legged_controller) by extension 'colcon_meta'
[1.580s] Level 1:colcon.colcon_core.package_identification:_identify(src/unitree_ros2_sim/ros2_unitree_legged_controller) by extensions ['ros']
[1.580s] Level 1:colcon.colcon_core.package_identification:_identify(src/unitree_ros2_sim/ros2_unitree_legged_controller) by extension 'ros'
[1.583s] DEBUG:colcon.colcon_core.package_identification:Package 'src/unitree_ros2_sim/ros2_unitree_legged_controller' with type 'ros.ament_cmake' and name 'ros2_unitree_legged_control'
[1.584s] Level 1:colcon.colcon_core.package_identification:_identify(src/unitree_ros2_sim/ros2_unitree_legged_msgs) by extensions ['ignore', 'ignore_ament_install']
[1.584s] Level 1:colcon.colcon_core.package_identification:_identify(src/unitree_ros2_sim/ros2_unitree_legged_msgs) by extension 'ignore'
[1.584s] Level 1:colcon.colcon_core.package_identification:_identify(src/unitree_ros2_sim/ros2_unitree_legged_msgs) by extension 'ignore_ament_install'
[1.584s] Level 1:colcon.colcon_core.package_identification:_identify(src/unitree_ros2_sim/ros2_unitree_legged_msgs) by extensions ['colcon_pkg']
[1.585s] Level 1:colcon.colcon_core.package_identification:_identify(src/unitree_ros2_sim/ros2_unitree_legged_msgs) by extension 'colcon_pkg'
[1.585s] Level 1:colcon.colcon_core.package_identification:_identify(src/unitree_ros2_sim/ros2_unitree_legged_msgs) by extensions ['colcon_meta']
[1.585s] Level 1:colcon.colcon_core.package_identification:_identify(src/unitree_ros2_sim/ros2_unitree_legged_msgs) by extension 'colcon_meta'
[1.585s] Level 1:colcon.colcon_core.package_identification:_identify(src/unitree_ros2_sim/ros2_unitree_legged_msgs) by extensions ['ros']
[1.585s] Level 1:colcon.colcon_core.package_identification:_identify(src/unitree_ros2_sim/ros2_unitree_legged_msgs) by extension 'ros'
[1.587s] DEBUG:colcon.colcon_core.package_identification:Package 'src/unitree_ros2_sim/ros2_unitree_legged_msgs' with type 'ros.ament_cmake' and name 'ros2_unitree_legged_msgs'
[1.587s] Level 1:colcon.colcon_core.package_identification:_identify(src/unitree_ros2_sim/unitree_guide2) by extensions ['ignore', 'ignore_ament_install']
[1.587s] Level 1:colcon.colcon_core.package_identification:_identify(src/unitree_ros2_sim/unitree_guide2) by extension 'ignore'
[1.587s] Level 1:colcon.colcon_core.package_identification:_identify(src/unitree_ros2_sim/unitree_guide2) by extension 'ignore_ament_install'
[1.587s] Level 1:colcon.colcon_core.package_identification:_identify(src/unitree_ros2_sim/unitree_guide2) by extensions ['colcon_pkg']
[1.588s] Level 1:colcon.colcon_core.package_identification:_identify(src/unitree_ros2_sim/unitree_guide2) by extension 'colcon_pkg'
[1.588s] Level 1:colcon.colcon_core.package_identification:_identify(src/unitree_ros2_sim/unitree_guide2) by extensions ['colcon_meta']
[1.588s] Level 1:colcon.colcon_core.package_identification:_identify(src/unitree_ros2_sim/unitree_guide2) by extension 'colcon_meta'
[1.588s] Level 1:colcon.colcon_core.package_identification:_identify(src/unitree_ros2_sim/unitree_guide2) by extensions ['ros']
[1.588s] Level 1:colcon.colcon_core.package_identification:_identify(src/unitree_ros2_sim/unitree_guide2) by extension 'ros'
[1.590s] DEBUG:colcon.colcon_core.package_identification:Package 'src/unitree_ros2_sim/unitree_guide2' with type 'ros.ament_cmake' and name 'unitree_guide2'
[1.590s] Level 1:colcon.colcon_core.package_discovery:discover_packages(recursive) using defaults
[1.590s] Level 1:colcon.colcon_core.package_discovery:discover_packages(ignore) discover
[1.590s] Level 1:colcon.colcon_core.package_discovery:discover_packages(ignore) using defaults
[1.590s] Level 1:colcon.colcon_core.package_discovery:discover_packages(path) discover
[1.590s] Level 1:colcon.colcon_core.package_discovery:discover_packages(path) using defaults
[1.689s] Level 1:colcon.colcon_core.package_discovery:discover_packages(prefix_path) check parameters
[1.689s] Level 1:colcon.colcon_core.package_discovery:discover_packages(prefix_path) discover
[1.702s] DEBUG:colcon.colcon_installed_package_information.package_discovery:Found 6 installed packages in /home/yk/rosros/install
[1.705s] DEBUG:colcon.colcon_installed_package_information.package_discovery:Found 387 installed packages in /opt/ros/humble
[1.710s] Level 1:colcon.colcon_core.package_discovery:discover_packages(prefix_path) using defaults
[1.837s] Level 5:colcon.colcon_core.verb:set package 'go1_description' build argument 'cmake_args' from command line to 'None'
[1.837s] Level 5:colcon.colcon_core.verb:set package 'go1_description' build argument 'cmake_target' from command line to 'None'
[1.837s] Level 5:colcon.colcon_core.verb:set package 'go1_description' build argument 'cmake_target_skip_unavailable' from command line to 'False'
[1.837s] Level 5:colcon.colcon_core.verb:set package 'go1_description' build argument 'cmake_clean_cache' from command line to 'False'
[1.838s] Level 5:colcon.colcon_core.verb:set package 'go1_description' build argument 'cmake_clean_first' from command line to 'False'
[1.838s] Level 5:colcon.colcon_core.verb:set package 'go1_description' build argument 'cmake_force_configure' from command line to 'False'
[1.838s] Level 5:colcon.colcon_core.verb:set package 'go1_description' build argument 'ament_cmake_args' from command line to 'None'
[1.838s] Level 5:colcon.colcon_core.verb:set package 'go1_description' build argument 'catkin_cmake_args' from command line to 'None'
[1.838s] Level 5:colcon.colcon_core.verb:set package 'go1_description' build argument 'catkin_skip_building_tests' from command line to 'False'
[1.838s] DEBUG:colcon.colcon_core.verb:Building package 'go1_description' with the following arguments: {'ament_cmake_args': None, 'build_base': '/home/yk/rosros/build/go1_description', 'catkin_cmake_args': None, 'catkin_skip_building_tests': False, 'cmake_args': None, 'cmake_clean_cache': False, 'cmake_clean_first': False, 'cmake_force_configure': False, 'cmake_target': None, 'cmake_target_skip_unavailable': False, 'install_base': '/home/yk/rosros/install/go1_description', 'merge_install': False, 'path': '/home/yk/rosros/src/unitree_ros2_sim/go1_sim/go1_description', 'symlink_install': False, 'test_result_base': None}
[1.838s] Level 5:colcon.colcon_core.verb:set package 'go1_gazebo' build argument 'cmake_args' from command line to 'None'
[1.839s] Level 5:colcon.colcon_core.verb:set package 'go1_gazebo' build argument 'cmake_target' from command line to 'None'
[1.839s] Level 5:colcon.colcon_core.verb:set package 'go1_gazebo' build argument 'cmake_target_skip_unavailable' from command line to 'False'
[1.839s] Level 5:colcon.colcon_core.verb:set package 'go1_gazebo' build argument 'cmake_clean_cache' from command line to 'False'
[1.839s] Level 5:colcon.colcon_core.verb:set package 'go1_gazebo' build argument 'cmake_clean_first' from command line to 'False'
[1.839s] Level 5:colcon.colcon_core.verb:set package 'go1_gazebo' build argument 'cmake_force_configure' from command line to 'False'
[1.839s] Level 5:colcon.colcon_core.verb:set package 'go1_gazebo' build argument 'ament_cmake_args' from command line to 'None'
[1.839s] Level 5:colcon.colcon_core.verb:set package 'go1_gazebo' build argument 'catkin_cmake_args' from command line to 'None'
[1.839s] Level 5:colcon.colcon_core.verb:set package 'go1_gazebo' build argument 'catkin_skip_building_tests' from command line to 'False'
[1.839s] DEBUG:colcon.colcon_core.verb:Building package 'go1_gazebo' with the following arguments: {'ament_cmake_args': None, 'build_base': '/home/yk/rosros/build/go1_gazebo', 'catkin_cmake_args': None, 'catkin_skip_building_tests': False, 'cmake_args': None, 'cmake_clean_cache': False, 'cmake_clean_first': False, 'cmake_force_configure': False, 'cmake_target': None, 'cmake_target_skip_unavailable': False, 'install_base': '/home/yk/rosros/install/go1_gazebo', 'merge_install': False, 'path': '/home/yk/rosros/src/unitree_ros2_sim/go1_sim/go1_gazebo', 'symlink_install': False, 'test_result_base': None}
[1.840s] Level 5:colcon.colcon_core.verb:set package 'go1_navigation' build argument 'cmake_args' from command line to 'None'
[1.840s] Level 5:colcon.colcon_core.verb:set package 'go1_navigation' build argument 'cmake_target' from command line to 'None'
[1.840s] Level 5:colcon.colcon_core.verb:set package 'go1_navigation' build argument 'cmake_target_skip_unavailable' from command line to 'False'
[1.840s] Level 5:colcon.colcon_core.verb:set package 'go1_navigation' build argument 'cmake_clean_cache' from command line to 'False'
[1.840s] Level 5:colcon.colcon_core.verb:set package 'go1_navigation' build argument 'cmake_clean_first' from command line to 'False'
[1.840s] Level 5:colcon.colcon_core.verb:set package 'go1_navigation' build argument 'cmake_force_configure' from command line to 'False'
[1.840s] Level 5:colcon.colcon_core.verb:set package 'go1_navigation' build argument 'ament_cmake_args' from command line to 'None'
[1.840s] Level 5:colcon.colcon_core.verb:set package 'go1_navigation' build argument 'catkin_cmake_args' from command line to 'None'
[1.840s] Level 5:colcon.colcon_core.verb:set package 'go1_navigation' build argument 'catkin_skip_building_tests' from command line to 'False'
[1.840s] DEBUG:colcon.colcon_core.verb:Building package 'go1_navigation' with the following arguments: {'ament_cmake_args': None, 'build_base': '/home/yk/rosros/build/go1_navigation', 'catkin_cmake_args': None, 'catkin_skip_building_tests': False, 'cmake_args': None, 'cmake_clean_cache': False, 'cmake_clean_first': False, 'cmake_force_configure': False, 'cmake_target': None, 'cmake_target_skip_unavailable': False, 'install_base': '/home/yk/rosros/install/go1_navigation', 'merge_install': False, 'path': '/home/yk/rosros/src/unitree_ros2_sim/go1_sim/go1_navigation', 'symlink_install': False, 'test_result_base': None}
[1.840s] Level 5:colcon.colcon_core.verb:set package 'ros2_unitree_legged_msgs' build argument 'cmake_args' from command line to 'None'
[1.840s] Level 5:colcon.colcon_core.verb:set package 'ros2_unitree_legged_msgs' build argument 'cmake_target' from command line to 'None'
[1.841s] Level 5:colcon.colcon_core.verb:set package 'ros2_unitree_legged_msgs' build argument 'cmake_target_skip_unavailable' from command line to 'False'
[1.841s] Level 5:colcon.colcon_core.verb:set package 'ros2_unitree_legged_msgs' build argument 'cmake_clean_cache' from command line to 'False'
[1.841s] Level 5:colcon.colcon_core.verb:set package 'ros2_unitree_legged_msgs' build argument 'cmake_clean_first' from command line to 'False'
[1.841s] Level 5:colcon.colcon_core.verb:set package 'ros2_unitree_legged_msgs' build argument 'cmake_force_configure' from command line to 'False'
[1.841s] Level 5:colcon.colcon_core.verb:set package 'ros2_unitree_legged_msgs' build argument 'ament_cmake_args' from command line to 'None'
[1.841s] Level 5:colcon.colcon_core.verb:set package 'ros2_unitree_legged_msgs' build argument 'catkin_cmake_args' from command line to 'None'
[1.841s] Level 5:colcon.colcon_core.verb:set package 'ros2_unitree_legged_msgs' build argument 'catkin_skip_building_tests' from command line to 'False'
[1.841s] DEBUG:colcon.colcon_core.verb:Building package 'ros2_unitree_legged_msgs' with the following arguments: {'ament_cmake_args': None, 'build_base': '/home/yk/rosros/build/ros2_unitree_legged_msgs', 'catkin_cmake_args': None, 'catkin_skip_building_tests': False, 'cmake_args': None, 'cmake_clean_cache': False, 'cmake_clean_first': False, 'cmake_force_configure': False, 'cmake_target': None, 'cmake_target_skip_unavailable': False, 'install_base': '/home/yk/rosros/install/ros2_unitree_legged_msgs', 'merge_install': False, 'path': '/home/yk/rosros/src/unitree_ros2_sim/ros2_unitree_legged_msgs', 'symlink_install': False, 'test_result_base': None}
[1.841s] Level 5:colcon.colcon_core.verb:set package 'ros2_unitree_legged_control' build argument 'cmake_args' from command line to 'None'
[1.841s] Level 5:colcon.colcon_core.verb:set package 'ros2_unitree_legged_control' build argument 'cmake_target' from command line to 'None'
[1.841s] Level 5:colcon.colcon_core.verb:set package 'ros2_unitree_legged_control' build argument 'cmake_target_skip_unavailable' from command line to 'False'
[1.841s] Level 5:colcon.colcon_core.verb:set package 'ros2_unitree_legged_control' build argument 'cmake_clean_cache' from command line to 'False'
[1.841s] Level 5:colcon.colcon_core.verb:set package 'ros2_unitree_legged_control' build argument 'cmake_clean_first' from command line to 'False'
[1.842s] Level 5:colcon.colcon_core.verb:set package 'ros2_unitree_legged_control' build argument 'cmake_force_configure' from command line to 'False'
[1.842s] Level 5:colcon.colcon_core.verb:set package 'ros2_unitree_legged_control' build argument 'ament_cmake_args' from command line to 'None'
[1.842s] Level 5:colcon.colcon_core.verb:set package 'ros2_unitree_legged_control' build argument 'catkin_cmake_args' from command line to 'None'
[1.842s] Level 5:colcon.colcon_core.verb:set package 'ros2_unitree_legged_control' build argument 'catkin_skip_building_tests' from command line to 'False'
[1.842s] DEBUG:colcon.colcon_core.verb:Building package 'ros2_unitree_legged_control' with the following arguments: {'ament_cmake_args': None, 'build_base': '/home/yk/rosros/build/ros2_unitree_legged_control', 'catkin_cmake_args': None, 'catkin_skip_building_tests': False, 'cmake_args': None, 'cmake_clean_cache': False, 'cmake_clean_first': False, 'cmake_force_configure': False, 'cmake_target': None, 'cmake_target_skip_unavailable': False, 'install_base': '/home/yk/rosros/install/ros2_unitree_legged_control', 'merge_install': False, 'path': '/home/yk/rosros/src/unitree_ros2_sim/ros2_unitree_legged_controller', 'symlink_install': False, 'test_result_base': None}
[1.842s] Level 5:colcon.colcon_core.verb:set package 'unitree_guide2' build argument 'cmake_args' from command line to 'None'
[1.842s] Level 5:colcon.colcon_core.verb:set package 'unitree_guide2' build argument 'cmake_target' from command line to 'None'
[1.842s] Level 5:colcon.colcon_core.verb:set package 'unitree_guide2' build argument 'cmake_target_skip_unavailable' from command line to 'False'
[1.842s] Level 5:colcon.colcon_core.verb:set package 'unitree_guide2' build argument 'cmake_clean_cache' from command line to 'False'
[1.842s] Level 5:colcon.colcon_core.verb:set package 'unitree_guide2' build argument 'cmake_clean_first' from command line to 'False'
[1.842s] Level 5:colcon.colcon_core.verb:set package 'unitree_guide2' build argument 'cmake_force_configure' from command line to 'False'
[1.842s] Level 5:colcon.colcon_core.verb:set package 'unitree_guide2' build argument 'ament_cmake_args' from command line to 'None'
[1.842s] Level 5:colcon.colcon_core.verb:set package 'unitree_guide2' build argument 'catkin_cmake_args' from command line to 'None'
[1.843s] Level 5:colcon.colcon_core.verb:set package 'unitree_guide2' build argument 'catkin_skip_building_tests' from command line to 'False'
[1.843s] DEBUG:colcon.colcon_core.verb:Building package 'unitree_guide2' with the following arguments: {'ament_cmake_args': None, 'build_base': '/home/yk/rosros/build/unitree_guide2', 'catkin_cmake_args': None, 'catkin_skip_building_tests': False, 'cmake_args': None, 'cmake_clean_cache': False, 'cmake_clean_first': False, 'cmake_force_configure': False, 'cmake_target': None, 'cmake_target_skip_unavailable': False, 'install_base': '/home/yk/rosros/install/unitree_guide2', 'merge_install': False, 'path': '/home/yk/rosros/src/unitree_ros2_sim/unitree_guide2', 'symlink_install': False, 'test_result_base': None}
[1.843s] INFO:colcon.colcon_core.executor:Executing jobs using 'parallel' executor
[1.845s] DEBUG:colcon.colcon_parallel_executor.executor.parallel:run_until_complete
[1.845s] INFO:colcon.colcon_ros.task.ament_cmake.build:Building ROS package in '/home/yk/rosros/src/unitree_ros2_sim/ros2_unitree_legged_msgs' with build type 'ament_cmake'
[1.845s] INFO:colcon.colcon_cmake.task.cmake.build:Building CMake package in '/home/yk/rosros/src/unitree_ros2_sim/ros2_unitree_legged_msgs'
[1.863s] INFO:colcon.colcon_core.plugin_system:Skipping extension 'colcon_core.shell.bat': Not used on non-Windows systems
[1.863s] INFO:colcon.colcon_core.shell:Skip shell extension 'powershell' for command environment: Not usable outside of PowerShell
[1.864s] DEBUG:colcon.colcon_core.shell:Skip shell extension 'dsv' for command environment
[1.871s] INFO:colcon.colcon_ros.task.ament_cmake.build:Building ROS package in '/home/yk/rosros/src/unitree_ros2_sim/go1_sim/go1_description' with build type 'ament_cmake'
[1.872s] INFO:colcon.colcon_cmake.task.cmake.build:Building CMake package in '/home/yk/rosros/src/unitree_ros2_sim/go1_sim/go1_description'
[1.872s] INFO:colcon.colcon_core.shell:Skip shell extension 'powershell' for command environment: Not usable outside of PowerShell
[1.872s] DEBUG:colcon.colcon_core.shell:Skip shell extension 'dsv' for command environment
[1.892s] DEBUG:colcon.colcon_core.event_handler.log_command:Invoking command in '/home/yk/rosros/build/ros2_unitree_legged_msgs': CMAKE_PREFIX_PATH=${CMAKE_PREFIX_PATH}:/home/yk/rosros/install/go1_navigation:/opt/ros/humble /usr/bin/cmake --build /home/yk/rosros/build/ros2_unitree_legged_msgs -- -j2 -l2
[1.903s] DEBUG:colcon.colcon_core.event_handler.log_command:Invoking command in '/home/yk/rosros/build/go1_description': CMAKE_PREFIX_PATH=${CMAKE_PREFIX_PATH}:/home/yk/rosros/install/go1_navigation:/opt/ros/humble /usr/bin/cmake --build /home/yk/rosros/build/go1_description -- -j2 -l2
[2.056s] DEBUG:colcon.colcon_core.event_handler.log_command:Invoked command in '/home/yk/rosros/build/go1_description' returned '0': CMAKE_PREFIX_PATH=${CMAKE_PREFIX_PATH}:/home/yk/rosros/install/go1_navigation:/opt/ros/humble /usr/bin/cmake --build /home/yk/rosros/build/go1_description -- -j2 -l2
[2.115s] DEBUG:colcon.colcon_core.event_handler.log_command:Invoking command in '/home/yk/rosros/build/go1_description': CMAKE_PREFIX_PATH=${CMAKE_PREFIX_PATH}:/home/yk/rosros/install/go1_navigation:/opt/ros/humble /usr/bin/cmake --install /home/yk/rosros/build/go1_description
[2.140s] Level 1:colcon.colcon_core.environment:create_environment_scripts_only(go1_description)
[2.140s] DEBUG:colcon.colcon_core.event_handler.log_command:Invoked command in '/home/yk/rosros/build/go1_description' returned '0': CMAKE_PREFIX_PATH=${CMAKE_PREFIX_PATH}:/home/yk/rosros/install/go1_navigation:/opt/ros/humble /usr/bin/cmake --install /home/yk/rosros/build/go1_description
[2.154s] Level 1:colcon.colcon_core.environment:checking '/home/yk/rosros/install/go1_description' for CMake module files
[2.155s] Level 1:colcon.colcon_core.environment:checking '/home/yk/rosros/install/go1_description' for CMake config files
[2.155s] Level 1:colcon.colcon_core.shell:create_environment_hook('go1_description', 'cmake_prefix_path')
[2.155s] INFO:colcon.colcon_core.shell:Creating environment hook '/home/yk/rosros/install/go1_description/share/go1_description/hook/cmake_prefix_path.ps1'
[2.157s] INFO:colcon.colcon_core.shell:Creating environment descriptor '/home/yk/rosros/install/go1_description/share/go1_description/hook/cmake_prefix_path.dsv'
[2.159s] INFO:colcon.colcon_core.shell:Creating environment hook '/home/yk/rosros/install/go1_description/share/go1_description/hook/cmake_prefix_path.sh'
[2.161s] Level 1:colcon.colcon_core.environment:checking '/home/yk/rosros/install/go1_description/bin'
[2.161s] Level 1:colcon.colcon_core.environment:checking '/home/yk/rosros/install/go1_description/lib/pkgconfig/go1_description.pc'
[2.161s] Level 1:colcon.colcon_core.environment:checking '/home/yk/rosros/install/go1_description/lib/python3.10/site-packages'
[2.162s] Level 1:colcon.colcon_core.environment:checking '/home/yk/rosros/install/go1_description/bin'
[2.162s] INFO:colcon.colcon_core.shell:Creating package script '/home/yk/rosros/install/go1_description/share/go1_description/package.ps1'
[2.164s] INFO:colcon.colcon_core.shell:Creating package descriptor '/home/yk/rosros/install/go1_description/share/go1_description/package.dsv'
[2.165s] INFO:colcon.colcon_core.shell:Creating package script '/home/yk/rosros/install/go1_description/share/go1_description/package.sh'
[2.167s] INFO:colcon.colcon_core.shell:Creating package script '/home/yk/rosros/install/go1_description/share/go1_description/package.bash'
[2.170s] INFO:colcon.colcon_core.shell:Creating package script '/home/yk/rosros/install/go1_description/share/go1_description/package.zsh'
[2.174s] Level 1:colcon.colcon_core.environment:create_file_with_runtime_dependencies(/home/yk/rosros/install/go1_description/share/colcon-core/packages/go1_description)
[2.238s] Level 1:colcon.colcon_core.environment:create_environment_scripts_only(go1_description)
[2.238s] Level 1:colcon.colcon_core.environment:checking '/home/yk/rosros/install/go1_description' for CMake module files
[2.239s] Level 1:colcon.colcon_core.environment:checking '/home/yk/rosros/install/go1_description' for CMake config files
[2.239s] Level 1:colcon.colcon_core.shell:create_environment_hook('go1_description', 'cmake_prefix_path')
[2.240s] INFO:colcon.colcon_core.shell:Creating environment hook '/home/yk/rosros/install/go1_description/share/go1_description/hook/cmake_prefix_path.ps1'
[2.242s] INFO:colcon.colcon_core.shell:Creating environment descriptor '/home/yk/rosros/install/go1_description/share/go1_description/hook/cmake_prefix_path.dsv'
[2.243s] INFO:colcon.colcon_core.shell:Creating environment hook '/home/yk/rosros/install/go1_description/share/go1_description/hook/cmake_prefix_path.sh'
[2.244s] Level 1:colcon.colcon_core.environment:checking '/home/yk/rosros/install/go1_description/bin'
[2.245s] Level 1:colcon.colcon_core.environment:checking '/home/yk/rosros/install/go1_description/lib/pkgconfig/go1_description.pc'
[2.245s] Level 1:colcon.colcon_core.environment:checking '/home/yk/rosros/install/go1_description/lib/python3.10/site-packages'
[2.245s] Level 1:colcon.colcon_core.environment:checking '/home/yk/rosros/install/go1_description/bin'
[2.246s] INFO:colcon.colcon_core.shell:Creating package script '/home/yk/rosros/install/go1_description/share/go1_description/package.ps1'
[2.247s] INFO:colcon.colcon_core.shell:Creating package descriptor '/home/yk/rosros/install/go1_description/share/go1_description/package.dsv'
[2.247s] INFO:colcon.colcon_core.shell:Creating package script '/home/yk/rosros/install/go1_description/share/go1_description/package.sh'
[2.248s] INFO:colcon.colcon_core.shell:Creating package script '/home/yk/rosros/install/go1_description/share/go1_description/package.bash'
[2.249s] INFO:colcon.colcon_core.shell:Creating package script '/home/yk/rosros/install/go1_description/share/go1_description/package.zsh'
[2.250s] Level 1:colcon.colcon_core.environment:create_file_with_runtime_dependencies(/home/yk/rosros/install/go1_description/share/colcon-core/packages/go1_description)
[2.250s] INFO:colcon.colcon_ros.task.ament_cmake.build:Building ROS package in '/home/yk/rosros/src/unitree_ros2_sim/go1_sim/go1_gazebo' with build type 'ament_cmake'
[2.251s] INFO:colcon.colcon_cmake.task.cmake.build:Building CMake package in '/home/yk/rosros/src/unitree_ros2_sim/go1_sim/go1_gazebo'
[2.251s] INFO:colcon.colcon_core.shell:Skip shell extension 'powershell' for command environment: Not usable outside of PowerShell
[2.251s] DEBUG:colcon.colcon_core.shell:Skip shell extension 'dsv' for command environment
[2.274s] DEBUG:colcon.colcon_core.event_handler.log_command:Invoking command in '/home/yk/rosros/build/go1_gazebo': CMAKE_PREFIX_PATH=${CMAKE_PREFIX_PATH}:/home/yk/rosros/install/go1_navigation:/opt/ros/humble /usr/bin/cmake --build /home/yk/rosros/build/go1_gazebo -- -j2 -l2
[2.430s] DEBUG:colcon.colcon_core.event_handler.log_command:Invoked command in '/home/yk/rosros/build/go1_gazebo' returned '0': CMAKE_PREFIX_PATH=${CMAKE_PREFIX_PATH}:/home/yk/rosros/install/go1_navigation:/opt/ros/humble /usr/bin/cmake --build /home/yk/rosros/build/go1_gazebo -- -j2 -l2
[2.467s] DEBUG:colcon.colcon_core.event_handler.log_command:Invoking command in '/home/yk/rosros/build/go1_gazebo': CMAKE_PREFIX_PATH=${CMAKE_PREFIX_PATH}:/home/yk/rosros/install/go1_navigation:/opt/ros/humble /usr/bin/cmake --install /home/yk/rosros/build/go1_gazebo
[2.494s] Level 1:colcon.colcon_core.environment:create_environment_scripts_only(go1_gazebo)
[2.495s] Level 1:colcon.colcon_core.environment:checking '/home/yk/rosros/install/go1_gazebo' for CMake module files
[2.495s] Level 1:colcon.colcon_core.environment:checking '/home/yk/rosros/install/go1_gazebo' for CMake config files
[2.496s] DEBUG:colcon.colcon_core.event_handler.log_command:Invoked command in '/home/yk/rosros/build/go1_gazebo' returned '0': CMAKE_PREFIX_PATH=${CMAKE_PREFIX_PATH}:/home/yk/rosros/install/go1_navigation:/opt/ros/humble /usr/bin/cmake --install /home/yk/rosros/build/go1_gazebo
[2.497s] Level 1:colcon.colcon_core.shell:create_environment_hook('go1_gazebo', 'cmake_prefix_path')
[2.497s] INFO:colcon.colcon_core.shell:Creating environment hook '/home/yk/rosros/install/go1_gazebo/share/go1_gazebo/hook/cmake_prefix_path.ps1'
[2.498s] INFO:colcon.colcon_core.shell:Creating environment descriptor '/home/yk/rosros/install/go1_gazebo/share/go1_gazebo/hook/cmake_prefix_path.dsv'
[2.499s] INFO:colcon.colcon_core.shell:Creating environment hook '/home/yk/rosros/install/go1_gazebo/share/go1_gazebo/hook/cmake_prefix_path.sh'
[2.500s] Level 1:colcon.colcon_core.environment:checking '/home/yk/rosros/install/go1_gazebo/bin'
[2.500s] Level 1:colcon.colcon_core.environment:checking '/home/yk/rosros/install/go1_gazebo/lib/pkgconfig/go1_gazebo.pc'
[2.500s] Level 1:colcon.colcon_core.environment:checking '/home/yk/rosros/install/go1_gazebo/lib/python3.10/site-packages'
[2.501s] Level 1:colcon.colcon_core.environment:checking '/home/yk/rosros/install/go1_gazebo/bin'
[2.501s] INFO:colcon.colcon_core.shell:Creating package script '/home/yk/rosros/install/go1_gazebo/share/go1_gazebo/package.ps1'
[2.502s] INFO:colcon.colcon_core.shell:Creating package descriptor '/home/yk/rosros/install/go1_gazebo/share/go1_gazebo/package.dsv'
[2.502s] INFO:colcon.colcon_core.shell:Creating package script '/home/yk/rosros/install/go1_gazebo/share/go1_gazebo/package.sh'
[2.503s] INFO:colcon.colcon_core.shell:Creating package script '/home/yk/rosros/install/go1_gazebo/share/go1_gazebo/package.bash'
[2.504s] INFO:colcon.colcon_core.shell:Creating package script '/home/yk/rosros/install/go1_gazebo/share/go1_gazebo/package.zsh'
[2.504s] Level 1:colcon.colcon_core.environment:create_file_with_runtime_dependencies(/home/yk/rosros/install/go1_gazebo/share/colcon-core/packages/go1_gazebo)
[2.542s] Level 1:colcon.colcon_core.environment:create_environment_scripts_only(go1_gazebo)
[2.543s] Level 1:colcon.colcon_core.environment:checking '/home/yk/rosros/install/go1_gazebo' for CMake module files
[2.543s] Level 1:colcon.colcon_core.environment:checking '/home/yk/rosros/install/go1_gazebo' for CMake config files
[2.544s] Level 1:colcon.colcon_core.shell:create_environment_hook('go1_gazebo', 'cmake_prefix_path')
[2.544s] INFO:colcon.colcon_core.shell:Creating environment hook '/home/yk/rosros/install/go1_gazebo/share/go1_gazebo/hook/cmake_prefix_path.ps1'
[2.545s] INFO:colcon.colcon_core.shell:Creating environment descriptor '/home/yk/rosros/install/go1_gazebo/share/go1_gazebo/hook/cmake_prefix_path.dsv'
[2.545s] INFO:colcon.colcon_core.shell:Creating environment hook '/home/yk/rosros/install/go1_gazebo/share/go1_gazebo/hook/cmake_prefix_path.sh'
[2.546s] Level 1:colcon.colcon_core.environment:checking '/home/yk/rosros/install/go1_gazebo/bin'
[2.546s] Level 1:colcon.colcon_core.environment:checking '/home/yk/rosros/install/go1_gazebo/lib/pkgconfig/go1_gazebo.pc'
[2.546s] Level 1:colcon.colcon_core.environment:checking '/home/yk/rosros/install/go1_gazebo/lib/python3.10/site-packages'
[2.547s] Level 1:colcon.colcon_core.environment:checking '/home/yk/rosros/install/go1_gazebo/bin'
[2.547s] INFO:colcon.colcon_core.shell:Creating package script '/home/yk/rosros/install/go1_gazebo/share/go1_gazebo/package.ps1'
[2.548s] INFO:colcon.colcon_core.shell:Creating package descriptor '/home/yk/rosros/install/go1_gazebo/share/go1_gazebo/package.dsv'
[2.549s] INFO:colcon.colcon_core.shell:Creating package script '/home/yk/rosros/install/go1_gazebo/share/go1_gazebo/package.sh'
[2.550s] INFO:colcon.colcon_core.shell:Creating package script '/home/yk/rosros/install/go1_gazebo/share/go1_gazebo/package.bash'
[2.550s] INFO:colcon.colcon_core.shell:Creating package script '/home/yk/rosros/install/go1_gazebo/share/go1_gazebo/package.zsh'
[2.551s] Level 1:colcon.colcon_core.environment:create_file_with_runtime_dependencies(/home/yk/rosros/install/go1_gazebo/share/colcon-core/packages/go1_gazebo)
[2.553s] INFO:colcon.colcon_ros.task.ament_python.build:Building ROS package in '/home/yk/rosros/src/unitree_ros2_sim/go1_sim/go1_navigation' with build type 'ament_python'
[2.553s] Level 1:colcon.colcon_core.shell:create_environment_hook('go1_navigation', 'ament_prefix_path')
[2.553s] INFO:colcon.colcon_core.shell:Creating environment hook '/home/yk/rosros/install/go1_navigation/share/go1_navigation/hook/ament_prefix_path.ps1'
[2.554s] INFO:colcon.colcon_core.shell:Creating environment descriptor '/home/yk/rosros/install/go1_navigation/share/go1_navigation/hook/ament_prefix_path.dsv'
[2.554s] INFO:colcon.colcon_core.shell:Creating environment hook '/home/yk/rosros/install/go1_navigation/share/go1_navigation/hook/ament_prefix_path.sh'
[2.555s] INFO:colcon.colcon_core.shell:Skip shell extension 'powershell' for command environment: Not usable outside of PowerShell
[2.555s] DEBUG:colcon.colcon_core.shell:Skip shell extension 'dsv' for command environment
[3.014s] INFO:colcon.colcon_core.task.python.build:Building Python package in '/home/yk/rosros/src/unitree_ros2_sim/go1_sim/go1_navigation'
[3.017s] INFO:colcon.colcon_core.shell:Skip shell extension 'powershell' for command environment: Not usable outside of PowerShell
[3.017s] DEBUG:colcon.colcon_core.shell:Skip shell extension 'dsv' for command environment
[3.278s] DEBUG:colcon.colcon_core.event_handler.log_command:Invoked command in '/home/yk/rosros/build/ros2_unitree_legged_msgs' returned '0': CMAKE_PREFIX_PATH=${CMAKE_PREFIX_PATH}:/home/yk/rosros/install/go1_navigation:/opt/ros/humble /usr/bin/cmake --build /home/yk/rosros/build/ros2_unitree_legged_msgs -- -j2 -l2
[3.624s] DEBUG:colcon.colcon_core.event_handler.log_command:Invoking command in '/home/yk/rosros/build/ros2_unitree_legged_msgs': CMAKE_PREFIX_PATH=${CMAKE_PREFIX_PATH}:/home/yk/rosros/install/go1_navigation:/opt/ros/humble /usr/bin/cmake --install /home/yk/rosros/build/ros2_unitree_legged_msgs
[3.739s] Level 1:colcon.colcon_core.environment:create_environment_scripts_only(ros2_unitree_legged_msgs)
[3.739s] Level 1:colcon.colcon_core.environment:checking '/home/yk/rosros/install/ros2_unitree_legged_msgs' for CMake module files
[3.740s] DEBUG:colcon.colcon_core.event_handler.log_command:Invoked command in '/home/yk/rosros/build/ros2_unitree_legged_msgs' returned '0': CMAKE_PREFIX_PATH=${CMAKE_PREFIX_PATH}:/home/yk/rosros/install/go1_navigation:/opt/ros/humble /usr/bin/cmake --install /home/yk/rosros/build/ros2_unitree_legged_msgs
[3.741s] Level 1:colcon.colcon_core.environment:checking '/home/yk/rosros/install/ros2_unitree_legged_msgs' for CMake config files
[3.744s] Level 1:colcon.colcon_core.shell:create_environment_hook('ros2_unitree_legged_msgs', 'cmake_prefix_path')
[3.744s] INFO:colcon.colcon_core.shell:Creating environment hook '/home/yk/rosros/install/ros2_unitree_legged_msgs/share/ros2_unitree_legged_msgs/hook/cmake_prefix_path.ps1'
[3.745s] INFO:colcon.colcon_core.shell:Creating environment descriptor '/home/yk/rosros/install/ros2_unitree_legged_msgs/share/ros2_unitree_legged_msgs/hook/cmake_prefix_path.dsv'
[3.747s] INFO:colcon.colcon_core.shell:Creating environment hook '/home/yk/rosros/install/ros2_unitree_legged_msgs/share/ros2_unitree_legged_msgs/hook/cmake_prefix_path.sh'
[3.748s] Level 1:colcon.colcon_core.environment:checking '/home/yk/rosros/install/ros2_unitree_legged_msgs/lib'
[3.748s] Level 1:colcon.colcon_core.shell:create_environment_hook('ros2_unitree_legged_msgs', 'ld_library_path_lib')
[3.749s] INFO:colcon.colcon_core.shell:Creating environment hook '/home/yk/rosros/install/ros2_unitree_legged_msgs/share/ros2_unitree_legged_msgs/hook/ld_library_path_lib.ps1'
[3.749s] INFO:colcon.colcon_core.shell:Creating environment descriptor '/home/yk/rosros/install/ros2_unitree_legged_msgs/share/ros2_unitree_legged_msgs/hook/ld_library_path_lib.dsv'
[3.750s] INFO:colcon.colcon_core.shell:Creating environment hook '/home/yk/rosros/install/ros2_unitree_legged_msgs/share/ros2_unitree_legged_msgs/hook/ld_library_path_lib.sh'
[3.750s] Level 1:colcon.colcon_core.environment:checking '/home/yk/rosros/install/ros2_unitree_legged_msgs/bin'
[3.750s] Level 1:colcon.colcon_core.environment:checking '/home/yk/rosros/install/ros2_unitree_legged_msgs/lib/pkgconfig/ros2_unitree_legged_msgs.pc'
[3.751s] Level 1:colcon.colcon_core.environment:checking '/home/yk/rosros/install/ros2_unitree_legged_msgs/lib/python3.10/site-packages'
[3.751s] Level 1:colcon.colcon_core.environment:checking '/home/yk/rosros/install/ros2_unitree_legged_msgs/bin'
[3.751s] INFO:colcon.colcon_core.shell:Creating package script '/home/yk/rosros/install/ros2_unitree_legged_msgs/share/ros2_unitree_legged_msgs/package.ps1'
[3.752s] INFO:colcon.colcon_core.shell:Creating package descriptor '/home/yk/rosros/install/ros2_unitree_legged_msgs/share/ros2_unitree_legged_msgs/package.dsv'
[3.752s] INFO:colcon.colcon_core.shell:Creating package script '/home/yk/rosros/install/ros2_unitree_legged_msgs/share/ros2_unitree_legged_msgs/package.sh'
[3.753s] INFO:colcon.colcon_core.shell:Creating package script '/home/yk/rosros/install/ros2_unitree_legged_msgs/share/ros2_unitree_legged_msgs/package.bash'
[3.754s] INFO:colcon.colcon_core.shell:Creating package script '/home/yk/rosros/install/ros2_unitree_legged_msgs/share/ros2_unitree_legged_msgs/package.zsh'
[3.754s] Level 1:colcon.colcon_core.environment:create_file_with_runtime_dependencies(/home/yk/rosros/install/ros2_unitree_legged_msgs/share/colcon-core/packages/ros2_unitree_legged_msgs)
[4.074s] DEBUG:colcon.colcon_core.event_handler.log_command:Invoking command in '/home/yk/rosros/src/unitree_ros2_sim/go1_sim/go1_navigation': PYTHONPATH=/home/yk/rosros/build/go1_navigation/prefix_override:/usr/lib/python3/dist-packages/colcon_core/task/python/colcon_distutils_commands:/home/yk/rosros/install/go1_navigation/lib/python3.10/site-packages:${PYTHONPATH} /usr/bin/python3 -W ignore:setup.py install is deprecated setup.py egg_info --egg-base ../../../../build/go1_navigation build --build-base /home/yk/rosros/build/go1_navigation/build install --record /home/yk/rosros/build/go1_navigation/install.log --single-version-externally-managed install_data
[4.201s] Level 1:colcon.colcon_core.environment:create_environment_scripts_only(ros2_unitree_legged_msgs)
[4.201s] Level 1:colcon.colcon_core.environment:checking '/home/yk/rosros/install/ros2_unitree_legged_msgs' for CMake module files
[4.202s] Level 1:colcon.colcon_core.environment:checking '/home/yk/rosros/install/ros2_unitree_legged_msgs' for CMake config files
[4.203s] Level 1:colcon.colcon_core.shell:create_environment_hook('ros2_unitree_legged_msgs', 'cmake_prefix_path')
[4.203s] INFO:colcon.colcon_core.shell:Creating environment hook '/home/yk/rosros/install/ros2_unitree_legged_msgs/share/ros2_unitree_legged_msgs/hook/cmake_prefix_path.ps1'
[4.204s] INFO:colcon.colcon_core.shell:Creating environment descriptor '/home/yk/rosros/install/ros2_unitree_legged_msgs/share/ros2_unitree_legged_msgs/hook/cmake_prefix_path.dsv'
[4.204s] INFO:colcon.colcon_core.shell:Creating environment hook '/home/yk/rosros/install/ros2_unitree_legged_msgs/share/ros2_unitree_legged_msgs/hook/cmake_prefix_path.sh'
[4.205s] Level 1:colcon.colcon_core.environment:checking '/home/yk/rosros/install/ros2_unitree_legged_msgs/lib'
[4.205s] Level 1:colcon.colcon_core.shell:create_environment_hook('ros2_unitree_legged_msgs', 'ld_library_path_lib')
[4.205s] INFO:colcon.colcon_core.shell:Creating environment hook '/home/yk/rosros/install/ros2_unitree_legged_msgs/share/ros2_unitree_legged_msgs/hook/ld_library_path_lib.ps1'
[4.206s] INFO:colcon.colcon_core.shell:Creating environment descriptor '/home/yk/rosros/install/ros2_unitree_legged_msgs/share/ros2_unitree_legged_msgs/hook/ld_library_path_lib.dsv'
[4.206s] INFO:colcon.colcon_core.shell:Creating environment hook '/home/yk/rosros/install/ros2_unitree_legged_msgs/share/ros2_unitree_legged_msgs/hook/ld_library_path_lib.sh'
[4.207s] Level 1:colcon.colcon_core.environment:checking '/home/yk/rosros/install/ros2_unitree_legged_msgs/bin'
[4.207s] Level 1:colcon.colcon_core.environment:checking '/home/yk/rosros/install/ros2_unitree_legged_msgs/lib/pkgconfig/ros2_unitree_legged_msgs.pc'
[4.207s] Level 1:colcon.colcon_core.environment:checking '/home/yk/rosros/install/ros2_unitree_legged_msgs/lib/python3.10/site-packages'
[4.208s] Level 1:colcon.colcon_core.environment:checking '/home/yk/rosros/install/ros2_unitree_legged_msgs/bin'
[4.208s] INFO:colcon.colcon_core.shell:Creating package script '/home/yk/rosros/install/ros2_unitree_legged_msgs/share/ros2_unitree_legged_msgs/package.ps1'
[4.209s] INFO:colcon.colcon_core.shell:Creating package descriptor '/home/yk/rosros/install/ros2_unitree_legged_msgs/share/ros2_unitree_legged_msgs/package.dsv'
[4.209s] INFO:colcon.colcon_core.shell:Creating package script '/home/yk/rosros/install/ros2_unitree_legged_msgs/share/ros2_unitree_legged_msgs/package.sh'
[4.210s] INFO:colcon.colcon_core.shell:Creating package script '/home/yk/rosros/install/ros2_unitree_legged_msgs/share/ros2_unitree_legged_msgs/package.bash'
[4.210s] INFO:colcon.colcon_core.shell:Creating package script '/home/yk/rosros/install/ros2_unitree_legged_msgs/share/ros2_unitree_legged_msgs/package.zsh'
[4.211s] Level 1:colcon.colcon_core.environment:create_file_with_runtime_dependencies(/home/yk/rosros/install/ros2_unitree_legged_msgs/share/colcon-core/packages/ros2_unitree_legged_msgs)
[4.212s] INFO:colcon.colcon_ros.task.ament_cmake.build:Building ROS package in '/home/yk/rosros/src/unitree_ros2_sim/ros2_unitree_legged_controller' with build type 'ament_cmake'
[4.213s] INFO:colcon.colcon_cmake.task.cmake.build:Building CMake package in '/home/yk/rosros/src/unitree_ros2_sim/ros2_unitree_legged_controller'
[4.213s] INFO:colcon.colcon_core.shell:Skip shell extension 'powershell' for command environment: Not usable outside of PowerShell
[4.213s] DEBUG:colcon.colcon_core.shell:Skip shell extension 'dsv' for command environment
[4.249s] DEBUG:colcon.colcon_core.event_handler.log_command:Invoking command in '/home/yk/rosros/build/ros2_unitree_legged_control': CMAKE_PREFIX_PATH=/home/yk/rosros/install/ros2_unitree_legged_msgs:/home/yk/rosros/install/unitree_guide2:/home/yk/rosros/install/ros2_unitree_legged_control:/home/yk/rosros/install/go1_gazebo:/home/yk/rosros/install/go1_description:/home/yk/rosros/install/go1_navigation:/opt/ros/humble LD_LIBRARY_PATH=/home/yk/rosros/install/ros2_unitree_legged_msgs/lib:/home/yk/rosros/install/ros2_unitree_legged_control/lib:/usr/lib/x86_64-linux-gnu/gazebo-11/plugins:/opt/ros/humble/opt/rviz_ogre_vendor/lib:/opt/ros/humble/lib/x86_64-linux-gnu:/opt/ros/humble/lib /usr/bin/cmake --build /home/yk/rosros/build/ros2_unitree_legged_control -- -j2 -l2
[4.491s] DEBUG:colcon.colcon_core.event_handler.log_command:Invoked command in '/home/yk/rosros/build/ros2_unitree_legged_control' returned '0': CMAKE_PREFIX_PATH=/home/yk/rosros/install/ros2_unitree_legged_msgs:/home/yk/rosros/install/unitree_guide2:/home/yk/rosros/install/ros2_unitree_legged_control:/home/yk/rosros/install/go1_gazebo:/home/yk/rosros/install/go1_description:/home/yk/rosros/install/go1_navigation:/opt/ros/humble LD_LIBRARY_PATH=/home/yk/rosros/install/ros2_unitree_legged_msgs/lib:/home/yk/rosros/install/ros2_unitree_legged_control/lib:/usr/lib/x86_64-linux-gnu/gazebo-11/plugins:/opt/ros/humble/opt/rviz_ogre_vendor/lib:/opt/ros/humble/lib/x86_64-linux-gnu:/opt/ros/humble/lib /usr/bin/cmake --build /home/yk/rosros/build/ros2_unitree_legged_control -- -j2 -l2
[4.558s] Level 1:colcon.colcon_core.environment:checking '/home/yk/rosros/install/go1_navigation' for CMake module files
[4.559s] DEBUG:colcon.colcon_core.event_handler.log_command:Invoked command in '/home/yk/rosros/src/unitree_ros2_sim/go1_sim/go1_navigation' returned '0': PYTHONPATH=/home/yk/rosros/build/go1_navigation/prefix_override:/usr/lib/python3/dist-packages/colcon_core/task/python/colcon_distutils_commands:/home/yk/rosros/install/go1_navigation/lib/python3.10/site-packages:${PYTHONPATH} /usr/bin/python3 -W ignore:setup.py install is deprecated setup.py egg_info --egg-base ../../../../build/go1_navigation build --build-base /home/yk/rosros/build/go1_navigation/build install --record /home/yk/rosros/build/go1_navigation/install.log --single-version-externally-managed install_data
[4.560s] Level 1:colcon.colcon_core.environment:checking '/home/yk/rosros/install/go1_navigation' for CMake config files
[4.563s] Level 1:colcon.colcon_core.environment:checking '/home/yk/rosros/install/go1_navigation/lib'
[4.564s] Level 1:colcon.colcon_core.environment:checking '/home/yk/rosros/install/go1_navigation/bin'
[4.564s] Level 1:colcon.colcon_core.environment:checking '/home/yk/rosros/install/go1_navigation/lib/pkgconfig/go1_navigation.pc'
[4.564s] Level 1:colcon.colcon_core.environment:checking '/home/yk/rosros/install/go1_navigation/lib/python3.10/site-packages'
[4.564s] Level 1:colcon.colcon_core.shell:create_environment_hook('go1_navigation', 'pythonpath')
[4.565s] INFO:colcon.colcon_core.shell:Creating environment hook '/home/yk/rosros/install/go1_navigation/share/go1_navigation/hook/pythonpath.ps1'
[4.566s] INFO:colcon.colcon_core.shell:Creating environment descriptor '/home/yk/rosros/install/go1_navigation/share/go1_navigation/hook/pythonpath.dsv'
[4.567s] INFO:colcon.colcon_core.shell:Creating environment hook '/home/yk/rosros/install/go1_navigation/share/go1_navigation/hook/pythonpath.sh'
[4.568s] Level 1:colcon.colcon_core.environment:checking '/home/yk/rosros/install/go1_navigation/bin'
[4.568s] Level 1:colcon.colcon_core.environment:create_environment_scripts_only(go1_navigation)
[4.569s] INFO:colcon.colcon_core.shell:Creating package script '/home/yk/rosros/install/go1_navigation/share/go1_navigation/package.ps1'
[4.569s] INFO:colcon.colcon_core.shell:Creating package descriptor '/home/yk/rosros/install/go1_navigation/share/go1_navigation/package.dsv'
[4.570s] INFO:colcon.colcon_core.shell:Creating package script '/home/yk/rosros/install/go1_navigation/share/go1_navigation/package.sh'
[4.571s] INFO:colcon.colcon_core.shell:Creating package script '/home/yk/rosros/install/go1_navigation/share/go1_navigation/package.bash'
[4.572s] INFO:colcon.colcon_core.shell:Creating package script '/home/yk/rosros/install/go1_navigation/share/go1_navigation/package.zsh'
[4.572s] Level 1:colcon.colcon_core.environment:create_file_with_runtime_dependencies(/home/yk/rosros/install/go1_navigation/share/colcon-core/packages/go1_navigation)
[4.574s] INFO:colcon.colcon_ros.task.ament_cmake.build:Building ROS package in '/home/yk/rosros/src/unitree_ros2_sim/unitree_guide2' with build type 'ament_cmake'
[4.574s] INFO:colcon.colcon_cmake.task.cmake.build:Building CMake package in '/home/yk/rosros/src/unitree_ros2_sim/unitree_guide2'
[4.575s] INFO:colcon.colcon_core.shell:Skip shell extension 'powershell' for command environment: Not usable outside of PowerShell
[4.575s] DEBUG:colcon.colcon_core.shell:Skip shell extension 'dsv' for command environment
[4.602s] DEBUG:colcon.colcon_core.event_handler.log_command:Invoking command in '/home/yk/rosros/build/ros2_unitree_legged_control': CMAKE_PREFIX_PATH=/home/yk/rosros/install/ros2_unitree_legged_msgs:/home/yk/rosros/install/unitree_guide2:/home/yk/rosros/install/ros2_unitree_legged_control:/home/yk/rosros/install/go1_gazebo:/home/yk/rosros/install/go1_description:/home/yk/rosros/install/go1_navigation:/opt/ros/humble LD_LIBRARY_PATH=/home/yk/rosros/install/ros2_unitree_legged_msgs/lib:/home/yk/rosros/install/ros2_unitree_legged_control/lib:/usr/lib/x86_64-linux-gnu/gazebo-11/plugins:/opt/ros/humble/opt/rviz_ogre_vendor/lib:/opt/ros/humble/lib/x86_64-linux-gnu:/opt/ros/humble/lib /usr/bin/cmake --install /home/yk/rosros/build/ros2_unitree_legged_control
[4.620s] DEBUG:colcon.colcon_core.event_handler.log_command:Invoking command in '/home/yk/rosros/build/unitree_guide2': CMAKE_PREFIX_PATH=/home/yk/rosros/install/ros2_unitree_legged_msgs:/home/yk/rosros/install/unitree_guide2:/home/yk/rosros/install/ros2_unitree_legged_control:/home/yk/rosros/install/go1_gazebo:/home/yk/rosros/install/go1_description:/home/yk/rosros/install/go1_navigation:/opt/ros/humble LD_LIBRARY_PATH=/home/yk/rosros/install/ros2_unitree_legged_msgs/lib:/home/yk/rosros/install/ros2_unitree_legged_control/lib:/usr/lib/x86_64-linux-gnu/gazebo-11/plugins:/opt/ros/humble/opt/rviz_ogre_vendor/lib:/opt/ros/humble/lib/x86_64-linux-gnu:/opt/ros/humble/lib /usr/bin/cmake --build /home/yk/rosros/build/unitree_guide2 -- -j2 -l2
[4.632s] Level 1:colcon.colcon_core.environment:create_environment_scripts_only(ros2_unitree_legged_control)
[4.632s] Level 1:colcon.colcon_core.environment:checking '/home/yk/rosros/install/ros2_unitree_legged_control' for CMake module files
[4.633s] DEBUG:colcon.colcon_core.event_handler.log_command:Invoked command in '/home/yk/rosros/build/ros2_unitree_legged_control' returned '0': CMAKE_PREFIX_PATH=/home/yk/rosros/install/ros2_unitree_legged_msgs:/home/yk/rosros/install/unitree_guide2:/home/yk/rosros/install/ros2_unitree_legged_control:/home/yk/rosros/install/go1_gazebo:/home/yk/rosros/install/go1_description:/home/yk/rosros/install/go1_navigation:/opt/ros/humble LD_LIBRARY_PATH=/home/yk/rosros/install/ros2_unitree_legged_msgs/lib:/home/yk/rosros/install/ros2_unitree_legged_control/lib:/usr/lib/x86_64-linux-gnu/gazebo-11/plugins:/opt/ros/humble/opt/rviz_ogre_vendor/lib:/opt/ros/humble/lib/x86_64-linux-gnu:/opt/ros/humble/lib /usr/bin/cmake --install /home/yk/rosros/build/ros2_unitree_legged_control
[4.634s] Level 1:colcon.colcon_core.environment:checking '/home/yk/rosros/install/ros2_unitree_legged_control' for CMake config files
[4.634s] Level 1:colcon.colcon_core.shell:create_environment_hook('ros2_unitree_legged_control', 'cmake_prefix_path')
[4.634s] INFO:colcon.colcon_core.shell:Creating environment hook '/home/yk/rosros/install/ros2_unitree_legged_control/share/ros2_unitree_legged_control/hook/cmake_prefix_path.ps1'
[4.635s] INFO:colcon.colcon_core.shell:Creating environment descriptor '/home/yk/rosros/install/ros2_unitree_legged_control/share/ros2_unitree_legged_control/hook/cmake_prefix_path.dsv'
[4.636s] INFO:colcon.colcon_core.shell:Creating environment hook '/home/yk/rosros/install/ros2_unitree_legged_control/share/ros2_unitree_legged_control/hook/cmake_prefix_path.sh'
[4.637s] Level 1:colcon.colcon_core.environment:checking '/home/yk/rosros/install/ros2_unitree_legged_control/lib'
[4.637s] Level 1:colcon.colcon_core.environment:checking '/home/yk/rosros/install/ros2_unitree_legged_control/bin'
[4.637s] Level 1:colcon.colcon_core.environment:checking '/home/yk/rosros/install/ros2_unitree_legged_control/lib/pkgconfig/ros2_unitree_legged_control.pc'
[4.637s] Level 1:colcon.colcon_core.environment:checking '/home/yk/rosros/install/ros2_unitree_legged_control/lib/python3.10/site-packages'
[4.638s] Level 1:colcon.colcon_core.environment:checking '/home/yk/rosros/install/ros2_unitree_legged_control/bin'
[4.638s] INFO:colcon.colcon_core.shell:Creating package script '/home/yk/rosros/install/ros2_unitree_legged_control/share/ros2_unitree_legged_control/package.ps1'
[4.639s] INFO:colcon.colcon_core.shell:Creating package descriptor '/home/yk/rosros/install/ros2_unitree_legged_control/share/ros2_unitree_legged_control/package.dsv'
[4.640s] INFO:colcon.colcon_core.shell:Creating package script '/home/yk/rosros/install/ros2_unitree_legged_control/share/ros2_unitree_legged_control/package.sh'
[4.640s] INFO:colcon.colcon_core.shell:Creating package script '/home/yk/rosros/install/ros2_unitree_legged_control/share/ros2_unitree_legged_control/package.bash'
[4.641s] INFO:colcon.colcon_core.shell:Creating package script '/home/yk/rosros/install/ros2_unitree_legged_control/share/ros2_unitree_legged_control/package.zsh'
[4.641s] Level 1:colcon.colcon_core.environment:create_file_with_runtime_dependencies(/home/yk/rosros/install/ros2_unitree_legged_control/share/colcon-core/packages/ros2_unitree_legged_control)
[4.693s] Level 1:colcon.colcon_core.environment:create_environment_scripts_only(ros2_unitree_legged_control)
[4.694s] Level 1:colcon.colcon_core.environment:checking '/home/yk/rosros/install/ros2_unitree_legged_control' for CMake module files
[4.694s] Level 1:colcon.colcon_core.environment:checking '/home/yk/rosros/install/ros2_unitree_legged_control' for CMake config files
[4.695s] Level 1:colcon.colcon_core.shell:create_environment_hook('ros2_unitree_legged_control', 'cmake_prefix_path')
[4.695s] INFO:colcon.colcon_core.shell:Creating environment hook '/home/yk/rosros/install/ros2_unitree_legged_control/share/ros2_unitree_legged_control/hook/cmake_prefix_path.ps1'
[4.696s] INFO:colcon.colcon_core.shell:Creating environment descriptor '/home/yk/rosros/install/ros2_unitree_legged_control/share/ros2_unitree_legged_control/hook/cmake_prefix_path.dsv'
[4.696s] INFO:colcon.colcon_core.shell:Creating environment hook '/home/yk/rosros/install/ros2_unitree_legged_control/share/ros2_unitree_legged_control/hook/cmake_prefix_path.sh'
[4.697s] Level 1:colcon.colcon_core.environment:checking '/home/yk/rosros/install/ros2_unitree_legged_control/lib'
[4.697s] Level 1:colcon.colcon_core.environment:checking '/home/yk/rosros/install/ros2_unitree_legged_control/bin'
[4.698s] Level 1:colcon.colcon_core.environment:checking '/home/yk/rosros/install/ros2_unitree_legged_control/lib/pkgconfig/ros2_unitree_legged_control.pc'
[4.698s] Level 1:colcon.colcon_core.environment:checking '/home/yk/rosros/install/ros2_unitree_legged_control/lib/python3.10/site-packages'
[4.698s] Level 1:colcon.colcon_core.environment:checking '/home/yk/rosros/install/ros2_unitree_legged_control/bin'
[4.698s] INFO:colcon.colcon_core.shell:Creating package script '/home/yk/rosros/install/ros2_unitree_legged_control/share/ros2_unitree_legged_control/package.ps1'
[4.699s] INFO:colcon.colcon_core.shell:Creating package descriptor '/home/yk/rosros/install/ros2_unitree_legged_control/share/ros2_unitree_legged_control/package.dsv'
[4.700s] INFO:colcon.colcon_core.shell:Creating package script '/home/yk/rosros/install/ros2_unitree_legged_control/share/ros2_unitree_legged_control/package.sh'
[4.701s] INFO:colcon.colcon_core.shell:Creating package script '/home/yk/rosros/install/ros2_unitree_legged_control/share/ros2_unitree_legged_control/package.bash'
[4.701s] INFO:colcon.colcon_core.shell:Creating package script '/home/yk/rosros/install/ros2_unitree_legged_control/share/ros2_unitree_legged_control/package.zsh'
[4.702s] Level 1:colcon.colcon_core.environment:create_file_with_runtime_dependencies(/home/yk/rosros/install/ros2_unitree_legged_control/share/colcon-core/packages/ros2_unitree_legged_control)
[17.443s] DEBUG:colcon.colcon_core.event_handler.log_command:Invoked command in '/home/yk/rosros/build/unitree_guide2' returned '0': CMAKE_PREFIX_PATH=/home/yk/rosros/install/ros2_unitree_legged_msgs:/home/yk/rosros/install/unitree_guide2:/home/yk/rosros/install/ros2_unitree_legged_control:/home/yk/rosros/install/go1_gazebo:/home/yk/rosros/install/go1_description:/home/yk/rosros/install/go1_navigation:/opt/ros/humble LD_LIBRARY_PATH=/home/yk/rosros/install/ros2_unitree_legged_msgs/lib:/home/yk/rosros/install/ros2_unitree_legged_control/lib:/usr/lib/x86_64-linux-gnu/gazebo-11/plugins:/opt/ros/humble/opt/rviz_ogre_vendor/lib:/opt/ros/humble/lib/x86_64-linux-gnu:/opt/ros/humble/lib /usr/bin/cmake --build /home/yk/rosros/build/unitree_guide2 -- -j2 -l2
[17.789s] DEBUG:colcon.colcon_core.event_handler.log_command:Invoking command in '/home/yk/rosros/build/unitree_guide2': CMAKE_PREFIX_PATH=/home/yk/rosros/install/ros2_unitree_legged_msgs:/home/yk/rosros/install/unitree_guide2:/home/yk/rosros/install/ros2_unitree_legged_control:/home/yk/rosros/install/go1_gazebo:/home/yk/rosros/install/go1_description:/home/yk/rosros/install/go1_navigation:/opt/ros/humble LD_LIBRARY_PATH=/home/yk/rosros/install/ros2_unitree_legged_msgs/lib:/home/yk/rosros/install/ros2_unitree_legged_control/lib:/usr/lib/x86_64-linux-gnu/gazebo-11/plugins:/opt/ros/humble/opt/rviz_ogre_vendor/lib:/opt/ros/humble/lib/x86_64-linux-gnu:/opt/ros/humble/lib /usr/bin/cmake --install /home/yk/rosros/build/unitree_guide2
[17.818s] Level 1:colcon.colcon_core.environment:create_environment_scripts_only(unitree_guide2)
[17.818s] Level 1:colcon.colcon_core.environment:checking '/home/yk/rosros/install/unitree_guide2' for CMake module files
[17.819s] Level 1:colcon.colcon_core.environment:checking '/home/yk/rosros/install/unitree_guide2' for CMake config files
[17.820s] Level 1:colcon.colcon_core.shell:create_environment_hook('unitree_guide2', 'cmake_prefix_path')
[17.820s] INFO:colcon.colcon_core.shell:Creating environment hook '/home/yk/rosros/install/unitree_guide2/share/unitree_guide2/hook/cmake_prefix_path.ps1'
[17.821s] INFO:colcon.colcon_core.shell:Creating environment descriptor '/home/yk/rosros/install/unitree_guide2/share/unitree_guide2/hook/cmake_prefix_path.dsv'
[17.821s] DEBUG:colcon.colcon_core.event_handler.log_command:Invoked command in '/home/yk/rosros/build/unitree_guide2' returned '0': CMAKE_PREFIX_PATH=/home/yk/rosros/install/ros2_unitree_legged_msgs:/home/yk/rosros/install/unitree_guide2:/home/yk/rosros/install/ros2_unitree_legged_control:/home/yk/rosros/install/go1_gazebo:/home/yk/rosros/install/go1_description:/home/yk/rosros/install/go1_navigation:/opt/ros/humble LD_LIBRARY_PATH=/home/yk/rosros/install/ros2_unitree_legged_msgs/lib:/home/yk/rosros/install/ros2_unitree_legged_control/lib:/usr/lib/x86_64-linux-gnu/gazebo-11/plugins:/opt/ros/humble/opt/rviz_ogre_vendor/lib:/opt/ros/humble/lib/x86_64-linux-gnu:/opt/ros/humble/lib /usr/bin/cmake --install /home/yk/rosros/build/unitree_guide2
[17.822s] INFO:colcon.colcon_core.shell:Creating environment hook '/home/yk/rosros/install/unitree_guide2/share/unitree_guide2/hook/cmake_prefix_path.sh'
[17.823s] Level 1:colcon.colcon_core.environment:checking '/home/yk/rosros/install/unitree_guide2/lib'
[17.824s] Level 1:colcon.colcon_core.environment:checking '/home/yk/rosros/install/unitree_guide2/bin'
[17.824s] Level 1:colcon.colcon_core.environment:checking '/home/yk/rosros/install/unitree_guide2/lib/pkgconfig/unitree_guide2.pc'
[17.824s] Level 1:colcon.colcon_core.environment:checking '/home/yk/rosros/install/unitree_guide2/lib/python3.10/site-packages'
[17.825s] Level 1:colcon.colcon_core.environment:checking '/home/yk/rosros/install/unitree_guide2/bin'
[17.825s] INFO:colcon.colcon_core.shell:Creating package script '/home/yk/rosros/install/unitree_guide2/share/unitree_guide2/package.ps1'
[17.826s] INFO:colcon.colcon_core.shell:Creating package descriptor '/home/yk/rosros/install/unitree_guide2/share/unitree_guide2/package.dsv'
[17.826s] INFO:colcon.colcon_core.shell:Creating package script '/home/yk/rosros/install/unitree_guide2/share/unitree_guide2/package.sh'
[17.827s] INFO:colcon.colcon_core.shell:Creating package script '/home/yk/rosros/install/unitree_guide2/share/unitree_guide2/package.bash'
[17.828s] INFO:colcon.colcon_core.shell:Creating package script '/home/yk/rosros/install/unitree_guide2/share/unitree_guide2/package.zsh'
[17.828s] Level 1:colcon.colcon_core.environment:create_file_with_runtime_dependencies(/home/yk/rosros/install/unitree_guide2/share/colcon-core/packages/unitree_guide2)
[17.993s] Level 1:colcon.colcon_core.environment:create_environment_scripts_only(unitree_guide2)
[17.993s] Level 1:colcon.colcon_core.environment:checking '/home/yk/rosros/install/unitree_guide2' for CMake module files
[17.994s] Level 1:colcon.colcon_core.environment:checking '/home/yk/rosros/install/unitree_guide2' for CMake config files
[17.994s] Level 1:colcon.colcon_core.shell:create_environment_hook('unitree_guide2', 'cmake_prefix_path')
[17.994s] INFO:colcon.colcon_core.shell:Creating environment hook '/home/yk/rosros/install/unitree_guide2/share/unitree_guide2/hook/cmake_prefix_path.ps1'
[17.995s] INFO:colcon.colcon_core.shell:Creating environment descriptor '/home/yk/rosros/install/unitree_guide2/share/unitree_guide2/hook/cmake_prefix_path.dsv'
[17.996s] INFO:colcon.colcon_core.shell:Creating environment hook '/home/yk/rosros/install/unitree_guide2/share/unitree_guide2/hook/cmake_prefix_path.sh'
[17.997s] Level 1:colcon.colcon_core.environment:checking '/home/yk/rosros/install/unitree_guide2/lib'
[17.997s] Level 1:colcon.colcon_core.environment:checking '/home/yk/rosros/install/unitree_guide2/bin'
[17.997s] Level 1:colcon.colcon_core.environment:checking '/home/yk/rosros/install/unitree_guide2/lib/pkgconfig/unitree_guide2.pc'
[17.998s] Level 1:colcon.colcon_core.environment:checking '/home/yk/rosros/install/unitree_guide2/lib/python3.10/site-packages'
[17.998s] Level 1:colcon.colcon_core.environment:checking '/home/yk/rosros/install/unitree_guide2/bin'
[17.998s] INFO:colcon.colcon_core.shell:Creating package script '/home/yk/rosros/install/unitree_guide2/share/unitree_guide2/package.ps1'
[17.999s] INFO:colcon.colcon_core.shell:Creating package descriptor '/home/yk/rosros/install/unitree_guide2/share/unitree_guide2/package.dsv'
[18.000s] INFO:colcon.colcon_core.shell:Creating package script '/home/yk/rosros/install/unitree_guide2/share/unitree_guide2/package.sh'
[18.001s] INFO:colcon.colcon_core.shell:Creating package script '/home/yk/rosros/install/unitree_guide2/share/unitree_guide2/package.bash'
[18.002s] INFO:colcon.colcon_core.shell:Creating package script '/home/yk/rosros/install/unitree_guide2/share/unitree_guide2/package.zsh'
[18.002s] Level 1:colcon.colcon_core.environment:create_file_with_runtime_dependencies(/home/yk/rosros/install/unitree_guide2/share/colcon-core/packages/unitree_guide2)
[18.004s] DEBUG:colcon.colcon_parallel_executor.executor.parallel:closing loop
[18.005s] DEBUG:colcon.colcon_parallel_executor.executor.parallel:loop closed
[18.005s] DEBUG:colcon.colcon_parallel_executor.executor.parallel:run_until_complete finished with '0'
[18.005s] DEBUG:colcon.colcon_core.event_reactor:joining thread
[18.071s] INFO:colcon.colcon_core.plugin_system:Skipping extension 'colcon_notification.desktop_notification.terminal_notifier': Not used on non-Darwin systems
[18.071s] INFO:colcon.colcon_core.plugin_system:Skipping extension 'colcon_notification.desktop_notification.win32': Not used on non-Windows systems
[18.071s] INFO:colcon.colcon_notification.desktop_notification:Sending desktop notification using 'notify2'
[18.114s] DEBUG:colcon.colcon_core.event_reactor:joined thread
[18.115s] INFO:colcon.colcon_core.shell:Creating prefix script '/home/yk/rosros/install/local_setup.ps1'
[18.117s] INFO:colcon.colcon_core.shell:Creating prefix util module '/home/yk/rosros/install/_local_setup_util_ps1.py'
[18.121s] INFO:colcon.colcon_core.shell:Creating prefix chain script '/home/yk/rosros/install/setup.ps1'
[18.125s] INFO:colcon.colcon_core.shell:Creating prefix script '/home/yk/rosros/install/local_setup.sh'
[18.128s] INFO:colcon.colcon_core.shell:Creating prefix util module '/home/yk/rosros/install/_local_setup_util_sh.py'
[18.130s] INFO:colcon.colcon_core.shell:Creating prefix chain script '/home/yk/rosros/install/setup.sh'
[18.134s] INFO:colcon.colcon_core.shell:Creating prefix script '/home/yk/rosros/install/local_setup.bash'
[18.135s] INFO:colcon.colcon_core.shell:Creating prefix chain script '/home/yk/rosros/install/setup.bash'
[18.138s] INFO:colcon.colcon_core.shell:Creating prefix script '/home/yk/rosros/install/local_setup.zsh'
[18.139s] INFO:colcon.colcon_core.shell:Creating prefix chain script '/home/yk/rosros/install/setup.zsh'
