[0.072s] Invoking command in '/home/yk/rosros/build/go1_gazebo': CMAKE_PREFIX_PATH=${CMAKE_PREFIX_PATH}:/home/yk/rosros/install/go1_navigation:/opt/ros/humble /usr/bin/cmake --build /home/yk/rosros/build/go1_gazebo -- -j2 -l2
[0.399s] Invoked command in '/home/yk/rosros/build/go1_gazebo' returned '0': CMAKE_PREFIX_PATH=${CMAKE_PREFIX_PATH}:/home/yk/rosros/install/go1_navigation:/opt/ros/humble /usr/bin/cmake --build /home/yk/rosros/build/go1_gazebo -- -j2 -l2
[0.524s] Invoking command in '/home/yk/rosros/build/go1_gazebo': CMAKE_PREFIX_PATH=${CMAKE_PREFIX_PATH}:/home/yk/rosros/install/go1_navigation:/opt/ros/humble /usr/bin/cmake --install /home/yk/rosros/build/go1_gazebo
[0.538s] -- Install configuration: ""
[0.538s] -- Up-to-date: /home/yk/rosros/install/go1_gazebo/share/go1_gazebo//launch
[0.539s] -- Up-to-date: /home/yk/rosros/install/go1_gazebo/share/go1_gazebo//launch/spawn_go1.launch.py
[0.539s] -- Up-to-date: /home/yk/rosros/install/go1_gazebo/share/go1_gazebo//launch/start_world.launch.py
[0.539s] -- Up-to-date: /home/yk/rosros/install/go1_gazebo/share/go1_gazebo//launch/controllers_go1.launch.py
[0.539s] -- Up-to-date: /home/yk/rosros/install/go1_gazebo/share/go1_gazebo//worlds
[0.539s] -- Up-to-date: /home/yk/rosros/install/go1_gazebo/share/go1_gazebo//worlds/simple_rooms.world
[0.540s] -- Up-to-date: /home/yk/rosros/install/go1_gazebo/share/go1_gazebo//worlds/test_latest.world
[0.540s] -- Up-to-date: /home/yk/rosros/install/go1_gazebo/share/go1_gazebo//worlds/building_editor_models
[0.540s] -- Up-to-date: /home/yk/rosros/install/go1_gazebo/share/go1_gazebo//worlds/building_editor_models/stairs
[0.540s] -- Up-to-date: /home/yk/rosros/install/go1_gazebo/share/go1_gazebo//worlds/building_editor_models/stairs/model.sdf
[0.540s] -- Up-to-date: /home/yk/rosros/install/go1_gazebo/share/go1_gazebo//worlds/building_editor_models/stairs/model.config
[0.540s] -- Up-to-date: /home/yk/rosros/install/go1_gazebo/share/ament_index/resource_index/package_run_dependencies/go1_gazebo
[0.542s] -- Up-to-date: /home/yk/rosros/install/go1_gazebo/share/ament_index/resource_index/parent_prefix_path/go1_gazebo
[0.542s] -- Up-to-date: /home/yk/rosros/install/go1_gazebo/share/go1_gazebo/environment/ament_prefix_path.sh
[0.542s] -- Up-to-date: /home/yk/rosros/install/go1_gazebo/share/go1_gazebo/environment/ament_prefix_path.dsv
[0.542s] -- Up-to-date: /home/yk/rosros/install/go1_gazebo/share/go1_gazebo/environment/path.sh
[0.542s] -- Up-to-date: /home/yk/rosros/install/go1_gazebo/share/go1_gazebo/environment/path.dsv
[0.542s] -- Up-to-date: /home/yk/rosros/install/go1_gazebo/share/go1_gazebo/local_setup.bash
[0.542s] -- Up-to-date: /home/yk/rosros/install/go1_gazebo/share/go1_gazebo/local_setup.sh
[0.542s] -- Up-to-date: /home/yk/rosros/install/go1_gazebo/share/go1_gazebo/local_setup.zsh
[0.542s] -- Up-to-date: /home/yk/rosros/install/go1_gazebo/share/go1_gazebo/local_setup.dsv
[0.542s] -- Installing: /home/yk/rosros/install/go1_gazebo/share/go1_gazebo/package.dsv
[0.551s] -- Up-to-date: /home/yk/rosros/install/go1_gazebo/share/ament_index/resource_index/packages/go1_gazebo
[0.551s] -- Up-to-date: /home/yk/rosros/install/go1_gazebo/share/go1_gazebo/cmake/go1_gazeboConfig.cmake
[0.551s] -- Up-to-date: /home/yk/rosros/install/go1_gazebo/share/go1_gazebo/cmake/go1_gazeboConfig-version.cmake
[0.551s] -- Up-to-date: /home/yk/rosros/install/go1_gazebo/share/go1_gazebo/package.xml
[0.552s] Invoked command in '/home/yk/rosros/build/go1_gazebo' returned '0': CMAKE_PREFIX_PATH=${CMAKE_PREFIX_PATH}:/home/yk/rosros/install/go1_navigation:/opt/ros/humble /usr/bin/cmake --install /home/yk/rosros/build/go1_gazebo
