[0.045s] Invoking command in '/home/yk/rosros/build/ros2_unitree_legged_msgs': CMAKE_PREFIX_PATH=${CMAKE_PREFIX_PATH}:/home/yk/rosros/install/go1_navigation:/opt/ros/humble /usr/bin/cmake --build /home/yk/rosros/build/ros2_unitree_legged_msgs -- -j2 -l2
[0.218s] [  0%] Built target ros2_unitree_legged_msgs__cpp
[0.281s] [ 12%] Built target ros2_unitree_legged_msgs__rosidl_generator_c
[0.313s] [ 12%] Built target ament_cmake_python_copy_ros2_unitree_legged_msgs
[0.387s] [ 24%] Built target ros2_unitree_legged_msgs__rosidl_typesupport_cpp
[0.457s] [ 36%] Built target ros2_unitree_legged_msgs__rosidl_typesupport_fastrtps_c
[0.508s] [ 48%] Built target ros2_unitree_legged_msgs__rosidl_typesupport_introspection_c
[0.560s] [ 60%] Built target ros2_unitree_legged_msgs__rosidl_typesupport_c
[0.604s] [ 71%] Built target ros2_unitree_legged_msgs__rosidl_typesupport_fastrtps_cpp
[0.663s] [ 83%] Built target ros2_unitree_legged_msgs__rosidl_typesupport_introspection_cpp
[1.052s] running egg_info
[1.054s] writing ros2_unitree_legged_msgs.egg-info/PKG-INFO
[1.054s] writing dependency_links to ros2_unitree_legged_msgs.egg-info/dependency_links.txt
[1.054s] writing top-level names to ros2_unitree_legged_msgs.egg-info/top_level.txt
[1.059s] reading manifest file 'ros2_unitree_legged_msgs.egg-info/SOURCES.txt'
[1.064s] writing manifest file 'ros2_unitree_legged_msgs.egg-info/SOURCES.txt'
[1.121s] [ 83%] Built target ament_cmake_python_build_ros2_unitree_legged_msgs_egg
[1.149s] [ 83%] Built target ros2_unitree_legged_msgs
[1.251s] [ 84%] Built target ros2_unitree_legged_msgs__py
[1.315s] [ 95%] Built target ros2_unitree_legged_msgs__rosidl_generator_py
[1.349s] [ 97%] Built target ros2_unitree_legged_msgs__rosidl_typesupport_fastrtps_c__pyext
[1.383s] [ 99%] Built target ros2_unitree_legged_msgs__rosidl_typesupport_introspection_c__pyext
[1.417s] [100%] Built target ros2_unitree_legged_msgs__rosidl_typesupport_c__pyext
[1.432s] Invoked command in '/home/yk/rosros/build/ros2_unitree_legged_msgs' returned '0': CMAKE_PREFIX_PATH=${CMAKE_PREFIX_PATH}:/home/yk/rosros/install/go1_navigation:/opt/ros/humble /usr/bin/cmake --build /home/yk/rosros/build/ros2_unitree_legged_msgs -- -j2 -l2
[1.778s] Invoking command in '/home/yk/rosros/build/ros2_unitree_legged_msgs': CMAKE_PREFIX_PATH=${CMAKE_PREFIX_PATH}:/home/yk/rosros/install/go1_navigation:/opt/ros/humble /usr/bin/cmake --install /home/yk/rosros/build/ros2_unitree_legged_msgs
[1.792s] -- Install configuration: ""
[1.792s] -- Up-to-date: /home/yk/rosros/install/ros2_unitree_legged_msgs/share/ament_index/resource_index/rosidl_interfaces/ros2_unitree_legged_msgs
[1.793s] -- Up-to-date: /home/yk/rosros/install/ros2_unitree_legged_msgs/include/ros2_unitree_legged_msgs/ros2_unitree_legged_msgs
[1.793s] -- Up-to-date: /home/yk/rosros/install/ros2_unitree_legged_msgs/include/ros2_unitree_legged_msgs/ros2_unitree_legged_msgs/msg
[1.793s] -- Up-to-date: /home/yk/rosros/install/ros2_unitree_legged_msgs/include/ros2_unitree_legged_msgs/ros2_unitree_legged_msgs/msg/bms_state.h
[1.794s] -- Up-to-date: /home/yk/rosros/install/ros2_unitree_legged_msgs/include/ros2_unitree_legged_msgs/ros2_unitree_legged_msgs/msg/cartesian.h
[1.794s] -- Up-to-date: /home/yk/rosros/install/ros2_unitree_legged_msgs/include/ros2_unitree_legged_msgs/ros2_unitree_legged_msgs/msg/bms_cmd.h
[1.797s] -- Up-to-date: /home/yk/rosros/install/ros2_unitree_legged_msgs/include/ros2_unitree_legged_msgs/ros2_unitree_legged_msgs/msg/motor_cmd.h
[1.798s] -- Up-to-date: /home/yk/rosros/install/ros2_unitree_legged_msgs/include/ros2_unitree_legged_msgs/ros2_unitree_legged_msgs/msg/high_state.h
[1.798s] -- Up-to-date: /home/yk/rosros/install/ros2_unitree_legged_msgs/include/ros2_unitree_legged_msgs/ros2_unitree_legged_msgs/msg/imu.h
[1.798s] -- Up-to-date: /home/yk/rosros/install/ros2_unitree_legged_msgs/include/ros2_unitree_legged_msgs/ros2_unitree_legged_msgs/msg/motor_state.h
[1.798s] -- Up-to-date: /home/yk/rosros/install/ros2_unitree_legged_msgs/include/ros2_unitree_legged_msgs/ros2_unitree_legged_msgs/msg/rosidl_generator_c__visibility_control.h
[1.798s] -- Up-to-date: /home/yk/rosros/install/ros2_unitree_legged_msgs/include/ros2_unitree_legged_msgs/ros2_unitree_legged_msgs/msg/high_cmd.h
[1.798s] -- Up-to-date: /home/yk/rosros/install/ros2_unitree_legged_msgs/include/ros2_unitree_legged_msgs/ros2_unitree_legged_msgs/msg/led.h
[1.799s] -- Up-to-date: /home/yk/rosros/install/ros2_unitree_legged_msgs/include/ros2_unitree_legged_msgs/ros2_unitree_legged_msgs/msg/low_state.h
[1.800s] -- Up-to-date: /home/yk/rosros/install/ros2_unitree_legged_msgs/include/ros2_unitree_legged_msgs/ros2_unitree_legged_msgs/msg/detail
[1.801s] -- Up-to-date: /home/yk/rosros/install/ros2_unitree_legged_msgs/include/ros2_unitree_legged_msgs/ros2_unitree_legged_msgs/msg/detail/imu__functions.c
[1.801s] -- Up-to-date: /home/yk/rosros/install/ros2_unitree_legged_msgs/include/ros2_unitree_legged_msgs/ros2_unitree_legged_msgs/msg/detail/motor_cmd__functions.c
[1.801s] -- Up-to-date: /home/yk/rosros/install/ros2_unitree_legged_msgs/include/ros2_unitree_legged_msgs/ros2_unitree_legged_msgs/msg/detail/high_cmd__functions.c
[1.802s] -- Up-to-date: /home/yk/rosros/install/ros2_unitree_legged_msgs/include/ros2_unitree_legged_msgs/ros2_unitree_legged_msgs/msg/detail/cartesian__type_support.h
[1.802s] -- Up-to-date: /home/yk/rosros/install/ros2_unitree_legged_msgs/include/ros2_unitree_legged_msgs/ros2_unitree_legged_msgs/msg/detail/high_cmd__type_support.h
[1.802s] -- Up-to-date: /home/yk/rosros/install/ros2_unitree_legged_msgs/include/ros2_unitree_legged_msgs/ros2_unitree_legged_msgs/msg/detail/motor_state__functions.c
[1.802s] -- Up-to-date: /home/yk/rosros/install/ros2_unitree_legged_msgs/include/ros2_unitree_legged_msgs/ros2_unitree_legged_msgs/msg/detail/bms_state__struct.h
[1.803s] -- Up-to-date: /home/yk/rosros/install/ros2_unitree_legged_msgs/include/ros2_unitree_legged_msgs/ros2_unitree_legged_msgs/msg/detail/led__functions.h
[1.803s] -- Up-to-date: /home/yk/rosros/install/ros2_unitree_legged_msgs/include/ros2_unitree_legged_msgs/ros2_unitree_legged_msgs/msg/detail/low_state__struct.h
[1.803s] -- Up-to-date: /home/yk/rosros/install/ros2_unitree_legged_msgs/include/ros2_unitree_legged_msgs/ros2_unitree_legged_msgs/msg/detail/bms_cmd__functions.h
[1.803s] -- Up-to-date: /home/yk/rosros/install/ros2_unitree_legged_msgs/include/ros2_unitree_legged_msgs/ros2_unitree_legged_msgs/msg/detail/bms_cmd__type_support.h
[1.804s] -- Up-to-date: /home/yk/rosros/install/ros2_unitree_legged_msgs/include/ros2_unitree_legged_msgs/ros2_unitree_legged_msgs/msg/detail/low_cmd__struct.h
[1.804s] -- Up-to-date: /home/yk/rosros/install/ros2_unitree_legged_msgs/include/ros2_unitree_legged_msgs/ros2_unitree_legged_msgs/msg/detail/led__functions.c
[1.804s] -- Up-to-date: /home/yk/rosros/install/ros2_unitree_legged_msgs/include/ros2_unitree_legged_msgs/ros2_unitree_legged_msgs/msg/detail/motor_state__type_support.h
[1.804s] -- Up-to-date: /home/yk/rosros/install/ros2_unitree_legged_msgs/include/ros2_unitree_legged_msgs/ros2_unitree_legged_msgs/msg/detail/low_state__type_support.h
[1.804s] -- Up-to-date: /home/yk/rosros/install/ros2_unitree_legged_msgs/include/ros2_unitree_legged_msgs/ros2_unitree_legged_msgs/msg/detail/bms_cmd__functions.c
[1.805s] -- Up-to-date: /home/yk/rosros/install/ros2_unitree_legged_msgs/include/ros2_unitree_legged_msgs/ros2_unitree_legged_msgs/msg/detail/high_cmd__functions.h
[1.805s] -- Up-to-date: /home/yk/rosros/install/ros2_unitree_legged_msgs/include/ros2_unitree_legged_msgs/ros2_unitree_legged_msgs/msg/detail/motor_state__functions.h
[1.805s] -- Up-to-date: /home/yk/rosros/install/ros2_unitree_legged_msgs/include/ros2_unitree_legged_msgs/ros2_unitree_legged_msgs/msg/detail/cartesian__functions.h
[1.805s] -- Up-to-date: /home/yk/rosros/install/ros2_unitree_legged_msgs/include/ros2_unitree_legged_msgs/ros2_unitree_legged_msgs/msg/detail/led__type_support.h
[1.805s] -- Up-to-date: /home/yk/rosros/install/ros2_unitree_legged_msgs/include/ros2_unitree_legged_msgs/ros2_unitree_legged_msgs/msg/detail/low_cmd__type_support.h
[1.805s] -- Up-to-date: /home/yk/rosros/install/ros2_unitree_legged_msgs/include/ros2_unitree_legged_msgs/ros2_unitree_legged_msgs/msg/detail/bms_cmd__struct.h
[1.806s] -- Up-to-date: /home/yk/rosros/install/ros2_unitree_legged_msgs/include/ros2_unitree_legged_msgs/ros2_unitree_legged_msgs/msg/detail/high_state__functions.c
[1.806s] -- Up-to-date: /home/yk/rosros/install/ros2_unitree_legged_msgs/include/ros2_unitree_legged_msgs/ros2_unitree_legged_msgs/msg/detail/imu__struct.h
[1.806s] -- Up-to-date: /home/yk/rosros/install/ros2_unitree_legged_msgs/include/ros2_unitree_legged_msgs/ros2_unitree_legged_msgs/msg/detail/low_cmd__functions.h
[1.806s] -- Up-to-date: /home/yk/rosros/install/ros2_unitree_legged_msgs/include/ros2_unitree_legged_msgs/ros2_unitree_legged_msgs/msg/detail/motor_cmd__type_support.h
[1.806s] -- Up-to-date: /home/yk/rosros/install/ros2_unitree_legged_msgs/include/ros2_unitree_legged_msgs/ros2_unitree_legged_msgs/msg/detail/bms_state__type_support.h
[1.806s] -- Up-to-date: /home/yk/rosros/install/ros2_unitree_legged_msgs/include/ros2_unitree_legged_msgs/ros2_unitree_legged_msgs/msg/detail/motor_cmd__struct.h
[1.806s] -- Up-to-date: /home/yk/rosros/install/ros2_unitree_legged_msgs/include/ros2_unitree_legged_msgs/ros2_unitree_legged_msgs/msg/detail/low_cmd__functions.c
[1.807s] -- Up-to-date: /home/yk/rosros/install/ros2_unitree_legged_msgs/include/ros2_unitree_legged_msgs/ros2_unitree_legged_msgs/msg/detail/cartesian__functions.c
[1.807s] -- Up-to-date: /home/yk/rosros/install/ros2_unitree_legged_msgs/include/ros2_unitree_legged_msgs/ros2_unitree_legged_msgs/msg/detail/low_state__functions.c
[1.807s] -- Up-to-date: /home/yk/rosros/install/ros2_unitree_legged_msgs/include/ros2_unitree_legged_msgs/ros2_unitree_legged_msgs/msg/detail/low_state__functions.h
[1.807s] -- Up-to-date: /home/yk/rosros/install/ros2_unitree_legged_msgs/include/ros2_unitree_legged_msgs/ros2_unitree_legged_msgs/msg/detail/bms_state__functions.c
[1.807s] -- Up-to-date: /home/yk/rosros/install/ros2_unitree_legged_msgs/include/ros2_unitree_legged_msgs/ros2_unitree_legged_msgs/msg/detail/imu__type_support.h
[1.808s] -- Up-to-date: /home/yk/rosros/install/ros2_unitree_legged_msgs/include/ros2_unitree_legged_msgs/ros2_unitree_legged_msgs/msg/detail/high_state__struct.h
[1.808s] -- Up-to-date: /home/yk/rosros/install/ros2_unitree_legged_msgs/include/ros2_unitree_legged_msgs/ros2_unitree_legged_msgs/msg/detail/cartesian__struct.h
[1.808s] -- Up-to-date: /home/yk/rosros/install/ros2_unitree_legged_msgs/include/ros2_unitree_legged_msgs/ros2_unitree_legged_msgs/msg/detail/high_state__type_support.h
[1.808s] -- Up-to-date: /home/yk/rosros/install/ros2_unitree_legged_msgs/include/ros2_unitree_legged_msgs/ros2_unitree_legged_msgs/msg/detail/imu__functions.h
[1.808s] -- Up-to-date: /home/yk/rosros/install/ros2_unitree_legged_msgs/include/ros2_unitree_legged_msgs/ros2_unitree_legged_msgs/msg/detail/high_cmd__struct.h
[1.809s] -- Up-to-date: /home/yk/rosros/install/ros2_unitree_legged_msgs/include/ros2_unitree_legged_msgs/ros2_unitree_legged_msgs/msg/detail/high_state__functions.h
[1.809s] -- Up-to-date: /home/yk/rosros/install/ros2_unitree_legged_msgs/include/ros2_unitree_legged_msgs/ros2_unitree_legged_msgs/msg/detail/motor_state__struct.h
[1.809s] -- Up-to-date: /home/yk/rosros/install/ros2_unitree_legged_msgs/include/ros2_unitree_legged_msgs/ros2_unitree_legged_msgs/msg/detail/led__struct.h
[1.809s] -- Up-to-date: /home/yk/rosros/install/ros2_unitree_legged_msgs/include/ros2_unitree_legged_msgs/ros2_unitree_legged_msgs/msg/detail/bms_state__functions.h
[1.809s] -- Up-to-date: /home/yk/rosros/install/ros2_unitree_legged_msgs/include/ros2_unitree_legged_msgs/ros2_unitree_legged_msgs/msg/detail/motor_cmd__functions.h
[1.809s] -- Up-to-date: /home/yk/rosros/install/ros2_unitree_legged_msgs/include/ros2_unitree_legged_msgs/ros2_unitree_legged_msgs/msg/low_cmd.h
[1.810s] -- Up-to-date: /home/yk/rosros/install/ros2_unitree_legged_msgs/share/ros2_unitree_legged_msgs/environment/library_path.sh
[1.810s] -- Up-to-date: /home/yk/rosros/install/ros2_unitree_legged_msgs/share/ros2_unitree_legged_msgs/environment/library_path.dsv
[1.810s] -- Up-to-date: /home/yk/rosros/install/ros2_unitree_legged_msgs/lib/libros2_unitree_legged_msgs__rosidl_generator_c.so
[1.810s] -- Up-to-date: /home/yk/rosros/install/ros2_unitree_legged_msgs/include/ros2_unitree_legged_msgs/ros2_unitree_legged_msgs
[1.810s] -- Up-to-date: /home/yk/rosros/install/ros2_unitree_legged_msgs/include/ros2_unitree_legged_msgs/ros2_unitree_legged_msgs/msg
[1.810s] -- Up-to-date: /home/yk/rosros/install/ros2_unitree_legged_msgs/include/ros2_unitree_legged_msgs/ros2_unitree_legged_msgs/msg/rosidl_typesupport_fastrtps_c__visibility_control.h
[1.810s] -- Up-to-date: /home/yk/rosros/install/ros2_unitree_legged_msgs/include/ros2_unitree_legged_msgs/ros2_unitree_legged_msgs/msg/detail
[1.810s] -- Up-to-date: /home/yk/rosros/install/ros2_unitree_legged_msgs/include/ros2_unitree_legged_msgs/ros2_unitree_legged_msgs/msg/detail/imu__rosidl_typesupport_fastrtps_c.h
[1.810s] -- Up-to-date: /home/yk/rosros/install/ros2_unitree_legged_msgs/include/ros2_unitree_legged_msgs/ros2_unitree_legged_msgs/msg/detail/motor_cmd__rosidl_typesupport_fastrtps_c.h
[1.810s] -- Up-to-date: /home/yk/rosros/install/ros2_unitree_legged_msgs/include/ros2_unitree_legged_msgs/ros2_unitree_legged_msgs/msg/detail/cartesian__rosidl_typesupport_fastrtps_c.h
[1.810s] -- Up-to-date: /home/yk/rosros/install/ros2_unitree_legged_msgs/include/ros2_unitree_legged_msgs/ros2_unitree_legged_msgs/msg/detail/bms_state__rosidl_typesupport_fastrtps_c.h
[1.811s] -- Up-to-date: /home/yk/rosros/install/ros2_unitree_legged_msgs/include/ros2_unitree_legged_msgs/ros2_unitree_legged_msgs/msg/detail/bms_cmd__rosidl_typesupport_fastrtps_c.h
[1.811s] -- Up-to-date: /home/yk/rosros/install/ros2_unitree_legged_msgs/include/ros2_unitree_legged_msgs/ros2_unitree_legged_msgs/msg/detail/led__rosidl_typesupport_fastrtps_c.h
[1.811s] -- Up-to-date: /home/yk/rosros/install/ros2_unitree_legged_msgs/include/ros2_unitree_legged_msgs/ros2_unitree_legged_msgs/msg/detail/high_state__rosidl_typesupport_fastrtps_c.h
[1.811s] -- Up-to-date: /home/yk/rosros/install/ros2_unitree_legged_msgs/include/ros2_unitree_legged_msgs/ros2_unitree_legged_msgs/msg/detail/low_state__rosidl_typesupport_fastrtps_c.h
[1.811s] -- Up-to-date: /home/yk/rosros/install/ros2_unitree_legged_msgs/include/ros2_unitree_legged_msgs/ros2_unitree_legged_msgs/msg/detail/motor_state__rosidl_typesupport_fastrtps_c.h
[1.812s] -- Up-to-date: /home/yk/rosros/install/ros2_unitree_legged_msgs/include/ros2_unitree_legged_msgs/ros2_unitree_legged_msgs/msg/detail/high_cmd__rosidl_typesupport_fastrtps_c.h
[1.812s] -- Up-to-date: /home/yk/rosros/install/ros2_unitree_legged_msgs/include/ros2_unitree_legged_msgs/ros2_unitree_legged_msgs/msg/detail/low_cmd__rosidl_typesupport_fastrtps_c.h
[1.812s] -- Up-to-date: /home/yk/rosros/install/ros2_unitree_legged_msgs/lib/libros2_unitree_legged_msgs__rosidl_typesupport_fastrtps_c.so
[1.813s] -- Up-to-date: /home/yk/rosros/install/ros2_unitree_legged_msgs/include/ros2_unitree_legged_msgs/ros2_unitree_legged_msgs
[1.813s] -- Up-to-date: /home/yk/rosros/install/ros2_unitree_legged_msgs/include/ros2_unitree_legged_msgs/ros2_unitree_legged_msgs/msg
[1.813s] -- Up-to-date: /home/yk/rosros/install/ros2_unitree_legged_msgs/include/ros2_unitree_legged_msgs/ros2_unitree_legged_msgs/msg/rosidl_typesupport_introspection_c__visibility_control.h
[1.813s] -- Up-to-date: /home/yk/rosros/install/ros2_unitree_legged_msgs/include/ros2_unitree_legged_msgs/ros2_unitree_legged_msgs/msg/detail
[1.813s] -- Up-to-date: /home/yk/rosros/install/ros2_unitree_legged_msgs/include/ros2_unitree_legged_msgs/ros2_unitree_legged_msgs/msg/detail/motor_state__rosidl_typesupport_introspection_c.h
[1.813s] -- Up-to-date: /home/yk/rosros/install/ros2_unitree_legged_msgs/include/ros2_unitree_legged_msgs/ros2_unitree_legged_msgs/msg/detail/bms_cmd__type_support.c
[1.814s] -- Up-to-date: /home/yk/rosros/install/ros2_unitree_legged_msgs/include/ros2_unitree_legged_msgs/ros2_unitree_legged_msgs/msg/detail/imu__type_support.c
[1.814s] -- Up-to-date: /home/yk/rosros/install/ros2_unitree_legged_msgs/include/ros2_unitree_legged_msgs/ros2_unitree_legged_msgs/msg/detail/led__rosidl_typesupport_introspection_c.h
[1.814s] -- Up-to-date: /home/yk/rosros/install/ros2_unitree_legged_msgs/include/ros2_unitree_legged_msgs/ros2_unitree_legged_msgs/msg/detail/low_cmd__type_support.c
[1.814s] -- Up-to-date: /home/yk/rosros/install/ros2_unitree_legged_msgs/include/ros2_unitree_legged_msgs/ros2_unitree_legged_msgs/msg/detail/low_cmd__rosidl_typesupport_introspection_c.h
[1.814s] -- Up-to-date: /home/yk/rosros/install/ros2_unitree_legged_msgs/include/ros2_unitree_legged_msgs/ros2_unitree_legged_msgs/msg/detail/low_state__rosidl_typesupport_introspection_c.h
[1.814s] -- Up-to-date: /home/yk/rosros/install/ros2_unitree_legged_msgs/include/ros2_unitree_legged_msgs/ros2_unitree_legged_msgs/msg/detail/bms_state__rosidl_typesupport_introspection_c.h
[1.814s] -- Up-to-date: /home/yk/rosros/install/ros2_unitree_legged_msgs/include/ros2_unitree_legged_msgs/ros2_unitree_legged_msgs/msg/detail/imu__rosidl_typesupport_introspection_c.h
[1.814s] -- Up-to-date: /home/yk/rosros/install/ros2_unitree_legged_msgs/include/ros2_unitree_legged_msgs/ros2_unitree_legged_msgs/msg/detail/motor_state__type_support.c
[1.814s] -- Up-to-date: /home/yk/rosros/install/ros2_unitree_legged_msgs/include/ros2_unitree_legged_msgs/ros2_unitree_legged_msgs/msg/detail/cartesian__rosidl_typesupport_introspection_c.h
[1.814s] -- Up-to-date: /home/yk/rosros/install/ros2_unitree_legged_msgs/include/ros2_unitree_legged_msgs/ros2_unitree_legged_msgs/msg/detail/low_state__type_support.c
[1.814s] -- Up-to-date: /home/yk/rosros/install/ros2_unitree_legged_msgs/include/ros2_unitree_legged_msgs/ros2_unitree_legged_msgs/msg/detail/high_cmd__rosidl_typesupport_introspection_c.h
[1.814s] -- Up-to-date: /home/yk/rosros/install/ros2_unitree_legged_msgs/include/ros2_unitree_legged_msgs/ros2_unitree_legged_msgs/msg/detail/motor_cmd__rosidl_typesupport_introspection_c.h
[1.814s] -- Up-to-date: /home/yk/rosros/install/ros2_unitree_legged_msgs/include/ros2_unitree_legged_msgs/ros2_unitree_legged_msgs/msg/detail/motor_cmd__type_support.c
[1.814s] -- Up-to-date: /home/yk/rosros/install/ros2_unitree_legged_msgs/include/ros2_unitree_legged_msgs/ros2_unitree_legged_msgs/msg/detail/bms_cmd__rosidl_typesupport_introspection_c.h
[1.815s] -- Up-to-date: /home/yk/rosros/install/ros2_unitree_legged_msgs/include/ros2_unitree_legged_msgs/ros2_unitree_legged_msgs/msg/detail/bms_state__type_support.c
[1.815s] -- Up-to-date: /home/yk/rosros/install/ros2_unitree_legged_msgs/include/ros2_unitree_legged_msgs/ros2_unitree_legged_msgs/msg/detail/high_state__rosidl_typesupport_introspection_c.h
[1.815s] -- Up-to-date: /home/yk/rosros/install/ros2_unitree_legged_msgs/include/ros2_unitree_legged_msgs/ros2_unitree_legged_msgs/msg/detail/high_cmd__type_support.c
[1.815s] -- Up-to-date: /home/yk/rosros/install/ros2_unitree_legged_msgs/include/ros2_unitree_legged_msgs/ros2_unitree_legged_msgs/msg/detail/high_state__type_support.c
[1.815s] -- Up-to-date: /home/yk/rosros/install/ros2_unitree_legged_msgs/include/ros2_unitree_legged_msgs/ros2_unitree_legged_msgs/msg/detail/cartesian__type_support.c
[1.815s] -- Up-to-date: /home/yk/rosros/install/ros2_unitree_legged_msgs/include/ros2_unitree_legged_msgs/ros2_unitree_legged_msgs/msg/detail/led__type_support.c
[1.815s] -- Up-to-date: /home/yk/rosros/install/ros2_unitree_legged_msgs/lib/libros2_unitree_legged_msgs__rosidl_typesupport_introspection_c.so
[1.815s] -- Up-to-date: /home/yk/rosros/install/ros2_unitree_legged_msgs/lib/libros2_unitree_legged_msgs__rosidl_typesupport_c.so
[1.815s] -- Up-to-date: /home/yk/rosros/install/ros2_unitree_legged_msgs/include/ros2_unitree_legged_msgs/ros2_unitree_legged_msgs
[1.815s] -- Up-to-date: /home/yk/rosros/install/ros2_unitree_legged_msgs/include/ros2_unitree_legged_msgs/ros2_unitree_legged_msgs/msg
[1.816s] -- Up-to-date: /home/yk/rosros/install/ros2_unitree_legged_msgs/include/ros2_unitree_legged_msgs/ros2_unitree_legged_msgs/msg/imu.hpp
[1.816s] -- Up-to-date: /home/yk/rosros/install/ros2_unitree_legged_msgs/include/ros2_unitree_legged_msgs/ros2_unitree_legged_msgs/msg/bms_cmd.hpp
[1.816s] -- Up-to-date: /home/yk/rosros/install/ros2_unitree_legged_msgs/include/ros2_unitree_legged_msgs/ros2_unitree_legged_msgs/msg/motor_cmd.hpp
[1.816s] -- Up-to-date: /home/yk/rosros/install/ros2_unitree_legged_msgs/include/ros2_unitree_legged_msgs/ros2_unitree_legged_msgs/msg/low_cmd.hpp
[1.817s] -- Up-to-date: /home/yk/rosros/install/ros2_unitree_legged_msgs/include/ros2_unitree_legged_msgs/ros2_unitree_legged_msgs/msg/low_state.hpp
[1.817s] -- Up-to-date: /home/yk/rosros/install/ros2_unitree_legged_msgs/include/ros2_unitree_legged_msgs/ros2_unitree_legged_msgs/msg/high_state.hpp
[1.817s] -- Up-to-date: /home/yk/rosros/install/ros2_unitree_legged_msgs/include/ros2_unitree_legged_msgs/ros2_unitree_legged_msgs/msg/cartesian.hpp
[1.817s] -- Up-to-date: /home/yk/rosros/install/ros2_unitree_legged_msgs/include/ros2_unitree_legged_msgs/ros2_unitree_legged_msgs/msg/bms_state.hpp
[1.818s] -- Up-to-date: /home/yk/rosros/install/ros2_unitree_legged_msgs/include/ros2_unitree_legged_msgs/ros2_unitree_legged_msgs/msg/motor_state.hpp
[1.818s] -- Up-to-date: /home/yk/rosros/install/ros2_unitree_legged_msgs/include/ros2_unitree_legged_msgs/ros2_unitree_legged_msgs/msg/high_cmd.hpp
[1.818s] -- Up-to-date: /home/yk/rosros/install/ros2_unitree_legged_msgs/include/ros2_unitree_legged_msgs/ros2_unitree_legged_msgs/msg/detail
[1.818s] -- Up-to-date: /home/yk/rosros/install/ros2_unitree_legged_msgs/include/ros2_unitree_legged_msgs/ros2_unitree_legged_msgs/msg/detail/high_cmd__struct.hpp
[1.818s] -- Up-to-date: /home/yk/rosros/install/ros2_unitree_legged_msgs/include/ros2_unitree_legged_msgs/ros2_unitree_legged_msgs/msg/detail/motor_state__traits.hpp
[1.819s] -- Up-to-date: /home/yk/rosros/install/ros2_unitree_legged_msgs/include/ros2_unitree_legged_msgs/ros2_unitree_legged_msgs/msg/detail/bms_cmd__traits.hpp
[1.819s] -- Up-to-date: /home/yk/rosros/install/ros2_unitree_legged_msgs/include/ros2_unitree_legged_msgs/ros2_unitree_legged_msgs/msg/detail/imu__builder.hpp
[1.819s] -- Up-to-date: /home/yk/rosros/install/ros2_unitree_legged_msgs/include/ros2_unitree_legged_msgs/ros2_unitree_legged_msgs/msg/detail/high_state__traits.hpp
[1.819s] -- Up-to-date: /home/yk/rosros/install/ros2_unitree_legged_msgs/include/ros2_unitree_legged_msgs/ros2_unitree_legged_msgs/msg/detail/imu__struct.hpp
[1.819s] -- Up-to-date: /home/yk/rosros/install/ros2_unitree_legged_msgs/include/ros2_unitree_legged_msgs/ros2_unitree_legged_msgs/msg/detail/bms_cmd__struct.hpp
[1.819s] -- Up-to-date: /home/yk/rosros/install/ros2_unitree_legged_msgs/include/ros2_unitree_legged_msgs/ros2_unitree_legged_msgs/msg/detail/low_cmd__traits.hpp
[1.820s] -- Up-to-date: /home/yk/rosros/install/ros2_unitree_legged_msgs/include/ros2_unitree_legged_msgs/ros2_unitree_legged_msgs/msg/detail/motor_state__struct.hpp
[1.820s] -- Up-to-date: /home/yk/rosros/install/ros2_unitree_legged_msgs/include/ros2_unitree_legged_msgs/ros2_unitree_legged_msgs/msg/detail/bms_state__struct.hpp
[1.820s] -- Up-to-date: /home/yk/rosros/install/ros2_unitree_legged_msgs/include/ros2_unitree_legged_msgs/ros2_unitree_legged_msgs/msg/detail/motor_cmd__traits.hpp
[1.820s] -- Up-to-date: /home/yk/rosros/install/ros2_unitree_legged_msgs/include/ros2_unitree_legged_msgs/ros2_unitree_legged_msgs/msg/detail/cartesian__struct.hpp
[1.820s] -- Up-to-date: /home/yk/rosros/install/ros2_unitree_legged_msgs/include/ros2_unitree_legged_msgs/ros2_unitree_legged_msgs/msg/detail/low_cmd__builder.hpp
[1.821s] -- Up-to-date: /home/yk/rosros/install/ros2_unitree_legged_msgs/include/ros2_unitree_legged_msgs/ros2_unitree_legged_msgs/msg/detail/high_state__builder.hpp
[1.821s] -- Up-to-date: /home/yk/rosros/install/ros2_unitree_legged_msgs/include/ros2_unitree_legged_msgs/ros2_unitree_legged_msgs/msg/detail/low_state__traits.hpp
[1.821s] -- Up-to-date: /home/yk/rosros/install/ros2_unitree_legged_msgs/include/ros2_unitree_legged_msgs/ros2_unitree_legged_msgs/msg/detail/low_state__builder.hpp
[1.821s] -- Up-to-date: /home/yk/rosros/install/ros2_unitree_legged_msgs/include/ros2_unitree_legged_msgs/ros2_unitree_legged_msgs/msg/detail/bms_cmd__builder.hpp
[1.821s] -- Up-to-date: /home/yk/rosros/install/ros2_unitree_legged_msgs/include/ros2_unitree_legged_msgs/ros2_unitree_legged_msgs/msg/detail/low_cmd__struct.hpp
[1.821s] -- Up-to-date: /home/yk/rosros/install/ros2_unitree_legged_msgs/include/ros2_unitree_legged_msgs/ros2_unitree_legged_msgs/msg/detail/bms_state__traits.hpp
[1.822s] -- Up-to-date: /home/yk/rosros/install/ros2_unitree_legged_msgs/include/ros2_unitree_legged_msgs/ros2_unitree_legged_msgs/msg/detail/high_cmd__builder.hpp
[1.822s] -- Up-to-date: /home/yk/rosros/install/ros2_unitree_legged_msgs/include/ros2_unitree_legged_msgs/ros2_unitree_legged_msgs/msg/detail/led__struct.hpp
[1.822s] -- Up-to-date: /home/yk/rosros/install/ros2_unitree_legged_msgs/include/ros2_unitree_legged_msgs/ros2_unitree_legged_msgs/msg/detail/low_state__struct.hpp
[1.822s] -- Up-to-date: /home/yk/rosros/install/ros2_unitree_legged_msgs/include/ros2_unitree_legged_msgs/ros2_unitree_legged_msgs/msg/detail/cartesian__builder.hpp
[1.822s] -- Up-to-date: /home/yk/rosros/install/ros2_unitree_legged_msgs/include/ros2_unitree_legged_msgs/ros2_unitree_legged_msgs/msg/detail/high_cmd__traits.hpp
[1.822s] -- Up-to-date: /home/yk/rosros/install/ros2_unitree_legged_msgs/include/ros2_unitree_legged_msgs/ros2_unitree_legged_msgs/msg/detail/motor_cmd__struct.hpp
[1.823s] -- Up-to-date: /home/yk/rosros/install/ros2_unitree_legged_msgs/include/ros2_unitree_legged_msgs/ros2_unitree_legged_msgs/msg/detail/led__builder.hpp
[1.823s] -- Up-to-date: /home/yk/rosros/install/ros2_unitree_legged_msgs/include/ros2_unitree_legged_msgs/ros2_unitree_legged_msgs/msg/detail/imu__traits.hpp
[1.823s] -- Up-to-date: /home/yk/rosros/install/ros2_unitree_legged_msgs/include/ros2_unitree_legged_msgs/ros2_unitree_legged_msgs/msg/detail/cartesian__traits.hpp
[1.823s] -- Up-to-date: /home/yk/rosros/install/ros2_unitree_legged_msgs/include/ros2_unitree_legged_msgs/ros2_unitree_legged_msgs/msg/detail/motor_state__builder.hpp
[1.823s] -- Up-to-date: /home/yk/rosros/install/ros2_unitree_legged_msgs/include/ros2_unitree_legged_msgs/ros2_unitree_legged_msgs/msg/detail/bms_state__builder.hpp
[1.824s] -- Up-to-date: /home/yk/rosros/install/ros2_unitree_legged_msgs/include/ros2_unitree_legged_msgs/ros2_unitree_legged_msgs/msg/detail/high_state__struct.hpp
[1.824s] -- Up-to-date: /home/yk/rosros/install/ros2_unitree_legged_msgs/include/ros2_unitree_legged_msgs/ros2_unitree_legged_msgs/msg/detail/motor_cmd__builder.hpp
[1.824s] -- Up-to-date: /home/yk/rosros/install/ros2_unitree_legged_msgs/include/ros2_unitree_legged_msgs/ros2_unitree_legged_msgs/msg/detail/led__traits.hpp
[1.824s] -- Up-to-date: /home/yk/rosros/install/ros2_unitree_legged_msgs/include/ros2_unitree_legged_msgs/ros2_unitree_legged_msgs/msg/led.hpp
[1.824s] -- Up-to-date: /home/yk/rosros/install/ros2_unitree_legged_msgs/include/ros2_unitree_legged_msgs/ros2_unitree_legged_msgs
[1.824s] -- Up-to-date: /home/yk/rosros/install/ros2_unitree_legged_msgs/include/ros2_unitree_legged_msgs/ros2_unitree_legged_msgs/msg
[1.825s] -- Up-to-date: /home/yk/rosros/install/ros2_unitree_legged_msgs/include/ros2_unitree_legged_msgs/ros2_unitree_legged_msgs/msg/rosidl_typesupport_fastrtps_cpp__visibility_control.h
[1.825s] -- Up-to-date: /home/yk/rosros/install/ros2_unitree_legged_msgs/include/ros2_unitree_legged_msgs/ros2_unitree_legged_msgs/msg/detail
[1.825s] -- Up-to-date: /home/yk/rosros/install/ros2_unitree_legged_msgs/include/ros2_unitree_legged_msgs/ros2_unitree_legged_msgs/msg/detail/cartesian__rosidl_typesupport_fastrtps_cpp.hpp
[1.825s] -- Up-to-date: /home/yk/rosros/install/ros2_unitree_legged_msgs/include/ros2_unitree_legged_msgs/ros2_unitree_legged_msgs/msg/detail/high_state__rosidl_typesupport_fastrtps_cpp.hpp
[1.825s] -- Up-to-date: /home/yk/rosros/install/ros2_unitree_legged_msgs/include/ros2_unitree_legged_msgs/ros2_unitree_legged_msgs/msg/detail/imu__rosidl_typesupport_fastrtps_cpp.hpp
[1.826s] -- Up-to-date: /home/yk/rosros/install/ros2_unitree_legged_msgs/include/ros2_unitree_legged_msgs/ros2_unitree_legged_msgs/msg/detail/bms_state__rosidl_typesupport_fastrtps_cpp.hpp
[1.826s] -- Up-to-date: /home/yk/rosros/install/ros2_unitree_legged_msgs/include/ros2_unitree_legged_msgs/ros2_unitree_legged_msgs/msg/detail/bms_cmd__rosidl_typesupport_fastrtps_cpp.hpp
[1.826s] -- Up-to-date: /home/yk/rosros/install/ros2_unitree_legged_msgs/include/ros2_unitree_legged_msgs/ros2_unitree_legged_msgs/msg/detail/low_cmd__rosidl_typesupport_fastrtps_cpp.hpp
[1.826s] -- Up-to-date: /home/yk/rosros/install/ros2_unitree_legged_msgs/include/ros2_unitree_legged_msgs/ros2_unitree_legged_msgs/msg/detail/motor_cmd__rosidl_typesupport_fastrtps_cpp.hpp
[1.826s] -- Up-to-date: /home/yk/rosros/install/ros2_unitree_legged_msgs/include/ros2_unitree_legged_msgs/ros2_unitree_legged_msgs/msg/detail/led__rosidl_typesupport_fastrtps_cpp.hpp
[1.826s] -- Up-to-date: /home/yk/rosros/install/ros2_unitree_legged_msgs/include/ros2_unitree_legged_msgs/ros2_unitree_legged_msgs/msg/detail/motor_state__rosidl_typesupport_fastrtps_cpp.hpp
[1.826s] -- Up-to-date: /home/yk/rosros/install/ros2_unitree_legged_msgs/include/ros2_unitree_legged_msgs/ros2_unitree_legged_msgs/msg/detail/high_cmd__rosidl_typesupport_fastrtps_cpp.hpp
[1.826s] -- Up-to-date: /home/yk/rosros/install/ros2_unitree_legged_msgs/include/ros2_unitree_legged_msgs/ros2_unitree_legged_msgs/msg/detail/dds_fastrtps
[1.827s] -- Up-to-date: /home/yk/rosros/install/ros2_unitree_legged_msgs/include/ros2_unitree_legged_msgs/ros2_unitree_legged_msgs/msg/detail/low_state__rosidl_typesupport_fastrtps_cpp.hpp
[1.827s] -- Up-to-date: /home/yk/rosros/install/ros2_unitree_legged_msgs/lib/libros2_unitree_legged_msgs__rosidl_typesupport_fastrtps_cpp.so
[1.827s] -- Up-to-date: /home/yk/rosros/install/ros2_unitree_legged_msgs/include/ros2_unitree_legged_msgs/ros2_unitree_legged_msgs
[1.827s] -- Up-to-date: /home/yk/rosros/install/ros2_unitree_legged_msgs/include/ros2_unitree_legged_msgs/ros2_unitree_legged_msgs/msg
[1.827s] -- Up-to-date: /home/yk/rosros/install/ros2_unitree_legged_msgs/include/ros2_unitree_legged_msgs/ros2_unitree_legged_msgs/msg/detail
[1.828s] -- Up-to-date: /home/yk/rosros/install/ros2_unitree_legged_msgs/include/ros2_unitree_legged_msgs/ros2_unitree_legged_msgs/msg/detail/high_cmd__type_support.cpp
[1.828s] -- Up-to-date: /home/yk/rosros/install/ros2_unitree_legged_msgs/include/ros2_unitree_legged_msgs/ros2_unitree_legged_msgs/msg/detail/low_cmd__rosidl_typesupport_introspection_cpp.hpp
[1.828s] -- Up-to-date: /home/yk/rosros/install/ros2_unitree_legged_msgs/include/ros2_unitree_legged_msgs/ros2_unitree_legged_msgs/msg/detail/imu__type_support.cpp
[1.828s] -- Up-to-date: /home/yk/rosros/install/ros2_unitree_legged_msgs/include/ros2_unitree_legged_msgs/ros2_unitree_legged_msgs/msg/detail/high_state__rosidl_typesupport_introspection_cpp.hpp
[1.828s] -- Up-to-date: /home/yk/rosros/install/ros2_unitree_legged_msgs/include/ros2_unitree_legged_msgs/ros2_unitree_legged_msgs/msg/detail/bms_state__rosidl_typesupport_introspection_cpp.hpp
[1.828s] -- Up-to-date: /home/yk/rosros/install/ros2_unitree_legged_msgs/include/ros2_unitree_legged_msgs/ros2_unitree_legged_msgs/msg/detail/bms_cmd__type_support.cpp
[1.829s] -- Up-to-date: /home/yk/rosros/install/ros2_unitree_legged_msgs/include/ros2_unitree_legged_msgs/ros2_unitree_legged_msgs/msg/detail/high_state__type_support.cpp
[1.829s] -- Up-to-date: /home/yk/rosros/install/ros2_unitree_legged_msgs/include/ros2_unitree_legged_msgs/ros2_unitree_legged_msgs/msg/detail/motor_state__type_support.cpp
[1.829s] -- Up-to-date: /home/yk/rosros/install/ros2_unitree_legged_msgs/include/ros2_unitree_legged_msgs/ros2_unitree_legged_msgs/msg/detail/bms_state__type_support.cpp
[1.829s] -- Up-to-date: /home/yk/rosros/install/ros2_unitree_legged_msgs/include/ros2_unitree_legged_msgs/ros2_unitree_legged_msgs/msg/detail/cartesian__rosidl_typesupport_introspection_cpp.hpp
[1.829s] -- Up-to-date: /home/yk/rosros/install/ros2_unitree_legged_msgs/include/ros2_unitree_legged_msgs/ros2_unitree_legged_msgs/msg/detail/low_state__type_support.cpp
[1.829s] -- Up-to-date: /home/yk/rosros/install/ros2_unitree_legged_msgs/include/ros2_unitree_legged_msgs/ros2_unitree_legged_msgs/msg/detail/cartesian__type_support.cpp
[1.829s] -- Up-to-date: /home/yk/rosros/install/ros2_unitree_legged_msgs/include/ros2_unitree_legged_msgs/ros2_unitree_legged_msgs/msg/detail/motor_state__rosidl_typesupport_introspection_cpp.hpp
[1.829s] -- Up-to-date: /home/yk/rosros/install/ros2_unitree_legged_msgs/include/ros2_unitree_legged_msgs/ros2_unitree_legged_msgs/msg/detail/imu__rosidl_typesupport_introspection_cpp.hpp
[1.829s] -- Up-to-date: /home/yk/rosros/install/ros2_unitree_legged_msgs/include/ros2_unitree_legged_msgs/ros2_unitree_legged_msgs/msg/detail/low_cmd__type_support.cpp
[1.829s] -- Up-to-date: /home/yk/rosros/install/ros2_unitree_legged_msgs/include/ros2_unitree_legged_msgs/ros2_unitree_legged_msgs/msg/detail/bms_cmd__rosidl_typesupport_introspection_cpp.hpp
[1.829s] -- Up-to-date: /home/yk/rosros/install/ros2_unitree_legged_msgs/include/ros2_unitree_legged_msgs/ros2_unitree_legged_msgs/msg/detail/led__rosidl_typesupport_introspection_cpp.hpp
[1.829s] -- Up-to-date: /home/yk/rosros/install/ros2_unitree_legged_msgs/include/ros2_unitree_legged_msgs/ros2_unitree_legged_msgs/msg/detail/motor_cmd__type_support.cpp
[1.830s] -- Up-to-date: /home/yk/rosros/install/ros2_unitree_legged_msgs/include/ros2_unitree_legged_msgs/ros2_unitree_legged_msgs/msg/detail/high_cmd__rosidl_typesupport_introspection_cpp.hpp
[1.830s] -- Up-to-date: /home/yk/rosros/install/ros2_unitree_legged_msgs/include/ros2_unitree_legged_msgs/ros2_unitree_legged_msgs/msg/detail/low_state__rosidl_typesupport_introspection_cpp.hpp
[1.830s] -- Up-to-date: /home/yk/rosros/install/ros2_unitree_legged_msgs/include/ros2_unitree_legged_msgs/ros2_unitree_legged_msgs/msg/detail/led__type_support.cpp
[1.830s] -- Up-to-date: /home/yk/rosros/install/ros2_unitree_legged_msgs/include/ros2_unitree_legged_msgs/ros2_unitree_legged_msgs/msg/detail/motor_cmd__rosidl_typesupport_introspection_cpp.hpp
[1.830s] -- Up-to-date: /home/yk/rosros/install/ros2_unitree_legged_msgs/lib/libros2_unitree_legged_msgs__rosidl_typesupport_introspection_cpp.so
[1.830s] -- Up-to-date: /home/yk/rosros/install/ros2_unitree_legged_msgs/lib/libros2_unitree_legged_msgs__rosidl_typesupport_cpp.so
[1.830s] -- Up-to-date: /home/yk/rosros/install/ros2_unitree_legged_msgs/share/ros2_unitree_legged_msgs/environment/pythonpath.sh
[1.830s] -- Up-to-date: /home/yk/rosros/install/ros2_unitree_legged_msgs/share/ros2_unitree_legged_msgs/environment/pythonpath.dsv
[1.830s] -- Up-to-date: /home/yk/rosros/install/ros2_unitree_legged_msgs/local/lib/python3.10/dist-packages/ros2_unitree_legged_msgs-0.4.0-py3.10.egg-info
[1.830s] -- Installing: /home/yk/rosros/install/ros2_unitree_legged_msgs/local/lib/python3.10/dist-packages/ros2_unitree_legged_msgs-0.4.0-py3.10.egg-info/dependency_links.txt
[1.830s] -- Installing: /home/yk/rosros/install/ros2_unitree_legged_msgs/local/lib/python3.10/dist-packages/ros2_unitree_legged_msgs-0.4.0-py3.10.egg-info/top_level.txt
[1.830s] -- Installing: /home/yk/rosros/install/ros2_unitree_legged_msgs/local/lib/python3.10/dist-packages/ros2_unitree_legged_msgs-0.4.0-py3.10.egg-info/PKG-INFO
[1.830s] -- Installing: /home/yk/rosros/install/ros2_unitree_legged_msgs/local/lib/python3.10/dist-packages/ros2_unitree_legged_msgs-0.4.0-py3.10.egg-info/SOURCES.txt
[1.830s] -- Up-to-date: /home/yk/rosros/install/ros2_unitree_legged_msgs/local/lib/python3.10/dist-packages/ros2_unitree_legged_msgs
[1.831s] -- Up-to-date: /home/yk/rosros/install/ros2_unitree_legged_msgs/local/lib/python3.10/dist-packages/ros2_unitree_legged_msgs/_ros2_unitree_legged_msgs_s.ep.rosidl_typesupport_c.c
[1.831s] -- Up-to-date: /home/yk/rosros/install/ros2_unitree_legged_msgs/local/lib/python3.10/dist-packages/ros2_unitree_legged_msgs/__init__.py
[1.831s] -- Up-to-date: /home/yk/rosros/install/ros2_unitree_legged_msgs/local/lib/python3.10/dist-packages/ros2_unitree_legged_msgs/_ros2_unitree_legged_msgs_s.ep.rosidl_typesupport_fastrtps_c.c
[1.831s] -- Up-to-date: /home/yk/rosros/install/ros2_unitree_legged_msgs/local/lib/python3.10/dist-packages/ros2_unitree_legged_msgs/msg
[1.831s] -- Up-to-date: /home/yk/rosros/install/ros2_unitree_legged_msgs/local/lib/python3.10/dist-packages/ros2_unitree_legged_msgs/msg/_low_cmd_s.c
[1.831s] -- Up-to-date: /home/yk/rosros/install/ros2_unitree_legged_msgs/local/lib/python3.10/dist-packages/ros2_unitree_legged_msgs/msg/_motor_cmd.py
[1.831s] -- Up-to-date: /home/yk/rosros/install/ros2_unitree_legged_msgs/local/lib/python3.10/dist-packages/ros2_unitree_legged_msgs/msg/__init__.py
[1.831s] -- Up-to-date: /home/yk/rosros/install/ros2_unitree_legged_msgs/local/lib/python3.10/dist-packages/ros2_unitree_legged_msgs/msg/_cartesian.py
[1.831s] -- Up-to-date: /home/yk/rosros/install/ros2_unitree_legged_msgs/local/lib/python3.10/dist-packages/ros2_unitree_legged_msgs/msg/_bms_cmd.py
[1.831s] -- Up-to-date: /home/yk/rosros/install/ros2_unitree_legged_msgs/local/lib/python3.10/dist-packages/ros2_unitree_legged_msgs/msg/_imu.py
[1.831s] -- Up-to-date: /home/yk/rosros/install/ros2_unitree_legged_msgs/local/lib/python3.10/dist-packages/ros2_unitree_legged_msgs/msg/_cartesian_s.c
[1.831s] -- Up-to-date: /home/yk/rosros/install/ros2_unitree_legged_msgs/local/lib/python3.10/dist-packages/ros2_unitree_legged_msgs/msg/_motor_cmd_s.c
[1.831s] -- Up-to-date: /home/yk/rosros/install/ros2_unitree_legged_msgs/local/lib/python3.10/dist-packages/ros2_unitree_legged_msgs/msg/_low_state_s.c
[1.831s] -- Up-to-date: /home/yk/rosros/install/ros2_unitree_legged_msgs/local/lib/python3.10/dist-packages/ros2_unitree_legged_msgs/msg/_motor_state_s.c
[1.831s] -- Up-to-date: /home/yk/rosros/install/ros2_unitree_legged_msgs/local/lib/python3.10/dist-packages/ros2_unitree_legged_msgs/msg/_motor_state.py
[1.832s] -- Up-to-date: /home/yk/rosros/install/ros2_unitree_legged_msgs/local/lib/python3.10/dist-packages/ros2_unitree_legged_msgs/msg/_low_cmd.py
[1.832s] -- Up-to-date: /home/yk/rosros/install/ros2_unitree_legged_msgs/local/lib/python3.10/dist-packages/ros2_unitree_legged_msgs/msg/_led.py
[1.832s] -- Up-to-date: /home/yk/rosros/install/ros2_unitree_legged_msgs/local/lib/python3.10/dist-packages/ros2_unitree_legged_msgs/msg/_low_state.py
[1.832s] -- Up-to-date: /home/yk/rosros/install/ros2_unitree_legged_msgs/local/lib/python3.10/dist-packages/ros2_unitree_legged_msgs/msg/_bms_cmd_s.c
[1.832s] -- Up-to-date: /home/yk/rosros/install/ros2_unitree_legged_msgs/local/lib/python3.10/dist-packages/ros2_unitree_legged_msgs/msg/_high_state.py
[1.832s] -- Up-to-date: /home/yk/rosros/install/ros2_unitree_legged_msgs/local/lib/python3.10/dist-packages/ros2_unitree_legged_msgs/msg/_high_cmd_s.c
[1.832s] -- Up-to-date: /home/yk/rosros/install/ros2_unitree_legged_msgs/local/lib/python3.10/dist-packages/ros2_unitree_legged_msgs/msg/_high_state_s.c
[1.832s] -- Up-to-date: /home/yk/rosros/install/ros2_unitree_legged_msgs/local/lib/python3.10/dist-packages/ros2_unitree_legged_msgs/msg/_led_s.c
[1.832s] -- Up-to-date: /home/yk/rosros/install/ros2_unitree_legged_msgs/local/lib/python3.10/dist-packages/ros2_unitree_legged_msgs/msg/_high_cmd.py
[1.832s] -- Up-to-date: /home/yk/rosros/install/ros2_unitree_legged_msgs/local/lib/python3.10/dist-packages/ros2_unitree_legged_msgs/msg/_bms_state.py
[1.832s] -- Up-to-date: /home/yk/rosros/install/ros2_unitree_legged_msgs/local/lib/python3.10/dist-packages/ros2_unitree_legged_msgs/msg/_imu_s.c
[1.832s] -- Up-to-date: /home/yk/rosros/install/ros2_unitree_legged_msgs/local/lib/python3.10/dist-packages/ros2_unitree_legged_msgs/msg/_bms_state_s.c
[1.832s] -- Up-to-date: /home/yk/rosros/install/ros2_unitree_legged_msgs/local/lib/python3.10/dist-packages/ros2_unitree_legged_msgs/_ros2_unitree_legged_msgs_s.ep.rosidl_typesupport_introspection_c.c
[1.832s] -- Up-to-date: /home/yk/rosros/install/ros2_unitree_legged_msgs/local/lib/python3.10/dist-packages/ros2_unitree_legged_msgs/ros2_unitree_legged_msgs_s__rosidl_typesupport_c.cpython-310-x86_64-linux-gnu.so
[1.832s] -- Up-to-date: /home/yk/rosros/install/ros2_unitree_legged_msgs/local/lib/python3.10/dist-packages/ros2_unitree_legged_msgs/libros2_unitree_legged_msgs__rosidl_generator_py.so
[1.833s] -- Up-to-date: /home/yk/rosros/install/ros2_unitree_legged_msgs/local/lib/python3.10/dist-packages/ros2_unitree_legged_msgs/ros2_unitree_legged_msgs_s__rosidl_typesupport_introspection_c.cpython-310-x86_64-linux-gnu.so
[1.833s] -- Up-to-date: /home/yk/rosros/install/ros2_unitree_legged_msgs/local/lib/python3.10/dist-packages/ros2_unitree_legged_msgs/ros2_unitree_legged_msgs_s__rosidl_typesupport_fastrtps_c.cpython-310-x86_64-linux-gnu.so
[1.867s] Listing '/home/yk/rosros/install/ros2_unitree_legged_msgs/local/lib/python3.10/dist-packages/ros2_unitree_legged_msgs'...
[1.867s] Listing '/home/yk/rosros/install/ros2_unitree_legged_msgs/local/lib/python3.10/dist-packages/ros2_unitree_legged_msgs/msg'...
[1.878s] -- Up-to-date: /home/yk/rosros/install/ros2_unitree_legged_msgs/local/lib/python3.10/dist-packages/ros2_unitree_legged_msgs/ros2_unitree_legged_msgs_s__rosidl_typesupport_fastrtps_c.cpython-310-x86_64-linux-gnu.so
[1.878s] -- Up-to-date: /home/yk/rosros/install/ros2_unitree_legged_msgs/local/lib/python3.10/dist-packages/ros2_unitree_legged_msgs/ros2_unitree_legged_msgs_s__rosidl_typesupport_introspection_c.cpython-310-x86_64-linux-gnu.so
[1.879s] -- Up-to-date: /home/yk/rosros/install/ros2_unitree_legged_msgs/local/lib/python3.10/dist-packages/ros2_unitree_legged_msgs/ros2_unitree_legged_msgs_s__rosidl_typesupport_c.cpython-310-x86_64-linux-gnu.so
[1.879s] -- Up-to-date: /home/yk/rosros/install/ros2_unitree_legged_msgs/lib/libros2_unitree_legged_msgs__rosidl_generator_py.so
[1.880s] -- Up-to-date: /home/yk/rosros/install/ros2_unitree_legged_msgs/share/ros2_unitree_legged_msgs/msg/MotorCmd.idl
[1.880s] -- Up-to-date: /home/yk/rosros/install/ros2_unitree_legged_msgs/share/ros2_unitree_legged_msgs/msg/MotorState.idl
[1.880s] -- Up-to-date: /home/yk/rosros/install/ros2_unitree_legged_msgs/share/ros2_unitree_legged_msgs/msg/BmsCmd.idl
[1.881s] -- Up-to-date: /home/yk/rosros/install/ros2_unitree_legged_msgs/share/ros2_unitree_legged_msgs/msg/BmsState.idl
[1.881s] -- Up-to-date: /home/yk/rosros/install/ros2_unitree_legged_msgs/share/ros2_unitree_legged_msgs/msg/Cartesian.idl
[1.881s] -- Up-to-date: /home/yk/rosros/install/ros2_unitree_legged_msgs/share/ros2_unitree_legged_msgs/msg/IMU.idl
[1.881s] -- Up-to-date: /home/yk/rosros/install/ros2_unitree_legged_msgs/share/ros2_unitree_legged_msgs/msg/LED.idl
[1.881s] -- Up-to-date: /home/yk/rosros/install/ros2_unitree_legged_msgs/share/ros2_unitree_legged_msgs/msg/LowCmd.idl
[1.881s] -- Up-to-date: /home/yk/rosros/install/ros2_unitree_legged_msgs/share/ros2_unitree_legged_msgs/msg/LowState.idl
[1.881s] -- Up-to-date: /home/yk/rosros/install/ros2_unitree_legged_msgs/share/ros2_unitree_legged_msgs/msg/HighCmd.idl
[1.882s] -- Up-to-date: /home/yk/rosros/install/ros2_unitree_legged_msgs/share/ros2_unitree_legged_msgs/msg/HighState.idl
[1.882s] -- Up-to-date: /home/yk/rosros/install/ros2_unitree_legged_msgs/share/ros2_unitree_legged_msgs/msg/MotorCmd.msg
[1.882s] -- Up-to-date: /home/yk/rosros/install/ros2_unitree_legged_msgs/share/ros2_unitree_legged_msgs/msg/MotorState.msg
[1.883s] -- Up-to-date: /home/yk/rosros/install/ros2_unitree_legged_msgs/share/ros2_unitree_legged_msgs/msg/BmsCmd.msg
[1.883s] -- Up-to-date: /home/yk/rosros/install/ros2_unitree_legged_msgs/share/ros2_unitree_legged_msgs/msg/BmsState.msg
[1.884s] -- Up-to-date: /home/yk/rosros/install/ros2_unitree_legged_msgs/share/ros2_unitree_legged_msgs/msg/Cartesian.msg
[1.884s] -- Up-to-date: /home/yk/rosros/install/ros2_unitree_legged_msgs/share/ros2_unitree_legged_msgs/msg/IMU.msg
[1.884s] -- Up-to-date: /home/yk/rosros/install/ros2_unitree_legged_msgs/share/ros2_unitree_legged_msgs/msg/LED.msg
[1.884s] -- Up-to-date: /home/yk/rosros/install/ros2_unitree_legged_msgs/share/ros2_unitree_legged_msgs/msg/LowCmd.msg
[1.884s] -- Up-to-date: /home/yk/rosros/install/ros2_unitree_legged_msgs/share/ros2_unitree_legged_msgs/msg/LowState.msg
[1.884s] -- Up-to-date: /home/yk/rosros/install/ros2_unitree_legged_msgs/share/ros2_unitree_legged_msgs/msg/HighCmd.msg
[1.884s] -- Up-to-date: /home/yk/rosros/install/ros2_unitree_legged_msgs/share/ros2_unitree_legged_msgs/msg/HighState.msg
[1.884s] -- Up-to-date: /home/yk/rosros/install/ros2_unitree_legged_msgs/share/ament_index/resource_index/package_run_dependencies/ros2_unitree_legged_msgs
[1.885s] -- Up-to-date: /home/yk/rosros/install/ros2_unitree_legged_msgs/share/ament_index/resource_index/parent_prefix_path/ros2_unitree_legged_msgs
[1.885s] -- Up-to-date: /home/yk/rosros/install/ros2_unitree_legged_msgs/share/ros2_unitree_legged_msgs/environment/ament_prefix_path.sh
[1.885s] -- Up-to-date: /home/yk/rosros/install/ros2_unitree_legged_msgs/share/ros2_unitree_legged_msgs/environment/ament_prefix_path.dsv
[1.886s] -- Up-to-date: /home/yk/rosros/install/ros2_unitree_legged_msgs/share/ros2_unitree_legged_msgs/environment/path.sh
[1.886s] -- Up-to-date: /home/yk/rosros/install/ros2_unitree_legged_msgs/share/ros2_unitree_legged_msgs/environment/path.dsv
[1.886s] -- Up-to-date: /home/yk/rosros/install/ros2_unitree_legged_msgs/share/ros2_unitree_legged_msgs/local_setup.bash
[1.886s] -- Up-to-date: /home/yk/rosros/install/ros2_unitree_legged_msgs/share/ros2_unitree_legged_msgs/local_setup.sh
[1.886s] -- Up-to-date: /home/yk/rosros/install/ros2_unitree_legged_msgs/share/ros2_unitree_legged_msgs/local_setup.zsh
[1.887s] -- Up-to-date: /home/yk/rosros/install/ros2_unitree_legged_msgs/share/ros2_unitree_legged_msgs/local_setup.dsv
[1.887s] -- Installing: /home/yk/rosros/install/ros2_unitree_legged_msgs/share/ros2_unitree_legged_msgs/package.dsv
[1.887s] -- Up-to-date: /home/yk/rosros/install/ros2_unitree_legged_msgs/share/ament_index/resource_index/packages/ros2_unitree_legged_msgs
[1.887s] -- Up-to-date: /home/yk/rosros/install/ros2_unitree_legged_msgs/share/ros2_unitree_legged_msgs/cmake/export_ros2_unitree_legged_msgs__rosidl_generator_cExport.cmake
[1.888s] -- Up-to-date: /home/yk/rosros/install/ros2_unitree_legged_msgs/share/ros2_unitree_legged_msgs/cmake/export_ros2_unitree_legged_msgs__rosidl_generator_cExport-noconfig.cmake
[1.888s] -- Up-to-date: /home/yk/rosros/install/ros2_unitree_legged_msgs/share/ros2_unitree_legged_msgs/cmake/export_ros2_unitree_legged_msgs__rosidl_typesupport_fastrtps_cExport.cmake
[1.888s] -- Up-to-date: /home/yk/rosros/install/ros2_unitree_legged_msgs/share/ros2_unitree_legged_msgs/cmake/export_ros2_unitree_legged_msgs__rosidl_typesupport_fastrtps_cExport-noconfig.cmake
[1.888s] -- Up-to-date: /home/yk/rosros/install/ros2_unitree_legged_msgs/share/ros2_unitree_legged_msgs/cmake/ros2_unitree_legged_msgs__rosidl_typesupport_introspection_cExport.cmake
[1.888s] -- Up-to-date: /home/yk/rosros/install/ros2_unitree_legged_msgs/share/ros2_unitree_legged_msgs/cmake/ros2_unitree_legged_msgs__rosidl_typesupport_introspection_cExport-noconfig.cmake
[1.888s] -- Up-to-date: /home/yk/rosros/install/ros2_unitree_legged_msgs/share/ros2_unitree_legged_msgs/cmake/ros2_unitree_legged_msgs__rosidl_typesupport_cExport.cmake
[1.888s] -- Up-to-date: /home/yk/rosros/install/ros2_unitree_legged_msgs/share/ros2_unitree_legged_msgs/cmake/ros2_unitree_legged_msgs__rosidl_typesupport_cExport-noconfig.cmake
[1.888s] -- Up-to-date: /home/yk/rosros/install/ros2_unitree_legged_msgs/share/ros2_unitree_legged_msgs/cmake/export_ros2_unitree_legged_msgs__rosidl_generator_cppExport.cmake
[1.888s] -- Up-to-date: /home/yk/rosros/install/ros2_unitree_legged_msgs/share/ros2_unitree_legged_msgs/cmake/export_ros2_unitree_legged_msgs__rosidl_typesupport_fastrtps_cppExport.cmake
[1.889s] -- Up-to-date: /home/yk/rosros/install/ros2_unitree_legged_msgs/share/ros2_unitree_legged_msgs/cmake/export_ros2_unitree_legged_msgs__rosidl_typesupport_fastrtps_cppExport-noconfig.cmake
[1.889s] -- Up-to-date: /home/yk/rosros/install/ros2_unitree_legged_msgs/share/ros2_unitree_legged_msgs/cmake/ros2_unitree_legged_msgs__rosidl_typesupport_introspection_cppExport.cmake
[1.889s] -- Up-to-date: /home/yk/rosros/install/ros2_unitree_legged_msgs/share/ros2_unitree_legged_msgs/cmake/ros2_unitree_legged_msgs__rosidl_typesupport_introspection_cppExport-noconfig.cmake
[1.889s] -- Up-to-date: /home/yk/rosros/install/ros2_unitree_legged_msgs/share/ros2_unitree_legged_msgs/cmake/ros2_unitree_legged_msgs__rosidl_typesupport_cppExport.cmake
[1.890s] -- Up-to-date: /home/yk/rosros/install/ros2_unitree_legged_msgs/share/ros2_unitree_legged_msgs/cmake/ros2_unitree_legged_msgs__rosidl_typesupport_cppExport-noconfig.cmake
[1.890s] -- Up-to-date: /home/yk/rosros/install/ros2_unitree_legged_msgs/share/ros2_unitree_legged_msgs/cmake/export_ros2_unitree_legged_msgs__rosidl_generator_pyExport.cmake
[1.890s] -- Up-to-date: /home/yk/rosros/install/ros2_unitree_legged_msgs/share/ros2_unitree_legged_msgs/cmake/export_ros2_unitree_legged_msgs__rosidl_generator_pyExport-noconfig.cmake
[1.890s] -- Up-to-date: /home/yk/rosros/install/ros2_unitree_legged_msgs/share/ros2_unitree_legged_msgs/cmake/rosidl_cmake-extras.cmake
[1.890s] -- Up-to-date: /home/yk/rosros/install/ros2_unitree_legged_msgs/share/ros2_unitree_legged_msgs/cmake/ament_cmake_export_include_directories-extras.cmake
[1.890s] -- Up-to-date: /home/yk/rosros/install/ros2_unitree_legged_msgs/share/ros2_unitree_legged_msgs/cmake/ament_cmake_export_libraries-extras.cmake
[1.890s] -- Up-to-date: /home/yk/rosros/install/ros2_unitree_legged_msgs/share/ros2_unitree_legged_msgs/cmake/ament_cmake_export_targets-extras.cmake
[1.891s] -- Up-to-date: /home/yk/rosros/install/ros2_unitree_legged_msgs/share/ros2_unitree_legged_msgs/cmake/rosidl_cmake_export_typesupport_targets-extras.cmake
[1.891s] -- Up-to-date: /home/yk/rosros/install/ros2_unitree_legged_msgs/share/ros2_unitree_legged_msgs/cmake/ament_cmake_export_dependencies-extras.cmake
[1.891s] -- Up-to-date: /home/yk/rosros/install/ros2_unitree_legged_msgs/share/ros2_unitree_legged_msgs/cmake/rosidl_cmake_export_typesupport_libraries-extras.cmake
[1.891s] -- Up-to-date: /home/yk/rosros/install/ros2_unitree_legged_msgs/share/ros2_unitree_legged_msgs/cmake/ros2_unitree_legged_msgsConfig.cmake
[1.892s] -- Up-to-date: /home/yk/rosros/install/ros2_unitree_legged_msgs/share/ros2_unitree_legged_msgs/cmake/ros2_unitree_legged_msgsConfig-version.cmake
[1.892s] -- Up-to-date: /home/yk/rosros/install/ros2_unitree_legged_msgs/share/ros2_unitree_legged_msgs/package.xml
[1.894s] Invoked command in '/home/yk/rosros/build/ros2_unitree_legged_msgs' returned '0': CMAKE_PREFIX_PATH=${CMAKE_PREFIX_PATH}:/home/yk/rosros/install/go1_navigation:/opt/ros/humble /usr/bin/cmake --install /home/yk/rosros/build/ros2_unitree_legged_msgs
