-- The C compiler identification is GNU 11.4.0
-- The CXX compiler identification is GNU 11.4.0
-- Detecting C compiler ABI info
-- Detecting C compiler ABI info - done
-- Check for working C compiler: /usr/bin/cc - skipped
-- Detecting C compile features
-- Detecting C compile features - done
-- Detecting CXX compiler ABI info
-- Detecting CXX compiler ABI info - done
-- Check for working CXX compiler: /usr/bin/c++ - skipped
-- Detecting CXX compile features
-- Detecting CXX compile features - done
-- Found ament_cmake: 1.3.10 (/opt/ros/humble/share/ament_cmake/cmake)
-- Found Python3: /usr/bin/python3 (found version "3.10.12") found components: Interpreter 
-- Found rclpy: 3.3.14 (/opt/ros/humble/share/rclpy/cmake)
-- Found ament_lint_auto: 0.12.11 (/opt/ros/humble/share/ament_lint_auto/cmake)
-- Found Boost: /usr/lib/x86_64-linux-gnu/cmake/Boost-1.74.0/BoostConfig.cmake (found version "1.74.0")  
-- Found controller_manager: 2.43.1 (/opt/ros/humble/share/controller_manager/cmake)
-- Found rosidl_generator_c: 3.1.5 (/opt/ros/humble/share/rosidl_generator_c/cmake)
-- Found rosidl_adapter: 3.1.5 (/opt/ros/humble/share/rosidl_adapter/cmake)
-- Found rosidl_generator_cpp: 3.1.5 (/opt/ros/humble/share/rosidl_generator_cpp/cmake)
-- Using all available rosidl_typesupport_c: rosidl_typesupport_fastrtps_c;rosidl_typesupport_introspection_c
-- Using all available rosidl_typesupport_cpp: rosidl_typesupport_fastrtps_cpp;rosidl_typesupport_introspection_cpp
-- Found rmw_implementation_cmake: 6.1.2 (/opt/ros/humble/share/rmw_implementation_cmake/cmake)
-- Found rmw_fastrtps_cpp: 6.2.7 (/opt/ros/humble/share/rmw_fastrtps_cpp/cmake)
-- Found TinyXML2 via Config file: TinyXML2_DIR-NOTFOUND
-- Found OpenSSL: /usr/lib/x86_64-linux-gnu/libcrypto.so (found version "3.0.2")  
-- Found TinyXML2 via Config file: TinyXML2_DIR-NOTFOUND
-- Found FastRTPS: /opt/ros/humble/include  
-- Found TinyXML2 via Config file: TinyXML2_DIR-NOTFOUND
-- Found TinyXML2 via Config file: TinyXML2_DIR-NOTFOUND
-- Using RMW implementation 'rmw_fastrtps_cpp' as default
-- Looking for pthread.h
-- Looking for pthread.h - found
-- Performing Test CMAKE_HAVE_LIBC_PTHREAD
-- Performing Test CMAKE_HAVE_LIBC_PTHREAD - Success
-- Found Threads: TRUE  
-- Found joint_trajectory_controller: 2.37.3 (/opt/ros/humble/share/joint_trajectory_controller/cmake)
-- Found parameter_traits: 0.3.9 (/opt/ros/humble/share/parameter_traits/cmake)
-- Found gazebo_ros: 3.7.0 (/opt/ros/humble/share/gazebo_ros/cmake)
-- Found PkgConfig: /usr/bin/pkg-config (found version "0.29.2") 
-- Checking for module 'bullet>=2.82'
--   Found bullet, version 3.05
-- Found fcl: /usr/include (found suitable version "0.7.0", minimum required is "0.5.0") 
-- Found assimp: /usr/include (found version "5.2.0") 
-- Found DART: /usr/include (Required is at least version "6.6") found components: dart 
-- Found Boost: /usr/lib/x86_64-linux-gnu/cmake/Boost-1.74.0/BoostConfig.cmake (found suitable version "1.74.0", minimum required is "1.40.0") found components: thread system filesystem program_options regex iostreams date_time 
-- Found Protobuf: /usr/lib/x86_64-linux-gnu/libprotobuf.so (found version "3.12.4") 
-- Looking for ignition-math6 -- found version 6.15.1
-- Searching for dependencies of ignition-math6
-- Looking for OGRE...
-- OGRE_PREFIX_WATCH changed.
-- Checking for module 'OGRE'
--   Found OGRE, version 1.9.0
-- Found Ogre Ghadamon (1.9.0)
-- Found OGRE: optimized;/usr/lib/x86_64-linux-gnu/libOgreMain.so;debug;/usr/lib/x86_64-linux-gnu/libOgreMain.so
-- Looking for OGRE_Paging...
-- Found OGRE_Paging: optimized;/usr/lib/x86_64-linux-gnu/libOgrePaging.so;debug;/usr/lib/x86_64-linux-gnu/libOgrePaging.so
-- Looking for OGRE_Terrain...
-- Found OGRE_Terrain: optimized;/usr/lib/x86_64-linux-gnu/libOgreTerrain.so;debug;/usr/lib/x86_64-linux-gnu/libOgreTerrain.so
-- Looking for OGRE_Property...
-- Found OGRE_Property: optimized;/usr/lib/x86_64-linux-gnu/libOgreProperty.so;debug;/usr/lib/x86_64-linux-gnu/libOgreProperty.so
-- Looking for OGRE_RTShaderSystem...
-- Found OGRE_RTShaderSystem: optimized;/usr/lib/x86_64-linux-gnu/libOgreRTShaderSystem.so;debug;/usr/lib/x86_64-linux-gnu/libOgreRTShaderSystem.so
-- Looking for OGRE_Volume...
-- Found OGRE_Volume: optimized;/usr/lib/x86_64-linux-gnu/libOgreVolume.so;debug;/usr/lib/x86_64-linux-gnu/libOgreVolume.so
-- Looking for OGRE_Overlay...
-- Found OGRE_Overlay: optimized;/usr/lib/x86_64-linux-gnu/libOgreOverlay.so;debug;/usr/lib/x86_64-linux-gnu/libOgreOverlay.so
-- Looking for ignition-math6 -- found version 6.15.1
-- Looking for ignition-transport8 -- found version 8.2.1
-- Searching for dependencies of ignition-transport8
-- Found Protobuf: /usr/lib/x86_64-linux-gnu/libprotobuf.so (found suitable version "3.12.4", minimum required is "3") 
-- Config-file not installed for ZeroMQ -- checking for pkg-config
-- Checking for module 'libzmq >= 4'
--   Found libzmq , version 4.3.4
-- Found ZeroMQ: TRUE (Required is at least version "4") 
-- Checking for module 'uuid'
--   Found uuid, version 2.37.2
-- Found UUID: TRUE  
-- Looking for ignition-msgs5 -- found version 5.8.1
-- Searching for dependencies of ignition-msgs5
-- Looking for ignition-math6 -- found version 6.15.1
-- Checking for module 'tinyxml2'
--   Found tinyxml2, version 9.0.0
-- Looking for ignition-msgs5 -- found version 5.8.1
-- Looking for ignition-common3 -- found version 3.14.0
-- Searching for dependencies of ignition-common3
-- Looking for dlfcn.h - found
-- Looking for libdl - found
-- Found DL: TRUE  
-- Found tinyobjloader: /usr/lib/x86_64-linux-gnu/cmake/tinyobjloader/tinyobjloader-config.cmake (found version "2.0.0") 
-- Searching for <ignition-common3> component [graphics]
-- Looking for ignition-common3-graphics -- found version 3.14.0
-- Searching for dependencies of ignition-common3-graphics
-- Looking for ignition-math6 -- found version 6.15.1
-- Looking for ignition-fuel_tools4 -- found version 4.4.0
-- Searching for dependencies of ignition-fuel_tools4
-- Found CURL: /usr/lib/x86_64-linux-gnu/libcurl.so (found version "7.81.0")  
-- Checking for module 'jsoncpp'
--   Found jsoncpp, version 1.9.5
-- Found JSONCPP: TRUE  
-- Checking for module 'libzip'
--   Found libzip, version 1.7.3
-- Found ZIP: TRUE  
-- Looking for ignition-common3 -- found version 3.14.0
-- Looking for ignition-math6 -- found version 6.15.1
-- Looking for ignition-msgs5 -- found version 5.8.1
-- Gazebo version: 11.10
-- Checking for module 'tbb'
--   Found tbb, version 2021.5.0
-- Found robot_state_publisher: 3.0.3 (/opt/ros/humble/share/robot_state_publisher/cmake)
-- Found eigen3_cmake_module: 0.1.1 (/opt/ros/humble/share/eigen3_cmake_module/cmake)
-- Found Eigen3: TRUE (found version "3.4.0") 
-- Ensuring Eigen3 include directory is part of orocos-kdl CMake target
-- Found nav_msgs: 4.2.4 (/opt/ros/humble/share/nav_msgs/cmake)
-- Found ros2_unitree_legged_msgs: 0.4.0 (/home/yk/rosros/install/ros2_unitree_legged_msgs/share/ros2_unitree_legged_msgs/cmake)
-- Added test 'cppcheck' to perform static code analysis on C / C++ code
-- Configured cppcheck include dirs: /home/yk/rosros/src/unitree_ros2_sim/unitree_guide2/include
-- Configured cppcheck exclude dirs and/or files: 
-- Added test 'lint_cmake' to check CMake code style
-- Added test 'uncrustify' to check C / C++ code style
-- Configured uncrustify additional arguments: 
-- Added test 'xmllint' to check XML markup files
-- Configuring done
-- Generating done
-- Build files have been written to: /home/yk/rosros/build/unitree_guide2
[  3%] [32mBuilding CXX object CMakeFiles/junior_ctrl.dir/src/main.cpp.o[0m
[  7%] [32mBuilding CXX object CMakeFiles/junior_ctrl.dir/src/FSM/FSM.cpp.o[0m
[ 11%] [32mBuilding CXX object CMakeFiles/junior_ctrl.dir/src/FSM/FSMState.cpp.o[0m
[ 14%] [32mBuilding CXX object CMakeFiles/junior_ctrl.dir/src/FSM/State_BalanceTest.cpp.o[0m
[ 18%] [32mBuilding CXX object CMakeFiles/junior_ctrl.dir/src/FSM/State_FixedStand.cpp.o[0m
[ 22%] [32mBuilding CXX object CMakeFiles/junior_ctrl.dir/src/FSM/State_FreeStand.cpp.o[0m
[ 25%] [32mBuilding CXX object CMakeFiles/junior_ctrl.dir/src/FSM/State_Passive.cpp.o[0m
[ 29%] [32mBuilding CXX object CMakeFiles/junior_ctrl.dir/src/FSM/State_StepTest.cpp.o[0m
[ 33%] [32mBuilding CXX object CMakeFiles/junior_ctrl.dir/src/FSM/State_SwingTest.cpp.o[0m
[ 37%] [32mBuilding CXX object CMakeFiles/junior_ctrl.dir/src/FSM/State_Trotting.cpp.o[0m
[ 40%] [32mBuilding CXX object CMakeFiles/junior_ctrl.dir/src/FSM/State_move_base.cpp.o[0m
[ 44%] [32mBuilding CXX object CMakeFiles/junior_ctrl.dir/src/Gait/FeetEndCal.cpp.o[0m
[ 48%] [32mBuilding CXX object CMakeFiles/junior_ctrl.dir/src/Gait/GaitGenerator.cpp.o[0m
[ 51%] [32mBuilding CXX object CMakeFiles/junior_ctrl.dir/src/Gait/WaveGenerator.cpp.o[0m
[ 55%] [32mBuilding CXX object CMakeFiles/junior_ctrl.dir/src/common/LowPassFilter.cpp.o[0m
[ 59%] [32mBuilding CXX object CMakeFiles/junior_ctrl.dir/src/common/unitreeLeg.cpp.o[0m
[ 62%] [32mBuilding CXX object CMakeFiles/junior_ctrl.dir/src/common/unitreeRobot.cpp.o[0m
[ 66%] [32mBuilding CXX object CMakeFiles/junior_ctrl.dir/src/control/BalanceCtrl.cpp.o[0m
[ 70%] [32mBuilding CXX object CMakeFiles/junior_ctrl.dir/src/control/ControlFrame.cpp.o[0m
[ 74%] [32mBuilding CXX object CMakeFiles/junior_ctrl.dir/src/control/Estimator.cpp.o[0m
[ 77%] [32mBuilding CXX object CMakeFiles/junior_ctrl.dir/src/interface/IOROS.cpp.o[0m
[ 81%] [32mBuilding CXX object CMakeFiles/junior_ctrl.dir/src/interface/IOSDK.cpp.o[0m
[ 85%] [32mBuilding CXX object CMakeFiles/junior_ctrl.dir/src/interface/KeyBoard.cpp.o[0m
[ 88%] [32mBuilding CXX object CMakeFiles/junior_ctrl.dir/src/interface/WirelessHandle.cpp.o[0m
[ 92%] [32mBuilding CXX object CMakeFiles/junior_ctrl.dir/src/quadProgpp/Array.cc.o[0m
[ 96%] [32mBuilding CXX object CMakeFiles/junior_ctrl.dir/src/quadProgpp/QuadProg++.cc.o[0m
[100%] [32m[1mLinking CXX executable junior_ctrl[0m
[100%] Built target junior_ctrl
-- Install configuration: ""
-- Installing: /home/yk/rosros/install/unitree_guide2/lib/unitree_guide2/junior_ctrl
-- Set runtime path of "/home/yk/rosros/install/unitree_guide2/lib/unitree_guide2/junior_ctrl" to ""
-- Installing: /home/yk/rosros/install/unitree_guide2/share/ament_index/resource_index/package_run_dependencies/unitree_guide2
-- Installing: /home/yk/rosros/install/unitree_guide2/share/ament_index/resource_index/parent_prefix_path/unitree_guide2
-- Installing: /home/yk/rosros/install/unitree_guide2/share/unitree_guide2/environment/ament_prefix_path.sh
-- Installing: /home/yk/rosros/install/unitree_guide2/share/unitree_guide2/environment/ament_prefix_path.dsv
-- Installing: /home/yk/rosros/install/unitree_guide2/share/unitree_guide2/environment/path.sh
-- Installing: /home/yk/rosros/install/unitree_guide2/share/unitree_guide2/environment/path.dsv
-- Installing: /home/yk/rosros/install/unitree_guide2/share/unitree_guide2/local_setup.bash
-- Installing: /home/yk/rosros/install/unitree_guide2/share/unitree_guide2/local_setup.sh
-- Installing: /home/yk/rosros/install/unitree_guide2/share/unitree_guide2/local_setup.zsh
-- Installing: /home/yk/rosros/install/unitree_guide2/share/unitree_guide2/local_setup.dsv
-- Installing: /home/yk/rosros/install/unitree_guide2/share/unitree_guide2/package.dsv
-- Installing: /home/yk/rosros/install/unitree_guide2/share/ament_index/resource_index/packages/unitree_guide2
-- Installing: /home/yk/rosros/install/unitree_guide2/share/unitree_guide2/cmake/unitree_guide2Config.cmake
-- Installing: /home/yk/rosros/install/unitree_guide2/share/unitree_guide2/cmake/unitree_guide2Config-version.cmake
-- Installing: /home/yk/rosros/install/unitree_guide2/share/unitree_guide2/package.xml
